25-Feb-2021 07:32:16.762 INFO [main] org.apache.catalina.startup.VersionLoggerListener.log Server version:        Apache Tomcat/8.0.53
25-Feb-2021 07:32:16.765 INFO [main] org.apache.catalina.startup.VersionLoggerListener.log Server built:          Jun 29 2018 14:42:45 UTC
25-Feb-2021 07:32:16.765 INFO [main] org.apache.catalina.startup.VersionLoggerListener.log Server number:         8.0.53.0
25-Feb-2021 07:32:16.765 INFO [main] org.apache.catalina.startup.VersionLoggerListener.log OS Name:               Windows 10
25-Feb-2021 07:32:16.765 INFO [main] org.apache.catalina.startup.VersionLoggerListener.log OS Version:            10.0
25-Feb-2021 07:32:16.765 INFO [main] org.apache.catalina.startup.VersionLoggerListener.log Architecture:          amd64
25-Feb-2021 07:32:16.765 INFO [main] org.apache.catalina.startup.VersionLoggerListener.log Java Home:             C:\Program Files\Java\jdk1.8.0_261\jre
25-Feb-2021 07:32:16.765 INFO [main] org.apache.catalina.startup.VersionLoggerListener.log JVM Version:           1.8.0_261-b12
25-Feb-2021 07:32:16.765 INFO [main] org.apache.catalina.startup.VersionLoggerListener.log JVM Vendor:            Oracle Corporation
25-Feb-2021 07:32:16.765 INFO [main] org.apache.catalina.startup.VersionLoggerListener.log CATALINA_BASE:         C:\Users\monhel.pierre\Desktop\pfe.supernova\apache-tomcat
25-Feb-2021 07:32:16.766 INFO [main] org.apache.catalina.startup.VersionLoggerListener.log CATALINA_HOME:         C:\Users\monhel.pierre\Desktop\pfe.supernova\apache-tomcat
25-Feb-2021 07:32:16.766 INFO [main] org.apache.catalina.startup.VersionLoggerListener.log Command line argument: -Djava.util.logging.config.file=C:\Users\monhel.pierre\Desktop\pfe.supernova\apache-tomcat\conf\logging.properties
25-Feb-2021 07:32:16.766 INFO [main] org.apache.catalina.startup.VersionLoggerListener.log Command line argument: -Djava.util.logging.manager=org.apache.juli.ClassLoaderLogManager
25-Feb-2021 07:32:16.766 INFO [main] org.apache.catalina.startup.VersionLoggerListener.log Command line argument: -Dhttp.nonProxyHosts=localhost|127.0.0.1|MONHEL-PC
25-Feb-2021 07:32:16.766 INFO [main] org.apache.catalina.startup.VersionLoggerListener.log Command line argument: -Djdk.tls.ephemeralDHKeySize=2048
25-Feb-2021 07:32:16.766 INFO [main] org.apache.catalina.startup.VersionLoggerListener.log Command line argument: -Djava.protocol.handler.pkgs=org.apache.catalina.webresources
25-Feb-2021 07:32:16.766 INFO [main] org.apache.catalina.startup.VersionLoggerListener.log Command line argument: -Dignore.endorsed.dirs=
25-Feb-2021 07:32:16.766 INFO [main] org.apache.catalina.startup.VersionLoggerListener.log Command line argument: -Dcatalina.base=C:\Users\monhel.pierre\Desktop\pfe.supernova\apache-tomcat
25-Feb-2021 07:32:16.767 INFO [main] org.apache.catalina.startup.VersionLoggerListener.log Command line argument: -Dcatalina.home=C:\Users\monhel.pierre\Desktop\pfe.supernova\apache-tomcat
25-Feb-2021 07:32:16.767 INFO [main] org.apache.catalina.startup.VersionLoggerListener.log Command line argument: -Djava.io.tmpdir=C:\Users\monhel.pierre\Desktop\pfe.supernova\apache-tomcat\temp
25-Feb-2021 07:32:16.767 INFO [main] org.apache.catalina.core.AprLifecycleListener.lifecycleEvent Loaded APR based Apache Tomcat Native library 1.2.17 using APR version 1.6.3.
25-Feb-2021 07:32:16.767 INFO [main] org.apache.catalina.core.AprLifecycleListener.lifecycleEvent APR capabilities: IPv6 [true], sendfile [true], accept filters [false], random [true].
25-Feb-2021 07:32:17.534 INFO [main] org.apache.catalina.core.AprLifecycleListener.initializeSSL OpenSSL successfully initialized (OpenSSL 1.0.2o  27 Mar 2018)
25-Feb-2021 07:32:17.901 INFO [main] org.apache.coyote.AbstractProtocol.init Initializing ProtocolHandler ["http-apr-6060"]
25-Feb-2021 07:32:17.931 INFO [main] org.apache.coyote.AbstractProtocol.init Initializing ProtocolHandler ["ajp-apr-7009"]
25-Feb-2021 07:32:17.932 INFO [main] org.apache.catalina.startup.Catalina.load Initialization processed in 2465 ms
25-Feb-2021 07:32:18.086 INFO [main] org.apache.catalina.core.StandardService.startInternal Starting service Catalina
25-Feb-2021 07:32:18.086 INFO [main] org.apache.catalina.core.StandardEngine.startInternal Starting Servlet Engine: Apache Tomcat/8.0.53
25-Feb-2021 07:32:18.340 INFO [localhost-startStop-1] org.apache.catalina.startup.HostConfig.deployDescriptor Deploying configuration descriptor C:\Users\monhel.pierre\Desktop\pfe.supernova\apache-tomcat\conf\Catalina\localhost\manager.xml
25-Feb-2021 07:32:18.494 WARNING [localhost-startStop-1] org.apache.catalina.startup.HostConfig.deployDescriptor A docBase C:\Users\monhel.pierre\Desktop\pfe.supernova\apache-tomcat\webapps\manager inside the host appBase has been specified, and will be ignored
25-Feb-2021 07:32:19.683 WARNING [localhost-startStop-1] org.apache.catalina.util.SessionIdGeneratorBase.createSecureRandom Creation of SecureRandom instance for session ID generation using [SHA1PRNG] took [205] milliseconds.
25-Feb-2021 07:32:19.816 INFO [localhost-startStop-1] org.apache.catalina.startup.HostConfig.deployDescriptor Deployment of configuration descriptor C:\Users\monhel.pierre\Desktop\pfe.supernova\apache-tomcat\conf\Catalina\localhost\manager.xml has finished in 1,476 ms
25-Feb-2021 07:32:19.817 INFO [localhost-startStop-1] org.apache.catalina.startup.HostConfig.deployDescriptor Deploying configuration descriptor C:\Users\monhel.pierre\Desktop\pfe.supernova\apache-tomcat\conf\Catalina\localhost\sygealoc.xml
25-Feb-2021 07:32:25.692 INFO [localhost-startStop-1] org.apache.jasper.servlet.TldScanner.scanJars At least one JAR was scanned for TLDs yet contained no TLDs. Enable debug logging for this logger for a complete list of JARs that were scanned but no TLDs were found in them. Skipping unneeded JARs during scanning can improve startup time and JSP compilation time.
25-Feb-2021 07:32:25.751 INFO [localhost-startStop-1] org.springframework.web.context.ContextLoader.initWebApplicationContext Root WebApplicationContext: initialization started
25-Feb-2021 07:32:25.953 INFO [localhost-startStop-1] org.springframework.context.support.AbstractApplicationContext.prepareRefresh Refreshing Root WebApplicationContext: startup date [Thu Feb 25 07:32:25 EST 2021]; root of context hierarchy
25-Feb-2021 07:32:26.050 INFO [localhost-startStop-1] org.springframework.beans.factory.xml.XmlBeanDefinitionReader.loadBeanDefinitions Loading XML bean definitions from ServletContext resource [/WEB-INF/applicationContext.xml]
25-Feb-2021 07:32:26.226 INFO [localhost-startStop-1] org.springframework.web.context.ContextLoader.initWebApplicationContext Root WebApplicationContext: initialization completed in 475 ms
25-Feb-2021 07:32:26.357 INFO [localhost-startStop-1] org.springframework.web.servlet.FrameworkServlet.initServletBean FrameworkServlet 'sygealoc': initialization started
25-Feb-2021 07:32:26.362 INFO [localhost-startStop-1] org.springframework.context.support.AbstractApplicationContext.prepareRefresh Refreshing WebApplicationContext for namespace 'sygealoc-servlet': startup date [Thu Feb 25 07:32:26 EST 2021]; parent: Root WebApplicationContext
25-Feb-2021 07:32:26.363 INFO [localhost-startStop-1] org.springframework.beans.factory.xml.XmlBeanDefinitionReader.loadBeanDefinitions Loading XML bean definitions from ServletContext resource [/WEB-INF/sygealoc-servlet.xml]
25-Feb-2021 07:32:26.530 INFO [localhost-startStop-1] org.springframework.web.servlet.handler.AbstractUrlHandlerMapping.registerHandler Mapped URL path [/reservation*] onto handler 'ReservationController'
25-Feb-2021 07:32:26.530 INFO [localhost-startStop-1] org.springframework.web.servlet.handler.AbstractUrlHandlerMapping.registerHandler Mapped URL path [/impression*] onto handler 'ImpressionController'
25-Feb-2021 07:32:26.531 INFO [localhost-startStop-1] org.springframework.web.servlet.handler.AbstractUrlHandlerMapping.registerHandler Mapped URL path [/erreur*] onto handler 'ErreurController'
25-Feb-2021 07:32:26.531 INFO [localhost-startStop-1] org.springframework.web.servlet.handler.AbstractUrlHandlerMapping.registerHandler Mapped URL path [/ajoutervehicule*] onto handler 'AjoutervehiculeController'
25-Feb-2021 07:32:26.531 INFO [localhost-startStop-1] org.springframework.web.servlet.handler.AbstractUrlHandlerMapping.registerHandler Mapped URL path [/profile*] onto handler 'ProfileController'
25-Feb-2021 07:32:26.531 INFO [localhost-startStop-1] org.springframework.web.servlet.handler.AbstractUrlHandlerMapping.registerHandler Mapped URL path [/employe*] onto handler 'EmployeController'
25-Feb-2021 07:32:26.532 INFO [localhost-startStop-1] org.springframework.web.servlet.handler.AbstractUrlHandlerMapping.registerHandler Mapped URL path [/client*] onto handler 'ClientController'
25-Feb-2021 07:32:26.532 INFO [localhost-startStop-1] org.springframework.web.servlet.handler.AbstractUrlHandlerMapping.registerHandler Mapped URL path [/location*] onto handler 'LocationController'
25-Feb-2021 07:32:26.532 INFO [localhost-startStop-1] org.springframework.web.servlet.handler.AbstractUrlHandlerMapping.registerHandler Mapped URL path [/connexion*] onto handler 'ConnexionController'
25-Feb-2021 07:32:26.532 INFO [localhost-startStop-1] org.springframework.web.servlet.handler.AbstractUrlHandlerMapping.registerHandler Mapped URL path [/deconnexion*] onto handler 'DeconnexionController'
25-Feb-2021 07:32:26.533 INFO [localhost-startStop-1] org.springframework.web.servlet.handler.AbstractUrlHandlerMapping.registerHandler Mapped URL path [/utilisateur*] onto handler 'UtilisateurController'
25-Feb-2021 07:32:26.533 INFO [localhost-startStop-1] org.springframework.web.servlet.handler.AbstractUrlHandlerMapping.registerHandler Mapped URL path [/stock*] onto handler 'VehiculeController'
25-Feb-2021 07:32:26.533 INFO [localhost-startStop-1] org.springframework.web.servlet.handler.AbstractUrlHandlerMapping.registerHandler Mapped URL path [/fournisseur*] onto handler 'FournisseurController'
25-Feb-2021 07:32:26.534 INFO [localhost-startStop-1] org.springframework.web.servlet.handler.AbstractUrlHandlerMapping.registerHandler Mapped URL path [/verouiller*] onto handler 'VerouillerController'
25-Feb-2021 07:32:26.534 INFO [localhost-startStop-1] org.springframework.web.servlet.handler.AbstractUrlHandlerMapping.registerHandler Mapped URL path [/redirect*] onto handler 'RedirectController'
25-Feb-2021 07:32:26.688 INFO [localhost-startStop-1] org.springframework.web.servlet.handler.AbstractUrlHandlerMapping.registerHandler Mapped URL path [/tableaudebord] onto handler 'TableaudebordController'
25-Feb-2021 07:32:26.713 INFO [localhost-startStop-1] org.springframework.web.servlet.handler.AbstractUrlHandlerMapping.registerHandler Mapped URL path [/assets/**] onto handler 'org.springframework.web.servlet.resource.ResourceHttpRequestHandler#0'
25-Feb-2021 07:32:26.764 INFO [localhost-startStop-1] org.springframework.web.servlet.FrameworkServlet.initServletBean FrameworkServlet 'sygealoc': initialization completed in 407 ms
25-Feb-2021 07:32:26.768 INFO [localhost-startStop-1] org.apache.catalina.startup.HostConfig.deployDescriptor Deployment of configuration descriptor C:\Users\monhel.pierre\Desktop\pfe.supernova\apache-tomcat\conf\Catalina\localhost\sygealoc.xml has finished in 6,952 ms
25-Feb-2021 07:32:26.769 INFO [localhost-startStop-1] org.apache.catalina.startup.HostConfig.deployDirectory Deploying web application directory C:\Users\monhel.pierre\Desktop\pfe.supernova\apache-tomcat\webapps\host-manager
25-Feb-2021 07:32:27.043 INFO [localhost-startStop-1] org.apache.catalina.startup.HostConfig.deployDirectory Deployment of web application directory C:\Users\monhel.pierre\Desktop\pfe.supernova\apache-tomcat\webapps\host-manager has finished in 274 ms
25-Feb-2021 07:32:27.043 INFO [localhost-startStop-1] org.apache.catalina.startup.HostConfig.deployDirectory Deploying web application directory C:\Users\monhel.pierre\Desktop\pfe.supernova\apache-tomcat\webapps\ROOT
25-Feb-2021 07:32:27.148 INFO [localhost-startStop-1] org.apache.catalina.startup.HostConfig.deployDirectory Deployment of web application directory C:\Users\monhel.pierre\Desktop\pfe.supernova\apache-tomcat\webapps\ROOT has finished in 105 ms
25-Feb-2021 07:32:27.153 INFO [main] org.apache.coyote.AbstractProtocol.start Starting ProtocolHandler ["http-apr-6060"]
25-Feb-2021 07:32:27.201 INFO [main] org.apache.coyote.AbstractProtocol.start Starting ProtocolHandler ["ajp-apr-7009"]
25-Feb-2021 07:32:27.205 INFO [main] org.apache.catalina.startup.Catalina.start Server startup in 9272 ms
25-Feb-2021 07:32:28.463 INFO [http-apr-6060-exec-6] org.springframework.context.support.AbstractApplicationContext.doClose Closing WebApplicationContext for namespace 'sygealoc-servlet': startup date [Thu Feb 25 07:32:26 EST 2021]; parent: Root WebApplicationContext
25-Feb-2021 07:32:28.481 INFO [http-apr-6060-exec-6] org.springframework.context.support.AbstractApplicationContext.doClose Closing Root WebApplicationContext: startup date [Thu Feb 25 07:32:25 EST 2021]; root of context hierarchy
25-Feb-2021 07:32:29.088 INFO [http-apr-6060-exec-6] org.apache.catalina.startup.HostConfig.undeploy Undeploying context [/sygealoc]
25-Feb-2021 07:32:29.208 INFO [http-apr-6060-exec-9] org.apache.catalina.startup.HostConfig.deployDescriptor Deploying configuration descriptor C:\Users\monhel.pierre\Desktop\pfe.supernova\apache-tomcat\conf\Catalina\localhost\sygealoc.xml
25-Feb-2021 07:32:30.781 INFO [http-apr-6060-exec-9] org.apache.jasper.servlet.TldScanner.scanJars At least one JAR was scanned for TLDs yet contained no TLDs. Enable debug logging for this logger for a complete list of JARs that were scanned but no TLDs were found in them. Skipping unneeded JARs during scanning can improve startup time and JSP compilation time.
25-Feb-2021 07:32:30.834 INFO [http-apr-6060-exec-9] org.springframework.web.context.ContextLoader.initWebApplicationContext Root WebApplicationContext: initialization started
25-Feb-2021 07:32:30.970 INFO [http-apr-6060-exec-9] org.springframework.context.support.AbstractApplicationContext.prepareRefresh Refreshing Root WebApplicationContext: startup date [Thu Feb 25 07:32:30 EST 2021]; root of context hierarchy
25-Feb-2021 07:32:31.058 INFO [http-apr-6060-exec-9] org.springframework.beans.factory.xml.XmlBeanDefinitionReader.loadBeanDefinitions Loading XML bean definitions from ServletContext resource [/WEB-INF/applicationContext.xml]
25-Feb-2021 07:32:31.130 INFO [http-apr-6060-exec-9] org.springframework.web.context.ContextLoader.initWebApplicationContext Root WebApplicationContext: initialization completed in 296 ms
25-Feb-2021 07:32:31.151 INFO [http-apr-6060-exec-9] org.springframework.web.servlet.FrameworkServlet.initServletBean FrameworkServlet 'sygealoc': initialization started
25-Feb-2021 07:32:31.155 INFO [http-apr-6060-exec-9] org.springframework.context.support.AbstractApplicationContext.prepareRefresh Refreshing WebApplicationContext for namespace 'sygealoc-servlet': startup date [Thu Feb 25 07:32:31 EST 2021]; parent: Root WebApplicationContext
25-Feb-2021 07:32:31.156 INFO [http-apr-6060-exec-9] org.springframework.beans.factory.xml.XmlBeanDefinitionReader.loadBeanDefinitions Loading XML bean definitions from ServletContext resource [/WEB-INF/sygealoc-servlet.xml]
25-Feb-2021 07:32:31.278 INFO [http-apr-6060-exec-9] org.springframework.web.servlet.handler.AbstractUrlHandlerMapping.registerHandler Mapped URL path [/reservation*] onto handler 'ReservationController'
25-Feb-2021 07:32:31.278 INFO [http-apr-6060-exec-9] org.springframework.web.servlet.handler.AbstractUrlHandlerMapping.registerHandler Mapped URL path [/impression*] onto handler 'ImpressionController'
25-Feb-2021 07:32:31.278 INFO [http-apr-6060-exec-9] org.springframework.web.servlet.handler.AbstractUrlHandlerMapping.registerHandler Mapped URL path [/erreur*] onto handler 'ErreurController'
25-Feb-2021 07:32:31.279 INFO [http-apr-6060-exec-9] org.springframework.web.servlet.handler.AbstractUrlHandlerMapping.registerHandler Mapped URL path [/ajoutervehicule*] onto handler 'AjoutervehiculeController'
25-Feb-2021 07:32:31.279 INFO [http-apr-6060-exec-9] org.springframework.web.servlet.handler.AbstractUrlHandlerMapping.registerHandler Mapped URL path [/profile*] onto handler 'ProfileController'
25-Feb-2021 07:32:31.279 INFO [http-apr-6060-exec-9] org.springframework.web.servlet.handler.AbstractUrlHandlerMapping.registerHandler Mapped URL path [/employe*] onto handler 'EmployeController'
25-Feb-2021 07:32:31.280 INFO [http-apr-6060-exec-9] org.springframework.web.servlet.handler.AbstractUrlHandlerMapping.registerHandler Mapped URL path [/client*] onto handler 'ClientController'
25-Feb-2021 07:32:31.280 INFO [http-apr-6060-exec-9] org.springframework.web.servlet.handler.AbstractUrlHandlerMapping.registerHandler Mapped URL path [/location*] onto handler 'LocationController'
25-Feb-2021 07:32:31.280 INFO [http-apr-6060-exec-9] org.springframework.web.servlet.handler.AbstractUrlHandlerMapping.registerHandler Mapped URL path [/connexion*] onto handler 'ConnexionController'
25-Feb-2021 07:32:31.281 INFO [http-apr-6060-exec-9] org.springframework.web.servlet.handler.AbstractUrlHandlerMapping.registerHandler Mapped URL path [/deconnexion*] onto handler 'DeconnexionController'
25-Feb-2021 07:32:31.281 INFO [http-apr-6060-exec-9] org.springframework.web.servlet.handler.AbstractUrlHandlerMapping.registerHandler Mapped URL path [/utilisateur*] onto handler 'UtilisateurController'
25-Feb-2021 07:32:31.282 INFO [http-apr-6060-exec-9] org.springframework.web.servlet.handler.AbstractUrlHandlerMapping.registerHandler Mapped URL path [/stock*] onto handler 'VehiculeController'
25-Feb-2021 07:32:31.282 INFO [http-apr-6060-exec-9] org.springframework.web.servlet.handler.AbstractUrlHandlerMapping.registerHandler Mapped URL path [/fournisseur*] onto handler 'FournisseurController'
25-Feb-2021 07:32:31.283 INFO [http-apr-6060-exec-9] org.springframework.web.servlet.handler.AbstractUrlHandlerMapping.registerHandler Mapped URL path [/verouiller*] onto handler 'VerouillerController'
25-Feb-2021 07:32:31.283 INFO [http-apr-6060-exec-9] org.springframework.web.servlet.handler.AbstractUrlHandlerMapping.registerHandler Mapped URL path [/redirect*] onto handler 'RedirectController'
25-Feb-2021 07:32:31.355 INFO [http-apr-6060-exec-9] org.springframework.web.servlet.handler.AbstractUrlHandlerMapping.registerHandler Mapped URL path [/tableaudebord] onto handler 'TableaudebordController'
25-Feb-2021 07:32:31.378 INFO [http-apr-6060-exec-9] org.springframework.web.servlet.handler.AbstractUrlHandlerMapping.registerHandler Mapped URL path [/assets/**] onto handler 'org.springframework.web.servlet.resource.ResourceHttpRequestHandler#0'
25-Feb-2021 07:32:31.420 INFO [http-apr-6060-exec-9] org.springframework.web.servlet.FrameworkServlet.initServletBean FrameworkServlet 'sygealoc': initialization completed in 269 ms
25-Feb-2021 07:32:31.423 INFO [http-apr-6060-exec-9] org.apache.catalina.startup.HostConfig.deployDescriptor Deployment of configuration descriptor C:\Users\monhel.pierre\Desktop\pfe.supernova\apache-tomcat\conf\Catalina\localhost\sygealoc.xml has finished in 2,215 ms
25-Feb-2021 07:32:31.428 INFO [http-apr-6060-exec-3] org.apache.catalina.util.LifecycleBase.start The start() method was called on component [StandardEngine[Catalina].StandardHost[localhost].StandardContext[/sygealoc]] after start() had already been called. The second call will be ignored.
25-Feb-2021 07:34:26.075 WARNING [http-apr-6060-exec-16] org.springframework.web.servlet.DispatcherServlet.noHandlerFound No mapping found for HTTP request with URI [/sygealoc/Error404.html] in DispatcherServlet with name 'sygealoc'
25-Feb-2021 07:34:27.925 WARNING [http-apr-6060-exec-16] org.springframework.web.servlet.DispatcherServlet.noHandlerFound No mapping found for HTTP request with URI [/sygealoc/Error404.html] in DispatcherServlet with name 'sygealoc'
25-Feb-2021 07:34:29.338 WARNING [http-apr-6060-exec-15] org.springframework.web.servlet.DispatcherServlet.noHandlerFound No mapping found for HTTP request with URI [/sygealoc/Error404.html] in DispatcherServlet with name 'sygealoc'
25-Feb-2021 07:34:30.818 WARNING [http-apr-6060-exec-13] org.springframework.web.servlet.DispatcherServlet.noHandlerFound No mapping found for HTTP request with URI [/sygealoc/Error404.html] in DispatcherServlet with name 'sygealoc'
25-Feb-2021 07:34:32.238 WARNING [http-apr-6060-exec-16] org.springframework.web.servlet.DispatcherServlet.noHandlerFound No mapping found for HTTP request with URI [/sygealoc/Error404.html] in DispatcherServlet with name 'sygealoc'
25-Feb-2021 07:34:33.926 WARNING [http-apr-6060-exec-20] org.springframework.web.servlet.DispatcherServlet.noHandlerFound No mapping found for HTTP request with URI [/sygealoc/Error404.html] in DispatcherServlet with name 'sygealoc'
25-Feb-2021 07:34:35.293 WARNING [http-apr-6060-exec-16] org.springframework.web.servlet.DispatcherServlet.noHandlerFound No mapping found for HTTP request with URI [/sygealoc/Error404.html] in DispatcherServlet with name 'sygealoc'
25-Feb-2021 07:34:36.934 WARNING [http-apr-6060-exec-17] org.springframework.web.servlet.DispatcherServlet.noHandlerFound No mapping found for HTTP request with URI [/sygealoc/Error404.html] in DispatcherServlet with name 'sygealoc'
25-Feb-2021 07:34:38.470 WARNING [http-apr-6060-exec-18] org.springframework.web.servlet.DispatcherServlet.noHandlerFound No mapping found for HTTP request with URI [/sygealoc/Error404.html] in DispatcherServlet with name 'sygealoc'
25-Feb-2021 07:34:40.107 WARNING [http-apr-6060-exec-16] org.springframework.web.servlet.DispatcherServlet.noHandlerFound No mapping found for HTTP request with URI [/sygealoc/Error404.html] in DispatcherServlet with name 'sygealoc'
25-Feb-2021 07:34:41.419 WARNING [http-apr-6060-exec-15] org.springframework.web.servlet.DispatcherServlet.noHandlerFound No mapping found for HTTP request with URI [/sygealoc/Error404.html] in DispatcherServlet with name 'sygealoc'
25-Feb-2021 07:34:43.018 WARNING [http-apr-6060-exec-12] org.springframework.web.servlet.DispatcherServlet.noHandlerFound No mapping found for HTTP request with URI [/sygealoc/Error404.html] in DispatcherServlet with name 'sygealoc'
25-Feb-2021 07:34:44.580 WARNING [http-apr-6060-exec-11] org.springframework.web.servlet.DispatcherServlet.noHandlerFound No mapping found for HTTP request with URI [/sygealoc/Error404.html] in DispatcherServlet with name 'sygealoc'
25-Feb-2021 07:34:46.137 WARNING [http-apr-6060-exec-16] org.springframework.web.servlet.DispatcherServlet.noHandlerFound No mapping found for HTTP request with URI [/sygealoc/Error404.html] in DispatcherServlet with name 'sygealoc'
25-Feb-2021 07:34:47.967 WARNING [http-apr-6060-exec-20] org.springframework.web.servlet.DispatcherServlet.noHandlerFound No mapping found for HTTP request with URI [/sygealoc/Error404.html] in DispatcherServlet with name 'sygealoc'
25-Feb-2021 07:34:49.475 WARNING [http-apr-6060-exec-13] org.springframework.web.servlet.DispatcherServlet.noHandlerFound No mapping found for HTTP request with URI [/sygealoc/Error404.html] in DispatcherServlet with name 'sygealoc'
25-Feb-2021 07:34:51.151 WARNING [http-apr-6060-exec-16] org.springframework.web.servlet.DispatcherServlet.noHandlerFound No mapping found for HTTP request with URI [/sygealoc/Error404.html] in DispatcherServlet with name 'sygealoc'
25-Feb-2021 07:34:52.630 WARNING [http-apr-6060-exec-12] org.springframework.web.servlet.DispatcherServlet.noHandlerFound No mapping found for HTTP request with URI [/sygealoc/Error404.html] in DispatcherServlet with name 'sygealoc'
25-Feb-2021 07:34:54.437 WARNING [http-apr-6060-exec-19] org.springframework.web.servlet.DispatcherServlet.noHandlerFound No mapping found for HTTP request with URI [/sygealoc/Error404.html] in DispatcherServlet with name 'sygealoc'
25-Feb-2021 07:34:55.760 WARNING [http-apr-6060-exec-13] org.springframework.web.servlet.DispatcherServlet.noHandlerFound No mapping found for HTTP request with URI [/sygealoc/Error404.html] in DispatcherServlet with name 'sygealoc'
25-Feb-2021 07:34:57.305 WARNING [http-apr-6060-exec-15] org.springframework.web.servlet.DispatcherServlet.noHandlerFound No mapping found for HTTP request with URI [/sygealoc/Error404.html] in DispatcherServlet with name 'sygealoc'
25-Feb-2021 07:34:58.946 WARNING [http-apr-6060-exec-16] org.springframework.web.servlet.DispatcherServlet.noHandlerFound No mapping found for HTTP request with URI [/sygealoc/Error404.html] in DispatcherServlet with name 'sygealoc'
25-Feb-2021 07:35:00.492 WARNING [http-apr-6060-exec-16] org.springframework.web.servlet.DispatcherServlet.noHandlerFound No mapping found for HTTP request with URI [/sygealoc/Error404.html] in DispatcherServlet with name 'sygealoc'
25-Feb-2021 07:35:02.057 WARNING [http-apr-6060-exec-20] org.springframework.web.servlet.DispatcherServlet.noHandlerFound No mapping found for HTTP request with URI [/sygealoc/Error404.html] in DispatcherServlet with name 'sygealoc'
25-Feb-2021 07:35:03.667 WARNING [http-apr-6060-exec-14] org.springframework.web.servlet.DispatcherServlet.noHandlerFound No mapping found for HTTP request with URI [/sygealoc/Error404.html] in DispatcherServlet with name 'sygealoc'
25-Feb-2021 07:35:05.143 WARNING [http-apr-6060-exec-19] org.springframework.web.servlet.DispatcherServlet.noHandlerFound No mapping found for HTTP request with URI [/sygealoc/Error404.html] in DispatcherServlet with name 'sygealoc'
25-Feb-2021 07:35:05.265 INFO [http-apr-6060-exec-20] org.springframework.context.support.AbstractApplicationContext.doClose Closing WebApplicationContext for namespace 'sygealoc-servlet': startup date [Thu Feb 25 07:32:31 EST 2021]; parent: Root WebApplicationContext
25-Feb-2021 07:35:05.335 INFO [http-apr-6060-exec-20] org.springframework.context.support.AbstractApplicationContext.doClose Closing Root WebApplicationContext: startup date [Thu Feb 25 07:32:30 EST 2021]; root of context hierarchy
25-Feb-2021 07:35:05.347 WARNING [http-apr-6060-exec-20] org.apache.catalina.loader.WebappClassLoaderBase.clearReferencesJdbc The web application [sygealoc] registered the JDBC driver [com.mysql.jdbc.Driver] but failed to unregister it when the web application was stopped. To prevent a memory leak, the JDBC Driver has been forcibly unregistered.
25-Feb-2021 07:35:05.859 INFO [http-apr-6060-exec-20] org.apache.catalina.startup.HostConfig.undeploy Undeploying context [/sygealoc]
25-Feb-2021 07:35:21.382 INFO [http-apr-6060-exec-16] org.apache.catalina.startup.HostConfig.deployDescriptor Deploying configuration descriptor C:\Users\monhel.pierre\Desktop\pfe.supernova\apache-tomcat\conf\Catalina\localhost\sygealoc.xml
25-Feb-2021 07:35:22.697 INFO [http-apr-6060-exec-16] org.apache.jasper.servlet.TldScanner.scanJars At least one JAR was scanned for TLDs yet contained no TLDs. Enable debug logging for this logger for a complete list of JARs that were scanned but no TLDs were found in them. Skipping unneeded JARs during scanning can improve startup time and JSP compilation time.
25-Feb-2021 07:35:22.739 INFO [http-apr-6060-exec-16] org.springframework.web.context.ContextLoader.initWebApplicationContext Root WebApplicationContext: initialization started
25-Feb-2021 07:35:22.847 INFO [http-apr-6060-exec-16] org.springframework.context.support.AbstractApplicationContext.prepareRefresh Refreshing Root WebApplicationContext: startup date [Thu Feb 25 07:35:22 EST 2021]; root of context hierarchy
25-Feb-2021 07:35:22.902 INFO [http-apr-6060-exec-16] org.springframework.beans.factory.xml.XmlBeanDefinitionReader.loadBeanDefinitions Loading XML bean definitions from ServletContext resource [/WEB-INF/applicationContext.xml]
25-Feb-2021 07:35:22.960 INFO [http-apr-6060-exec-16] org.springframework.web.context.ContextLoader.initWebApplicationContext Root WebApplicationContext: initialization completed in 221 ms
25-Feb-2021 07:35:22.978 INFO [http-apr-6060-exec-16] org.springframework.web.servlet.FrameworkServlet.initServletBean FrameworkServlet 'sygealoc': initialization started
25-Feb-2021 07:35:22.982 INFO [http-apr-6060-exec-16] org.springframework.context.support.AbstractApplicationContext.prepareRefresh Refreshing WebApplicationContext for namespace 'sygealoc-servlet': startup date [Thu Feb 25 07:35:22 EST 2021]; parent: Root WebApplicationContext
25-Feb-2021 07:35:22.983 INFO [http-apr-6060-exec-16] org.springframework.beans.factory.xml.XmlBeanDefinitionReader.loadBeanDefinitions Loading XML bean definitions from ServletContext resource [/WEB-INF/sygealoc-servlet.xml]
25-Feb-2021 07:35:23.105 INFO [http-apr-6060-exec-16] org.springframework.web.servlet.handler.AbstractUrlHandlerMapping.registerHandler Mapped URL path [/reservation*] onto handler 'ReservationController'
25-Feb-2021 07:35:23.105 INFO [http-apr-6060-exec-16] org.springframework.web.servlet.handler.AbstractUrlHandlerMapping.registerHandler Mapped URL path [/impression*] onto handler 'ImpressionController'
25-Feb-2021 07:35:23.106 INFO [http-apr-6060-exec-16] org.springframework.web.servlet.handler.AbstractUrlHandlerMapping.registerHandler Mapped URL path [/erreur*] onto handler 'ErreurController'
25-Feb-2021 07:35:23.106 INFO [http-apr-6060-exec-16] org.springframework.web.servlet.handler.AbstractUrlHandlerMapping.registerHandler Mapped URL path [/ajoutervehicule*] onto handler 'AjoutervehiculeController'
25-Feb-2021 07:35:23.106 INFO [http-apr-6060-exec-16] org.springframework.web.servlet.handler.AbstractUrlHandlerMapping.registerHandler Mapped URL path [/profile*] onto handler 'ProfileController'
25-Feb-2021 07:35:23.106 INFO [http-apr-6060-exec-16] org.springframework.web.servlet.handler.AbstractUrlHandlerMapping.registerHandler Mapped URL path [/employe*] onto handler 'EmployeController'
25-Feb-2021 07:35:23.106 INFO [http-apr-6060-exec-16] org.springframework.web.servlet.handler.AbstractUrlHandlerMapping.registerHandler Mapped URL path [/client*] onto handler 'ClientController'
25-Feb-2021 07:35:23.107 INFO [http-apr-6060-exec-16] org.springframework.web.servlet.handler.AbstractUrlHandlerMapping.registerHandler Mapped URL path [/location*] onto handler 'LocationController'
25-Feb-2021 07:35:23.107 INFO [http-apr-6060-exec-16] org.springframework.web.servlet.handler.AbstractUrlHandlerMapping.registerHandler Mapped URL path [/connexion*] onto handler 'ConnexionController'
25-Feb-2021 07:35:23.107 INFO [http-apr-6060-exec-16] org.springframework.web.servlet.handler.AbstractUrlHandlerMapping.registerHandler Mapped URL path [/deconnexion*] onto handler 'DeconnexionController'
25-Feb-2021 07:35:23.107 INFO [http-apr-6060-exec-16] org.springframework.web.servlet.handler.AbstractUrlHandlerMapping.registerHandler Mapped URL path [/utilisateur*] onto handler 'UtilisateurController'
25-Feb-2021 07:35:23.108 INFO [http-apr-6060-exec-16] org.springframework.web.servlet.handler.AbstractUrlHandlerMapping.registerHandler Mapped URL path [/stock*] onto handler 'VehiculeController'
25-Feb-2021 07:35:23.108 INFO [http-apr-6060-exec-16] org.springframework.web.servlet.handler.AbstractUrlHandlerMapping.registerHandler Mapped URL path [/fournisseur*] onto handler 'FournisseurController'
25-Feb-2021 07:35:23.108 INFO [http-apr-6060-exec-16] org.springframework.web.servlet.handler.AbstractUrlHandlerMapping.registerHandler Mapped URL path [/verouiller*] onto handler 'VerouillerController'
25-Feb-2021 07:35:23.108 INFO [http-apr-6060-exec-16] org.springframework.web.servlet.handler.AbstractUrlHandlerMapping.registerHandler Mapped URL path [/redirect*] onto handler 'RedirectController'
25-Feb-2021 07:35:23.160 INFO [http-apr-6060-exec-16] org.springframework.web.servlet.handler.AbstractUrlHandlerMapping.registerHandler Mapped URL path [/tableaudebord] onto handler 'TableaudebordController'
25-Feb-2021 07:35:23.181 INFO [http-apr-6060-exec-16] org.springframework.web.servlet.handler.AbstractUrlHandlerMapping.registerHandler Mapped URL path [/assets/**] onto handler 'org.springframework.web.servlet.resource.ResourceHttpRequestHandler#0'
25-Feb-2021 07:35:23.220 INFO [http-apr-6060-exec-16] org.springframework.web.servlet.FrameworkServlet.initServletBean FrameworkServlet 'sygealoc': initialization completed in 242 ms
25-Feb-2021 07:35:23.222 INFO [http-apr-6060-exec-16] org.apache.catalina.startup.HostConfig.deployDescriptor Deployment of configuration descriptor C:\Users\monhel.pierre\Desktop\pfe.supernova\apache-tomcat\conf\Catalina\localhost\sygealoc.xml has finished in 1,840 ms
25-Feb-2021 07:35:23.225 INFO [http-apr-6060-exec-21] org.apache.catalina.util.LifecycleBase.start The start() method was called on component [StandardEngine[Catalina].StandardHost[localhost].StandardContext[/sygealoc]] after start() had already been called. The second call will be ignored.
25-Feb-2021 07:35:23.863 WARNING [http-apr-6060-exec-20] org.springframework.web.servlet.DispatcherServlet.noHandlerFound No mapping found for HTTP request with URI [/sygealoc/Error404.html] in DispatcherServlet with name 'sygealoc'
25-Feb-2021 07:36:11.746 WARNING [http-apr-6060-exec-24] org.springframework.web.servlet.DispatcherServlet.noHandlerFound No mapping found for HTTP request with URI [/sygealoc/Error404.html] in DispatcherServlet with name 'sygealoc'
25-Feb-2021 07:36:13.766 WARNING [http-apr-6060-exec-27] org.springframework.web.servlet.DispatcherServlet.noHandlerFound No mapping found for HTTP request with URI [/sygealoc/Error404.html] in DispatcherServlet with name 'sygealoc'
25-Feb-2021 07:36:15.312 WARNING [http-apr-6060-exec-25] org.springframework.web.servlet.DispatcherServlet.noHandlerFound No mapping found for HTTP request with URI [/sygealoc/Error404.html] in DispatcherServlet with name 'sygealoc'
25-Feb-2021 07:36:17.410 WARNING [http-apr-6060-exec-24] org.springframework.web.servlet.DispatcherServlet.noHandlerFound No mapping found for HTTP request with URI [/sygealoc/Error404.html] in DispatcherServlet with name 'sygealoc'
25-Feb-2021 07:36:19.018 WARNING [http-apr-6060-exec-30] org.springframework.web.servlet.DispatcherServlet.noHandlerFound No mapping found for HTTP request with URI [/sygealoc/Error404.html] in DispatcherServlet with name 'sygealoc'
25-Feb-2021 07:36:20.365 WARNING [http-apr-6060-exec-30] org.springframework.web.servlet.DispatcherServlet.noHandlerFound No mapping found for HTTP request with URI [/sygealoc/Error404.html] in DispatcherServlet with name 'sygealoc'
25-Feb-2021 07:36:21.537 WARNING [http-apr-6060-exec-23] org.springframework.web.servlet.DispatcherServlet.noHandlerFound No mapping found for HTTP request with URI [/sygealoc/Error404.html] in DispatcherServlet with name 'sygealoc'
25-Feb-2021 07:36:23.199 WARNING [http-apr-6060-exec-25] org.springframework.web.servlet.DispatcherServlet.noHandlerFound No mapping found for HTTP request with URI [/sygealoc/Error404.html] in DispatcherServlet with name 'sygealoc'
25-Feb-2021 07:36:24.876 WARNING [http-apr-6060-exec-27] org.springframework.web.servlet.DispatcherServlet.noHandlerFound No mapping found for HTTP request with URI [/sygealoc/Error404.html] in DispatcherServlet with name 'sygealoc'
25-Feb-2021 07:36:26.419 WARNING [http-apr-6060-exec-26] org.springframework.web.servlet.DispatcherServlet.noHandlerFound No mapping found for HTTP request with URI [/sygealoc/Error404.html] in DispatcherServlet with name 'sygealoc'
25-Feb-2021 07:36:28.050 WARNING [http-apr-6060-exec-26] org.springframework.web.servlet.DispatcherServlet.noHandlerFound No mapping found for HTTP request with URI [/sygealoc/Error404.html] in DispatcherServlet with name 'sygealoc'
25-Feb-2021 07:36:29.650 WARNING [http-apr-6060-exec-25] org.springframework.web.servlet.DispatcherServlet.noHandlerFound No mapping found for HTTP request with URI [/sygealoc/Error404.html] in DispatcherServlet with name 'sygealoc'
25-Feb-2021 07:36:31.211 WARNING [http-apr-6060-exec-26] org.springframework.web.servlet.DispatcherServlet.noHandlerFound No mapping found for HTTP request with URI [/sygealoc/Error404.html] in DispatcherServlet with name 'sygealoc'
25-Feb-2021 07:36:31.645 WARNING [http-apr-6060-exec-21] org.springframework.web.servlet.DispatcherServlet.noHandlerFound No mapping found for HTTP request with URI [/sygealoc/Error404.html] in DispatcherServlet with name 'sygealoc'
25-Feb-2021 07:36:32.730 WARNING [http-apr-6060-exec-22] org.springframework.web.servlet.DispatcherServlet.noHandlerFound No mapping found for HTTP request with URI [/sygealoc/Error404.html] in DispatcherServlet with name 'sygealoc'
25-Feb-2021 07:36:34.303 WARNING [http-apr-6060-exec-30] org.springframework.web.servlet.DispatcherServlet.noHandlerFound No mapping found for HTTP request with URI [/sygealoc/Error404.html] in DispatcherServlet with name 'sygealoc'
25-Feb-2021 07:36:35.437 WARNING [http-apr-6060-exec-22] org.springframework.web.servlet.DispatcherServlet.noHandlerFound No mapping found for HTTP request with URI [/sygealoc/Error404.html] in DispatcherServlet with name 'sygealoc'
25-Feb-2021 07:36:35.818 WARNING [http-apr-6060-exec-28] org.springframework.web.servlet.DispatcherServlet.noHandlerFound No mapping found for HTTP request with URI [/sygealoc/Error404.html] in DispatcherServlet with name 'sygealoc'
25-Feb-2021 07:36:37.341 WARNING [http-apr-6060-exec-21] org.springframework.web.servlet.DispatcherServlet.noHandlerFound No mapping found for HTTP request with URI [/sygealoc/Error404.html] in DispatcherServlet with name 'sygealoc'
25-Feb-2021 07:36:38.907 WARNING [http-apr-6060-exec-25] org.springframework.web.servlet.DispatcherServlet.noHandlerFound No mapping found for HTTP request with URI [/sygealoc/Error404.html] in DispatcherServlet with name 'sygealoc'
25-Feb-2021 07:36:40.601 WARNING [http-apr-6060-exec-24] org.springframework.web.servlet.DispatcherServlet.noHandlerFound No mapping found for HTTP request with URI [/sygealoc/Error404.html] in DispatcherServlet with name 'sygealoc'
25-Feb-2021 07:36:42.157 WARNING [http-apr-6060-exec-27] org.springframework.web.servlet.DispatcherServlet.noHandlerFound No mapping found for HTTP request with URI [/sygealoc/Error404.html] in DispatcherServlet with name 'sygealoc'
25-Feb-2021 07:36:43.717 WARNING [http-apr-6060-exec-22] org.springframework.web.servlet.DispatcherServlet.noHandlerFound No mapping found for HTTP request with URI [/sygealoc/Error404.html] in DispatcherServlet with name 'sygealoc'
25-Feb-2021 07:36:45.198 WARNING [http-apr-6060-exec-26] org.springframework.web.servlet.DispatcherServlet.noHandlerFound No mapping found for HTTP request with URI [/sygealoc/Error404.html] in DispatcherServlet with name 'sygealoc'
25-Feb-2021 07:36:46.757 WARNING [http-apr-6060-exec-26] org.springframework.web.servlet.DispatcherServlet.noHandlerFound No mapping found for HTTP request with URI [/sygealoc/Error404.html] in DispatcherServlet with name 'sygealoc'
25-Feb-2021 07:36:48.293 WARNING [http-apr-6060-exec-24] org.springframework.web.servlet.DispatcherServlet.noHandlerFound No mapping found for HTTP request with URI [/sygealoc/Error404.html] in DispatcherServlet with name 'sygealoc'
25-Feb-2021 07:36:49.831 WARNING [http-apr-6060-exec-23] org.springframework.web.servlet.DispatcherServlet.noHandlerFound No mapping found for HTTP request with URI [/sygealoc/Error404.html] in DispatcherServlet with name 'sygealoc'
25-Feb-2021 07:36:51.390 WARNING [http-apr-6060-exec-21] org.springframework.web.servlet.DispatcherServlet.noHandlerFound No mapping found for HTTP request with URI [/sygealoc/Error404.html] in DispatcherServlet with name 'sygealoc'
25-Feb-2021 07:36:53.031 WARNING [http-apr-6060-exec-23] org.springframework.web.servlet.DispatcherServlet.noHandlerFound No mapping found for HTTP request with URI [/sygealoc/Error404.html] in DispatcherServlet with name 'sygealoc'
25-Feb-2021 07:36:54.657 WARNING [http-apr-6060-exec-27] org.springframework.web.servlet.DispatcherServlet.noHandlerFound No mapping found for HTTP request with URI [/sygealoc/Error404.html] in DispatcherServlet with name 'sygealoc'
25-Feb-2021 07:36:56.331 WARNING [http-apr-6060-exec-29] org.springframework.web.servlet.DispatcherServlet.noHandlerFound No mapping found for HTTP request with URI [/sygealoc/Error404.html] in DispatcherServlet with name 'sygealoc'
25-Feb-2021 07:36:57.695 WARNING [http-apr-6060-exec-23] org.springframework.web.servlet.DispatcherServlet.noHandlerFound No mapping found for HTTP request with URI [/sygealoc/Error404.html] in DispatcherServlet with name 'sygealoc'
25-Feb-2021 07:36:59.319 WARNING [http-apr-6060-exec-25] org.springframework.web.servlet.DispatcherServlet.noHandlerFound No mapping found for HTTP request with URI [/sygealoc/Error404.html] in DispatcherServlet with name 'sygealoc'
25-Feb-2021 07:37:00.837 WARNING [http-apr-6060-exec-21] org.springframework.web.servlet.DispatcherServlet.noHandlerFound No mapping found for HTTP request with URI [/sygealoc/Error404.html] in DispatcherServlet with name 'sygealoc'
25-Feb-2021 07:37:02.435 WARNING [http-apr-6060-exec-29] org.springframework.web.servlet.DispatcherServlet.noHandlerFound No mapping found for HTTP request with URI [/sygealoc/Error404.html] in DispatcherServlet with name 'sygealoc'
25-Feb-2021 07:37:04.431 WARNING [http-apr-6060-exec-25] org.springframework.web.servlet.DispatcherServlet.noHandlerFound No mapping found for HTTP request with URI [/sygealoc/Error404.html] in DispatcherServlet with name 'sygealoc'
25-Feb-2021 07:37:05.645 WARNING [http-apr-6060-exec-29] org.springframework.web.servlet.DispatcherServlet.noHandlerFound No mapping found for HTTP request with URI [/sygealoc/Error404.html] in DispatcherServlet with name 'sygealoc'
25-Feb-2021 07:37:06.298 INFO [http-apr-6060-exec-27] org.springframework.context.support.AbstractApplicationContext.doClose Closing WebApplicationContext for namespace 'sygealoc-servlet': startup date [Thu Feb 25 07:35:22 EST 2021]; parent: Root WebApplicationContext
25-Feb-2021 07:37:06.304 INFO [http-apr-6060-exec-27] org.springframework.context.support.AbstractApplicationContext.doClose Closing Root WebApplicationContext: startup date [Thu Feb 25 07:35:22 EST 2021]; root of context hierarchy
25-Feb-2021 07:37:06.323 WARNING [http-apr-6060-exec-27] org.apache.catalina.loader.WebappClassLoaderBase.clearReferencesJdbc The web application [sygealoc] registered the JDBC driver [com.mysql.jdbc.Driver] but failed to unregister it when the web application was stopped. To prevent a memory leak, the JDBC Driver has been forcibly unregistered.
25-Feb-2021 07:37:06.841 INFO [http-apr-6060-exec-27] org.apache.catalina.startup.HostConfig.undeploy Undeploying context [/sygealoc]
25-Feb-2021 07:39:31.363 INFO [http-apr-6060-exec-23] org.apache.catalina.startup.HostConfig.deployDescriptor Deploying configuration descriptor C:\Users\monhel.pierre\Desktop\pfe.supernova\apache-tomcat\conf\Catalina\localhost\sygealoc.xml
25-Feb-2021 07:39:32.511 INFO [http-apr-6060-exec-23] org.apache.jasper.servlet.TldScanner.scanJars At least one JAR was scanned for TLDs yet contained no TLDs. Enable debug logging for this logger for a complete list of JARs that were scanned but no TLDs were found in them. Skipping unneeded JARs during scanning can improve startup time and JSP compilation time.
25-Feb-2021 07:39:32.543 INFO [http-apr-6060-exec-23] org.springframework.web.context.ContextLoader.initWebApplicationContext Root WebApplicationContext: initialization started
25-Feb-2021 07:39:32.652 INFO [http-apr-6060-exec-23] org.springframework.context.support.AbstractApplicationContext.prepareRefresh Refreshing Root WebApplicationContext: startup date [Thu Feb 25 07:39:32 EST 2021]; root of context hierarchy
25-Feb-2021 07:39:32.706 INFO [http-apr-6060-exec-23] org.springframework.beans.factory.xml.XmlBeanDefinitionReader.loadBeanDefinitions Loading XML bean definitions from ServletContext resource [/WEB-INF/applicationContext.xml]
25-Feb-2021 07:39:32.771 INFO [http-apr-6060-exec-23] org.springframework.web.context.ContextLoader.initWebApplicationContext Root WebApplicationContext: initialization completed in 227 ms
25-Feb-2021 07:39:32.790 INFO [http-apr-6060-exec-23] org.springframework.web.servlet.FrameworkServlet.initServletBean FrameworkServlet 'sygealoc': initialization started
25-Feb-2021 07:39:32.795 INFO [http-apr-6060-exec-23] org.springframework.context.support.AbstractApplicationContext.prepareRefresh Refreshing WebApplicationContext for namespace 'sygealoc-servlet': startup date [Thu Feb 25 07:39:32 EST 2021]; parent: Root WebApplicationContext
25-Feb-2021 07:39:32.796 INFO [http-apr-6060-exec-23] org.springframework.beans.factory.xml.XmlBeanDefinitionReader.loadBeanDefinitions Loading XML bean definitions from ServletContext resource [/WEB-INF/sygealoc-servlet.xml]
25-Feb-2021 07:39:32.882 INFO [http-apr-6060-exec-23] org.springframework.web.servlet.handler.AbstractUrlHandlerMapping.registerHandler Mapped URL path [/reservation*] onto handler 'ReservationController'
25-Feb-2021 07:39:32.882 INFO [http-apr-6060-exec-23] org.springframework.web.servlet.handler.AbstractUrlHandlerMapping.registerHandler Mapped URL path [/impression*] onto handler 'ImpressionController'
25-Feb-2021 07:39:32.882 INFO [http-apr-6060-exec-23] org.springframework.web.servlet.handler.AbstractUrlHandlerMapping.registerHandler Mapped URL path [/erreur*] onto handler 'ErreurController'
25-Feb-2021 07:39:32.882 INFO [http-apr-6060-exec-23] org.springframework.web.servlet.handler.AbstractUrlHandlerMapping.registerHandler Mapped URL path [/ajoutervehicule*] onto handler 'AjoutervehiculeController'
25-Feb-2021 07:39:32.883 INFO [http-apr-6060-exec-23] org.springframework.web.servlet.handler.AbstractUrlHandlerMapping.registerHandler Mapped URL path [/profile*] onto handler 'ProfileController'
25-Feb-2021 07:39:32.883 INFO [http-apr-6060-exec-23] org.springframework.web.servlet.handler.AbstractUrlHandlerMapping.registerHandler Mapped URL path [/employe*] onto handler 'EmployeController'
25-Feb-2021 07:39:32.883 INFO [http-apr-6060-exec-23] org.springframework.web.servlet.handler.AbstractUrlHandlerMapping.registerHandler Mapped URL path [/client*] onto handler 'ClientController'
25-Feb-2021 07:39:32.883 INFO [http-apr-6060-exec-23] org.springframework.web.servlet.handler.AbstractUrlHandlerMapping.registerHandler Mapped URL path [/location*] onto handler 'LocationController'
25-Feb-2021 07:39:32.883 INFO [http-apr-6060-exec-23] org.springframework.web.servlet.handler.AbstractUrlHandlerMapping.registerHandler Mapped URL path [/connexion*] onto handler 'ConnexionController'
25-Feb-2021 07:39:32.884 INFO [http-apr-6060-exec-23] org.springframework.web.servlet.handler.AbstractUrlHandlerMapping.registerHandler Mapped URL path [/deconnexion*] onto handler 'DeconnexionController'
25-Feb-2021 07:39:32.884 INFO [http-apr-6060-exec-23] org.springframework.web.servlet.handler.AbstractUrlHandlerMapping.registerHandler Mapped URL path [/utilisateur*] onto handler 'UtilisateurController'
25-Feb-2021 07:39:32.884 INFO [http-apr-6060-exec-23] org.springframework.web.servlet.handler.AbstractUrlHandlerMapping.registerHandler Mapped URL path [/stock*] onto handler 'VehiculeController'
25-Feb-2021 07:39:32.885 INFO [http-apr-6060-exec-23] org.springframework.web.servlet.handler.AbstractUrlHandlerMapping.registerHandler Mapped URL path [/fournisseur*] onto handler 'FournisseurController'
25-Feb-2021 07:39:32.885 INFO [http-apr-6060-exec-23] org.springframework.web.servlet.handler.AbstractUrlHandlerMapping.registerHandler Mapped URL path [/verouiller*] onto handler 'VerouillerController'
25-Feb-2021 07:39:32.885 INFO [http-apr-6060-exec-23] org.springframework.web.servlet.handler.AbstractUrlHandlerMapping.registerHandler Mapped URL path [/redirect*] onto handler 'RedirectController'
25-Feb-2021 07:39:32.935 INFO [http-apr-6060-exec-23] org.springframework.web.servlet.handler.AbstractUrlHandlerMapping.registerHandler Mapped URL path [/tableaudebord] onto handler 'TableaudebordController'
25-Feb-2021 07:39:32.959 INFO [http-apr-6060-exec-23] org.springframework.web.servlet.handler.AbstractUrlHandlerMapping.registerHandler Mapped URL path [/assets/**] onto handler 'org.springframework.web.servlet.resource.ResourceHttpRequestHandler#0'
25-Feb-2021 07:39:32.995 INFO [http-apr-6060-exec-23] org.springframework.web.servlet.FrameworkServlet.initServletBean FrameworkServlet 'sygealoc': initialization completed in 205 ms
25-Feb-2021 07:39:32.997 INFO [http-apr-6060-exec-23] org.apache.catalina.startup.HostConfig.deployDescriptor Deployment of configuration descriptor C:\Users\monhel.pierre\Desktop\pfe.supernova\apache-tomcat\conf\Catalina\localhost\sygealoc.xml has finished in 1,634 ms
25-Feb-2021 07:39:33.000 INFO [http-apr-6060-exec-29] org.apache.catalina.util.LifecycleBase.start The start() method was called on component [StandardEngine[Catalina].StandardHost[localhost].StandardContext[/sygealoc]] after start() had already been called. The second call will be ignored.
25-Feb-2021 07:40:07.061 WARNING [http-apr-6060-exec-36] org.springframework.web.servlet.DispatcherServlet.noHandlerFound No mapping found for HTTP request with URI [/sygealoc/Error404.html] in DispatcherServlet with name 'sygealoc'
25-Feb-2021 07:40:08.946 WARNING [http-apr-6060-exec-33] org.springframework.web.servlet.DispatcherServlet.noHandlerFound No mapping found for HTTP request with URI [/sygealoc/Error404.html] in DispatcherServlet with name 'sygealoc'
25-Feb-2021 07:40:10.514 WARNING [http-apr-6060-exec-32] org.springframework.web.servlet.DispatcherServlet.noHandlerFound No mapping found for HTTP request with URI [/sygealoc/Error404.html] in DispatcherServlet with name 'sygealoc'
25-Feb-2021 07:40:12.030 WARNING [http-apr-6060-exec-37] org.springframework.web.servlet.DispatcherServlet.noHandlerFound No mapping found for HTTP request with URI [/sygealoc/Error404.html] in DispatcherServlet with name 'sygealoc'
25-Feb-2021 07:40:13.770 WARNING [http-apr-6060-exec-32] org.springframework.web.servlet.DispatcherServlet.noHandlerFound No mapping found for HTTP request with URI [/sygealoc/Error404.html] in DispatcherServlet with name 'sygealoc'
25-Feb-2021 07:40:27.192 INFO [http-apr-6060-exec-39] org.springframework.context.support.AbstractApplicationContext.doClose Closing WebApplicationContext for namespace 'sygealoc-servlet': startup date [Thu Feb 25 07:39:32 EST 2021]; parent: Root WebApplicationContext
25-Feb-2021 07:40:27.198 INFO [http-apr-6060-exec-39] org.springframework.context.support.AbstractApplicationContext.doClose Closing Root WebApplicationContext: startup date [Thu Feb 25 07:39:32 EST 2021]; root of context hierarchy
25-Feb-2021 07:40:27.206 WARNING [http-apr-6060-exec-39] org.apache.catalina.loader.WebappClassLoaderBase.clearReferencesJdbc The web application [sygealoc] registered the JDBC driver [com.mysql.jdbc.Driver] but failed to unregister it when the web application was stopped. To prevent a memory leak, the JDBC Driver has been forcibly unregistered.
25-Feb-2021 07:40:27.711 INFO [http-apr-6060-exec-39] org.apache.catalina.startup.HostConfig.undeploy Undeploying context [/sygealoc]
25-Feb-2021 07:40:27.756 INFO [http-apr-6060-exec-36] org.apache.catalina.startup.HostConfig.deployDescriptor Deploying configuration descriptor C:\Users\monhel.pierre\Desktop\pfe.supernova\apache-tomcat\conf\Catalina\localhost\sygealoc.xml
25-Feb-2021 07:40:28.946 INFO [http-apr-6060-exec-36] org.apache.jasper.servlet.TldScanner.scanJars At least one JAR was scanned for TLDs yet contained no TLDs. Enable debug logging for this logger for a complete list of JARs that were scanned but no TLDs were found in them. Skipping unneeded JARs during scanning can improve startup time and JSP compilation time.
25-Feb-2021 07:40:28.976 INFO [http-apr-6060-exec-36] org.springframework.web.context.ContextLoader.initWebApplicationContext Root WebApplicationContext: initialization started
25-Feb-2021 07:40:29.085 INFO [http-apr-6060-exec-36] org.springframework.context.support.AbstractApplicationContext.prepareRefresh Refreshing Root WebApplicationContext: startup date [Thu Feb 25 07:40:29 EST 2021]; root of context hierarchy
25-Feb-2021 07:40:29.140 INFO [http-apr-6060-exec-36] org.springframework.beans.factory.xml.XmlBeanDefinitionReader.loadBeanDefinitions Loading XML bean definitions from ServletContext resource [/WEB-INF/applicationContext.xml]
25-Feb-2021 07:40:29.203 INFO [http-apr-6060-exec-36] org.springframework.web.context.ContextLoader.initWebApplicationContext Root WebApplicationContext: initialization completed in 227 ms
25-Feb-2021 07:40:29.222 INFO [http-apr-6060-exec-36] org.springframework.web.servlet.FrameworkServlet.initServletBean FrameworkServlet 'sygealoc': initialization started
25-Feb-2021 07:40:29.227 INFO [http-apr-6060-exec-36] org.springframework.context.support.AbstractApplicationContext.prepareRefresh Refreshing WebApplicationContext for namespace 'sygealoc-servlet': startup date [Thu Feb 25 07:40:29 EST 2021]; parent: Root WebApplicationContext
25-Feb-2021 07:40:29.228 INFO [http-apr-6060-exec-36] org.springframework.beans.factory.xml.XmlBeanDefinitionReader.loadBeanDefinitions Loading XML bean definitions from ServletContext resource [/WEB-INF/sygealoc-servlet.xml]
25-Feb-2021 07:40:29.330 INFO [http-apr-6060-exec-36] org.springframework.web.servlet.handler.AbstractUrlHandlerMapping.registerHandler Mapped URL path [/reservation*] onto handler 'ReservationController'
25-Feb-2021 07:40:29.330 INFO [http-apr-6060-exec-36] org.springframework.web.servlet.handler.AbstractUrlHandlerMapping.registerHandler Mapped URL path [/impression*] onto handler 'ImpressionController'
25-Feb-2021 07:40:29.330 INFO [http-apr-6060-exec-36] org.springframework.web.servlet.handler.AbstractUrlHandlerMapping.registerHandler Mapped URL path [/erreur*] onto handler 'ErreurController'
25-Feb-2021 07:40:29.331 INFO [http-apr-6060-exec-36] org.springframework.web.servlet.handler.AbstractUrlHandlerMapping.registerHandler Mapped URL path [/ajoutervehicule*] onto handler 'AjoutervehiculeController'
25-Feb-2021 07:40:29.331 INFO [http-apr-6060-exec-36] org.springframework.web.servlet.handler.AbstractUrlHandlerMapping.registerHandler Mapped URL path [/profile*] onto handler 'ProfileController'
25-Feb-2021 07:40:29.331 INFO [http-apr-6060-exec-36] org.springframework.web.servlet.handler.AbstractUrlHandlerMapping.registerHandler Mapped URL path [/employe*] onto handler 'EmployeController'
25-Feb-2021 07:40:29.332 INFO [http-apr-6060-exec-36] org.springframework.web.servlet.handler.AbstractUrlHandlerMapping.registerHandler Mapped URL path [/client*] onto handler 'ClientController'
25-Feb-2021 07:40:29.332 INFO [http-apr-6060-exec-36] org.springframework.web.servlet.handler.AbstractUrlHandlerMapping.registerHandler Mapped URL path [/location*] onto handler 'LocationController'
25-Feb-2021 07:40:29.332 INFO [http-apr-6060-exec-36] org.springframework.web.servlet.handler.AbstractUrlHandlerMapping.registerHandler Mapped URL path [/connexion*] onto handler 'ConnexionController'
25-Feb-2021 07:40:29.333 INFO [http-apr-6060-exec-36] org.springframework.web.servlet.handler.AbstractUrlHandlerMapping.registerHandler Mapped URL path [/deconnexion*] onto handler 'DeconnexionController'
25-Feb-2021 07:40:29.333 INFO [http-apr-6060-exec-36] org.springframework.web.servlet.handler.AbstractUrlHandlerMapping.registerHandler Mapped URL path [/utilisateur*] onto handler 'UtilisateurController'
25-Feb-2021 07:40:29.333 INFO [http-apr-6060-exec-36] org.springframework.web.servlet.handler.AbstractUrlHandlerMapping.registerHandler Mapped URL path [/stock*] onto handler 'VehiculeController'
25-Feb-2021 07:40:29.334 INFO [http-apr-6060-exec-36] org.springframework.web.servlet.handler.AbstractUrlHandlerMapping.registerHandler Mapped URL path [/fournisseur*] onto handler 'FournisseurController'
25-Feb-2021 07:40:29.334 INFO [http-apr-6060-exec-36] org.springframework.web.servlet.handler.AbstractUrlHandlerMapping.registerHandler Mapped URL path [/verouiller*] onto handler 'VerouillerController'
25-Feb-2021 07:40:29.334 INFO [http-apr-6060-exec-36] org.springframework.web.servlet.handler.AbstractUrlHandlerMapping.registerHandler Mapped URL path [/redirect*] onto handler 'RedirectController'
25-Feb-2021 07:40:29.387 INFO [http-apr-6060-exec-36] org.springframework.web.servlet.handler.AbstractUrlHandlerMapping.registerHandler Mapped URL path [/tableaudebord] onto handler 'TableaudebordController'
25-Feb-2021 07:40:29.406 INFO [http-apr-6060-exec-36] org.springframework.web.servlet.handler.AbstractUrlHandlerMapping.registerHandler Mapped URL path [/assets/**] onto handler 'org.springframework.web.servlet.resource.ResourceHttpRequestHandler#0'
25-Feb-2021 07:40:29.443 INFO [http-apr-6060-exec-36] org.springframework.web.servlet.FrameworkServlet.initServletBean FrameworkServlet 'sygealoc': initialization completed in 221 ms
25-Feb-2021 07:40:29.445 INFO [http-apr-6060-exec-36] org.apache.catalina.startup.HostConfig.deployDescriptor Deployment of configuration descriptor C:\Users\monhel.pierre\Desktop\pfe.supernova\apache-tomcat\conf\Catalina\localhost\sygealoc.xml has finished in 1,689 ms
25-Feb-2021 07:40:29.448 INFO [http-apr-6060-exec-34] org.apache.catalina.util.LifecycleBase.start The start() method was called on component [StandardEngine[Catalina].StandardHost[localhost].StandardContext[/sygealoc]] after start() had already been called. The second call will be ignored.
25-Feb-2021 07:48:13.378 WARNING [http-apr-6060-exec-48] org.springframework.web.servlet.DispatcherServlet.noHandlerFound No mapping found for HTTP request with URI [/sygealoc/Error404.html] in DispatcherServlet with name 'sygealoc'
25-Feb-2021 07:48:22.042 WARNING [http-apr-6060-exec-48] org.springframework.web.servlet.DispatcherServlet.noHandlerFound No mapping found for HTTP request with URI [/sygealoc/Error404.html] in DispatcherServlet with name 'sygealoc'
25-Feb-2021 07:48:22.060 WARNING [http-apr-6060-exec-45] org.springframework.web.servlet.DispatcherServlet.noHandlerFound No mapping found for HTTP request with URI [/sygealoc/Error404.html] in DispatcherServlet with name 'sygealoc'
25-Feb-2021 07:48:22.062 WARNING [http-apr-6060-exec-49] org.springframework.web.servlet.DispatcherServlet.noHandlerFound No mapping found for HTTP request with URI [/sygealoc/Error404.html] in DispatcherServlet with name 'sygealoc'
25-Feb-2021 07:48:22.960 WARNING [http-apr-6060-exec-42] org.springframework.web.servlet.DispatcherServlet.noHandlerFound No mapping found for HTTP request with URI [/sygealoc/Error404.html] in DispatcherServlet with name 'sygealoc'
25-Feb-2021 07:48:22.966 WARNING [http-apr-6060-exec-41] org.springframework.web.servlet.DispatcherServlet.noHandlerFound No mapping found for HTTP request with URI [/sygealoc/Error404.html] in DispatcherServlet with name 'sygealoc'
25-Feb-2021 07:48:40.588 WARNING [http-apr-6060-exec-41] org.springframework.web.servlet.DispatcherServlet.noHandlerFound No mapping found for HTTP request with URI [/sygealoc/Error404.html] in DispatcherServlet with name 'sygealoc'
25-Feb-2021 07:48:52.472 WARNING [http-apr-6060-exec-42] org.springframework.web.servlet.DispatcherServlet.noHandlerFound No mapping found for HTTP request with URI [/sygealoc/Error404.html] in DispatcherServlet with name 'sygealoc'
25-Feb-2021 07:55:21.657 INFO [http-apr-6060-exec-41] org.springframework.context.support.AbstractApplicationContext.doClose Closing WebApplicationContext for namespace 'sygealoc-servlet': startup date [Thu Feb 25 07:40:29 EST 2021]; parent: Root WebApplicationContext
25-Feb-2021 07:55:21.661 INFO [http-apr-6060-exec-41] org.springframework.context.support.AbstractApplicationContext.doClose Closing Root WebApplicationContext: startup date [Thu Feb 25 07:40:29 EST 2021]; root of context hierarchy
25-Feb-2021 07:55:21.667 WARNING [http-apr-6060-exec-41] org.apache.catalina.loader.WebappClassLoaderBase.clearReferencesJdbc The web application [sygealoc] registered the JDBC driver [com.mysql.jdbc.Driver] but failed to unregister it when the web application was stopped. To prevent a memory leak, the JDBC Driver has been forcibly unregistered.
25-Feb-2021 07:55:22.171 INFO [http-apr-6060-exec-41] org.apache.catalina.startup.HostConfig.undeploy Undeploying context [/sygealoc]
25-Feb-2021 07:55:22.194 INFO [http-apr-6060-exec-43] org.apache.catalina.startup.HostConfig.deployDescriptor Deploying configuration descriptor C:\Users\monhel.pierre\Desktop\pfe.supernova\apache-tomcat\conf\Catalina\localhost\sygealoc.xml
25-Feb-2021 07:55:23.421 INFO [http-apr-6060-exec-43] org.apache.jasper.servlet.TldScanner.scanJars At least one JAR was scanned for TLDs yet contained no TLDs. Enable debug logging for this logger for a complete list of JARs that were scanned but no TLDs were found in them. Skipping unneeded JARs during scanning can improve startup time and JSP compilation time.
25-Feb-2021 07:55:23.453 INFO [http-apr-6060-exec-43] org.springframework.web.context.ContextLoader.initWebApplicationContext Root WebApplicationContext: initialization started
25-Feb-2021 07:55:23.561 INFO [http-apr-6060-exec-43] org.springframework.context.support.AbstractApplicationContext.prepareRefresh Refreshing Root WebApplicationContext: startup date [Thu Feb 25 07:55:23 EST 2021]; root of context hierarchy
25-Feb-2021 07:55:23.616 INFO [http-apr-6060-exec-43] org.springframework.beans.factory.xml.XmlBeanDefinitionReader.loadBeanDefinitions Loading XML bean definitions from ServletContext resource [/WEB-INF/applicationContext.xml]
25-Feb-2021 07:55:23.808 INFO [http-apr-6060-exec-43] org.springframework.web.context.ContextLoader.initWebApplicationContext Root WebApplicationContext: initialization completed in 355 ms
25-Feb-2021 07:55:23.826 INFO [http-apr-6060-exec-43] org.springframework.web.servlet.FrameworkServlet.initServletBean FrameworkServlet 'sygealoc': initialization started
25-Feb-2021 07:55:23.830 INFO [http-apr-6060-exec-43] org.springframework.context.support.AbstractApplicationContext.prepareRefresh Refreshing WebApplicationContext for namespace 'sygealoc-servlet': startup date [Thu Feb 25 07:55:23 EST 2021]; parent: Root WebApplicationContext
25-Feb-2021 07:55:23.831 INFO [http-apr-6060-exec-43] org.springframework.beans.factory.xml.XmlBeanDefinitionReader.loadBeanDefinitions Loading XML bean definitions from ServletContext resource [/WEB-INF/sygealoc-servlet.xml]
25-Feb-2021 07:55:23.920 INFO [http-apr-6060-exec-43] org.springframework.web.servlet.handler.AbstractUrlHandlerMapping.registerHandler Mapped URL path [/reservation*] onto handler 'ReservationController'
25-Feb-2021 07:55:23.920 INFO [http-apr-6060-exec-43] org.springframework.web.servlet.handler.AbstractUrlHandlerMapping.registerHandler Mapped URL path [/impression*] onto handler 'ImpressionController'
25-Feb-2021 07:55:23.920 INFO [http-apr-6060-exec-43] org.springframework.web.servlet.handler.AbstractUrlHandlerMapping.registerHandler Mapped URL path [/erreur*] onto handler 'ErreurController'
25-Feb-2021 07:55:23.920 INFO [http-apr-6060-exec-43] org.springframework.web.servlet.handler.AbstractUrlHandlerMapping.registerHandler Mapped URL path [/ajoutervehicule*] onto handler 'AjoutervehiculeController'
25-Feb-2021 07:55:23.921 INFO [http-apr-6060-exec-43] org.springframework.web.servlet.handler.AbstractUrlHandlerMapping.registerHandler Mapped URL path [/profile*] onto handler 'ProfileController'
25-Feb-2021 07:55:23.921 INFO [http-apr-6060-exec-43] org.springframework.web.servlet.handler.AbstractUrlHandlerMapping.registerHandler Mapped URL path [/employe*] onto handler 'EmployeController'
25-Feb-2021 07:55:23.921 INFO [http-apr-6060-exec-43] org.springframework.web.servlet.handler.AbstractUrlHandlerMapping.registerHandler Mapped URL path [/client*] onto handler 'ClientController'
25-Feb-2021 07:55:23.922 INFO [http-apr-6060-exec-43] org.springframework.web.servlet.handler.AbstractUrlHandlerMapping.registerHandler Mapped URL path [/location*] onto handler 'LocationController'
25-Feb-2021 07:55:23.922 INFO [http-apr-6060-exec-43] org.springframework.web.servlet.handler.AbstractUrlHandlerMapping.registerHandler Mapped URL path [/connexion*] onto handler 'ConnexionController'
25-Feb-2021 07:55:23.922 INFO [http-apr-6060-exec-43] org.springframework.web.servlet.handler.AbstractUrlHandlerMapping.registerHandler Mapped URL path [/deconnexion*] onto handler 'DeconnexionController'
25-Feb-2021 07:55:23.922 INFO [http-apr-6060-exec-43] org.springframework.web.servlet.handler.AbstractUrlHandlerMapping.registerHandler Mapped URL path [/utilisateur*] onto handler 'UtilisateurController'
25-Feb-2021 07:55:23.923 INFO [http-apr-6060-exec-43] org.springframework.web.servlet.handler.AbstractUrlHandlerMapping.registerHandler Mapped URL path [/stock*] onto handler 'VehiculeController'
25-Feb-2021 07:55:23.923 INFO [http-apr-6060-exec-43] org.springframework.web.servlet.handler.AbstractUrlHandlerMapping.registerHandler Mapped URL path [/fournisseur*] onto handler 'FournisseurController'
25-Feb-2021 07:55:23.923 INFO [http-apr-6060-exec-43] org.springframework.web.servlet.handler.AbstractUrlHandlerMapping.registerHandler Mapped URL path [/verouiller*] onto handler 'VerouillerController'
25-Feb-2021 07:55:23.923 INFO [http-apr-6060-exec-43] org.springframework.web.servlet.handler.AbstractUrlHandlerMapping.registerHandler Mapped URL path [/redirect*] onto handler 'RedirectController'
25-Feb-2021 07:55:23.974 INFO [http-apr-6060-exec-43] org.springframework.web.servlet.handler.AbstractUrlHandlerMapping.registerHandler Mapped URL path [/tableaudebord] onto handler 'TableaudebordController'
25-Feb-2021 07:55:23.993 INFO [http-apr-6060-exec-43] org.springframework.web.servlet.handler.AbstractUrlHandlerMapping.registerHandler Mapped URL path [/assets/**] onto handler 'org.springframework.web.servlet.resource.ResourceHttpRequestHandler#0'
25-Feb-2021 07:55:24.028 INFO [http-apr-6060-exec-43] org.springframework.web.servlet.FrameworkServlet.initServletBean FrameworkServlet 'sygealoc': initialization completed in 201 ms
25-Feb-2021 07:55:24.030 INFO [http-apr-6060-exec-43] org.apache.catalina.startup.HostConfig.deployDescriptor Deployment of configuration descriptor C:\Users\monhel.pierre\Desktop\pfe.supernova\apache-tomcat\conf\Catalina\localhost\sygealoc.xml has finished in 1,835 ms
25-Feb-2021 07:55:24.033 INFO [http-apr-6060-exec-42] org.apache.catalina.util.LifecycleBase.start The start() method was called on component [StandardEngine[Catalina].StandardHost[localhost].StandardContext[/sygealoc]] after start() had already been called. The second call will be ignored.
25-Feb-2021 07:55:29.375 WARNING [http-apr-6060-exec-52] org.springframework.web.servlet.DispatcherServlet.noHandlerFound No mapping found for HTTP request with URI [/sygealoc/Error404.html] in DispatcherServlet with name 'sygealoc'
25-Feb-2021 07:55:31.343 WARNING [http-apr-6060-exec-47] org.springframework.web.servlet.DispatcherServlet.noHandlerFound No mapping found for HTTP request with URI [/sygealoc/Error404.html] in DispatcherServlet with name 'sygealoc'
25-Feb-2021 07:55:32.810 WARNING [http-apr-6060-exec-54] org.springframework.web.servlet.DispatcherServlet.noHandlerFound No mapping found for HTTP request with URI [/sygealoc/Error404.html] in DispatcherServlet with name 'sygealoc'
25-Feb-2021 07:55:34.406 WARNING [http-apr-6060-exec-52] org.springframework.web.servlet.DispatcherServlet.noHandlerFound No mapping found for HTTP request with URI [/sygealoc/Error404.html] in DispatcherServlet with name 'sygealoc'
25-Feb-2021 07:55:35.965 WARNING [http-apr-6060-exec-54] org.springframework.web.servlet.DispatcherServlet.noHandlerFound No mapping found for HTTP request with URI [/sygealoc/Error404.html] in DispatcherServlet with name 'sygealoc'
25-Feb-2021 07:55:37.413 WARNING [http-apr-6060-exec-58] org.springframework.web.servlet.DispatcherServlet.noHandlerFound No mapping found for HTTP request with URI [/sygealoc/Error404.html] in DispatcherServlet with name 'sygealoc'
25-Feb-2021 07:55:38.953 WARNING [http-apr-6060-exec-57] org.springframework.web.servlet.DispatcherServlet.noHandlerFound No mapping found for HTTP request with URI [/sygealoc/Error404.html] in DispatcherServlet with name 'sygealoc'
25-Feb-2021 07:55:40.511 WARNING [http-apr-6060-exec-56] org.springframework.web.servlet.DispatcherServlet.noHandlerFound No mapping found for HTTP request with URI [/sygealoc/Error404.html] in DispatcherServlet with name 'sygealoc'
25-Feb-2021 07:55:42.143 WARNING [http-apr-6060-exec-55] org.springframework.web.servlet.DispatcherServlet.noHandlerFound No mapping found for HTTP request with URI [/sygealoc/Error404.html] in DispatcherServlet with name 'sygealoc'
25-Feb-2021 07:55:43.708 WARNING [http-apr-6060-exec-58] org.springframework.web.servlet.DispatcherServlet.noHandlerFound No mapping found for HTTP request with URI [/sygealoc/Error404.html] in DispatcherServlet with name 'sygealoc'
25-Feb-2021 07:55:45.205 WARNING [http-apr-6060-exec-60] org.springframework.web.servlet.DispatcherServlet.noHandlerFound No mapping found for HTTP request with URI [/sygealoc/Error404.html] in DispatcherServlet with name 'sygealoc'
25-Feb-2021 07:55:46.775 WARNING [http-apr-6060-exec-53] org.springframework.web.servlet.DispatcherServlet.noHandlerFound No mapping found for HTTP request with URI [/sygealoc/Error404.html] in DispatcherServlet with name 'sygealoc'
25-Feb-2021 07:55:48.284 WARNING [http-apr-6060-exec-60] org.springframework.web.servlet.DispatcherServlet.noHandlerFound No mapping found for HTTP request with URI [/sygealoc/Error404.html] in DispatcherServlet with name 'sygealoc'
25-Feb-2021 07:55:49.873 WARNING [http-apr-6060-exec-55] org.springframework.web.servlet.DispatcherServlet.noHandlerFound No mapping found for HTTP request with URI [/sygealoc/Error404.html] in DispatcherServlet with name 'sygealoc'
25-Feb-2021 07:55:51.453 WARNING [http-apr-6060-exec-60] org.springframework.web.servlet.DispatcherServlet.noHandlerFound No mapping found for HTTP request with URI [/sygealoc/Error404.html] in DispatcherServlet with name 'sygealoc'
25-Feb-2021 07:55:52.991 WARNING [http-apr-6060-exec-59] org.springframework.web.servlet.DispatcherServlet.noHandlerFound No mapping found for HTTP request with URI [/sygealoc/Error404.html] in DispatcherServlet with name 'sygealoc'
25-Feb-2021 07:55:54.605 WARNING [http-apr-6060-exec-56] org.springframework.web.servlet.DispatcherServlet.noHandlerFound No mapping found for HTTP request with URI [/sygealoc/Error404.html] in DispatcherServlet with name 'sygealoc'
25-Feb-2021 07:55:56.155 WARNING [http-apr-6060-exec-53] org.springframework.web.servlet.DispatcherServlet.noHandlerFound No mapping found for HTTP request with URI [/sygealoc/Error404.html] in DispatcherServlet with name 'sygealoc'
25-Feb-2021 07:55:57.740 WARNING [http-apr-6060-exec-60] org.springframework.web.servlet.DispatcherServlet.noHandlerFound No mapping found for HTTP request with URI [/sygealoc/Error404.html] in DispatcherServlet with name 'sygealoc'
25-Feb-2021 07:55:59.320 WARNING [http-apr-6060-exec-59] org.springframework.web.servlet.DispatcherServlet.noHandlerFound No mapping found for HTTP request with URI [/sygealoc/Error404.html] in DispatcherServlet with name 'sygealoc'
25-Feb-2021 07:56:00.869 WARNING [http-apr-6060-exec-58] org.springframework.web.servlet.DispatcherServlet.noHandlerFound No mapping found for HTTP request with URI [/sygealoc/Error404.html] in DispatcherServlet with name 'sygealoc'
25-Feb-2021 07:56:02.458 WARNING [http-apr-6060-exec-55] org.springframework.web.servlet.DispatcherServlet.noHandlerFound No mapping found for HTTP request with URI [/sygealoc/Error404.html] in DispatcherServlet with name 'sygealoc'
25-Feb-2021 07:56:04.041 WARNING [http-apr-6060-exec-57] org.springframework.web.servlet.DispatcherServlet.noHandlerFound No mapping found for HTTP request with URI [/sygealoc/Error404.html] in DispatcherServlet with name 'sygealoc'
25-Feb-2021 07:56:05.532 WARNING [http-apr-6060-exec-59] org.springframework.web.servlet.DispatcherServlet.noHandlerFound No mapping found for HTTP request with URI [/sygealoc/Error404.html] in DispatcherServlet with name 'sygealoc'
25-Feb-2021 07:56:07.104 WARNING [http-apr-6060-exec-59] org.springframework.web.servlet.DispatcherServlet.noHandlerFound No mapping found for HTTP request with URI [/sygealoc/Error404.html] in DispatcherServlet with name 'sygealoc'
25-Feb-2021 07:56:07.477 INFO [main] org.apache.catalina.core.StandardServer.await A valid shutdown command was received via the shutdown port. Stopping the Server instance.
25-Feb-2021 07:56:07.477 INFO [main] org.apache.coyote.AbstractProtocol.pause Pausing ProtocolHandler ["http-apr-6060"]
25-Feb-2021 07:56:07.531 INFO [main] org.apache.coyote.AbstractProtocol.pause Pausing ProtocolHandler ["ajp-apr-7009"]
25-Feb-2021 07:56:07.581 INFO [main] org.apache.catalina.core.StandardService.stopInternal Stopping service Catalina
25-Feb-2021 07:56:07.601 INFO [localhost-startStop-2] org.springframework.context.support.AbstractApplicationContext.doClose Closing WebApplicationContext for namespace 'sygealoc-servlet': startup date [Thu Feb 25 07:55:23 EST 2021]; parent: Root WebApplicationContext
25-Feb-2021 07:56:07.605 INFO [localhost-startStop-2] org.springframework.context.support.AbstractApplicationContext.doClose Closing Root WebApplicationContext: startup date [Thu Feb 25 07:55:23 EST 2021]; root of context hierarchy
25-Feb-2021 07:56:07.610 WARNING [localhost-startStop-2] org.apache.catalina.loader.WebappClassLoaderBase.clearReferencesJdbc The web application [sygealoc] registered the JDBC driver [com.mysql.jdbc.Driver] but failed to unregister it when the web application was stopped. To prevent a memory leak, the JDBC Driver has been forcibly unregistered.
25-Feb-2021 07:56:07.635 INFO [main] org.apache.coyote.AbstractProtocol.stop Stopping ProtocolHandler ["http-apr-6060"]
25-Feb-2021 07:56:07.703 INFO [main] org.apache.coyote.AbstractProtocol.stop Stopping ProtocolHandler ["ajp-apr-7009"]
25-Feb-2021 07:56:07.755 INFO [main] org.apache.coyote.AbstractProtocol.destroy Destroying ProtocolHandler ["http-apr-6060"]
25-Feb-2021 07:56:07.755 INFO [main] org.apache.coyote.AbstractProtocol.destroy Destroying ProtocolHandler ["ajp-apr-7009"]
25-Feb-2021 07:56:10.757 INFO [main] org.apache.catalina.startup.VersionLoggerListener.log Server version:        Apache Tomcat/8.0.53
25-Feb-2021 07:56:10.759 INFO [main] org.apache.catalina.startup.VersionLoggerListener.log Server built:          Jun 29 2018 14:42:45 UTC
25-Feb-2021 07:56:10.760 INFO [main] org.apache.catalina.startup.VersionLoggerListener.log Server number:         8.0.53.0
25-Feb-2021 07:56:10.760 INFO [main] org.apache.catalina.startup.VersionLoggerListener.log OS Name:               Windows 10
25-Feb-2021 07:56:10.760 INFO [main] org.apache.catalina.startup.VersionLoggerListener.log OS Version:            10.0
25-Feb-2021 07:56:10.760 INFO [main] org.apache.catalina.startup.VersionLoggerListener.log Architecture:          amd64
25-Feb-2021 07:56:10.760 INFO [main] org.apache.catalina.startup.VersionLoggerListener.log Java Home:             C:\Program Files\Java\jdk1.8.0_261\jre
25-Feb-2021 07:56:10.760 INFO [main] org.apache.catalina.startup.VersionLoggerListener.log JVM Version:           1.8.0_261-b12
25-Feb-2021 07:56:10.760 INFO [main] org.apache.catalina.startup.VersionLoggerListener.log JVM Vendor:            Oracle Corporation
25-Feb-2021 07:56:10.760 INFO [main] org.apache.catalina.startup.VersionLoggerListener.log CATALINA_BASE:         C:\Users\monhel.pierre\Desktop\pfe.supernova\apache-tomcat
25-Feb-2021 07:56:10.760 INFO [main] org.apache.catalina.startup.VersionLoggerListener.log CATALINA_HOME:         C:\Users\monhel.pierre\Desktop\pfe.supernova\apache-tomcat
25-Feb-2021 07:56:10.760 INFO [main] org.apache.catalina.startup.VersionLoggerListener.log Command line argument: -Djava.util.logging.config.file=C:\Users\monhel.pierre\Desktop\pfe.supernova\apache-tomcat\conf\logging.properties
25-Feb-2021 07:56:10.760 INFO [main] org.apache.catalina.startup.VersionLoggerListener.log Command line argument: -Djava.util.logging.manager=org.apache.juli.ClassLoaderLogManager
25-Feb-2021 07:56:10.761 INFO [main] org.apache.catalina.startup.VersionLoggerListener.log Command line argument: -Dhttp.nonProxyHosts=localhost|127.0.0.1|MONHEL-PC
25-Feb-2021 07:56:10.761 INFO [main] org.apache.catalina.startup.VersionLoggerListener.log Command line argument: -Djdk.tls.ephemeralDHKeySize=2048
25-Feb-2021 07:56:10.761 INFO [main] org.apache.catalina.startup.VersionLoggerListener.log Command line argument: -Djava.protocol.handler.pkgs=org.apache.catalina.webresources
25-Feb-2021 07:56:10.761 INFO [main] org.apache.catalina.startup.VersionLoggerListener.log Command line argument: -Dignore.endorsed.dirs=
25-Feb-2021 07:56:10.761 INFO [main] org.apache.catalina.startup.VersionLoggerListener.log Command line argument: -Dcatalina.base=C:\Users\monhel.pierre\Desktop\pfe.supernova\apache-tomcat
25-Feb-2021 07:56:10.761 INFO [main] org.apache.catalina.startup.VersionLoggerListener.log Command line argument: -Dcatalina.home=C:\Users\monhel.pierre\Desktop\pfe.supernova\apache-tomcat
25-Feb-2021 07:56:10.761 INFO [main] org.apache.catalina.startup.VersionLoggerListener.log Command line argument: -Djava.io.tmpdir=C:\Users\monhel.pierre\Desktop\pfe.supernova\apache-tomcat\temp
25-Feb-2021 07:56:10.761 INFO [main] org.apache.catalina.core.AprLifecycleListener.lifecycleEvent Loaded APR based Apache Tomcat Native library 1.2.17 using APR version 1.6.3.
25-Feb-2021 07:56:10.761 INFO [main] org.apache.catalina.core.AprLifecycleListener.lifecycleEvent APR capabilities: IPv6 [true], sendfile [true], accept filters [false], random [true].
25-Feb-2021 07:56:11.096 INFO [main] org.apache.catalina.core.AprLifecycleListener.initializeSSL OpenSSL successfully initialized (OpenSSL 1.0.2o  27 Mar 2018)
25-Feb-2021 07:56:11.214 INFO [main] org.apache.coyote.AbstractProtocol.init Initializing ProtocolHandler ["http-apr-6060"]
25-Feb-2021 07:56:11.234 INFO [main] org.apache.coyote.AbstractProtocol.init Initializing ProtocolHandler ["ajp-apr-7009"]
25-Feb-2021 07:56:11.235 INFO [main] org.apache.catalina.startup.Catalina.load Initialization processed in 855 ms
25-Feb-2021 07:56:11.269 INFO [main] org.apache.catalina.core.StandardService.startInternal Starting service Catalina
25-Feb-2021 07:56:11.269 INFO [main] org.apache.catalina.core.StandardEngine.startInternal Starting Servlet Engine: Apache Tomcat/8.0.53
25-Feb-2021 07:56:11.278 INFO [localhost-startStop-1] org.apache.catalina.startup.HostConfig.deployDescriptor Deploying configuration descriptor C:\Users\monhel.pierre\Desktop\pfe.supernova\apache-tomcat\conf\Catalina\localhost\manager.xml
25-Feb-2021 07:56:11.303 WARNING [localhost-startStop-1] org.apache.catalina.startup.HostConfig.deployDescriptor A docBase C:\Users\monhel.pierre\Desktop\pfe.supernova\apache-tomcat\webapps\manager inside the host appBase has been specified, and will be ignored
25-Feb-2021 07:56:11.727 WARNING [localhost-startStop-1] org.apache.catalina.util.SessionIdGeneratorBase.createSecureRandom Creation of SecureRandom instance for session ID generation using [SHA1PRNG] took [185] milliseconds.
25-Feb-2021 07:56:11.792 INFO [localhost-startStop-1] org.apache.catalina.startup.HostConfig.deployDescriptor Deployment of configuration descriptor C:\Users\monhel.pierre\Desktop\pfe.supernova\apache-tomcat\conf\Catalina\localhost\manager.xml has finished in 514 ms
25-Feb-2021 07:56:11.793 INFO [localhost-startStop-1] org.apache.catalina.startup.HostConfig.deployDescriptor Deploying configuration descriptor C:\Users\monhel.pierre\Desktop\pfe.supernova\apache-tomcat\conf\Catalina\localhost\sygealoc.xml
25-Feb-2021 07:56:13.261 INFO [localhost-startStop-1] org.apache.jasper.servlet.TldScanner.scanJars At least one JAR was scanned for TLDs yet contained no TLDs. Enable debug logging for this logger for a complete list of JARs that were scanned but no TLDs were found in them. Skipping unneeded JARs during scanning can improve startup time and JSP compilation time.
25-Feb-2021 07:56:13.299 INFO [localhost-startStop-1] org.springframework.web.context.ContextLoader.initWebApplicationContext Root WebApplicationContext: initialization started
25-Feb-2021 07:56:13.442 INFO [localhost-startStop-1] org.springframework.context.support.AbstractApplicationContext.prepareRefresh Refreshing Root WebApplicationContext: startup date [Thu Feb 25 07:56:13 EST 2021]; root of context hierarchy
25-Feb-2021 07:56:13.529 INFO [localhost-startStop-1] org.springframework.beans.factory.xml.XmlBeanDefinitionReader.loadBeanDefinitions Loading XML bean definitions from ServletContext resource [/WEB-INF/applicationContext.xml]
25-Feb-2021 07:56:13.672 INFO [localhost-startStop-1] org.springframework.web.context.ContextLoader.initWebApplicationContext Root WebApplicationContext: initialization completed in 373 ms
25-Feb-2021 07:56:13.799 INFO [localhost-startStop-1] org.springframework.web.servlet.FrameworkServlet.initServletBean FrameworkServlet 'sygealoc': initialization started
25-Feb-2021 07:56:13.804 INFO [localhost-startStop-1] org.springframework.context.support.AbstractApplicationContext.prepareRefresh Refreshing WebApplicationContext for namespace 'sygealoc-servlet': startup date [Thu Feb 25 07:56:13 EST 2021]; parent: Root WebApplicationContext
25-Feb-2021 07:56:13.806 INFO [localhost-startStop-1] org.springframework.beans.factory.xml.XmlBeanDefinitionReader.loadBeanDefinitions Loading XML bean definitions from ServletContext resource [/WEB-INF/sygealoc-servlet.xml]
25-Feb-2021 07:56:13.935 INFO [localhost-startStop-1] org.springframework.web.servlet.handler.AbstractUrlHandlerMapping.registerHandler Mapped URL path [/reservation*] onto handler 'ReservationController'
25-Feb-2021 07:56:13.935 INFO [localhost-startStop-1] org.springframework.web.servlet.handler.AbstractUrlHandlerMapping.registerHandler Mapped URL path [/impression*] onto handler 'ImpressionController'
25-Feb-2021 07:56:13.936 INFO [localhost-startStop-1] org.springframework.web.servlet.handler.AbstractUrlHandlerMapping.registerHandler Mapped URL path [/erreur*] onto handler 'ErreurController'
25-Feb-2021 07:56:13.936 INFO [localhost-startStop-1] org.springframework.web.servlet.handler.AbstractUrlHandlerMapping.registerHandler Mapped URL path [/ajoutervehicule*] onto handler 'AjoutervehiculeController'
25-Feb-2021 07:56:13.936 INFO [localhost-startStop-1] org.springframework.web.servlet.handler.AbstractUrlHandlerMapping.registerHandler Mapped URL path [/profile*] onto handler 'ProfileController'
25-Feb-2021 07:56:13.937 INFO [localhost-startStop-1] org.springframework.web.servlet.handler.AbstractUrlHandlerMapping.registerHandler Mapped URL path [/employe*] onto handler 'EmployeController'
25-Feb-2021 07:56:13.937 INFO [localhost-startStop-1] org.springframework.web.servlet.handler.AbstractUrlHandlerMapping.registerHandler Mapped URL path [/client*] onto handler 'ClientController'
25-Feb-2021 07:56:13.937 INFO [localhost-startStop-1] org.springframework.web.servlet.handler.AbstractUrlHandlerMapping.registerHandler Mapped URL path [/location*] onto handler 'LocationController'
25-Feb-2021 07:56:13.938 INFO [localhost-startStop-1] org.springframework.web.servlet.handler.AbstractUrlHandlerMapping.registerHandler Mapped URL path [/connexion*] onto handler 'ConnexionController'
25-Feb-2021 07:56:13.938 INFO [localhost-startStop-1] org.springframework.web.servlet.handler.AbstractUrlHandlerMapping.registerHandler Mapped URL path [/deconnexion*] onto handler 'DeconnexionController'
25-Feb-2021 07:56:13.938 INFO [localhost-startStop-1] org.springframework.web.servlet.handler.AbstractUrlHandlerMapping.registerHandler Mapped URL path [/utilisateur*] onto handler 'UtilisateurController'
25-Feb-2021 07:56:13.939 INFO [localhost-startStop-1] org.springframework.web.servlet.handler.AbstractUrlHandlerMapping.registerHandler Mapped URL path [/stock*] onto handler 'VehiculeController'
25-Feb-2021 07:56:13.939 INFO [localhost-startStop-1] org.springframework.web.servlet.handler.AbstractUrlHandlerMapping.registerHandler Mapped URL path [/fournisseur*] onto handler 'FournisseurController'
25-Feb-2021 07:56:13.939 INFO [localhost-startStop-1] org.springframework.web.servlet.handler.AbstractUrlHandlerMapping.registerHandler Mapped URL path [/verouiller*] onto handler 'VerouillerController'
25-Feb-2021 07:56:13.939 INFO [localhost-startStop-1] org.springframework.web.servlet.handler.AbstractUrlHandlerMapping.registerHandler Mapped URL path [/redirect*] onto handler 'RedirectController'
25-Feb-2021 07:56:14.005 INFO [localhost-startStop-1] org.springframework.web.servlet.handler.AbstractUrlHandlerMapping.registerHandler Mapped URL path [/tableaudebord] onto handler 'TableaudebordController'
25-Feb-2021 07:56:14.032 INFO [localhost-startStop-1] org.springframework.web.servlet.handler.AbstractUrlHandlerMapping.registerHandler Mapped URL path [/assets/**] onto handler 'org.springframework.web.servlet.resource.ResourceHttpRequestHandler#0'
25-Feb-2021 07:56:14.089 INFO [localhost-startStop-1] org.springframework.web.servlet.FrameworkServlet.initServletBean FrameworkServlet 'sygealoc': initialization completed in 290 ms
25-Feb-2021 07:56:14.092 INFO [localhost-startStop-1] org.apache.catalina.startup.HostConfig.deployDescriptor Deployment of configuration descriptor C:\Users\monhel.pierre\Desktop\pfe.supernova\apache-tomcat\conf\Catalina\localhost\sygealoc.xml has finished in 2,299 ms
25-Feb-2021 07:56:14.093 INFO [localhost-startStop-1] org.apache.catalina.startup.HostConfig.deployDirectory Deploying web application directory C:\Users\monhel.pierre\Desktop\pfe.supernova\apache-tomcat\webapps\host-manager
25-Feb-2021 07:56:14.174 INFO [localhost-startStop-1] org.apache.catalina.startup.HostConfig.deployDirectory Deployment of web application directory C:\Users\monhel.pierre\Desktop\pfe.supernova\apache-tomcat\webapps\host-manager has finished in 82 ms
25-Feb-2021 07:56:14.174 INFO [localhost-startStop-1] org.apache.catalina.startup.HostConfig.deployDirectory Deploying web application directory C:\Users\monhel.pierre\Desktop\pfe.supernova\apache-tomcat\webapps\ROOT
25-Feb-2021 07:56:14.207 INFO [localhost-startStop-1] org.apache.catalina.startup.HostConfig.deployDirectory Deployment of web application directory C:\Users\monhel.pierre\Desktop\pfe.supernova\apache-tomcat\webapps\ROOT has finished in 33 ms
25-Feb-2021 07:56:14.209 INFO [main] org.apache.coyote.AbstractProtocol.start Starting ProtocolHandler ["http-apr-6060"]
25-Feb-2021 07:56:14.220 INFO [main] org.apache.coyote.AbstractProtocol.start Starting ProtocolHandler ["ajp-apr-7009"]
25-Feb-2021 07:56:14.223 INFO [main] org.apache.catalina.startup.Catalina.start Server startup in 2988 ms
25-Feb-2021 07:56:23.759 INFO [http-apr-6060-exec-6] org.springframework.context.support.AbstractApplicationContext.doClose Closing WebApplicationContext for namespace 'sygealoc-servlet': startup date [Thu Feb 25 07:56:13 EST 2021]; parent: Root WebApplicationContext
25-Feb-2021 07:56:23.762 INFO [http-apr-6060-exec-6] org.springframework.context.support.AbstractApplicationContext.doClose Closing Root WebApplicationContext: startup date [Thu Feb 25 07:56:13 EST 2021]; root of context hierarchy
25-Feb-2021 07:56:24.272 INFO [http-apr-6060-exec-6] org.apache.catalina.startup.HostConfig.undeploy Undeploying context [/sygealoc]
25-Feb-2021 07:58:21.242 INFO [http-apr-6060-exec-3] org.apache.catalina.startup.HostConfig.deployDescriptor Deploying configuration descriptor C:\Users\monhel.pierre\Desktop\pfe.supernova\apache-tomcat\conf\Catalina\localhost\sygealoc.xml
25-Feb-2021 07:58:22.542 INFO [http-apr-6060-exec-3] org.apache.jasper.servlet.TldScanner.scanJars At least one JAR was scanned for TLDs yet contained no TLDs. Enable debug logging for this logger for a complete list of JARs that were scanned but no TLDs were found in them. Skipping unneeded JARs during scanning can improve startup time and JSP compilation time.
25-Feb-2021 07:58:22.603 INFO [http-apr-6060-exec-3] org.springframework.web.context.ContextLoader.initWebApplicationContext Root WebApplicationContext: initialization started
25-Feb-2021 07:58:22.763 INFO [http-apr-6060-exec-3] org.springframework.context.support.AbstractApplicationContext.prepareRefresh Refreshing Root WebApplicationContext: startup date [Thu Feb 25 07:58:22 EST 2021]; root of context hierarchy
25-Feb-2021 07:58:22.824 INFO [http-apr-6060-exec-3] org.springframework.beans.factory.xml.XmlBeanDefinitionReader.loadBeanDefinitions Loading XML bean definitions from ServletContext resource [/WEB-INF/applicationContext.xml]
25-Feb-2021 07:58:22.898 INFO [http-apr-6060-exec-3] org.springframework.web.context.ContextLoader.initWebApplicationContext Root WebApplicationContext: initialization completed in 295 ms
25-Feb-2021 07:58:22.921 INFO [http-apr-6060-exec-3] org.springframework.web.servlet.FrameworkServlet.initServletBean FrameworkServlet 'sygealoc': initialization started
25-Feb-2021 07:58:22.925 INFO [http-apr-6060-exec-3] org.springframework.context.support.AbstractApplicationContext.prepareRefresh Refreshing WebApplicationContext for namespace 'sygealoc-servlet': startup date [Thu Feb 25 07:58:22 EST 2021]; parent: Root WebApplicationContext
25-Feb-2021 07:58:22.926 INFO [http-apr-6060-exec-3] org.springframework.beans.factory.xml.XmlBeanDefinitionReader.loadBeanDefinitions Loading XML bean definitions from ServletContext resource [/WEB-INF/sygealoc-servlet.xml]
25-Feb-2021 07:58:23.023 INFO [http-apr-6060-exec-3] org.springframework.web.servlet.handler.AbstractUrlHandlerMapping.registerHandler Mapped URL path [/reservation*] onto handler 'ReservationController'
25-Feb-2021 07:58:23.023 INFO [http-apr-6060-exec-3] org.springframework.web.servlet.handler.AbstractUrlHandlerMapping.registerHandler Mapped URL path [/impression*] onto handler 'ImpressionController'
25-Feb-2021 07:58:23.024 INFO [http-apr-6060-exec-3] org.springframework.web.servlet.handler.AbstractUrlHandlerMapping.registerHandler Mapped URL path [/erreur*] onto handler 'ErreurController'
25-Feb-2021 07:58:23.024 INFO [http-apr-6060-exec-3] org.springframework.web.servlet.handler.AbstractUrlHandlerMapping.registerHandler Mapped URL path [/ajoutervehicule*] onto handler 'AjoutervehiculeController'
25-Feb-2021 07:58:23.024 INFO [http-apr-6060-exec-3] org.springframework.web.servlet.handler.AbstractUrlHandlerMapping.registerHandler Mapped URL path [/profile*] onto handler 'ProfileController'
25-Feb-2021 07:58:23.024 INFO [http-apr-6060-exec-3] org.springframework.web.servlet.handler.AbstractUrlHandlerMapping.registerHandler Mapped URL path [/employe*] onto handler 'EmployeController'
25-Feb-2021 07:58:23.025 INFO [http-apr-6060-exec-3] org.springframework.web.servlet.handler.AbstractUrlHandlerMapping.registerHandler Mapped URL path [/client*] onto handler 'ClientController'
25-Feb-2021 07:58:23.025 INFO [http-apr-6060-exec-3] org.springframework.web.servlet.handler.AbstractUrlHandlerMapping.registerHandler Mapped URL path [/location*] onto handler 'LocationController'
25-Feb-2021 07:58:23.025 INFO [http-apr-6060-exec-3] org.springframework.web.servlet.handler.AbstractUrlHandlerMapping.registerHandler Mapped URL path [/connexion*] onto handler 'ConnexionController'
25-Feb-2021 07:58:23.025 INFO [http-apr-6060-exec-3] org.springframework.web.servlet.handler.AbstractUrlHandlerMapping.registerHandler Mapped URL path [/deconnexion*] onto handler 'DeconnexionController'
25-Feb-2021 07:58:23.026 INFO [http-apr-6060-exec-3] org.springframework.web.servlet.handler.AbstractUrlHandlerMapping.registerHandler Mapped URL path [/utilisateur*] onto handler 'UtilisateurController'
25-Feb-2021 07:58:23.026 INFO [http-apr-6060-exec-3] org.springframework.web.servlet.handler.AbstractUrlHandlerMapping.registerHandler Mapped URL path [/stock*] onto handler 'VehiculeController'
25-Feb-2021 07:58:23.026 INFO [http-apr-6060-exec-3] org.springframework.web.servlet.handler.AbstractUrlHandlerMapping.registerHandler Mapped URL path [/fournisseur*] onto handler 'FournisseurController'
25-Feb-2021 07:58:23.027 INFO [http-apr-6060-exec-3] org.springframework.web.servlet.handler.AbstractUrlHandlerMapping.registerHandler Mapped URL path [/verouiller*] onto handler 'VerouillerController'
25-Feb-2021 07:58:23.027 INFO [http-apr-6060-exec-3] org.springframework.web.servlet.handler.AbstractUrlHandlerMapping.registerHandler Mapped URL path [/redirect*] onto handler 'RedirectController'
25-Feb-2021 07:58:23.080 INFO [http-apr-6060-exec-3] org.springframework.web.servlet.handler.AbstractUrlHandlerMapping.registerHandler Mapped URL path [/tableaudebord] onto handler 'TableaudebordController'
25-Feb-2021 07:58:23.102 INFO [http-apr-6060-exec-3] org.springframework.web.servlet.handler.AbstractUrlHandlerMapping.registerHandler Mapped URL path [/assets/**] onto handler 'org.springframework.web.servlet.resource.ResourceHttpRequestHandler#0'
25-Feb-2021 07:58:23.144 INFO [http-apr-6060-exec-3] org.springframework.web.servlet.FrameworkServlet.initServletBean FrameworkServlet 'sygealoc': initialization completed in 223 ms
25-Feb-2021 07:58:23.147 INFO [http-apr-6060-exec-3] org.apache.catalina.startup.HostConfig.deployDescriptor Deployment of configuration descriptor C:\Users\monhel.pierre\Desktop\pfe.supernova\apache-tomcat\conf\Catalina\localhost\sygealoc.xml has finished in 1,904 ms
25-Feb-2021 07:58:23.150 INFO [http-apr-6060-exec-2] org.apache.catalina.util.LifecycleBase.start The start() method was called on component [StandardEngine[Catalina].StandardHost[localhost].StandardContext[/sygealoc]] after start() had already been called. The second call will be ignored.
25-Feb-2021 07:58:35.784 WARNING [http-apr-6060-exec-18] org.springframework.web.servlet.DispatcherServlet.noHandlerFound No mapping found for HTTP request with URI [/sygealoc/Error404.html] in DispatcherServlet with name 'sygealoc'
25-Feb-2021 07:58:46.284 WARNING [http-apr-6060-exec-17] org.springframework.web.servlet.DispatcherServlet.noHandlerFound No mapping found for HTTP request with URI [/sygealoc/Error404.html] in DispatcherServlet with name 'sygealoc'
25-Feb-2021 07:58:48.165 WARNING [http-apr-6060-exec-15] org.springframework.web.servlet.DispatcherServlet.noHandlerFound No mapping found for HTTP request with URI [/sygealoc/Error404.html] in DispatcherServlet with name 'sygealoc'
25-Feb-2021 07:58:51.181 WARNING [http-apr-6060-exec-20] org.springframework.web.servlet.DispatcherServlet.noHandlerFound No mapping found for HTTP request with URI [/sygealoc/Error404.html] in DispatcherServlet with name 'sygealoc'
25-Feb-2021 07:58:52.783 WARNING [http-apr-6060-exec-13] org.springframework.web.servlet.DispatcherServlet.noHandlerFound No mapping found for HTTP request with URI [/sygealoc/Error404.html] in DispatcherServlet with name 'sygealoc'
25-Feb-2021 07:58:54.006 WARNING [http-apr-6060-exec-18] org.springframework.web.servlet.DispatcherServlet.noHandlerFound No mapping found for HTTP request with URI [/sygealoc/Error404.html] in DispatcherServlet with name 'sygealoc'
25-Feb-2021 07:58:54.031 WARNING [http-apr-6060-exec-20] org.springframework.web.servlet.DispatcherServlet.noHandlerFound No mapping found for HTTP request with URI [/sygealoc/Error404.html] in DispatcherServlet with name 'sygealoc'
25-Feb-2021 07:58:54.031 WARNING [http-apr-6060-exec-13] org.springframework.web.servlet.DispatcherServlet.noHandlerFound No mapping found for HTTP request with URI [/sygealoc/Error404.html] in DispatcherServlet with name 'sygealoc'
25-Feb-2021 07:58:54.031 WARNING [http-apr-6060-exec-11] org.springframework.web.servlet.DispatcherServlet.noHandlerFound No mapping found for HTTP request with URI [/sygealoc/Error404.html] in DispatcherServlet with name 'sygealoc'
25-Feb-2021 07:58:54.145 WARNING [http-apr-6060-exec-13] org.springframework.web.servlet.DispatcherServlet.noHandlerFound No mapping found for HTTP request with URI [/sygealoc/Error404.html] in DispatcherServlet with name 'sygealoc'
25-Feb-2021 07:58:54.163 WARNING [http-apr-6060-exec-12] org.springframework.web.servlet.DispatcherServlet.noHandlerFound No mapping found for HTTP request with URI [/sygealoc/Error404.html] in DispatcherServlet with name 'sygealoc'
25-Feb-2021 07:58:54.167 WARNING [http-apr-6060-exec-16] org.springframework.web.servlet.DispatcherServlet.noHandlerFound No mapping found for HTTP request with URI [/sygealoc/Error404.html] in DispatcherServlet with name 'sygealoc'
25-Feb-2021 07:58:57.325 WARNING [http-apr-6060-exec-18] org.springframework.web.servlet.DispatcherServlet.noHandlerFound No mapping found for HTTP request with URI [/sygealoc/Error404.html] in DispatcherServlet with name 'sygealoc'
25-Feb-2021 07:58:59.739 WARNING [http-apr-6060-exec-17] org.springframework.web.servlet.DispatcherServlet.noHandlerFound No mapping found for HTTP request with URI [/sygealoc/Error404.html] in DispatcherServlet with name 'sygealoc'
25-Feb-2021 07:59:01.798 WARNING [http-apr-6060-exec-18] org.springframework.web.servlet.DispatcherServlet.noHandlerFound No mapping found for HTTP request with URI [/sygealoc/Error404.html] in DispatcherServlet with name 'sygealoc'
25-Feb-2021 08:00:27.864 INFO [http-apr-6060-exec-14] org.springframework.context.support.AbstractApplicationContext.doClose Closing WebApplicationContext for namespace 'sygealoc-servlet': startup date [Thu Feb 25 07:58:22 EST 2021]; parent: Root WebApplicationContext
25-Feb-2021 08:00:27.869 INFO [http-apr-6060-exec-14] org.springframework.context.support.AbstractApplicationContext.doClose Closing Root WebApplicationContext: startup date [Thu Feb 25 07:58:22 EST 2021]; root of context hierarchy
25-Feb-2021 08:00:27.877 WARNING [http-apr-6060-exec-14] org.apache.catalina.loader.WebappClassLoaderBase.clearReferencesJdbc The web application [sygealoc] registered the JDBC driver [com.mysql.jdbc.Driver] but failed to unregister it when the web application was stopped. To prevent a memory leak, the JDBC Driver has been forcibly unregistered.
25-Feb-2021 08:00:28.381 INFO [http-apr-6060-exec-14] org.apache.catalina.startup.HostConfig.undeploy Undeploying context [/sygealoc]
