16-Nov-2020 15:45:17.140 INFO [main] org.apache.catalina.startup.VersionLoggerListener.log Server version:        Apache Tomcat/8.0.53
16-Nov-2020 15:45:17.182 INFO [main] org.apache.catalina.startup.VersionLoggerListener.log Server built:          Jun 29 2018 14:42:45 UTC
16-Nov-2020 15:45:17.183 INFO [main] org.apache.catalina.startup.VersionLoggerListener.log Server number:         8.0.53.0
16-Nov-2020 15:45:17.184 INFO [main] org.apache.catalina.startup.VersionLoggerListener.log OS Name:               Windows 10
16-Nov-2020 15:45:17.184 INFO [main] org.apache.catalina.startup.VersionLoggerListener.log OS Version:            10.0
16-Nov-2020 15:45:17.184 INFO [main] org.apache.catalina.startup.VersionLoggerListener.log Architecture:          amd64
16-Nov-2020 15:45:17.185 INFO [main] org.apache.catalina.startup.VersionLoggerListener.log Java Home:             C:\Program Files\Java\jre1.8.0_111
16-Nov-2020 15:45:17.185 INFO [main] org.apache.catalina.startup.VersionLoggerListener.log JVM Version:           1.8.0_111-b14
16-Nov-2020 15:45:17.186 INFO [main] org.apache.catalina.startup.VersionLoggerListener.log JVM Vendor:            Oracle Corporation
16-Nov-2020 15:45:17.186 INFO [main] org.apache.catalina.startup.VersionLoggerListener.log CATALINA_BASE:         C:\Users\NHELTECH\Desktop\pfe.supernova\apache-tomcat
16-Nov-2020 15:45:17.186 INFO [main] org.apache.catalina.startup.VersionLoggerListener.log CATALINA_HOME:         C:\Users\NHELTECH\Desktop\pfe.supernova\apache-tomcat
16-Nov-2020 15:45:17.187 INFO [main] org.apache.catalina.startup.VersionLoggerListener.log Command line argument: -Dcatalina.home=C:\Users\NHELTECH\Desktop\pfe.supernova\apache-tomcat
16-Nov-2020 15:45:17.187 INFO [main] org.apache.catalina.startup.VersionLoggerListener.log Command line argument: -Dcatalina.base=C:\Users\NHELTECH\Desktop\pfe.supernova\apache-tomcat
16-Nov-2020 15:45:17.187 INFO [main] org.apache.catalina.startup.VersionLoggerListener.log Command line argument: -Dignore.endorsed.dirs=C:\Users\NHELTECH\Desktop\pfe.supernova\apache-tomcat\endorsed
16-Nov-2020 15:45:17.187 INFO [main] org.apache.catalina.startup.VersionLoggerListener.log Command line argument: -Djava.io.tmpdir=C:\Users\NHELTECH\Desktop\pfe.supernova\apache-tomcat\temp
16-Nov-2020 15:45:17.188 INFO [main] org.apache.catalina.startup.VersionLoggerListener.log Command line argument: -Djava.util.logging.manager=org.apache.juli.ClassLoaderLogManager
16-Nov-2020 15:45:17.188 INFO [main] org.apache.catalina.startup.VersionLoggerListener.log Command line argument: -Djava.util.logging.config.file=C:\Users\NHELTECH\Desktop\pfe.supernova\apache-tomcat\conf\logging.properties
16-Nov-2020 15:45:17.188 INFO [main] org.apache.catalina.startup.VersionLoggerListener.log Command line argument: exit
16-Nov-2020 15:45:17.188 INFO [main] org.apache.catalina.startup.VersionLoggerListener.log Command line argument: abort
16-Nov-2020 15:45:17.189 INFO [main] org.apache.catalina.startup.VersionLoggerListener.log Command line argument: -Xms128m
16-Nov-2020 15:45:17.189 INFO [main] org.apache.catalina.startup.VersionLoggerListener.log Command line argument: -Xmx256m
16-Nov-2020 15:45:17.189 INFO [main] org.apache.catalina.core.AprLifecycleListener.lifecycleEvent Loaded APR based Apache Tomcat Native library 1.2.17 using APR version 1.6.3.
16-Nov-2020 15:45:17.190 INFO [main] org.apache.catalina.core.AprLifecycleListener.lifecycleEvent APR capabilities: IPv6 [true], sendfile [true], accept filters [false], random [true].
16-Nov-2020 15:45:18.441 INFO [main] org.apache.catalina.core.AprLifecycleListener.initializeSSL OpenSSL successfully initialized (OpenSSL 1.0.2o  27 Mar 2018)
16-Nov-2020 15:45:26.781 INFO [main] org.apache.coyote.AbstractProtocol.init Initializing ProtocolHandler ["http-apr-6060"]
16-Nov-2020 15:45:26.813 INFO [main] org.apache.coyote.AbstractProtocol.init Initializing ProtocolHandler ["ajp-apr-7009"]
16-Nov-2020 15:45:26.828 INFO [main] org.apache.catalina.startup.Catalina.load Initialization processed in 12648 ms
16-Nov-2020 15:45:27.049 INFO [main] org.apache.catalina.core.StandardService.startInternal Starting service Catalina
16-Nov-2020 15:45:27.049 INFO [main] org.apache.catalina.core.StandardEngine.startInternal Starting Servlet Engine: Apache Tomcat/8.0.53
16-Nov-2020 15:45:27.111 INFO [localhost-startStop-1] org.apache.catalina.startup.HostConfig.deployDirectory Deploying web application directory C:\Users\NHELTECH\Desktop\pfe.supernova\apache-tomcat\webapps\host-manager
16-Nov-2020 15:45:29.174 WARNING [localhost-startStop-1] org.apache.catalina.util.SessionIdGeneratorBase.createSecureRandom Creation of SecureRandom instance for session ID generation using [SHA1PRNG] took [296] milliseconds.
16-Nov-2020 15:45:29.283 INFO [localhost-startStop-1] org.apache.catalina.startup.HostConfig.deployDirectory Deployment of web application directory C:\Users\NHELTECH\Desktop\pfe.supernova\apache-tomcat\webapps\host-manager has finished in 2,172 ms
16-Nov-2020 15:45:29.283 INFO [localhost-startStop-1] org.apache.catalina.startup.HostConfig.deployDirectory Deploying web application directory C:\Users\NHELTECH\Desktop\pfe.supernova\apache-tomcat\webapps\manager
16-Nov-2020 15:45:29.424 INFO [localhost-startStop-1] org.apache.catalina.startup.HostConfig.deployDirectory Deployment of web application directory C:\Users\NHELTECH\Desktop\pfe.supernova\apache-tomcat\webapps\manager has finished in 141 ms
16-Nov-2020 15:45:29.424 INFO [localhost-startStop-1] org.apache.catalina.startup.HostConfig.deployDirectory Deploying web application directory C:\Users\NHELTECH\Desktop\pfe.supernova\apache-tomcat\webapps\ROOT
16-Nov-2020 15:45:29.518 INFO [localhost-startStop-1] org.apache.catalina.startup.HostConfig.deployDirectory Deployment of web application directory C:\Users\NHELTECH\Desktop\pfe.supernova\apache-tomcat\webapps\ROOT has finished in 94 ms
16-Nov-2020 15:45:29.534 INFO [main] org.apache.coyote.AbstractProtocol.start Starting ProtocolHandler ["http-apr-6060"]
16-Nov-2020 15:45:29.580 INFO [main] org.apache.coyote.AbstractProtocol.start Starting ProtocolHandler ["ajp-apr-7009"]
16-Nov-2020 15:45:29.596 INFO [main] org.apache.catalina.startup.Catalina.start Server startup in 2761 ms
