29-Oct-2020 10:09:57.029 INFO [main] org.apache.catalina.startup.VersionLoggerListener.log Server version:        Apache Tomcat/8.0.53
29-Oct-2020 10:09:57.045 INFO [main] org.apache.catalina.startup.VersionLoggerListener.log Server built:          Jun 29 2018 14:42:45 UTC
29-Oct-2020 10:09:57.045 INFO [main] org.apache.catalina.startup.VersionLoggerListener.log Server number:         8.0.53.0
29-Oct-2020 10:09:57.045 INFO [main] org.apache.catalina.startup.VersionLoggerListener.log OS Name:               Windows 10
29-Oct-2020 10:09:57.045 INFO [main] org.apache.catalina.startup.VersionLoggerListener.log OS Version:            10.0
29-Oct-2020 10:09:57.045 INFO [main] org.apache.catalina.startup.VersionLoggerListener.log Architecture:          amd64
29-Oct-2020 10:09:57.045 INFO [main] org.apache.catalina.startup.VersionLoggerListener.log Java Home:             C:\Program Files\Java\jre1.8.0_111
29-Oct-2020 10:09:57.045 INFO [main] org.apache.catalina.startup.VersionLoggerListener.log JVM Version:           1.8.0_111-b14
29-Oct-2020 10:09:57.045 INFO [main] org.apache.catalina.startup.VersionLoggerListener.log JVM Vendor:            Oracle Corporation
29-Oct-2020 10:09:57.045 INFO [main] org.apache.catalina.startup.VersionLoggerListener.log CATALINA_BASE:         C:\Users\NHELTECH\Desktop\pfe.supernova\apache-tomcat
29-Oct-2020 10:09:57.045 INFO [main] org.apache.catalina.startup.VersionLoggerListener.log CATALINA_HOME:         C:\Users\NHELTECH\Desktop\pfe.supernova\apache-tomcat
29-Oct-2020 10:09:57.045 INFO [main] org.apache.catalina.startup.VersionLoggerListener.log Command line argument: -Dcatalina.home=C:\Users\NHELTECH\Desktop\pfe.supernova\apache-tomcat
29-Oct-2020 10:09:57.045 INFO [main] org.apache.catalina.startup.VersionLoggerListener.log Command line argument: -Dcatalina.base=C:\Users\NHELTECH\Desktop\pfe.supernova\apache-tomcat
29-Oct-2020 10:09:57.045 INFO [main] org.apache.catalina.startup.VersionLoggerListener.log Command line argument: -Dignore.endorsed.dirs=C:\Users\NHELTECH\Desktop\pfe.supernova\apache-tomcat\endorsed
29-Oct-2020 10:09:57.045 INFO [main] org.apache.catalina.startup.VersionLoggerListener.log Command line argument: -Djava.io.tmpdir=C:\Users\NHELTECH\Desktop\pfe.supernova\apache-tomcat\temp
29-Oct-2020 10:09:57.045 INFO [main] org.apache.catalina.startup.VersionLoggerListener.log Command line argument: -Djava.util.logging.manager=org.apache.juli.ClassLoaderLogManager
29-Oct-2020 10:09:57.045 INFO [main] org.apache.catalina.startup.VersionLoggerListener.log Command line argument: -Djava.util.logging.config.file=C:\Users\NHELTECH\Desktop\pfe.supernova\apache-tomcat\conf\logging.properties
29-Oct-2020 10:09:57.045 INFO [main] org.apache.catalina.startup.VersionLoggerListener.log Command line argument: exit
29-Oct-2020 10:09:57.045 INFO [main] org.apache.catalina.startup.VersionLoggerListener.log Command line argument: abort
29-Oct-2020 10:09:57.045 INFO [main] org.apache.catalina.startup.VersionLoggerListener.log Command line argument: -Xms128m
29-Oct-2020 10:09:57.045 INFO [main] org.apache.catalina.startup.VersionLoggerListener.log Command line argument: -Xmx256m
29-Oct-2020 10:09:57.045 INFO [main] org.apache.catalina.core.AprLifecycleListener.lifecycleEvent Loaded APR based Apache Tomcat Native library 1.2.17 using APR version 1.6.3.
29-Oct-2020 10:09:57.045 INFO [main] org.apache.catalina.core.AprLifecycleListener.lifecycleEvent APR capabilities: IPv6 [true], sendfile [true], accept filters [false], random [true].
29-Oct-2020 10:09:58.150 INFO [main] org.apache.catalina.core.AprLifecycleListener.initializeSSL OpenSSL successfully initialized (OpenSSL 1.0.2o  27 Mar 2018)
29-Oct-2020 10:09:58.828 INFO [main] org.apache.coyote.AbstractProtocol.init Initializing ProtocolHandler ["http-apr-6060"]
29-Oct-2020 10:09:58.859 INFO [main] org.apache.coyote.AbstractProtocol.init Initializing ProtocolHandler ["ajp-apr-7009"]
29-Oct-2020 10:09:58.875 INFO [main] org.apache.catalina.startup.Catalina.load Initialization processed in 3321 ms
29-Oct-2020 10:09:59.116 INFO [main] org.apache.catalina.core.StandardService.startInternal Starting service Catalina
29-Oct-2020 10:09:59.118 INFO [main] org.apache.catalina.core.StandardEngine.startInternal Starting Servlet Engine: Apache Tomcat/8.0.53
29-Oct-2020 10:09:59.157 INFO [localhost-startStop-1] org.apache.catalina.startup.HostConfig.deployDirectory Deploying web application directory C:\Users\NHELTECH\Desktop\pfe.supernova\apache-tomcat\webapps\host-manager
29-Oct-2020 10:10:00.529 WARNING [localhost-startStop-1] org.apache.catalina.util.SessionIdGeneratorBase.createSecureRandom Creation of SecureRandom instance for session ID generation using [SHA1PRNG] took [170] milliseconds.
29-Oct-2020 10:10:00.592 INFO [localhost-startStop-1] org.apache.catalina.startup.HostConfig.deployDirectory Deployment of web application directory C:\Users\NHELTECH\Desktop\pfe.supernova\apache-tomcat\webapps\host-manager has finished in 1,435 ms
29-Oct-2020 10:10:00.592 INFO [localhost-startStop-1] org.apache.catalina.startup.HostConfig.deployDirectory Deploying web application directory C:\Users\NHELTECH\Desktop\pfe.supernova\apache-tomcat\webapps\manager
29-Oct-2020 10:10:00.765 INFO [localhost-startStop-1] org.apache.catalina.startup.HostConfig.deployDirectory Deployment of web application directory C:\Users\NHELTECH\Desktop\pfe.supernova\apache-tomcat\webapps\manager has finished in 172 ms
29-Oct-2020 10:10:00.765 INFO [localhost-startStop-1] org.apache.catalina.startup.HostConfig.deployDirectory Deploying web application directory C:\Users\NHELTECH\Desktop\pfe.supernova\apache-tomcat\webapps\ROOT
29-Oct-2020 10:10:00.876 INFO [localhost-startStop-1] org.apache.catalina.startup.HostConfig.deployDirectory Deployment of web application directory C:\Users\NHELTECH\Desktop\pfe.supernova\apache-tomcat\webapps\ROOT has finished in 111 ms
29-Oct-2020 10:10:00.954 INFO [main] org.apache.coyote.AbstractProtocol.start Starting ProtocolHandler ["http-apr-6060"]
29-Oct-2020 10:10:00.986 INFO [main] org.apache.coyote.AbstractProtocol.start Starting ProtocolHandler ["ajp-apr-7009"]
29-Oct-2020 10:10:01.001 INFO [main] org.apache.catalina.startup.Catalina.start Server startup in 2116 ms
29-Oct-2020 20:20:03.053 INFO [Thread-4] org.apache.coyote.AbstractProtocol.pause Pausing ProtocolHandler ["http-apr-6060"]
29-Oct-2020 20:20:03.202 INFO [Thread-4] org.apache.coyote.AbstractProtocol.pause Pausing ProtocolHandler ["ajp-apr-7009"]
29-Oct-2020 20:20:03.255 INFO [Thread-4] org.apache.catalina.core.StandardService.stopInternal Stopping service Catalina
29-Oct-2020 20:20:03.627 INFO [Thread-4] org.apache.coyote.AbstractProtocol.stop Stopping ProtocolHandler ["http-apr-6060"]
29-Oct-2020 20:20:03.739 INFO [Thread-4] org.apache.coyote.AbstractProtocol.stop Stopping ProtocolHandler ["ajp-apr-7009"]
