24-Dec-2020 14:54:43.357 INFO [main] org.apache.catalina.startup.VersionLoggerListener.log Server version:        Apache Tomcat/8.0.53
24-Dec-2020 14:54:43.396 INFO [main] org.apache.catalina.startup.VersionLoggerListener.log Server built:          Jun 29 2018 14:42:45 UTC
24-Dec-2020 14:54:43.397 INFO [main] org.apache.catalina.startup.VersionLoggerListener.log Server number:         8.0.53.0
24-Dec-2020 14:54:43.398 INFO [main] org.apache.catalina.startup.VersionLoggerListener.log OS Name:               Windows 10
24-Dec-2020 14:54:43.399 INFO [main] org.apache.catalina.startup.VersionLoggerListener.log OS Version:            10.0
24-Dec-2020 14:54:43.399 INFO [main] org.apache.catalina.startup.VersionLoggerListener.log Architecture:          amd64
24-Dec-2020 14:54:43.401 INFO [main] org.apache.catalina.startup.VersionLoggerListener.log Java Home:             C:\Program Files\Java\jre1.8.0_111
24-Dec-2020 14:54:43.402 INFO [main] org.apache.catalina.startup.VersionLoggerListener.log JVM Version:           1.8.0_111-b14
24-Dec-2020 14:54:43.402 INFO [main] org.apache.catalina.startup.VersionLoggerListener.log JVM Vendor:            Oracle Corporation
24-Dec-2020 14:54:43.403 INFO [main] org.apache.catalina.startup.VersionLoggerListener.log CATALINA_BASE:         C:\Users\NHELTECH\Desktop\pfe.supernova\apache-tomcat
24-Dec-2020 14:54:43.403 INFO [main] org.apache.catalina.startup.VersionLoggerListener.log CATALINA_HOME:         C:\Users\NHELTECH\Desktop\pfe.supernova\apache-tomcat
24-Dec-2020 14:54:43.403 INFO [main] org.apache.catalina.startup.VersionLoggerListener.log Command line argument: -Dcatalina.home=C:\Users\NHELTECH\Desktop\pfe.supernova\apache-tomcat
24-Dec-2020 14:54:43.404 INFO [main] org.apache.catalina.startup.VersionLoggerListener.log Command line argument: -Dcatalina.base=C:\Users\NHELTECH\Desktop\pfe.supernova\apache-tomcat
24-Dec-2020 14:54:43.404 INFO [main] org.apache.catalina.startup.VersionLoggerListener.log Command line argument: -Dignore.endorsed.dirs=C:\Users\NHELTECH\Desktop\pfe.supernova\apache-tomcat\endorsed
24-Dec-2020 14:54:43.404 INFO [main] org.apache.catalina.startup.VersionLoggerListener.log Command line argument: -Djava.io.tmpdir=C:\Users\NHELTECH\Desktop\pfe.supernova\apache-tomcat\temp
24-Dec-2020 14:54:43.405 INFO [main] org.apache.catalina.startup.VersionLoggerListener.log Command line argument: -Djava.util.logging.manager=org.apache.juli.ClassLoaderLogManager
24-Dec-2020 14:54:43.405 INFO [main] org.apache.catalina.startup.VersionLoggerListener.log Command line argument: -Djava.util.logging.config.file=C:\Users\NHELTECH\Desktop\pfe.supernova\apache-tomcat\conf\logging.properties
24-Dec-2020 14:54:43.405 INFO [main] org.apache.catalina.startup.VersionLoggerListener.log Command line argument: exit
24-Dec-2020 14:54:43.405 INFO [main] org.apache.catalina.startup.VersionLoggerListener.log Command line argument: abort
24-Dec-2020 14:54:43.410 INFO [main] org.apache.catalina.startup.VersionLoggerListener.log Command line argument: -Xms128m
24-Dec-2020 14:54:43.410 INFO [main] org.apache.catalina.startup.VersionLoggerListener.log Command line argument: -Xmx256m
24-Dec-2020 14:54:43.411 INFO [main] org.apache.catalina.core.AprLifecycleListener.lifecycleEvent Loaded APR based Apache Tomcat Native library 1.2.17 using APR version 1.6.3.
24-Dec-2020 14:54:43.412 INFO [main] org.apache.catalina.core.AprLifecycleListener.lifecycleEvent APR capabilities: IPv6 [true], sendfile [true], accept filters [false], random [true].
24-Dec-2020 14:54:44.638 INFO [main] org.apache.catalina.core.AprLifecycleListener.initializeSSL OpenSSL successfully initialized (OpenSSL 1.0.2o  27 Mar 2018)
24-Dec-2020 14:54:54.181 INFO [main] org.apache.coyote.AbstractProtocol.init Initializing ProtocolHandler ["http-apr-6060"]
24-Dec-2020 14:54:54.212 INFO [main] org.apache.coyote.AbstractProtocol.init Initializing ProtocolHandler ["ajp-apr-7009"]
24-Dec-2020 14:54:54.226 INFO [main] org.apache.catalina.startup.Catalina.load Initialization processed in 13982 ms
24-Dec-2020 14:54:54.418 INFO [main] org.apache.catalina.core.StandardService.startInternal Starting service Catalina
24-Dec-2020 14:54:54.418 INFO [main] org.apache.catalina.core.StandardEngine.startInternal Starting Servlet Engine: Apache Tomcat/8.0.53
24-Dec-2020 14:54:54.501 INFO [localhost-startStop-1] org.apache.catalina.startup.HostConfig.deployDescriptor Deploying configuration descriptor C:\Users\NHELTECH\Desktop\pfe.supernova\apache-tomcat\conf\Catalina\localhost\sygealoc.xml
24-Dec-2020 14:55:09.759 INFO [localhost-startStop-1] org.apache.jasper.servlet.TldScanner.scanJars At least one JAR was scanned for TLDs yet contained no TLDs. Enable debug logging for this logger for a complete list of JARs that were scanned but no TLDs were found in them. Skipping unneeded JARs during scanning can improve startup time and JSP compilation time.
24-Dec-2020 14:55:10.009 INFO [localhost-startStop-1] org.springframework.web.context.ContextLoader.initWebApplicationContext Root WebApplicationContext: initialization started
24-Dec-2020 14:55:10.525 INFO [localhost-startStop-1] org.springframework.context.support.AbstractApplicationContext.prepareRefresh Refreshing Root WebApplicationContext: startup date [Thu Dec 24 14:55:10 CST 2020]; root of context hierarchy
24-Dec-2020 14:55:10.868 INFO [localhost-startStop-1] org.springframework.beans.factory.xml.XmlBeanDefinitionReader.loadBeanDefinitions Loading XML bean definitions from ServletContext resource [/WEB-INF/applicationContext.xml]
24-Dec-2020 14:55:11.380 INFO [localhost-startStop-1] org.springframework.web.context.ContextLoader.initWebApplicationContext Root WebApplicationContext: initialization completed in 1369 ms
24-Dec-2020 14:55:11.660 WARNING [localhost-startStop-1] org.apache.catalina.util.SessionIdGeneratorBase.createSecureRandom Creation of SecureRandom instance for session ID generation using [SHA1PRNG] took [270] milliseconds.
24-Dec-2020 14:55:11.784 INFO [localhost-startStop-1] org.springframework.web.servlet.FrameworkServlet.initServletBean FrameworkServlet 'sygealoc': initialization started
24-Dec-2020 14:55:11.802 INFO [localhost-startStop-1] org.springframework.context.support.AbstractApplicationContext.prepareRefresh Refreshing WebApplicationContext for namespace 'sygealoc-servlet': startup date [Thu Dec 24 14:55:11 CST 2020]; parent: Root WebApplicationContext
24-Dec-2020 14:55:11.813 INFO [localhost-startStop-1] org.springframework.beans.factory.xml.XmlBeanDefinitionReader.loadBeanDefinitions Loading XML bean definitions from ServletContext resource [/WEB-INF/sygealoc-servlet.xml]
24-Dec-2020 14:55:12.412 INFO [localhost-startStop-1] org.springframework.web.servlet.handler.AbstractUrlHandlerMapping.registerHandler Mapped URL path [/reservation*] onto handler 'ReservationController'
24-Dec-2020 14:55:12.417 INFO [localhost-startStop-1] org.springframework.web.servlet.handler.AbstractUrlHandlerMapping.registerHandler Mapped URL path [/impression*] onto handler 'ImpressionController'
24-Dec-2020 14:55:12.419 INFO [localhost-startStop-1] org.springframework.web.servlet.handler.AbstractUrlHandlerMapping.registerHandler Mapped URL path [/erreur*] onto handler 'ErreurController'
24-Dec-2020 14:55:12.421 INFO [localhost-startStop-1] org.springframework.web.servlet.handler.AbstractUrlHandlerMapping.registerHandler Mapped URL path [/ajoutervehicule*] onto handler 'AjoutervehiculeController'
24-Dec-2020 14:55:12.424 INFO [localhost-startStop-1] org.springframework.web.servlet.handler.AbstractUrlHandlerMapping.registerHandler Mapped URL path [/profile*] onto handler 'ProfileController'
24-Dec-2020 14:55:12.426 INFO [localhost-startStop-1] org.springframework.web.servlet.handler.AbstractUrlHandlerMapping.registerHandler Mapped URL path [/employe*] onto handler 'EmployeController'
24-Dec-2020 14:55:12.428 INFO [localhost-startStop-1] org.springframework.web.servlet.handler.AbstractUrlHandlerMapping.registerHandler Mapped URL path [/client*] onto handler 'ClientController'
24-Dec-2020 14:55:12.429 INFO [localhost-startStop-1] org.springframework.web.servlet.handler.AbstractUrlHandlerMapping.registerHandler Mapped URL path [/location*] onto handler 'LocationController'
24-Dec-2020 14:55:12.433 INFO [localhost-startStop-1] org.springframework.web.servlet.handler.AbstractUrlHandlerMapping.registerHandler Mapped URL path [/connexion*] onto handler 'ConnexionController'
24-Dec-2020 14:55:12.435 INFO [localhost-startStop-1] org.springframework.web.servlet.handler.AbstractUrlHandlerMapping.registerHandler Mapped URL path [/deconnexion*] onto handler 'DeconnexionController'
24-Dec-2020 14:55:12.437 INFO [localhost-startStop-1] org.springframework.web.servlet.handler.AbstractUrlHandlerMapping.registerHandler Mapped URL path [/utilisateur*] onto handler 'UtilisateurController'
24-Dec-2020 14:55:12.438 INFO [localhost-startStop-1] org.springframework.web.servlet.handler.AbstractUrlHandlerMapping.registerHandler Mapped URL path [/stock*] onto handler 'VehiculeController'
24-Dec-2020 14:55:12.444 INFO [localhost-startStop-1] org.springframework.web.servlet.handler.AbstractUrlHandlerMapping.registerHandler Mapped URL path [/fournisseur*] onto handler 'FournisseurController'
24-Dec-2020 14:55:12.446 INFO [localhost-startStop-1] org.springframework.web.servlet.handler.AbstractUrlHandlerMapping.registerHandler Mapped URL path [/verouiller*] onto handler 'VerouillerController'
24-Dec-2020 14:55:12.447 INFO [localhost-startStop-1] org.springframework.web.servlet.handler.AbstractUrlHandlerMapping.registerHandler Mapped URL path [/redirect*] onto handler 'RedirectController'
24-Dec-2020 14:55:12.757 INFO [localhost-startStop-1] org.springframework.web.servlet.handler.AbstractUrlHandlerMapping.registerHandler Mapped URL path [/tableaudebord] onto handler 'TableaudebordController'
24-Dec-2020 14:55:12.898 INFO [localhost-startStop-1] org.springframework.web.servlet.handler.AbstractUrlHandlerMapping.registerHandler Mapped URL path [/assets/**] onto handler 'org.springframework.web.servlet.resource.ResourceHttpRequestHandler#0'
24-Dec-2020 14:55:13.117 INFO [localhost-startStop-1] org.springframework.web.servlet.FrameworkServlet.initServletBean FrameworkServlet 'sygealoc': initialization completed in 1332 ms
24-Dec-2020 14:55:13.148 INFO [localhost-startStop-1] org.apache.catalina.startup.HostConfig.deployDescriptor Deployment of configuration descriptor C:\Users\NHELTECH\Desktop\pfe.supernova\apache-tomcat\conf\Catalina\localhost\sygealoc.xml has finished in 18,647 ms
24-Dec-2020 14:55:13.148 INFO [localhost-startStop-1] org.apache.catalina.startup.HostConfig.deployDirectory Deploying web application directory C:\Users\NHELTECH\Desktop\pfe.supernova\apache-tomcat\webapps\host-manager
24-Dec-2020 14:55:13.774 INFO [localhost-startStop-1] org.apache.catalina.startup.HostConfig.deployDirectory Deployment of web application directory C:\Users\NHELTECH\Desktop\pfe.supernova\apache-tomcat\webapps\host-manager has finished in 625 ms
24-Dec-2020 14:55:13.774 INFO [localhost-startStop-1] org.apache.catalina.startup.HostConfig.deployDirectory Deploying web application directory C:\Users\NHELTECH\Desktop\pfe.supernova\apache-tomcat\webapps\manager
24-Dec-2020 14:55:14.070 INFO [localhost-startStop-1] org.apache.catalina.startup.HostConfig.deployDirectory Deployment of web application directory C:\Users\NHELTECH\Desktop\pfe.supernova\apache-tomcat\webapps\manager has finished in 295 ms
24-Dec-2020 14:55:14.071 INFO [localhost-startStop-1] org.apache.catalina.startup.HostConfig.deployDirectory Deploying web application directory C:\Users\NHELTECH\Desktop\pfe.supernova\apache-tomcat\webapps\ROOT
24-Dec-2020 14:55:14.176 INFO [localhost-startStop-1] org.apache.catalina.startup.HostConfig.deployDirectory Deployment of web application directory C:\Users\NHELTECH\Desktop\pfe.supernova\apache-tomcat\webapps\ROOT has finished in 105 ms
24-Dec-2020 14:55:14.195 INFO [main] org.apache.coyote.AbstractProtocol.start Starting ProtocolHandler ["http-apr-6060"]
24-Dec-2020 14:55:14.262 INFO [main] org.apache.coyote.AbstractProtocol.start Starting ProtocolHandler ["ajp-apr-7009"]
24-Dec-2020 14:55:14.272 INFO [main] org.apache.catalina.startup.Catalina.start Server startup in 20045 ms
