11-Jan-2021 19:23:27.944 INFO [main] org.apache.catalina.startup.VersionLoggerListener.log Server version:        Apache Tomcat/8.0.53
11-Jan-2021 19:23:27.960 INFO [main] org.apache.catalina.startup.VersionLoggerListener.log Server built:          Jun 29 2018 14:42:45 UTC
11-Jan-2021 19:23:27.960 INFO [main] org.apache.catalina.startup.VersionLoggerListener.log Server number:         8.0.53.0
11-Jan-2021 19:23:27.960 INFO [main] org.apache.catalina.startup.VersionLoggerListener.log OS Name:               Windows 10
11-Jan-2021 19:23:27.960 INFO [main] org.apache.catalina.startup.VersionLoggerListener.log OS Version:            10.0
11-Jan-2021 19:23:27.960 INFO [main] org.apache.catalina.startup.VersionLoggerListener.log Architecture:          amd64
11-Jan-2021 19:23:27.960 INFO [main] org.apache.catalina.startup.VersionLoggerListener.log Java Home:             C:\Program Files\Java\jre1.8.0_111
11-Jan-2021 19:23:27.960 INFO [main] org.apache.catalina.startup.VersionLoggerListener.log JVM Version:           1.8.0_111-b14
11-Jan-2021 19:23:27.960 INFO [main] org.apache.catalina.startup.VersionLoggerListener.log JVM Vendor:            Oracle Corporation
11-Jan-2021 19:23:27.960 INFO [main] org.apache.catalina.startup.VersionLoggerListener.log CATALINA_BASE:         C:\Users\NHELTECH\Desktop\pfe.supernova\apache-tomcat
11-Jan-2021 19:23:27.960 INFO [main] org.apache.catalina.startup.VersionLoggerListener.log CATALINA_HOME:         C:\Users\NHELTECH\Desktop\pfe.supernova\apache-tomcat
11-Jan-2021 19:23:27.960 INFO [main] org.apache.catalina.startup.VersionLoggerListener.log Command line argument: -Dcatalina.home=C:\Users\NHELTECH\Desktop\pfe.supernova\apache-tomcat
11-Jan-2021 19:23:27.960 INFO [main] org.apache.catalina.startup.VersionLoggerListener.log Command line argument: -Dcatalina.base=C:\Users\NHELTECH\Desktop\pfe.supernova\apache-tomcat
11-Jan-2021 19:23:27.960 INFO [main] org.apache.catalina.startup.VersionLoggerListener.log Command line argument: -Dignore.endorsed.dirs=C:\Users\NHELTECH\Desktop\pfe.supernova\apache-tomcat\endorsed
11-Jan-2021 19:23:27.960 INFO [main] org.apache.catalina.startup.VersionLoggerListener.log Command line argument: -Djava.io.tmpdir=C:\Users\NHELTECH\Desktop\pfe.supernova\apache-tomcat\temp
11-Jan-2021 19:23:27.960 INFO [main] org.apache.catalina.startup.VersionLoggerListener.log Command line argument: -Djava.util.logging.manager=org.apache.juli.ClassLoaderLogManager
11-Jan-2021 19:23:27.960 INFO [main] org.apache.catalina.startup.VersionLoggerListener.log Command line argument: -Djava.util.logging.config.file=C:\Users\NHELTECH\Desktop\pfe.supernova\apache-tomcat\conf\logging.properties
11-Jan-2021 19:23:27.960 INFO [main] org.apache.catalina.startup.VersionLoggerListener.log Command line argument: exit
11-Jan-2021 19:23:27.960 INFO [main] org.apache.catalina.startup.VersionLoggerListener.log Command line argument: abort
11-Jan-2021 19:23:27.960 INFO [main] org.apache.catalina.startup.VersionLoggerListener.log Command line argument: -Xms128m
11-Jan-2021 19:23:27.960 INFO [main] org.apache.catalina.startup.VersionLoggerListener.log Command line argument: -Xmx256m
11-Jan-2021 19:23:27.960 INFO [main] org.apache.catalina.core.AprLifecycleListener.lifecycleEvent Loaded APR based Apache Tomcat Native library 1.2.17 using APR version 1.6.3.
11-Jan-2021 19:23:27.960 INFO [main] org.apache.catalina.core.AprLifecycleListener.lifecycleEvent APR capabilities: IPv6 [true], sendfile [true], accept filters [false], random [true].
11-Jan-2021 19:23:29.093 INFO [main] org.apache.catalina.core.AprLifecycleListener.initializeSSL OpenSSL successfully initialized (OpenSSL 1.0.2o  27 Mar 2018)
11-Jan-2021 19:23:29.676 INFO [main] org.apache.coyote.AbstractProtocol.init Initializing ProtocolHandler ["http-apr-6060"]
11-Jan-2021 19:23:29.703 INFO [main] org.apache.coyote.AbstractProtocol.init Initializing ProtocolHandler ["ajp-apr-7009"]
11-Jan-2021 19:23:29.712 INFO [main] org.apache.catalina.startup.Catalina.load Initialization processed in 3838 ms
11-Jan-2021 19:23:29.841 INFO [main] org.apache.catalina.core.StandardService.startInternal Starting service Catalina
11-Jan-2021 19:23:29.842 INFO [main] org.apache.catalina.core.StandardEngine.startInternal Starting Servlet Engine: Apache Tomcat/8.0.53
11-Jan-2021 19:23:30.034 INFO [localhost-startStop-1] org.apache.catalina.startup.HostConfig.deployWAR Deploying web application archive C:\Users\NHELTECH\Desktop\pfe.supernova\apache-tomcat\webapps\sygealoc##1.0.war
11-Jan-2021 19:23:37.967 INFO [localhost-startStop-1] org.apache.jasper.servlet.TldScanner.scanJars At least one JAR was scanned for TLDs yet contained no TLDs. Enable debug logging for this logger for a complete list of JARs that were scanned but no TLDs were found in them. Skipping unneeded JARs during scanning can improve startup time and JSP compilation time.
11-Jan-2021 19:23:38.821 INFO [localhost-startStop-1] org.springframework.web.context.ContextLoader.initWebApplicationContext Root WebApplicationContext: initialization started
11-Jan-2021 19:23:39.443 INFO [localhost-startStop-1] org.springframework.context.support.AbstractApplicationContext.prepareRefresh Refreshing Root WebApplicationContext: startup date [Mon Jan 11 19:23:39 CST 2021]; root of context hierarchy
11-Jan-2021 19:23:39.670 INFO [localhost-startStop-1] org.springframework.beans.factory.xml.XmlBeanDefinitionReader.loadBeanDefinitions Loading XML bean definitions from ServletContext resource [/WEB-INF/applicationContext.xml]
11-Jan-2021 19:23:40.283 INFO [localhost-startStop-1] org.springframework.web.context.ContextLoader.initWebApplicationContext Root WebApplicationContext: initialization completed in 1461 ms
11-Jan-2021 19:23:40.697 WARNING [localhost-startStop-1] org.apache.catalina.util.SessionIdGeneratorBase.createSecureRandom Creation of SecureRandom instance for session ID generation using [SHA1PRNG] took [408] milliseconds.
11-Jan-2021 19:23:40.800 INFO [localhost-startStop-1] org.springframework.web.servlet.FrameworkServlet.initServletBean FrameworkServlet 'sygealoc': initialization started
11-Jan-2021 19:23:40.816 INFO [localhost-startStop-1] org.springframework.context.support.AbstractApplicationContext.prepareRefresh Refreshing WebApplicationContext for namespace 'sygealoc-servlet': startup date [Mon Jan 11 19:23:40 CST 2021]; parent: Root WebApplicationContext
11-Jan-2021 19:23:40.825 INFO [localhost-startStop-1] org.springframework.beans.factory.xml.XmlBeanDefinitionReader.loadBeanDefinitions Loading XML bean definitions from ServletContext resource [/WEB-INF/sygealoc-servlet.xml]
11-Jan-2021 19:23:42.269 INFO [localhost-startStop-1] org.springframework.web.servlet.handler.AbstractUrlHandlerMapping.registerHandler Mapped URL path [/reservation*] onto handler 'ReservationController'
11-Jan-2021 19:23:42.271 INFO [localhost-startStop-1] org.springframework.web.servlet.handler.AbstractUrlHandlerMapping.registerHandler Mapped URL path [/impression*] onto handler 'ImpressionController'
11-Jan-2021 19:23:42.273 INFO [localhost-startStop-1] org.springframework.web.servlet.handler.AbstractUrlHandlerMapping.registerHandler Mapped URL path [/erreur*] onto handler 'ErreurController'
11-Jan-2021 19:23:42.274 INFO [localhost-startStop-1] org.springframework.web.servlet.handler.AbstractUrlHandlerMapping.registerHandler Mapped URL path [/ajoutervehicule*] onto handler 'AjoutervehiculeController'
11-Jan-2021 19:23:42.283 INFO [localhost-startStop-1] org.springframework.web.servlet.handler.AbstractUrlHandlerMapping.registerHandler Mapped URL path [/profile*] onto handler 'ProfileController'
11-Jan-2021 19:23:42.285 INFO [localhost-startStop-1] org.springframework.web.servlet.handler.AbstractUrlHandlerMapping.registerHandler Mapped URL path [/employe*] onto handler 'EmployeController'
11-Jan-2021 19:23:42.287 INFO [localhost-startStop-1] org.springframework.web.servlet.handler.AbstractUrlHandlerMapping.registerHandler Mapped URL path [/client*] onto handler 'ClientController'
11-Jan-2021 19:23:42.288 INFO [localhost-startStop-1] org.springframework.web.servlet.handler.AbstractUrlHandlerMapping.registerHandler Mapped URL path [/location*] onto handler 'LocationController'
11-Jan-2021 19:23:42.290 INFO [localhost-startStop-1] org.springframework.web.servlet.handler.AbstractUrlHandlerMapping.registerHandler Mapped URL path [/connexion*] onto handler 'ConnexionController'
11-Jan-2021 19:23:42.295 INFO [localhost-startStop-1] org.springframework.web.servlet.handler.AbstractUrlHandlerMapping.registerHandler Mapped URL path [/deconnexion*] onto handler 'DeconnexionController'
11-Jan-2021 19:23:42.300 INFO [localhost-startStop-1] org.springframework.web.servlet.handler.AbstractUrlHandlerMapping.registerHandler Mapped URL path [/utilisateur*] onto handler 'UtilisateurController'
11-Jan-2021 19:23:42.304 INFO [localhost-startStop-1] org.springframework.web.servlet.handler.AbstractUrlHandlerMapping.registerHandler Mapped URL path [/stock*] onto handler 'VehiculeController'
11-Jan-2021 19:23:42.311 INFO [localhost-startStop-1] org.springframework.web.servlet.handler.AbstractUrlHandlerMapping.registerHandler Mapped URL path [/fournisseur*] onto handler 'FournisseurController'
11-Jan-2021 19:23:42.313 INFO [localhost-startStop-1] org.springframework.web.servlet.handler.AbstractUrlHandlerMapping.registerHandler Mapped URL path [/verouiller*] onto handler 'VerouillerController'
11-Jan-2021 19:23:42.316 INFO [localhost-startStop-1] org.springframework.web.servlet.handler.AbstractUrlHandlerMapping.registerHandler Mapped URL path [/redirect*] onto handler 'RedirectController'
11-Jan-2021 19:23:42.684 INFO [localhost-startStop-1] org.springframework.web.servlet.handler.AbstractUrlHandlerMapping.registerHandler Mapped URL path [/tableaudebord] onto handler 'TableaudebordController'
11-Jan-2021 19:23:42.805 INFO [localhost-startStop-1] org.springframework.web.servlet.handler.AbstractUrlHandlerMapping.registerHandler Mapped URL path [/assets/**] onto handler 'org.springframework.web.servlet.resource.ResourceHttpRequestHandler#0'
11-Jan-2021 19:23:43.033 INFO [localhost-startStop-1] org.springframework.web.servlet.FrameworkServlet.initServletBean FrameworkServlet 'sygealoc': initialization completed in 2233 ms
11-Jan-2021 19:23:43.098 INFO [localhost-startStop-1] org.apache.catalina.startup.HostConfig.deployWAR Deployment of web application archive C:\Users\NHELTECH\Desktop\pfe.supernova\apache-tomcat\webapps\sygealoc##1.0.war has finished in 13,063 ms
11-Jan-2021 19:23:43.103 INFO [localhost-startStop-1] org.apache.catalina.startup.HostConfig.deployDirectory Deploying web application directory C:\Users\NHELTECH\Desktop\pfe.supernova\apache-tomcat\webapps\host-manager
11-Jan-2021 19:23:43.320 INFO [localhost-startStop-1] org.apache.catalina.startup.HostConfig.deployDirectory Deployment of web application directory C:\Users\NHELTECH\Desktop\pfe.supernova\apache-tomcat\webapps\host-manager has finished in 217 ms
11-Jan-2021 19:23:43.321 INFO [localhost-startStop-1] org.apache.catalina.startup.HostConfig.deployDirectory Deploying web application directory C:\Users\NHELTECH\Desktop\pfe.supernova\apache-tomcat\webapps\manager
11-Jan-2021 19:23:43.905 INFO [localhost-startStop-1] org.apache.catalina.startup.HostConfig.deployDirectory Deployment of web application directory C:\Users\NHELTECH\Desktop\pfe.supernova\apache-tomcat\webapps\manager has finished in 584 ms
11-Jan-2021 19:23:43.907 INFO [localhost-startStop-1] org.apache.catalina.startup.HostConfig.deployDirectory Deploying web application directory C:\Users\NHELTECH\Desktop\pfe.supernova\apache-tomcat\webapps\ROOT
11-Jan-2021 19:23:44.038 INFO [localhost-startStop-1] org.apache.catalina.startup.HostConfig.deployDirectory Deployment of web application directory C:\Users\NHELTECH\Desktop\pfe.supernova\apache-tomcat\webapps\ROOT has finished in 132 ms
11-Jan-2021 19:23:44.064 INFO [main] org.apache.coyote.AbstractProtocol.start Starting ProtocolHandler ["http-apr-6060"]
11-Jan-2021 19:23:44.098 INFO [main] org.apache.coyote.AbstractProtocol.start Starting ProtocolHandler ["ajp-apr-7009"]
11-Jan-2021 19:23:44.108 INFO [main] org.apache.catalina.startup.Catalina.start Server startup in 14395 ms
