[2020-10-25 05:58:03] [info]  [ 1180] Commons Daemon procrun (1.1.0.0 64-bit) started
[2020-10-25 05:58:03] [info]  [ 1180] Running 'Tomcat8' Service...
[2020-10-25 05:58:03] [info]  [ 2264] Starting service...
[2020-10-25 05:58:08] [info]  [ 2264] Service started in 3798 ms.
[2020-10-25 09:49:43] [info]  [ 1056] Console SHUTDOWN event signaled
[2020-10-25 09:49:43] [info]  [ 1056] Stopping service...
[2020-10-25 09:49:44] [info]  [ 1056] Service stop thread completed.
[2020-10-25 09:49:44] [info]  [ 1180] Run service finished.
[2020-10-25 09:49:44] [info]  [ 1180] Commons Daemon procrun finished
[2020-10-25 11:16:57] [info]  [ 1944] Commons Daemon procrun (1.1.0.0 64-bit) started
[2020-10-25 11:16:57] [info]  [ 1944] Running 'Tomcat8' Service...
[2020-10-25 11:16:57] [info]  [ 2100] Starting service...
[2020-10-25 11:17:00] [info]  [ 2100] Service started in 2450 ms.
[2020-10-25 14:56:33] [info]  [ 5288] Console SHUTDOWN event signaled
[2020-10-25 14:56:33] [info]  [ 5288] Stopping service...
[2020-10-25 14:56:34] [info]  [ 5288] Service stop thread completed.
[2020-10-25 14:56:34] [info]  [ 1944] Run service finished.
[2020-10-25 14:56:34] [info]  [ 1944] Commons Daemon procrun finished
[2020-10-25 14:57:01] [info]  [ 1948] Commons Daemon procrun (1.1.0.0 64-bit) started
[2020-10-25 14:57:01] [info]  [ 1948] Running 'Tomcat8' Service...
[2020-10-25 14:57:02] [info]  [ 2124] Starting service...
[2020-10-25 14:57:03] [info]  [ 2124] Service started in 1908 ms.
