[2020-11-07 10:28:31] [info]  [ 1912] Commons Daemon procrun (1.1.0.0 64-bit) started
[2020-11-07 10:28:31] [info]  [ 1912] Running 'Tomcat8' Service...
[2020-11-07 10:28:32] [info]  [ 2096] Starting service...
[2020-11-07 10:28:34] [info]  [ 2096] Service started in 2099 ms.
[2020-11-07 10:43:50] [info]  [ 5308] Console SHUTDOWN event signaled
[2020-11-07 10:43:50] [info]  [ 5308] Stopping service...
[2020-11-07 10:43:51] [info]  [ 5308] Service stop thread completed.
[2020-11-07 10:43:51] [info]  [ 1912] Run service finished.
[2020-11-07 10:43:51] [info]  [ 1912] Commons Daemon procrun finished
[2020-11-07 10:54:01] [info]  [ 1948] Commons Daemon procrun (1.1.0.0 64-bit) started
[2020-11-07 10:54:02] [info]  [ 1948] Running 'Tomcat8' Service...
[2020-11-07 10:54:02] [info]  [ 1184] Starting service...
[2020-11-07 10:54:05] [info]  [ 1184] Service started in 3213 ms.
[2020-11-07 19:37:54] [info]  [ 1924] Commons Daemon procrun (1.1.0.0 64-bit) started
[2020-11-07 19:37:54] [info]  [ 1924] Running 'Tomcat8' Service...
[2020-11-07 19:37:54] [info]  [ 1820] Starting service...
[2020-11-07 19:37:56] [info]  [ 1820] Service started in 1826 ms.
[2020-11-07 21:32:29] [info]  [ 2272] Console SHUTDOWN event signaled
[2020-11-07 21:32:29] [info]  [ 2272] Stopping service...
[2020-11-07 21:32:30] [info]  [ 2272] Service stop thread completed.
[2020-11-07 21:32:30] [info]  [ 1924] Run service finished.
[2020-11-07 21:32:30] [info]  [ 1924] Commons Daemon procrun finished
