[2021-01-26 08:13:29] [info]  [ 1820] Commons Daemon procrun (1.1.0.0 64-bit) started
[2021-01-26 08:13:29] [info]  [ 1820] Running 'Tomcat8' Service...
[2021-01-26 08:13:29] [info]  [ 2308] Starting service...
[2021-01-26 08:13:35] [info]  [ 2308] Service started in 5105 ms.
[2021-01-26 15:36:15] [info]  [ 6104] Stopping service...
[2021-01-26 15:36:16] [info]  [ 6104] Service stop thread completed.
[2021-01-26 15:36:16] [info]  [ 1820] Run service finished.
[2021-01-26 15:36:16] [info]  [ 1820] Commons Daemon procrun finished
[2021-01-26 15:36:25] [info]  [ 6780] Commons Daemon procrun (1.1.0.0 64-bit) started
[2021-01-26 15:36:25] [info]  [ 6780] Running 'Tomcat8' Service...
[2021-01-26 15:36:25] [info]  [ 6784] Starting service...
[2021-01-26 15:36:28] [info]  [ 6784] Service started in 3147 ms.
[2021-01-26 15:56:04] [info]  [ 2892] Stopping service...
[2021-01-26 15:56:05] [info]  [ 2892] Service stop thread completed.
[2021-01-26 15:56:05] [info]  [ 6780] Run service finished.
[2021-01-26 15:56:05] [info]  [ 6780] Commons Daemon procrun finished
[2021-01-26 15:56:26] [info]  [ 7120] Commons Daemon procrun (1.1.0.0 64-bit) started
[2021-01-26 15:56:26] [info]  [ 7120] Running 'Tomcat8' Service...
[2021-01-26 15:56:26] [info]  [ 6468] Starting service...
[2021-01-26 15:56:30] [info]  [ 6468] Service started in 3682 ms.
[2021-01-26 16:42:47] [info]  [ 5868] Stopping service...
[2021-01-26 16:42:49] [info]  [ 5868] Service stop thread completed.
[2021-01-26 16:42:49] [info]  [ 7120] Run service finished.
[2021-01-26 16:42:49] [info]  [ 7120] Commons Daemon procrun finished
[2021-01-26 16:44:10] [info]  [  464] Commons Daemon procrun (1.1.0.0 64-bit) started
[2021-01-26 16:44:10] [info]  [  464] Running 'Tomcat8' Service...
[2021-01-26 16:44:10] [info]  [ 6424] Starting service...
[2021-01-26 16:44:14] [info]  [ 6424] Service started in 3704 ms.
[2021-01-26 17:05:38] [info]  [ 1448] Commons Daemon procrun (1.1.0.0 64-bit) started
[2021-01-26 17:05:39] [info]  [ 1448] Running 'Tomcat8' Service...
[2021-01-26 17:05:39] [info]  [ 2332] Starting service...
[2021-01-26 17:05:44] [info]  [ 2332] Service started in 5432 ms.
[2021-01-27 13:24:19] [info]  [ 5388] Console SHUTDOWN event signaled
[2021-01-27 13:24:19] [info]  [ 5388] Stopping service...
[2021-01-27 13:24:20] [info]  [ 5388] Service stop thread completed.
[2021-01-27 13:24:21] [info]  [ 1448] Run service finished.
[2021-01-27 13:24:21] [info]  [ 1448] Commons Daemon procrun finished
