[2021-01-30 09:51:59] [info]  [ 1668] Commons Daemon procrun (1.1.0.0 64-bit) started
[2021-01-30 09:51:59] [info]  [ 1668] Running 'Tomcat8' Service...
[2021-01-30 09:51:59] [info]  [ 2144] Starting service...
[2021-01-30 09:52:01] [info]  [ 2144] Service started in 1822 ms.
[2021-01-30 15:52:07] [info]  [ 1400] Commons Daemon procrun (1.1.0.0 64-bit) started
[2021-01-30 15:52:08] [info]  [ 1400] Running 'Tomcat8' Service...
[2021-01-30 15:52:08] [info]  [ 2220] Starting service...
[2021-01-30 15:52:14] [info]  [ 2220] Service started in 5400 ms.
[2021-01-30 15:53:23] [info]  [ 2136] Stopping service...
[2021-01-30 15:53:24] [info]  [ 2136] Service stop thread completed.
[2021-01-30 15:53:25] [info]  [ 1400] Run service finished.
[2021-01-30 15:53:25] [info]  [ 1400] Commons Daemon procrun finished
[2021-01-30 16:07:35] [info]  [ 6112] Commons Daemon procrun (1.1.0.0 64-bit) started
[2021-01-30 16:07:35] [info]  [ 6112] Running 'Tomcat8' Service...
[2021-01-30 16:07:35] [info]  [ 5784] Starting service...
[2021-01-30 16:07:38] [info]  [ 5784] Service started in 3433 ms.
[2021-01-30 16:08:04] [info]  [ 6112] Run service finished.
[2021-01-30 16:08:04] [info]  [ 6112] Commons Daemon procrun finished
[2021-01-30 20:09:50] [info]  [ 1960] Commons Daemon procrun (1.1.0.0 64-bit) started
[2021-01-30 20:09:50] [info]  [ 1960] Running 'Tomcat8' Service...
[2021-01-30 20:09:50] [info]  [ 1192] Starting service...
[2021-01-30 20:09:52] [info]  [ 1192] Service started in 2348 ms.
