[2021-01-31 10:20:11] [info]  [ 2008] Commons Daemon procrun (1.1.0.0 64-bit) started
[2021-01-31 10:20:11] [info]  [ 2008] Running 'Tomcat8' Service...
[2021-01-31 10:20:12] [info]  [ 2200] Starting service...
[2021-01-31 10:20:17] [info]  [ 2200] Service started in 5393 ms.
[2021-01-31 13:45:14] [info]  [ 1032] Stopping service...
[2021-01-31 13:45:15] [info]  [ 1032] Service stop thread completed.
[2021-01-31 13:45:15] [info]  [ 2008] Run service finished.
[2021-01-31 13:45:15] [info]  [ 2008] Commons Daemon procrun finished
[2021-01-31 13:57:42] [info]  [ 2028] Commons Daemon procrun (1.1.0.0 64-bit) started
[2021-01-31 13:57:42] [info]  [ 2028] Running 'Tomcat8' Service...
[2021-01-31 13:57:43] [info]  [ 2396] Starting service...
[2021-01-31 13:57:45] [info]  [ 2396] Service started in 1870 ms.
[2021-01-31 15:49:16] [info]  [ 1360] Commons Daemon procrun (1.1.0.0 64-bit) started
[2021-01-31 15:49:17] [info]  [ 1360] Running 'Tomcat8' Service...
[2021-01-31 15:49:17] [info]  [ 2280] Starting service...
[2021-01-31 15:49:19] [info]  [ 2280] Service started in 2242 ms.
[2021-01-31 16:38:56] [info]  [ 1360] Run service finished.
[2021-01-31 16:38:56] [info]  [ 1360] Commons Daemon procrun finished
[2021-01-31 19:56:41] [info]  [ 1192] Commons Daemon procrun (1.1.0.0 64-bit) started
[2021-01-31 19:56:41] [info]  [ 1192] Running 'Tomcat8' Service...
[2021-01-31 19:56:41] [info]  [ 2244] Starting service...
[2021-01-31 19:56:46] [info]  [ 2244] Service started in 5013 ms.
