17-Feb-2021 08:58:10.683 INFO [localhost-startStop-1] org.apache.catalina.core.ApplicationContext.log No Spring WebApplicationInitializer types detected on classpath
17-Feb-2021 08:58:10.889 INFO [localhost-startStop-1] org.apache.catalina.core.ApplicationContext.log Initializing Spring root WebApplicationContext
17-Feb-2021 08:58:12.499 INFO [localhost-startStop-1] org.apache.catalina.core.ApplicationContext.log Initializing Spring FrameworkServlet 'sygealoc'
17-Feb-2021 08:58:15.821 INFO [http-apr-6060-exec-10] org.apache.catalina.core.ApplicationContext.log Destroying Spring FrameworkServlet 'sygealoc'
17-Feb-2021 08:58:15.827 INFO [http-apr-6060-exec-10] org.apache.catalina.core.ApplicationContext.log Closing Spring root WebApplicationContext
17-Feb-2021 08:58:18.487 INFO [http-apr-6060-exec-7] org.apache.catalina.core.ApplicationContext.log No Spring WebApplicationInitializer types detected on classpath
17-Feb-2021 08:58:18.520 INFO [http-apr-6060-exec-7] org.apache.catalina.core.ApplicationContext.log Initializing Spring root WebApplicationContext
17-Feb-2021 08:58:18.812 INFO [http-apr-6060-exec-7] org.apache.catalina.core.ApplicationContext.log Initializing Spring FrameworkServlet 'sygealoc'
17-Feb-2021 09:12:17.214 INFO [http-apr-6060-exec-13] org.apache.catalina.core.ApplicationContext.log Destroying Spring FrameworkServlet 'sygealoc'
17-Feb-2021 09:12:17.262 WARNING [http-apr-6060-exec-13] org.apache.catalina.session.StandardSession.doWriteObject Cannot serialize session attribute rights for session 1A2A730CA922C4DD14DDBA7B62F14C72
 java.io.NotSerializableException: supernova.pfe.model.UserPermission
	at java.io.ObjectOutputStream.writeObject0(ObjectOutputStream.java:1184)
	at java.io.ObjectOutputStream.writeObject(ObjectOutputStream.java:348)
	at java.util.ArrayList.writeObject(ArrayList.java:768)
	at sun.reflect.NativeMethodAccessorImpl.invoke0(Native Method)
	at sun.reflect.NativeMethodAccessorImpl.invoke(NativeMethodAccessorImpl.java:62)
	at sun.reflect.DelegatingMethodAccessorImpl.invoke(DelegatingMethodAccessorImpl.java:43)
	at java.lang.reflect.Method.invoke(Method.java:498)
	at java.io.ObjectStreamClass.invokeWriteObject(ObjectStreamClass.java:1155)
	at java.io.ObjectOutputStream.writeSerialData(ObjectOutputStream.java:1496)
	at java.io.ObjectOutputStream.writeOrdinaryObject(ObjectOutputStream.java:1432)
	at java.io.ObjectOutputStream.writeObject0(ObjectOutputStream.java:1178)
	at java.io.ObjectOutputStream.writeObject(ObjectOutputStream.java:348)
	at org.apache.catalina.session.StandardSession.doWriteObject(StandardSession.java:1715)
	at org.apache.catalina.session.StandardSession.writeObjectData(StandardSession.java:1107)
	at org.apache.catalina.session.StandardManager.doUnload(StandardManager.java:315)
	at org.apache.catalina.session.StandardManager.unload(StandardManager.java:265)
	at org.apache.catalina.session.StandardManager.stopInternal(StandardManager.java:384)
	at org.apache.catalina.util.LifecycleBase.stop(LifecycleBase.java:221)
	at org.apache.catalina.core.StandardContext.stopInternal(StandardContext.java:5582)
	at org.apache.catalina.util.LifecycleBase.stop(LifecycleBase.java:221)
	at org.apache.catalina.core.StandardContext.reload(StandardContext.java:3900)
	at org.apache.catalina.manager.ManagerServlet.reload(ManagerServlet.java:1007)
	at org.apache.catalina.manager.ManagerServlet.doGet(ManagerServlet.java:351)
	at javax.servlet.http.HttpServlet.service(HttpServlet.java:622)
	at javax.servlet.http.HttpServlet.service(HttpServlet.java:729)
	at org.apache.catalina.core.ApplicationFilterChain.internalDoFilter(ApplicationFilterChain.java:292)
	at org.apache.catalina.core.ApplicationFilterChain.doFilter(ApplicationFilterChain.java:207)
	at org.apache.tomcat.websocket.server.WsFilter.doFilter(WsFilter.java:52)
	at org.apache.catalina.core.ApplicationFilterChain.internalDoFilter(ApplicationFilterChain.java:240)
	at org.apache.catalina.core.ApplicationFilterChain.doFilter(ApplicationFilterChain.java:207)
	at org.apache.catalina.filters.SetCharacterEncodingFilter.doFilter(SetCharacterEncodingFilter.java:109)
	at org.apache.catalina.core.ApplicationFilterChain.internalDoFilter(ApplicationFilterChain.java:240)
	at org.apache.catalina.core.ApplicationFilterChain.doFilter(ApplicationFilterChain.java:207)
	at org.apache.catalina.core.StandardWrapperValve.invoke(StandardWrapperValve.java:212)
	at org.apache.catalina.core.StandardContextValve.invoke(StandardContextValve.java:94)
	at org.apache.catalina.authenticator.AuthenticatorBase.invoke(AuthenticatorBase.java:604)
	at org.apache.catalina.valves.RequestFilterValve.process(RequestFilterValve.java:342)
	at org.apache.catalina.valves.RemoteAddrValve.invoke(RemoteAddrValve.java:52)
	at org.apache.catalina.core.StandardHostValve.invoke(StandardHostValve.java:141)
	at org.apache.catalina.valves.ErrorReportValve.invoke(ErrorReportValve.java:80)
	at org.apache.catalina.valves.AbstractAccessLogValve.invoke(AbstractAccessLogValve.java:620)
	at org.apache.catalina.core.StandardEngineValve.invoke(StandardEngineValve.java:88)
	at org.apache.catalina.connector.CoyoteAdapter.service(CoyoteAdapter.java:502)
	at org.apache.coyote.http11.AbstractHttp11Processor.process(AbstractHttp11Processor.java:1152)
	at org.apache.coyote.AbstractProtocol$AbstractConnectionHandler.process(AbstractProtocol.java:684)
	at org.apache.tomcat.util.net.AprEndpoint$SocketProcessor.doRun(AprEndpoint.java:2527)
	at org.apache.tomcat.util.net.AprEndpoint$SocketProcessor.run(AprEndpoint.java:2516)
	at java.util.concurrent.ThreadPoolExecutor.runWorker(ThreadPoolExecutor.java:1149)
	at java.util.concurrent.ThreadPoolExecutor$Worker.run(ThreadPoolExecutor.java:624)
	at org.apache.tomcat.util.threads.TaskThread$WrappingRunnable.run(TaskThread.java:61)
	at java.lang.Thread.run(Thread.java:748)

17-Feb-2021 09:12:17.263 INFO [http-apr-6060-exec-13] org.apache.catalina.core.ApplicationContext.log Closing Spring root WebApplicationContext
17-Feb-2021 09:12:18.965 INFO [http-apr-6060-exec-13] org.apache.catalina.core.ApplicationContext.log No Spring WebApplicationInitializer types detected on classpath
17-Feb-2021 09:12:19.020 INFO [http-apr-6060-exec-13] org.apache.catalina.core.ApplicationContext.log Initializing Spring root WebApplicationContext
17-Feb-2021 09:12:19.352 WARNING [http-apr-6060-exec-13] org.apache.catalina.session.StandardSession.doReadObject Cannot deserialize session attribute rights for session 1A2A730CA922C4DD14DDBA7B62F14C72
17-Feb-2021 09:12:19.372 INFO [http-apr-6060-exec-13] org.apache.catalina.core.ApplicationContext.log Initializing Spring FrameworkServlet 'sygealoc'
17-Feb-2021 09:12:19.646 INFO [http-apr-6060-exec-17] org.apache.catalina.core.ApplicationContext.log Destroying Spring FrameworkServlet 'sygealoc'
17-Feb-2021 09:12:19.650 INFO [http-apr-6060-exec-17] org.apache.catalina.core.ApplicationContext.log Closing Spring root WebApplicationContext
17-Feb-2021 09:12:20.877 INFO [http-apr-6060-exec-17] org.apache.catalina.core.ApplicationContext.log No Spring WebApplicationInitializer types detected on classpath
17-Feb-2021 09:12:20.931 INFO [http-apr-6060-exec-17] org.apache.catalina.core.ApplicationContext.log Initializing Spring root WebApplicationContext
17-Feb-2021 09:12:21.306 INFO [http-apr-6060-exec-17] org.apache.catalina.core.ApplicationContext.log Initializing Spring FrameworkServlet 'sygealoc'
17-Feb-2021 09:13:46.426 INFO [http-apr-6060-exec-24] org.apache.catalina.core.ApplicationContext.log Destroying Spring FrameworkServlet 'sygealoc'
17-Feb-2021 09:13:46.434 INFO [http-apr-6060-exec-24] org.apache.catalina.core.ApplicationContext.log Closing Spring root WebApplicationContext
17-Feb-2021 09:13:47.703 INFO [http-apr-6060-exec-24] org.apache.catalina.core.ApplicationContext.log No Spring WebApplicationInitializer types detected on classpath
17-Feb-2021 09:13:47.730 INFO [http-apr-6060-exec-24] org.apache.catalina.core.ApplicationContext.log Initializing Spring root WebApplicationContext
17-Feb-2021 09:13:48.048 INFO [http-apr-6060-exec-24] org.apache.catalina.core.ApplicationContext.log Initializing Spring FrameworkServlet 'sygealoc'
17-Feb-2021 09:13:51.192 INFO [http-apr-6060-exec-26] org.apache.catalina.core.ApplicationContext.log Destroying Spring FrameworkServlet 'sygealoc'
17-Feb-2021 09:13:51.198 INFO [http-apr-6060-exec-26] org.apache.catalina.core.ApplicationContext.log Closing Spring root WebApplicationContext
17-Feb-2021 09:13:52.461 INFO [http-apr-6060-exec-26] org.apache.catalina.core.ApplicationContext.log No Spring WebApplicationInitializer types detected on classpath
17-Feb-2021 09:13:52.485 INFO [http-apr-6060-exec-26] org.apache.catalina.core.ApplicationContext.log Initializing Spring root WebApplicationContext
17-Feb-2021 09:13:52.718 INFO [http-apr-6060-exec-26] org.apache.catalina.core.ApplicationContext.log Initializing Spring FrameworkServlet 'sygealoc'
17-Feb-2021 09:13:55.900 INFO [http-apr-6060-exec-28] org.apache.catalina.core.ApplicationContext.log Destroying Spring FrameworkServlet 'sygealoc'
17-Feb-2021 09:13:55.903 INFO [http-apr-6060-exec-28] org.apache.catalina.core.ApplicationContext.log Closing Spring root WebApplicationContext
17-Feb-2021 09:13:57.142 INFO [http-apr-6060-exec-28] org.apache.catalina.core.ApplicationContext.log No Spring WebApplicationInitializer types detected on classpath
17-Feb-2021 09:13:57.184 INFO [http-apr-6060-exec-28] org.apache.catalina.core.ApplicationContext.log Initializing Spring root WebApplicationContext
17-Feb-2021 09:13:57.528 INFO [http-apr-6060-exec-28] org.apache.catalina.core.ApplicationContext.log Initializing Spring FrameworkServlet 'sygealoc'
17-Feb-2021 09:14:05.376 INFO [http-apr-6060-exec-12] org.apache.catalina.core.ApplicationContext.log Destroying Spring FrameworkServlet 'sygealoc'
17-Feb-2021 09:14:05.379 INFO [http-apr-6060-exec-12] org.apache.catalina.core.ApplicationContext.log Closing Spring root WebApplicationContext
17-Feb-2021 09:14:06.642 INFO [http-apr-6060-exec-12] org.apache.catalina.core.ApplicationContext.log No Spring WebApplicationInitializer types detected on classpath
17-Feb-2021 09:14:06.667 INFO [http-apr-6060-exec-12] org.apache.catalina.core.ApplicationContext.log Initializing Spring root WebApplicationContext
17-Feb-2021 09:14:06.915 INFO [http-apr-6060-exec-12] org.apache.catalina.core.ApplicationContext.log Initializing Spring FrameworkServlet 'sygealoc'
17-Feb-2021 09:15:06.597 INFO [http-apr-6060-exec-34] org.apache.catalina.core.ApplicationContext.log Destroying Spring FrameworkServlet 'sygealoc'
17-Feb-2021 09:15:06.601 INFO [http-apr-6060-exec-34] org.apache.catalina.core.ApplicationContext.log Closing Spring root WebApplicationContext
17-Feb-2021 09:15:08.487 INFO [http-apr-6060-exec-35] org.apache.catalina.core.ApplicationContext.log No Spring WebApplicationInitializer types detected on classpath
17-Feb-2021 09:15:08.544 INFO [http-apr-6060-exec-35] org.apache.catalina.core.ApplicationContext.log Initializing Spring root WebApplicationContext
17-Feb-2021 09:15:08.788 INFO [http-apr-6060-exec-35] org.apache.catalina.core.ApplicationContext.log Initializing Spring FrameworkServlet 'sygealoc'
17-Feb-2021 09:15:17.615 SEVERE [http-apr-6060-exec-41] org.apache.catalina.core.ApplicationDispatcher.invoke Servlet.service() for servlet jsp threw exception
 java.time.format.DateTimeParseException: Text '2021-02-04 14:10:49' could not be parsed at index 10
	at java.time.format.DateTimeFormatter.parseResolved0(DateTimeFormatter.java:1949)
	at java.time.format.DateTimeFormatter.parse(DateTimeFormatter.java:1851)
	at java.time.LocalDateTime.parse(LocalDateTime.java:492)
	at java.time.LocalDateTime.parse(LocalDateTime.java:477)
	at supernova.pfe.tool.MyDate.convert(MyDate.java:33)
	at org.apache.jsp.WEB_002dINF.sygealoc.impression_jsp._jspService(impression_jsp.java:604)
	at org.apache.jasper.runtime.HttpJspBase.service(HttpJspBase.java:70)
	at javax.servlet.http.HttpServlet.service(HttpServlet.java:729)
	at org.apache.jasper.servlet.JspServletWrapper.service(JspServletWrapper.java:438)
	at org.apache.jasper.servlet.JspServlet.serviceJspFile(JspServlet.java:396)
	at org.apache.jasper.servlet.JspServlet.service(JspServlet.java:340)
	at javax.servlet.http.HttpServlet.service(HttpServlet.java:729)
	at org.apache.catalina.core.ApplicationFilterChain.internalDoFilter(ApplicationFilterChain.java:292)
	at org.apache.catalina.core.ApplicationFilterChain.doFilter(ApplicationFilterChain.java:207)
	at org.apache.tomcat.websocket.server.WsFilter.doFilter(WsFilter.java:52)
	at org.apache.catalina.core.ApplicationFilterChain.internalDoFilter(ApplicationFilterChain.java:240)
	at org.apache.catalina.core.ApplicationFilterChain.doFilter(ApplicationFilterChain.java:207)
	at org.apache.catalina.core.ApplicationDispatcher.invoke(ApplicationDispatcher.java:716)
	at org.apache.catalina.core.ApplicationDispatcher.processRequest(ApplicationDispatcher.java:466)
	at org.apache.catalina.core.ApplicationDispatcher.doForward(ApplicationDispatcher.java:391)
	at org.apache.catalina.core.ApplicationDispatcher.forward(ApplicationDispatcher.java:318)
	at org.springframework.web.servlet.view.InternalResourceView.renderMergedOutputModel(InternalResourceView.java:209)
	at org.springframework.web.servlet.view.AbstractView.render(AbstractView.java:266)
	at org.springframework.web.servlet.DispatcherServlet.render(DispatcherServlet.java:1225)
	at org.springframework.web.servlet.DispatcherServlet.processDispatchResult(DispatcherServlet.java:1012)
	at org.springframework.web.servlet.DispatcherServlet.doDispatch(DispatcherServlet.java:959)
	at org.springframework.web.servlet.DispatcherServlet.doService(DispatcherServlet.java:876)
	at org.springframework.web.servlet.FrameworkServlet.processRequest(FrameworkServlet.java:961)
	at org.springframework.web.servlet.FrameworkServlet.doPost(FrameworkServlet.java:863)
	at javax.servlet.http.HttpServlet.service(HttpServlet.java:648)
	at org.springframework.web.servlet.FrameworkServlet.service(FrameworkServlet.java:837)
	at javax.servlet.http.HttpServlet.service(HttpServlet.java:729)
	at org.apache.catalina.core.ApplicationFilterChain.internalDoFilter(ApplicationFilterChain.java:292)
	at org.apache.catalina.core.ApplicationFilterChain.doFilter(ApplicationFilterChain.java:207)
	at org.apache.tomcat.websocket.server.WsFilter.doFilter(WsFilter.java:52)
	at org.apache.catalina.core.ApplicationFilterChain.internalDoFilter(ApplicationFilterChain.java:240)
	at org.apache.catalina.core.ApplicationFilterChain.doFilter(ApplicationFilterChain.java:207)
	at org.apache.catalina.core.StandardWrapperValve.invoke(StandardWrapperValve.java:212)
	at org.apache.catalina.core.StandardContextValve.invoke(StandardContextValve.java:94)
	at org.apache.catalina.authenticator.AuthenticatorBase.invoke(AuthenticatorBase.java:492)
	at org.apache.catalina.core.StandardHostValve.invoke(StandardHostValve.java:141)
	at org.apache.catalina.valves.ErrorReportValve.invoke(ErrorReportValve.java:80)
	at org.apache.catalina.valves.AbstractAccessLogValve.invoke(AbstractAccessLogValve.java:620)
	at org.apache.catalina.core.StandardEngineValve.invoke(StandardEngineValve.java:88)
	at org.apache.catalina.connector.CoyoteAdapter.service(CoyoteAdapter.java:502)
	at org.apache.coyote.http11.AbstractHttp11Processor.process(AbstractHttp11Processor.java:1152)
	at org.apache.coyote.AbstractProtocol$AbstractConnectionHandler.process(AbstractProtocol.java:684)
	at org.apache.tomcat.util.net.AprEndpoint$SocketProcessor.doRun(AprEndpoint.java:2527)
	at org.apache.tomcat.util.net.AprEndpoint$SocketProcessor.run(AprEndpoint.java:2516)
	at java.util.concurrent.ThreadPoolExecutor.runWorker(ThreadPoolExecutor.java:1149)
	at java.util.concurrent.ThreadPoolExecutor$Worker.run(ThreadPoolExecutor.java:624)
	at org.apache.tomcat.util.threads.TaskThread$WrappingRunnable.run(TaskThread.java:61)
	at java.lang.Thread.run(Thread.java:748)

17-Feb-2021 09:15:17.616 SEVERE [http-apr-6060-exec-41] org.apache.catalina.core.StandardWrapperValve.invoke Servlet.service() for servlet [sygealoc] in context with path [/sygealoc] threw exception [An exception occurred processing JSP page /WEB-INF/sygealoc/impression.jsp at line 107

104:                     <h2>FACTURE</h2>
105:                     <p class="pb-sm-3"># <%=ID%> 
106:                         <br/>Remis &agrave; <%=NOMCOMPLET%> habitant à <%=ADRESSE%>
107:                         <br/>Enregistr&eacute; le <%=MyDate.convert(dateCreation).replace(" ", " à ")%> 
108:                         <%if(dateModification != null){%><br/>Modifi&eacute; le <%=MyDate.convert(dateModification).replace(" ", " à ")%><%}%>
109:                         <br/>Imprim&eacute; le <%=MyDate.current_fr().replace(" ", " à ")%>
110:                         


Stacktrace:] with root cause
 java.time.format.DateTimeParseException: Text '2021-02-04 14:10:49' could not be parsed at index 10
	at java.time.format.DateTimeFormatter.parseResolved0(DateTimeFormatter.java:1949)
	at java.time.format.DateTimeFormatter.parse(DateTimeFormatter.java:1851)
	at java.time.LocalDateTime.parse(LocalDateTime.java:492)
	at java.time.LocalDateTime.parse(LocalDateTime.java:477)
	at supernova.pfe.tool.MyDate.convert(MyDate.java:33)
	at org.apache.jsp.WEB_002dINF.sygealoc.impression_jsp._jspService(impression_jsp.java:604)
	at org.apache.jasper.runtime.HttpJspBase.service(HttpJspBase.java:70)
	at javax.servlet.http.HttpServlet.service(HttpServlet.java:729)
	at org.apache.jasper.servlet.JspServletWrapper.service(JspServletWrapper.java:438)
	at org.apache.jasper.servlet.JspServlet.serviceJspFile(JspServlet.java:396)
	at org.apache.jasper.servlet.JspServlet.service(JspServlet.java:340)
	at javax.servlet.http.HttpServlet.service(HttpServlet.java:729)
	at org.apache.catalina.core.ApplicationFilterChain.internalDoFilter(ApplicationFilterChain.java:292)
	at org.apache.catalina.core.ApplicationFilterChain.doFilter(ApplicationFilterChain.java:207)
	at org.apache.tomcat.websocket.server.WsFilter.doFilter(WsFilter.java:52)
	at org.apache.catalina.core.ApplicationFilterChain.internalDoFilter(ApplicationFilterChain.java:240)
	at org.apache.catalina.core.ApplicationFilterChain.doFilter(ApplicationFilterChain.java:207)
	at org.apache.catalina.core.ApplicationDispatcher.invoke(ApplicationDispatcher.java:716)
	at org.apache.catalina.core.ApplicationDispatcher.processRequest(ApplicationDispatcher.java:466)
	at org.apache.catalina.core.ApplicationDispatcher.doForward(ApplicationDispatcher.java:391)
	at org.apache.catalina.core.ApplicationDispatcher.forward(ApplicationDispatcher.java:318)
	at org.springframework.web.servlet.view.InternalResourceView.renderMergedOutputModel(InternalResourceView.java:209)
	at org.springframework.web.servlet.view.AbstractView.render(AbstractView.java:266)
	at org.springframework.web.servlet.DispatcherServlet.render(DispatcherServlet.java:1225)
	at org.springframework.web.servlet.DispatcherServlet.processDispatchResult(DispatcherServlet.java:1012)
	at org.springframework.web.servlet.DispatcherServlet.doDispatch(DispatcherServlet.java:959)
	at org.springframework.web.servlet.DispatcherServlet.doService(DispatcherServlet.java:876)
	at org.springframework.web.servlet.FrameworkServlet.processRequest(FrameworkServlet.java:961)
	at org.springframework.web.servlet.FrameworkServlet.doPost(FrameworkServlet.java:863)
	at javax.servlet.http.HttpServlet.service(HttpServlet.java:648)
	at org.springframework.web.servlet.FrameworkServlet.service(FrameworkServlet.java:837)
	at javax.servlet.http.HttpServlet.service(HttpServlet.java:729)
	at org.apache.catalina.core.ApplicationFilterChain.internalDoFilter(ApplicationFilterChain.java:292)
	at org.apache.catalina.core.ApplicationFilterChain.doFilter(ApplicationFilterChain.java:207)
	at org.apache.tomcat.websocket.server.WsFilter.doFilter(WsFilter.java:52)
	at org.apache.catalina.core.ApplicationFilterChain.internalDoFilter(ApplicationFilterChain.java:240)
	at org.apache.catalina.core.ApplicationFilterChain.doFilter(ApplicationFilterChain.java:207)
	at org.apache.catalina.core.StandardWrapperValve.invoke(StandardWrapperValve.java:212)
	at org.apache.catalina.core.StandardContextValve.invoke(StandardContextValve.java:94)
	at org.apache.catalina.authenticator.AuthenticatorBase.invoke(AuthenticatorBase.java:492)
	at org.apache.catalina.core.StandardHostValve.invoke(StandardHostValve.java:141)
	at org.apache.catalina.valves.ErrorReportValve.invoke(ErrorReportValve.java:80)
	at org.apache.catalina.valves.AbstractAccessLogValve.invoke(AbstractAccessLogValve.java:620)
	at org.apache.catalina.core.StandardEngineValve.invoke(StandardEngineValve.java:88)
	at org.apache.catalina.connector.CoyoteAdapter.service(CoyoteAdapter.java:502)
	at org.apache.coyote.http11.AbstractHttp11Processor.process(AbstractHttp11Processor.java:1152)
	at org.apache.coyote.AbstractProtocol$AbstractConnectionHandler.process(AbstractProtocol.java:684)
	at org.apache.tomcat.util.net.AprEndpoint$SocketProcessor.doRun(AprEndpoint.java:2527)
	at org.apache.tomcat.util.net.AprEndpoint$SocketProcessor.run(AprEndpoint.java:2516)
	at java.util.concurrent.ThreadPoolExecutor.runWorker(ThreadPoolExecutor.java:1149)
	at java.util.concurrent.ThreadPoolExecutor$Worker.run(ThreadPoolExecutor.java:624)
	at org.apache.tomcat.util.threads.TaskThread$WrappingRunnable.run(TaskThread.java:61)
	at java.lang.Thread.run(Thread.java:748)

17-Feb-2021 09:15:33.853 INFO [localhost-startStop-2] org.apache.catalina.core.ApplicationContext.log Destroying Spring FrameworkServlet 'sygealoc'
17-Feb-2021 09:15:33.864 WARNING [localhost-startStop-2] org.apache.catalina.session.StandardSession.doWriteObject Cannot serialize session attribute rights for session 67C1A92EAF67C2BAA4896D7DE18C0DFD
 java.io.NotSerializableException: supernova.pfe.model.UserPermission
	at java.io.ObjectOutputStream.writeObject0(ObjectOutputStream.java:1184)
	at java.io.ObjectOutputStream.writeObject(ObjectOutputStream.java:348)
	at java.util.ArrayList.writeObject(ArrayList.java:768)
	at sun.reflect.NativeMethodAccessorImpl.invoke0(Native Method)
	at sun.reflect.NativeMethodAccessorImpl.invoke(NativeMethodAccessorImpl.java:62)
	at sun.reflect.DelegatingMethodAccessorImpl.invoke(DelegatingMethodAccessorImpl.java:43)
	at java.lang.reflect.Method.invoke(Method.java:498)
	at java.io.ObjectStreamClass.invokeWriteObject(ObjectStreamClass.java:1155)
	at java.io.ObjectOutputStream.writeSerialData(ObjectOutputStream.java:1496)
	at java.io.ObjectOutputStream.writeOrdinaryObject(ObjectOutputStream.java:1432)
	at java.io.ObjectOutputStream.writeObject0(ObjectOutputStream.java:1178)
	at java.io.ObjectOutputStream.writeObject(ObjectOutputStream.java:348)
	at org.apache.catalina.session.StandardSession.doWriteObject(StandardSession.java:1715)
	at org.apache.catalina.session.StandardSession.writeObjectData(StandardSession.java:1107)
	at org.apache.catalina.session.StandardManager.doUnload(StandardManager.java:315)
	at org.apache.catalina.session.StandardManager.unload(StandardManager.java:265)
	at org.apache.catalina.session.StandardManager.stopInternal(StandardManager.java:384)
	at org.apache.catalina.util.LifecycleBase.stop(LifecycleBase.java:221)
	at org.apache.catalina.core.StandardContext.stopInternal(StandardContext.java:5582)
	at org.apache.catalina.util.LifecycleBase.stop(LifecycleBase.java:221)
	at org.apache.catalina.core.ContainerBase$StopChild.call(ContainerBase.java:1426)
	at org.apache.catalina.core.ContainerBase$StopChild.call(ContainerBase.java:1415)
	at java.util.concurrent.FutureTask.run(FutureTask.java:266)
	at java.util.concurrent.ThreadPoolExecutor.runWorker(ThreadPoolExecutor.java:1149)
	at java.util.concurrent.ThreadPoolExecutor$Worker.run(ThreadPoolExecutor.java:624)
	at java.lang.Thread.run(Thread.java:748)

17-Feb-2021 09:15:33.866 INFO [localhost-startStop-2] org.apache.catalina.core.ApplicationContext.log Closing Spring root WebApplicationContext
17-Feb-2021 09:15:41.466 INFO [localhost-startStop-1] org.apache.catalina.core.ApplicationContext.log No Spring WebApplicationInitializer types detected on classpath
17-Feb-2021 09:15:41.555 INFO [localhost-startStop-1] org.apache.catalina.core.ApplicationContext.log Initializing Spring root WebApplicationContext
17-Feb-2021 09:15:42.498 WARNING [localhost-startStop-1] org.apache.catalina.session.StandardSession.doReadObject Cannot deserialize session attribute rights for session 67C1A92EAF67C2BAA4896D7DE18C0DFD
17-Feb-2021 09:15:42.651 INFO [localhost-startStop-1] org.apache.catalina.core.ApplicationContext.log Initializing Spring FrameworkServlet 'sygealoc'
17-Feb-2021 09:17:51.024 INFO [http-apr-6060-exec-2] org.apache.catalina.core.ApplicationContext.log Destroying Spring FrameworkServlet 'sygealoc'
17-Feb-2021 09:17:51.030 INFO [http-apr-6060-exec-2] org.apache.catalina.core.ApplicationContext.log Closing Spring root WebApplicationContext
17-Feb-2021 09:17:53.077 INFO [http-apr-6060-exec-9] org.apache.catalina.core.ApplicationContext.log No Spring WebApplicationInitializer types detected on classpath
17-Feb-2021 09:17:53.111 INFO [http-apr-6060-exec-9] org.apache.catalina.core.ApplicationContext.log Initializing Spring root WebApplicationContext
17-Feb-2021 09:17:53.436 INFO [http-apr-6060-exec-9] org.apache.catalina.core.ApplicationContext.log Initializing Spring FrameworkServlet 'sygealoc'
17-Feb-2021 09:18:12.561 SEVERE [http-apr-6060-exec-15] org.apache.catalina.core.ApplicationDispatcher.invoke Servlet.service() for servlet jsp threw exception
 java.time.format.DateTimeParseException: Text '2021-02-04 14:10:49' could not be parsed at index 10
	at java.time.format.DateTimeFormatter.parseResolved0(DateTimeFormatter.java:1949)
	at java.time.format.DateTimeFormatter.parse(DateTimeFormatter.java:1851)
	at java.time.LocalDateTime.parse(LocalDateTime.java:492)
	at java.time.LocalDateTime.parse(LocalDateTime.java:477)
	at supernova.pfe.tool.MyDate.convert(MyDate.java:33)
	at org.apache.jsp.WEB_002dINF.sygealoc.impression_jsp._jspService(impression_jsp.java:604)
	at org.apache.jasper.runtime.HttpJspBase.service(HttpJspBase.java:70)
	at javax.servlet.http.HttpServlet.service(HttpServlet.java:729)
	at org.apache.jasper.servlet.JspServletWrapper.service(JspServletWrapper.java:438)
	at org.apache.jasper.servlet.JspServlet.serviceJspFile(JspServlet.java:396)
	at org.apache.jasper.servlet.JspServlet.service(JspServlet.java:340)
	at javax.servlet.http.HttpServlet.service(HttpServlet.java:729)
	at org.apache.catalina.core.ApplicationFilterChain.internalDoFilter(ApplicationFilterChain.java:292)
	at org.apache.catalina.core.ApplicationFilterChain.doFilter(ApplicationFilterChain.java:207)
	at org.apache.tomcat.websocket.server.WsFilter.doFilter(WsFilter.java:52)
	at org.apache.catalina.core.ApplicationFilterChain.internalDoFilter(ApplicationFilterChain.java:240)
	at org.apache.catalina.core.ApplicationFilterChain.doFilter(ApplicationFilterChain.java:207)
	at org.apache.catalina.core.ApplicationDispatcher.invoke(ApplicationDispatcher.java:716)
	at org.apache.catalina.core.ApplicationDispatcher.processRequest(ApplicationDispatcher.java:466)
	at org.apache.catalina.core.ApplicationDispatcher.doForward(ApplicationDispatcher.java:391)
	at org.apache.catalina.core.ApplicationDispatcher.forward(ApplicationDispatcher.java:318)
	at org.springframework.web.servlet.view.InternalResourceView.renderMergedOutputModel(InternalResourceView.java:209)
	at org.springframework.web.servlet.view.AbstractView.render(AbstractView.java:266)
	at org.springframework.web.servlet.DispatcherServlet.render(DispatcherServlet.java:1225)
	at org.springframework.web.servlet.DispatcherServlet.processDispatchResult(DispatcherServlet.java:1012)
	at org.springframework.web.servlet.DispatcherServlet.doDispatch(DispatcherServlet.java:959)
	at org.springframework.web.servlet.DispatcherServlet.doService(DispatcherServlet.java:876)
	at org.springframework.web.servlet.FrameworkServlet.processRequest(FrameworkServlet.java:961)
	at org.springframework.web.servlet.FrameworkServlet.doPost(FrameworkServlet.java:863)
	at javax.servlet.http.HttpServlet.service(HttpServlet.java:648)
	at org.springframework.web.servlet.FrameworkServlet.service(FrameworkServlet.java:837)
	at javax.servlet.http.HttpServlet.service(HttpServlet.java:729)
	at org.apache.catalina.core.ApplicationFilterChain.internalDoFilter(ApplicationFilterChain.java:292)
	at org.apache.catalina.core.ApplicationFilterChain.doFilter(ApplicationFilterChain.java:207)
	at org.apache.tomcat.websocket.server.WsFilter.doFilter(WsFilter.java:52)
	at org.apache.catalina.core.ApplicationFilterChain.internalDoFilter(ApplicationFilterChain.java:240)
	at org.apache.catalina.core.ApplicationFilterChain.doFilter(ApplicationFilterChain.java:207)
	at org.apache.catalina.core.StandardWrapperValve.invoke(StandardWrapperValve.java:212)
	at org.apache.catalina.core.StandardContextValve.invoke(StandardContextValve.java:94)
	at org.apache.catalina.authenticator.AuthenticatorBase.invoke(AuthenticatorBase.java:492)
	at org.apache.catalina.core.StandardHostValve.invoke(StandardHostValve.java:141)
	at org.apache.catalina.valves.ErrorReportValve.invoke(ErrorReportValve.java:80)
	at org.apache.catalina.valves.AbstractAccessLogValve.invoke(AbstractAccessLogValve.java:620)
	at org.apache.catalina.core.StandardEngineValve.invoke(StandardEngineValve.java:88)
	at org.apache.catalina.connector.CoyoteAdapter.service(CoyoteAdapter.java:502)
	at org.apache.coyote.http11.AbstractHttp11Processor.process(AbstractHttp11Processor.java:1152)
	at org.apache.coyote.AbstractProtocol$AbstractConnectionHandler.process(AbstractProtocol.java:684)
	at org.apache.tomcat.util.net.AprEndpoint$SocketProcessor.doRun(AprEndpoint.java:2527)
	at org.apache.tomcat.util.net.AprEndpoint$SocketProcessor.run(AprEndpoint.java:2516)
	at java.util.concurrent.ThreadPoolExecutor.runWorker(ThreadPoolExecutor.java:1149)
	at java.util.concurrent.ThreadPoolExecutor$Worker.run(ThreadPoolExecutor.java:624)
	at org.apache.tomcat.util.threads.TaskThread$WrappingRunnable.run(TaskThread.java:61)
	at java.lang.Thread.run(Thread.java:748)

17-Feb-2021 09:18:12.562 SEVERE [http-apr-6060-exec-15] org.apache.catalina.core.StandardWrapperValve.invoke Servlet.service() for servlet [sygealoc] in context with path [/sygealoc] threw exception [An exception occurred processing JSP page /WEB-INF/sygealoc/impression.jsp at line 107

104:                     <h2>FACTURE</h2>
105:                     <p class="pb-sm-3"># <%=ID%> 
106:                         <br/>Remis &agrave; <%=NOMCOMPLET%> habitant à <%=ADRESSE%>
107:                         <br/>Enregistr&eacute; le <%=MyDate.convert(dateCreation).replace(" ", " à ")%> 
108:                         <%if(dateModification != null){%><br/>Modifi&eacute; le <%=MyDate.convert(dateModification).replace(" ", " à ")%><%}%>
109:                         <br/>Imprim&eacute; le <%=MyDate.current_fr().replace(" ", " à ")%>
110:                         


Stacktrace:] with root cause
 java.time.format.DateTimeParseException: Text '2021-02-04 14:10:49' could not be parsed at index 10
	at java.time.format.DateTimeFormatter.parseResolved0(DateTimeFormatter.java:1949)
	at java.time.format.DateTimeFormatter.parse(DateTimeFormatter.java:1851)
	at java.time.LocalDateTime.parse(LocalDateTime.java:492)
	at java.time.LocalDateTime.parse(LocalDateTime.java:477)
	at supernova.pfe.tool.MyDate.convert(MyDate.java:33)
	at org.apache.jsp.WEB_002dINF.sygealoc.impression_jsp._jspService(impression_jsp.java:604)
	at org.apache.jasper.runtime.HttpJspBase.service(HttpJspBase.java:70)
	at javax.servlet.http.HttpServlet.service(HttpServlet.java:729)
	at org.apache.jasper.servlet.JspServletWrapper.service(JspServletWrapper.java:438)
	at org.apache.jasper.servlet.JspServlet.serviceJspFile(JspServlet.java:396)
	at org.apache.jasper.servlet.JspServlet.service(JspServlet.java:340)
	at javax.servlet.http.HttpServlet.service(HttpServlet.java:729)
	at org.apache.catalina.core.ApplicationFilterChain.internalDoFilter(ApplicationFilterChain.java:292)
	at org.apache.catalina.core.ApplicationFilterChain.doFilter(ApplicationFilterChain.java:207)
	at org.apache.tomcat.websocket.server.WsFilter.doFilter(WsFilter.java:52)
	at org.apache.catalina.core.ApplicationFilterChain.internalDoFilter(ApplicationFilterChain.java:240)
	at org.apache.catalina.core.ApplicationFilterChain.doFilter(ApplicationFilterChain.java:207)
	at org.apache.catalina.core.ApplicationDispatcher.invoke(ApplicationDispatcher.java:716)
	at org.apache.catalina.core.ApplicationDispatcher.processRequest(ApplicationDispatcher.java:466)
	at org.apache.catalina.core.ApplicationDispatcher.doForward(ApplicationDispatcher.java:391)
	at org.apache.catalina.core.ApplicationDispatcher.forward(ApplicationDispatcher.java:318)
	at org.springframework.web.servlet.view.InternalResourceView.renderMergedOutputModel(InternalResourceView.java:209)
	at org.springframework.web.servlet.view.AbstractView.render(AbstractView.java:266)
	at org.springframework.web.servlet.DispatcherServlet.render(DispatcherServlet.java:1225)
	at org.springframework.web.servlet.DispatcherServlet.processDispatchResult(DispatcherServlet.java:1012)
	at org.springframework.web.servlet.DispatcherServlet.doDispatch(DispatcherServlet.java:959)
	at org.springframework.web.servlet.DispatcherServlet.doService(DispatcherServlet.java:876)
	at org.springframework.web.servlet.FrameworkServlet.processRequest(FrameworkServlet.java:961)
	at org.springframework.web.servlet.FrameworkServlet.doPost(FrameworkServlet.java:863)
	at javax.servlet.http.HttpServlet.service(HttpServlet.java:648)
	at org.springframework.web.servlet.FrameworkServlet.service(FrameworkServlet.java:837)
	at javax.servlet.http.HttpServlet.service(HttpServlet.java:729)
	at org.apache.catalina.core.ApplicationFilterChain.internalDoFilter(ApplicationFilterChain.java:292)
	at org.apache.catalina.core.ApplicationFilterChain.doFilter(ApplicationFilterChain.java:207)
	at org.apache.tomcat.websocket.server.WsFilter.doFilter(WsFilter.java:52)
	at org.apache.catalina.core.ApplicationFilterChain.internalDoFilter(ApplicationFilterChain.java:240)
	at org.apache.catalina.core.ApplicationFilterChain.doFilter(ApplicationFilterChain.java:207)
	at org.apache.catalina.core.StandardWrapperValve.invoke(StandardWrapperValve.java:212)
	at org.apache.catalina.core.StandardContextValve.invoke(StandardContextValve.java:94)
	at org.apache.catalina.authenticator.AuthenticatorBase.invoke(AuthenticatorBase.java:492)
	at org.apache.catalina.core.StandardHostValve.invoke(StandardHostValve.java:141)
	at org.apache.catalina.valves.ErrorReportValve.invoke(ErrorReportValve.java:80)
	at org.apache.catalina.valves.AbstractAccessLogValve.invoke(AbstractAccessLogValve.java:620)
	at org.apache.catalina.core.StandardEngineValve.invoke(StandardEngineValve.java:88)
	at org.apache.catalina.connector.CoyoteAdapter.service(CoyoteAdapter.java:502)
	at org.apache.coyote.http11.AbstractHttp11Processor.process(AbstractHttp11Processor.java:1152)
	at org.apache.coyote.AbstractProtocol$AbstractConnectionHandler.process(AbstractProtocol.java:684)
	at org.apache.tomcat.util.net.AprEndpoint$SocketProcessor.doRun(AprEndpoint.java:2527)
	at org.apache.tomcat.util.net.AprEndpoint$SocketProcessor.run(AprEndpoint.java:2516)
	at java.util.concurrent.ThreadPoolExecutor.runWorker(ThreadPoolExecutor.java:1149)
	at java.util.concurrent.ThreadPoolExecutor$Worker.run(ThreadPoolExecutor.java:624)
	at org.apache.tomcat.util.threads.TaskThread$WrappingRunnable.run(TaskThread.java:61)
	at java.lang.Thread.run(Thread.java:748)

17-Feb-2021 09:23:13.413 INFO [http-apr-6060-exec-19] org.apache.catalina.core.ApplicationContext.log Destroying Spring FrameworkServlet 'sygealoc'
17-Feb-2021 09:23:13.435 WARNING [http-apr-6060-exec-19] org.apache.catalina.session.StandardSession.doWriteObject Cannot serialize session attribute rights for session EF23C8FA5294572EB7860CB7A78C30EF
 java.io.NotSerializableException: supernova.pfe.model.UserPermission
	at java.io.ObjectOutputStream.writeObject0(ObjectOutputStream.java:1184)
	at java.io.ObjectOutputStream.writeObject(ObjectOutputStream.java:348)
	at java.util.ArrayList.writeObject(ArrayList.java:768)
	at sun.reflect.NativeMethodAccessorImpl.invoke0(Native Method)
	at sun.reflect.NativeMethodAccessorImpl.invoke(NativeMethodAccessorImpl.java:62)
	at sun.reflect.DelegatingMethodAccessorImpl.invoke(DelegatingMethodAccessorImpl.java:43)
	at java.lang.reflect.Method.invoke(Method.java:498)
	at java.io.ObjectStreamClass.invokeWriteObject(ObjectStreamClass.java:1155)
	at java.io.ObjectOutputStream.writeSerialData(ObjectOutputStream.java:1496)
	at java.io.ObjectOutputStream.writeOrdinaryObject(ObjectOutputStream.java:1432)
	at java.io.ObjectOutputStream.writeObject0(ObjectOutputStream.java:1178)
	at java.io.ObjectOutputStream.writeObject(ObjectOutputStream.java:348)
	at org.apache.catalina.session.StandardSession.doWriteObject(StandardSession.java:1715)
	at org.apache.catalina.session.StandardSession.writeObjectData(StandardSession.java:1107)
	at org.apache.catalina.session.StandardManager.doUnload(StandardManager.java:315)
	at org.apache.catalina.session.StandardManager.unload(StandardManager.java:265)
	at org.apache.catalina.session.StandardManager.stopInternal(StandardManager.java:384)
	at org.apache.catalina.util.LifecycleBase.stop(LifecycleBase.java:221)
	at org.apache.catalina.core.StandardContext.stopInternal(StandardContext.java:5582)
	at org.apache.catalina.util.LifecycleBase.stop(LifecycleBase.java:221)
	at org.apache.catalina.core.StandardContext.reload(StandardContext.java:3900)
	at org.apache.catalina.manager.ManagerServlet.reload(ManagerServlet.java:1007)
	at org.apache.catalina.manager.ManagerServlet.doGet(ManagerServlet.java:351)
	at javax.servlet.http.HttpServlet.service(HttpServlet.java:622)
	at javax.servlet.http.HttpServlet.service(HttpServlet.java:729)
	at org.apache.catalina.core.ApplicationFilterChain.internalDoFilter(ApplicationFilterChain.java:292)
	at org.apache.catalina.core.ApplicationFilterChain.doFilter(ApplicationFilterChain.java:207)
	at org.apache.tomcat.websocket.server.WsFilter.doFilter(WsFilter.java:52)
	at org.apache.catalina.core.ApplicationFilterChain.internalDoFilter(ApplicationFilterChain.java:240)
	at org.apache.catalina.core.ApplicationFilterChain.doFilter(ApplicationFilterChain.java:207)
	at org.apache.catalina.filters.SetCharacterEncodingFilter.doFilter(SetCharacterEncodingFilter.java:109)
	at org.apache.catalina.core.ApplicationFilterChain.internalDoFilter(ApplicationFilterChain.java:240)
	at org.apache.catalina.core.ApplicationFilterChain.doFilter(ApplicationFilterChain.java:207)
	at org.apache.catalina.core.StandardWrapperValve.invoke(StandardWrapperValve.java:212)
	at org.apache.catalina.core.StandardContextValve.invoke(StandardContextValve.java:94)
	at org.apache.catalina.authenticator.AuthenticatorBase.invoke(AuthenticatorBase.java:604)
	at org.apache.catalina.valves.RequestFilterValve.process(RequestFilterValve.java:342)
	at org.apache.catalina.valves.RemoteAddrValve.invoke(RemoteAddrValve.java:52)
	at org.apache.catalina.core.StandardHostValve.invoke(StandardHostValve.java:141)
	at org.apache.catalina.valves.ErrorReportValve.invoke(ErrorReportValve.java:80)
	at org.apache.catalina.valves.AbstractAccessLogValve.invoke(AbstractAccessLogValve.java:620)
	at org.apache.catalina.core.StandardEngineValve.invoke(StandardEngineValve.java:88)
	at org.apache.catalina.connector.CoyoteAdapter.service(CoyoteAdapter.java:502)
	at org.apache.coyote.http11.AbstractHttp11Processor.process(AbstractHttp11Processor.java:1152)
	at org.apache.coyote.AbstractProtocol$AbstractConnectionHandler.process(AbstractProtocol.java:684)
	at org.apache.tomcat.util.net.AprEndpoint$SocketProcessor.doRun(AprEndpoint.java:2527)
	at org.apache.tomcat.util.net.AprEndpoint$SocketProcessor.run(AprEndpoint.java:2516)
	at java.util.concurrent.ThreadPoolExecutor.runWorker(ThreadPoolExecutor.java:1149)
	at java.util.concurrent.ThreadPoolExecutor$Worker.run(ThreadPoolExecutor.java:624)
	at org.apache.tomcat.util.threads.TaskThread$WrappingRunnable.run(TaskThread.java:61)
	at java.lang.Thread.run(Thread.java:748)

17-Feb-2021 09:23:13.437 INFO [http-apr-6060-exec-19] org.apache.catalina.core.ApplicationContext.log Closing Spring root WebApplicationContext
17-Feb-2021 09:23:14.972 INFO [http-apr-6060-exec-19] org.apache.catalina.core.ApplicationContext.log No Spring WebApplicationInitializer types detected on classpath
17-Feb-2021 09:23:14.998 INFO [http-apr-6060-exec-19] org.apache.catalina.core.ApplicationContext.log Initializing Spring root WebApplicationContext
17-Feb-2021 09:23:15.229 WARNING [http-apr-6060-exec-19] org.apache.catalina.session.StandardSession.doReadObject Cannot deserialize session attribute rights for session EF23C8FA5294572EB7860CB7A78C30EF
17-Feb-2021 09:23:15.253 INFO [http-apr-6060-exec-19] org.apache.catalina.core.ApplicationContext.log Initializing Spring FrameworkServlet 'sygealoc'
17-Feb-2021 09:24:04.307 INFO [http-apr-6060-exec-12] org.apache.catalina.core.ApplicationContext.log Destroying Spring FrameworkServlet 'sygealoc'
17-Feb-2021 09:24:04.310 INFO [http-apr-6060-exec-12] org.apache.catalina.core.ApplicationContext.log Closing Spring root WebApplicationContext
17-Feb-2021 09:24:05.526 INFO [http-apr-6060-exec-12] org.apache.catalina.core.ApplicationContext.log No Spring WebApplicationInitializer types detected on classpath
17-Feb-2021 09:24:05.558 INFO [http-apr-6060-exec-12] org.apache.catalina.core.ApplicationContext.log Initializing Spring root WebApplicationContext
17-Feb-2021 09:24:05.825 INFO [http-apr-6060-exec-12] org.apache.catalina.core.ApplicationContext.log Initializing Spring FrameworkServlet 'sygealoc'
17-Feb-2021 09:24:14.783 INFO [http-apr-6060-exec-20] org.apache.catalina.core.ApplicationContext.log Destroying Spring FrameworkServlet 'sygealoc'
17-Feb-2021 09:24:14.787 INFO [http-apr-6060-exec-20] org.apache.catalina.core.ApplicationContext.log Closing Spring root WebApplicationContext
17-Feb-2021 09:24:16.804 INFO [http-apr-6060-exec-24] org.apache.catalina.core.ApplicationContext.log No Spring WebApplicationInitializer types detected on classpath
17-Feb-2021 09:24:16.829 INFO [http-apr-6060-exec-24] org.apache.catalina.core.ApplicationContext.log Initializing Spring root WebApplicationContext
17-Feb-2021 09:24:17.070 INFO [http-apr-6060-exec-24] org.apache.catalina.core.ApplicationContext.log Initializing Spring FrameworkServlet 'sygealoc'
17-Feb-2021 09:24:23.564 SEVERE [http-apr-6060-exec-21] org.apache.catalina.core.ApplicationDispatcher.invoke Servlet.service() for servlet jsp threw exception
 java.time.format.DateTimeParseException: Text '04-02-2021 14:10:49' could not be parsed at index 0
	at java.time.format.DateTimeFormatter.parseResolved0(DateTimeFormatter.java:1949)
	at java.time.format.DateTimeFormatter.parse(DateTimeFormatter.java:1851)
	at java.time.LocalDateTime.parse(LocalDateTime.java:492)
	at java.time.LocalDateTime.parse(LocalDateTime.java:477)
	at supernova.pfe.tool.MyDate.convert(MyDate.java:37)
	at org.apache.jsp.WEB_002dINF.sygealoc.impression_jsp._jspService(impression_jsp.java:604)
	at org.apache.jasper.runtime.HttpJspBase.service(HttpJspBase.java:70)
	at javax.servlet.http.HttpServlet.service(HttpServlet.java:729)
	at org.apache.jasper.servlet.JspServletWrapper.service(JspServletWrapper.java:438)
	at org.apache.jasper.servlet.JspServlet.serviceJspFile(JspServlet.java:396)
	at org.apache.jasper.servlet.JspServlet.service(JspServlet.java:340)
	at javax.servlet.http.HttpServlet.service(HttpServlet.java:729)
	at org.apache.catalina.core.ApplicationFilterChain.internalDoFilter(ApplicationFilterChain.java:292)
	at org.apache.catalina.core.ApplicationFilterChain.doFilter(ApplicationFilterChain.java:207)
	at org.apache.tomcat.websocket.server.WsFilter.doFilter(WsFilter.java:52)
	at org.apache.catalina.core.ApplicationFilterChain.internalDoFilter(ApplicationFilterChain.java:240)
	at org.apache.catalina.core.ApplicationFilterChain.doFilter(ApplicationFilterChain.java:207)
	at org.apache.catalina.core.ApplicationDispatcher.invoke(ApplicationDispatcher.java:716)
	at org.apache.catalina.core.ApplicationDispatcher.processRequest(ApplicationDispatcher.java:466)
	at org.apache.catalina.core.ApplicationDispatcher.doForward(ApplicationDispatcher.java:391)
	at org.apache.catalina.core.ApplicationDispatcher.forward(ApplicationDispatcher.java:318)
	at org.springframework.web.servlet.view.InternalResourceView.renderMergedOutputModel(InternalResourceView.java:209)
	at org.springframework.web.servlet.view.AbstractView.render(AbstractView.java:266)
	at org.springframework.web.servlet.DispatcherServlet.render(DispatcherServlet.java:1225)
	at org.springframework.web.servlet.DispatcherServlet.processDispatchResult(DispatcherServlet.java:1012)
	at org.springframework.web.servlet.DispatcherServlet.doDispatch(DispatcherServlet.java:959)
	at org.springframework.web.servlet.DispatcherServlet.doService(DispatcherServlet.java:876)
	at org.springframework.web.servlet.FrameworkServlet.processRequest(FrameworkServlet.java:961)
	at org.springframework.web.servlet.FrameworkServlet.doPost(FrameworkServlet.java:863)
	at javax.servlet.http.HttpServlet.service(HttpServlet.java:648)
	at org.springframework.web.servlet.FrameworkServlet.service(FrameworkServlet.java:837)
	at javax.servlet.http.HttpServlet.service(HttpServlet.java:729)
	at org.apache.catalina.core.ApplicationFilterChain.internalDoFilter(ApplicationFilterChain.java:292)
	at org.apache.catalina.core.ApplicationFilterChain.doFilter(ApplicationFilterChain.java:207)
	at org.apache.tomcat.websocket.server.WsFilter.doFilter(WsFilter.java:52)
	at org.apache.catalina.core.ApplicationFilterChain.internalDoFilter(ApplicationFilterChain.java:240)
	at org.apache.catalina.core.ApplicationFilterChain.doFilter(ApplicationFilterChain.java:207)
	at org.apache.catalina.core.StandardWrapperValve.invoke(StandardWrapperValve.java:212)
	at org.apache.catalina.core.StandardContextValve.invoke(StandardContextValve.java:94)
	at org.apache.catalina.authenticator.AuthenticatorBase.invoke(AuthenticatorBase.java:492)
	at org.apache.catalina.core.StandardHostValve.invoke(StandardHostValve.java:141)
	at org.apache.catalina.valves.ErrorReportValve.invoke(ErrorReportValve.java:80)
	at org.apache.catalina.valves.AbstractAccessLogValve.invoke(AbstractAccessLogValve.java:620)
	at org.apache.catalina.core.StandardEngineValve.invoke(StandardEngineValve.java:88)
	at org.apache.catalina.connector.CoyoteAdapter.service(CoyoteAdapter.java:502)
	at org.apache.coyote.http11.AbstractHttp11Processor.process(AbstractHttp11Processor.java:1152)
	at org.apache.coyote.AbstractProtocol$AbstractConnectionHandler.process(AbstractProtocol.java:684)
	at org.apache.tomcat.util.net.AprEndpoint$SocketProcessor.doRun(AprEndpoint.java:2527)
	at org.apache.tomcat.util.net.AprEndpoint$SocketProcessor.run(AprEndpoint.java:2516)
	at java.util.concurrent.ThreadPoolExecutor.runWorker(ThreadPoolExecutor.java:1149)
	at java.util.concurrent.ThreadPoolExecutor$Worker.run(ThreadPoolExecutor.java:624)
	at org.apache.tomcat.util.threads.TaskThread$WrappingRunnable.run(TaskThread.java:61)
	at java.lang.Thread.run(Thread.java:748)

17-Feb-2021 09:24:23.565 SEVERE [http-apr-6060-exec-21] org.apache.catalina.core.StandardWrapperValve.invoke Servlet.service() for servlet [sygealoc] in context with path [/sygealoc] threw exception [An exception occurred processing JSP page /WEB-INF/sygealoc/impression.jsp at line 107

104:                     <h2>FACTURE</h2>
105:                     <p class="pb-sm-3"># <%=ID%> 
106:                         <br/>Remis &agrave; <%=NOMCOMPLET%> habitant à <%=ADRESSE%>
107:                         <br/>Enregistr&eacute; le <%=MyDate.convert(dateCreation).replace(" ", " à ")%> 
108:                         <%if(dateModification != null){%><br/>Modifi&eacute; le <%=MyDate.convert(dateModification).replace(" ", " à ")%><%}%>
109:                         <br/>Imprim&eacute; le <%=MyDate.current_fr().replace(" ", " à ")%>
110:                         


Stacktrace:] with root cause
 java.time.format.DateTimeParseException: Text '04-02-2021 14:10:49' could not be parsed at index 0
	at java.time.format.DateTimeFormatter.parseResolved0(DateTimeFormatter.java:1949)
	at java.time.format.DateTimeFormatter.parse(DateTimeFormatter.java:1851)
	at java.time.LocalDateTime.parse(LocalDateTime.java:492)
	at java.time.LocalDateTime.parse(LocalDateTime.java:477)
	at supernova.pfe.tool.MyDate.convert(MyDate.java:37)
	at org.apache.jsp.WEB_002dINF.sygealoc.impression_jsp._jspService(impression_jsp.java:604)
	at org.apache.jasper.runtime.HttpJspBase.service(HttpJspBase.java:70)
	at javax.servlet.http.HttpServlet.service(HttpServlet.java:729)
	at org.apache.jasper.servlet.JspServletWrapper.service(JspServletWrapper.java:438)
	at org.apache.jasper.servlet.JspServlet.serviceJspFile(JspServlet.java:396)
	at org.apache.jasper.servlet.JspServlet.service(JspServlet.java:340)
	at javax.servlet.http.HttpServlet.service(HttpServlet.java:729)
	at org.apache.catalina.core.ApplicationFilterChain.internalDoFilter(ApplicationFilterChain.java:292)
	at org.apache.catalina.core.ApplicationFilterChain.doFilter(ApplicationFilterChain.java:207)
	at org.apache.tomcat.websocket.server.WsFilter.doFilter(WsFilter.java:52)
	at org.apache.catalina.core.ApplicationFilterChain.internalDoFilter(ApplicationFilterChain.java:240)
	at org.apache.catalina.core.ApplicationFilterChain.doFilter(ApplicationFilterChain.java:207)
	at org.apache.catalina.core.ApplicationDispatcher.invoke(ApplicationDispatcher.java:716)
	at org.apache.catalina.core.ApplicationDispatcher.processRequest(ApplicationDispatcher.java:466)
	at org.apache.catalina.core.ApplicationDispatcher.doForward(ApplicationDispatcher.java:391)
	at org.apache.catalina.core.ApplicationDispatcher.forward(ApplicationDispatcher.java:318)
	at org.springframework.web.servlet.view.InternalResourceView.renderMergedOutputModel(InternalResourceView.java:209)
	at org.springframework.web.servlet.view.AbstractView.render(AbstractView.java:266)
	at org.springframework.web.servlet.DispatcherServlet.render(DispatcherServlet.java:1225)
	at org.springframework.web.servlet.DispatcherServlet.processDispatchResult(DispatcherServlet.java:1012)
	at org.springframework.web.servlet.DispatcherServlet.doDispatch(DispatcherServlet.java:959)
	at org.springframework.web.servlet.DispatcherServlet.doService(DispatcherServlet.java:876)
	at org.springframework.web.servlet.FrameworkServlet.processRequest(FrameworkServlet.java:961)
	at org.springframework.web.servlet.FrameworkServlet.doPost(FrameworkServlet.java:863)
	at javax.servlet.http.HttpServlet.service(HttpServlet.java:648)
	at org.springframework.web.servlet.FrameworkServlet.service(FrameworkServlet.java:837)
	at javax.servlet.http.HttpServlet.service(HttpServlet.java:729)
	at org.apache.catalina.core.ApplicationFilterChain.internalDoFilter(ApplicationFilterChain.java:292)
	at org.apache.catalina.core.ApplicationFilterChain.doFilter(ApplicationFilterChain.java:207)
	at org.apache.tomcat.websocket.server.WsFilter.doFilter(WsFilter.java:52)
	at org.apache.catalina.core.ApplicationFilterChain.internalDoFilter(ApplicationFilterChain.java:240)
	at org.apache.catalina.core.ApplicationFilterChain.doFilter(ApplicationFilterChain.java:207)
	at org.apache.catalina.core.StandardWrapperValve.invoke(StandardWrapperValve.java:212)
	at org.apache.catalina.core.StandardContextValve.invoke(StandardContextValve.java:94)
	at org.apache.catalina.authenticator.AuthenticatorBase.invoke(AuthenticatorBase.java:492)
	at org.apache.catalina.core.StandardHostValve.invoke(StandardHostValve.java:141)
	at org.apache.catalina.valves.ErrorReportValve.invoke(ErrorReportValve.java:80)
	at org.apache.catalina.valves.AbstractAccessLogValve.invoke(AbstractAccessLogValve.java:620)
	at org.apache.catalina.core.StandardEngineValve.invoke(StandardEngineValve.java:88)
	at org.apache.catalina.connector.CoyoteAdapter.service(CoyoteAdapter.java:502)
	at org.apache.coyote.http11.AbstractHttp11Processor.process(AbstractHttp11Processor.java:1152)
	at org.apache.coyote.AbstractProtocol$AbstractConnectionHandler.process(AbstractProtocol.java:684)
	at org.apache.tomcat.util.net.AprEndpoint$SocketProcessor.doRun(AprEndpoint.java:2527)
	at org.apache.tomcat.util.net.AprEndpoint$SocketProcessor.run(AprEndpoint.java:2516)
	at java.util.concurrent.ThreadPoolExecutor.runWorker(ThreadPoolExecutor.java:1149)
	at java.util.concurrent.ThreadPoolExecutor$Worker.run(ThreadPoolExecutor.java:624)
	at org.apache.tomcat.util.threads.TaskThread$WrappingRunnable.run(TaskThread.java:61)
	at java.lang.Thread.run(Thread.java:748)

17-Feb-2021 09:25:16.044 INFO [http-apr-6060-exec-21] org.apache.catalina.core.ApplicationContext.log Destroying Spring FrameworkServlet 'sygealoc'
17-Feb-2021 09:25:16.085 WARNING [http-apr-6060-exec-21] org.apache.catalina.session.StandardSession.doWriteObject Cannot serialize session attribute rights for session 4FF0F62E1BB8E992ADDA4D9A34CE6F47
 java.io.NotSerializableException: supernova.pfe.model.UserPermission
	at java.io.ObjectOutputStream.writeObject0(ObjectOutputStream.java:1184)
	at java.io.ObjectOutputStream.writeObject(ObjectOutputStream.java:348)
	at java.util.ArrayList.writeObject(ArrayList.java:768)
	at sun.reflect.NativeMethodAccessorImpl.invoke0(Native Method)
	at sun.reflect.NativeMethodAccessorImpl.invoke(NativeMethodAccessorImpl.java:62)
	at sun.reflect.DelegatingMethodAccessorImpl.invoke(DelegatingMethodAccessorImpl.java:43)
	at java.lang.reflect.Method.invoke(Method.java:498)
	at java.io.ObjectStreamClass.invokeWriteObject(ObjectStreamClass.java:1155)
	at java.io.ObjectOutputStream.writeSerialData(ObjectOutputStream.java:1496)
	at java.io.ObjectOutputStream.writeOrdinaryObject(ObjectOutputStream.java:1432)
	at java.io.ObjectOutputStream.writeObject0(ObjectOutputStream.java:1178)
	at java.io.ObjectOutputStream.writeObject(ObjectOutputStream.java:348)
	at org.apache.catalina.session.StandardSession.doWriteObject(StandardSession.java:1715)
	at org.apache.catalina.session.StandardSession.writeObjectData(StandardSession.java:1107)
	at org.apache.catalina.session.StandardManager.doUnload(StandardManager.java:315)
	at org.apache.catalina.session.StandardManager.unload(StandardManager.java:265)
	at org.apache.catalina.session.StandardManager.stopInternal(StandardManager.java:384)
	at org.apache.catalina.util.LifecycleBase.stop(LifecycleBase.java:221)
	at org.apache.catalina.core.StandardContext.stopInternal(StandardContext.java:5582)
	at org.apache.catalina.util.LifecycleBase.stop(LifecycleBase.java:221)
	at org.apache.catalina.core.StandardContext.reload(StandardContext.java:3900)
	at org.apache.catalina.manager.ManagerServlet.reload(ManagerServlet.java:1007)
	at org.apache.catalina.manager.ManagerServlet.doGet(ManagerServlet.java:351)
	at javax.servlet.http.HttpServlet.service(HttpServlet.java:622)
	at javax.servlet.http.HttpServlet.service(HttpServlet.java:729)
	at org.apache.catalina.core.ApplicationFilterChain.internalDoFilter(ApplicationFilterChain.java:292)
	at org.apache.catalina.core.ApplicationFilterChain.doFilter(ApplicationFilterChain.java:207)
	at org.apache.tomcat.websocket.server.WsFilter.doFilter(WsFilter.java:52)
	at org.apache.catalina.core.ApplicationFilterChain.internalDoFilter(ApplicationFilterChain.java:240)
	at org.apache.catalina.core.ApplicationFilterChain.doFilter(ApplicationFilterChain.java:207)
	at org.apache.catalina.filters.SetCharacterEncodingFilter.doFilter(SetCharacterEncodingFilter.java:109)
	at org.apache.catalina.core.ApplicationFilterChain.internalDoFilter(ApplicationFilterChain.java:240)
	at org.apache.catalina.core.ApplicationFilterChain.doFilter(ApplicationFilterChain.java:207)
	at org.apache.catalina.core.StandardWrapperValve.invoke(StandardWrapperValve.java:212)
	at org.apache.catalina.core.StandardContextValve.invoke(StandardContextValve.java:94)
	at org.apache.catalina.authenticator.AuthenticatorBase.invoke(AuthenticatorBase.java:604)
	at org.apache.catalina.valves.RequestFilterValve.process(RequestFilterValve.java:342)
	at org.apache.catalina.valves.RemoteAddrValve.invoke(RemoteAddrValve.java:52)
	at org.apache.catalina.core.StandardHostValve.invoke(StandardHostValve.java:141)
	at org.apache.catalina.valves.ErrorReportValve.invoke(ErrorReportValve.java:80)
	at org.apache.catalina.valves.AbstractAccessLogValve.invoke(AbstractAccessLogValve.java:620)
	at org.apache.catalina.core.StandardEngineValve.invoke(StandardEngineValve.java:88)
	at org.apache.catalina.connector.CoyoteAdapter.service(CoyoteAdapter.java:502)
	at org.apache.coyote.http11.AbstractHttp11Processor.process(AbstractHttp11Processor.java:1152)
	at org.apache.coyote.AbstractProtocol$AbstractConnectionHandler.process(AbstractProtocol.java:684)
	at org.apache.tomcat.util.net.AprEndpoint$SocketProcessor.doRun(AprEndpoint.java:2527)
	at org.apache.tomcat.util.net.AprEndpoint$SocketProcessor.run(AprEndpoint.java:2516)
	at java.util.concurrent.ThreadPoolExecutor.runWorker(ThreadPoolExecutor.java:1149)
	at java.util.concurrent.ThreadPoolExecutor$Worker.run(ThreadPoolExecutor.java:624)
	at org.apache.tomcat.util.threads.TaskThread$WrappingRunnable.run(TaskThread.java:61)
	at java.lang.Thread.run(Thread.java:748)

17-Feb-2021 09:25:16.086 INFO [http-apr-6060-exec-21] org.apache.catalina.core.ApplicationContext.log Closing Spring root WebApplicationContext
17-Feb-2021 09:25:17.372 INFO [http-apr-6060-exec-21] org.apache.catalina.core.ApplicationContext.log No Spring WebApplicationInitializer types detected on classpath
17-Feb-2021 09:25:17.397 INFO [http-apr-6060-exec-21] org.apache.catalina.core.ApplicationContext.log Initializing Spring root WebApplicationContext
17-Feb-2021 09:25:17.622 WARNING [http-apr-6060-exec-21] org.apache.catalina.session.StandardSession.doReadObject Cannot deserialize session attribute rights for session 4FF0F62E1BB8E992ADDA4D9A34CE6F47
17-Feb-2021 09:25:17.642 INFO [http-apr-6060-exec-21] org.apache.catalina.core.ApplicationContext.log Initializing Spring FrameworkServlet 'sygealoc'
17-Feb-2021 09:25:25.264 INFO [http-apr-6060-exec-26] org.apache.catalina.core.ApplicationContext.log Destroying Spring FrameworkServlet 'sygealoc'
17-Feb-2021 09:25:25.267 INFO [http-apr-6060-exec-26] org.apache.catalina.core.ApplicationContext.log Closing Spring root WebApplicationContext
17-Feb-2021 09:25:26.457 INFO [http-apr-6060-exec-26] org.apache.catalina.core.ApplicationContext.log No Spring WebApplicationInitializer types detected on classpath
17-Feb-2021 09:25:26.507 INFO [http-apr-6060-exec-26] org.apache.catalina.core.ApplicationContext.log Initializing Spring root WebApplicationContext
17-Feb-2021 09:25:26.759 INFO [http-apr-6060-exec-26] org.apache.catalina.core.ApplicationContext.log Initializing Spring FrameworkServlet 'sygealoc'
17-Feb-2021 09:25:30.605 INFO [http-apr-6060-exec-34] org.apache.catalina.core.ApplicationContext.log Destroying Spring FrameworkServlet 'sygealoc'
17-Feb-2021 09:25:30.608 INFO [http-apr-6060-exec-34] org.apache.catalina.core.ApplicationContext.log Closing Spring root WebApplicationContext
17-Feb-2021 09:25:32.358 INFO [http-apr-6060-exec-25] org.apache.catalina.core.ApplicationContext.log No Spring WebApplicationInitializer types detected on classpath
17-Feb-2021 09:25:32.393 INFO [http-apr-6060-exec-25] org.apache.catalina.core.ApplicationContext.log Initializing Spring root WebApplicationContext
17-Feb-2021 09:25:32.663 INFO [http-apr-6060-exec-25] org.apache.catalina.core.ApplicationContext.log Initializing Spring FrameworkServlet 'sygealoc'
17-Feb-2021 09:28:39.773 INFO [http-apr-6060-exec-43] org.apache.catalina.core.ApplicationContext.log Destroying Spring FrameworkServlet 'sygealoc'
17-Feb-2021 09:28:39.777 WARNING [http-apr-6060-exec-43] org.apache.catalina.session.StandardSession.doWriteObject Cannot serialize session attribute rights for session A0CDC2A922656FFEE38E6A7FA84604EF
 java.io.NotSerializableException: supernova.pfe.model.UserPermission
	at java.io.ObjectOutputStream.writeObject0(ObjectOutputStream.java:1184)
	at java.io.ObjectOutputStream.writeObject(ObjectOutputStream.java:348)
	at java.util.ArrayList.writeObject(ArrayList.java:768)
	at sun.reflect.NativeMethodAccessorImpl.invoke0(Native Method)
	at sun.reflect.NativeMethodAccessorImpl.invoke(NativeMethodAccessorImpl.java:62)
	at sun.reflect.DelegatingMethodAccessorImpl.invoke(DelegatingMethodAccessorImpl.java:43)
	at java.lang.reflect.Method.invoke(Method.java:498)
	at java.io.ObjectStreamClass.invokeWriteObject(ObjectStreamClass.java:1155)
	at java.io.ObjectOutputStream.writeSerialData(ObjectOutputStream.java:1496)
	at java.io.ObjectOutputStream.writeOrdinaryObject(ObjectOutputStream.java:1432)
	at java.io.ObjectOutputStream.writeObject0(ObjectOutputStream.java:1178)
	at java.io.ObjectOutputStream.writeObject(ObjectOutputStream.java:348)
	at org.apache.catalina.session.StandardSession.doWriteObject(StandardSession.java:1715)
	at org.apache.catalina.session.StandardSession.writeObjectData(StandardSession.java:1107)
	at org.apache.catalina.session.StandardManager.doUnload(StandardManager.java:315)
	at org.apache.catalina.session.StandardManager.unload(StandardManager.java:265)
	at org.apache.catalina.session.StandardManager.stopInternal(StandardManager.java:384)
	at org.apache.catalina.util.LifecycleBase.stop(LifecycleBase.java:221)
	at org.apache.catalina.core.StandardContext.stopInternal(StandardContext.java:5582)
	at org.apache.catalina.util.LifecycleBase.stop(LifecycleBase.java:221)
	at org.apache.catalina.core.StandardContext.reload(StandardContext.java:3900)
	at org.apache.catalina.manager.ManagerServlet.reload(ManagerServlet.java:1007)
	at org.apache.catalina.manager.ManagerServlet.doGet(ManagerServlet.java:351)
	at javax.servlet.http.HttpServlet.service(HttpServlet.java:622)
	at javax.servlet.http.HttpServlet.service(HttpServlet.java:729)
	at org.apache.catalina.core.ApplicationFilterChain.internalDoFilter(ApplicationFilterChain.java:292)
	at org.apache.catalina.core.ApplicationFilterChain.doFilter(ApplicationFilterChain.java:207)
	at org.apache.tomcat.websocket.server.WsFilter.doFilter(WsFilter.java:52)
	at org.apache.catalina.core.ApplicationFilterChain.internalDoFilter(ApplicationFilterChain.java:240)
	at org.apache.catalina.core.ApplicationFilterChain.doFilter(ApplicationFilterChain.java:207)
	at org.apache.catalina.filters.SetCharacterEncodingFilter.doFilter(SetCharacterEncodingFilter.java:109)
	at org.apache.catalina.core.ApplicationFilterChain.internalDoFilter(ApplicationFilterChain.java:240)
	at org.apache.catalina.core.ApplicationFilterChain.doFilter(ApplicationFilterChain.java:207)
	at org.apache.catalina.core.StandardWrapperValve.invoke(StandardWrapperValve.java:212)
	at org.apache.catalina.core.StandardContextValve.invoke(StandardContextValve.java:94)
	at org.apache.catalina.authenticator.AuthenticatorBase.invoke(AuthenticatorBase.java:604)
	at org.apache.catalina.valves.RequestFilterValve.process(RequestFilterValve.java:342)
	at org.apache.catalina.valves.RemoteAddrValve.invoke(RemoteAddrValve.java:52)
	at org.apache.catalina.core.StandardHostValve.invoke(StandardHostValve.java:141)
	at org.apache.catalina.valves.ErrorReportValve.invoke(ErrorReportValve.java:80)
	at org.apache.catalina.valves.AbstractAccessLogValve.invoke(AbstractAccessLogValve.java:620)
	at org.apache.catalina.core.StandardEngineValve.invoke(StandardEngineValve.java:88)
	at org.apache.catalina.connector.CoyoteAdapter.service(CoyoteAdapter.java:502)
	at org.apache.coyote.http11.AbstractHttp11Processor.process(AbstractHttp11Processor.java:1152)
	at org.apache.coyote.AbstractProtocol$AbstractConnectionHandler.process(AbstractProtocol.java:684)
	at org.apache.tomcat.util.net.AprEndpoint$SocketProcessor.doRun(AprEndpoint.java:2527)
	at org.apache.tomcat.util.net.AprEndpoint$SocketProcessor.run(AprEndpoint.java:2516)
	at java.util.concurrent.ThreadPoolExecutor.runWorker(ThreadPoolExecutor.java:1149)
	at java.util.concurrent.ThreadPoolExecutor$Worker.run(ThreadPoolExecutor.java:624)
	at org.apache.tomcat.util.threads.TaskThread$WrappingRunnable.run(TaskThread.java:61)
	at java.lang.Thread.run(Thread.java:748)

17-Feb-2021 09:28:39.778 INFO [http-apr-6060-exec-43] org.apache.catalina.core.ApplicationContext.log Closing Spring root WebApplicationContext
17-Feb-2021 09:28:41.039 INFO [http-apr-6060-exec-43] org.apache.catalina.core.ApplicationContext.log No Spring WebApplicationInitializer types detected on classpath
17-Feb-2021 09:28:41.066 INFO [http-apr-6060-exec-43] org.apache.catalina.core.ApplicationContext.log Initializing Spring root WebApplicationContext
17-Feb-2021 09:28:41.347 WARNING [http-apr-6060-exec-43] org.apache.catalina.session.StandardSession.doReadObject Cannot deserialize session attribute rights for session A0CDC2A922656FFEE38E6A7FA84604EF
17-Feb-2021 09:28:41.365 INFO [http-apr-6060-exec-43] org.apache.catalina.core.ApplicationContext.log Initializing Spring FrameworkServlet 'sygealoc'
17-Feb-2021 09:28:56.148 INFO [http-apr-6060-exec-42] org.apache.catalina.core.ApplicationContext.log Destroying Spring FrameworkServlet 'sygealoc'
17-Feb-2021 09:28:56.152 INFO [http-apr-6060-exec-42] org.apache.catalina.core.ApplicationContext.log Closing Spring root WebApplicationContext
17-Feb-2021 09:28:57.397 INFO [http-apr-6060-exec-42] org.apache.catalina.core.ApplicationContext.log No Spring WebApplicationInitializer types detected on classpath
17-Feb-2021 09:28:57.423 INFO [http-apr-6060-exec-42] org.apache.catalina.core.ApplicationContext.log Initializing Spring root WebApplicationContext
17-Feb-2021 09:28:57.666 INFO [http-apr-6060-exec-42] org.apache.catalina.core.ApplicationContext.log Initializing Spring FrameworkServlet 'sygealoc'
17-Feb-2021 09:29:18.958 INFO [http-apr-6060-exec-40] org.apache.catalina.core.ApplicationContext.log Destroying Spring FrameworkServlet 'sygealoc'
17-Feb-2021 09:29:18.965 INFO [http-apr-6060-exec-40] org.apache.catalina.core.ApplicationContext.log Closing Spring root WebApplicationContext
17-Feb-2021 09:29:20.195 INFO [http-apr-6060-exec-40] org.apache.catalina.core.ApplicationContext.log No Spring WebApplicationInitializer types detected on classpath
17-Feb-2021 09:29:20.222 INFO [http-apr-6060-exec-40] org.apache.catalina.core.ApplicationContext.log Initializing Spring root WebApplicationContext
17-Feb-2021 09:29:20.480 INFO [http-apr-6060-exec-40] org.apache.catalina.core.ApplicationContext.log Initializing Spring FrameworkServlet 'sygealoc'
17-Feb-2021 09:29:24.180 INFO [http-apr-6060-exec-48] org.apache.catalina.core.ApplicationContext.log Destroying Spring FrameworkServlet 'sygealoc'
17-Feb-2021 09:29:24.183 INFO [http-apr-6060-exec-48] org.apache.catalina.core.ApplicationContext.log Closing Spring root WebApplicationContext
17-Feb-2021 09:29:25.394 INFO [http-apr-6060-exec-48] org.apache.catalina.core.ApplicationContext.log No Spring WebApplicationInitializer types detected on classpath
17-Feb-2021 09:29:25.419 INFO [http-apr-6060-exec-48] org.apache.catalina.core.ApplicationContext.log Initializing Spring root WebApplicationContext
17-Feb-2021 09:29:25.659 INFO [http-apr-6060-exec-48] org.apache.catalina.core.ApplicationContext.log Initializing Spring FrameworkServlet 'sygealoc'
17-Feb-2021 09:29:45.519 INFO [http-apr-6060-exec-44] org.apache.catalina.core.ApplicationContext.log Destroying Spring FrameworkServlet 'sygealoc'
17-Feb-2021 09:29:45.522 INFO [http-apr-6060-exec-44] org.apache.catalina.core.ApplicationContext.log Closing Spring root WebApplicationContext
17-Feb-2021 09:29:46.781 INFO [http-apr-6060-exec-44] org.apache.catalina.core.ApplicationContext.log No Spring WebApplicationInitializer types detected on classpath
17-Feb-2021 09:29:46.809 INFO [http-apr-6060-exec-44] org.apache.catalina.core.ApplicationContext.log Initializing Spring root WebApplicationContext
17-Feb-2021 09:29:47.070 INFO [http-apr-6060-exec-44] org.apache.catalina.core.ApplicationContext.log Initializing Spring FrameworkServlet 'sygealoc'
17-Feb-2021 09:29:47.354 INFO [http-apr-6060-exec-49] org.apache.catalina.core.ApplicationContext.log Destroying Spring FrameworkServlet 'sygealoc'
17-Feb-2021 09:29:47.357 INFO [http-apr-6060-exec-49] org.apache.catalina.core.ApplicationContext.log Closing Spring root WebApplicationContext
17-Feb-2021 09:29:48.610 INFO [http-apr-6060-exec-49] org.apache.catalina.core.ApplicationContext.log No Spring WebApplicationInitializer types detected on classpath
17-Feb-2021 09:29:48.645 INFO [http-apr-6060-exec-49] org.apache.catalina.core.ApplicationContext.log Initializing Spring root WebApplicationContext
17-Feb-2021 09:29:48.924 INFO [http-apr-6060-exec-49] org.apache.catalina.core.ApplicationContext.log Initializing Spring FrameworkServlet 'sygealoc'
17-Feb-2021 09:29:55.981 INFO [http-apr-6060-exec-47] org.apache.catalina.core.ApplicationContext.log Destroying Spring FrameworkServlet 'sygealoc'
17-Feb-2021 09:29:55.984 INFO [http-apr-6060-exec-47] org.apache.catalina.core.ApplicationContext.log Closing Spring root WebApplicationContext
17-Feb-2021 09:29:57.285 INFO [http-apr-6060-exec-47] org.apache.catalina.core.ApplicationContext.log No Spring WebApplicationInitializer types detected on classpath
17-Feb-2021 09:29:57.315 INFO [http-apr-6060-exec-47] org.apache.catalina.core.ApplicationContext.log Initializing Spring root WebApplicationContext
17-Feb-2021 09:29:57.614 INFO [http-apr-6060-exec-47] org.apache.catalina.core.ApplicationContext.log Initializing Spring FrameworkServlet 'sygealoc'
17-Feb-2021 09:30:05.287 INFO [http-apr-6060-exec-54] org.apache.catalina.core.ApplicationContext.log Destroying Spring FrameworkServlet 'sygealoc'
17-Feb-2021 09:30:05.290 INFO [http-apr-6060-exec-54] org.apache.catalina.core.ApplicationContext.log Closing Spring root WebApplicationContext
17-Feb-2021 09:30:06.657 INFO [http-apr-6060-exec-54] org.apache.catalina.core.ApplicationContext.log No Spring WebApplicationInitializer types detected on classpath
17-Feb-2021 09:30:06.685 INFO [http-apr-6060-exec-54] org.apache.catalina.core.ApplicationContext.log Initializing Spring root WebApplicationContext
17-Feb-2021 09:30:06.956 INFO [http-apr-6060-exec-54] org.apache.catalina.core.ApplicationContext.log Initializing Spring FrameworkServlet 'sygealoc'
17-Feb-2021 09:30:07.383 INFO [http-apr-6060-exec-39] org.apache.catalina.core.ApplicationContext.log Destroying Spring FrameworkServlet 'sygealoc'
17-Feb-2021 09:30:07.392 INFO [http-apr-6060-exec-39] org.apache.catalina.core.ApplicationContext.log Closing Spring root WebApplicationContext
17-Feb-2021 09:30:08.759 INFO [http-apr-6060-exec-39] org.apache.catalina.core.ApplicationContext.log No Spring WebApplicationInitializer types detected on classpath
17-Feb-2021 09:30:08.784 INFO [http-apr-6060-exec-39] org.apache.catalina.core.ApplicationContext.log Initializing Spring root WebApplicationContext
17-Feb-2021 09:30:09.050 INFO [http-apr-6060-exec-39] org.apache.catalina.core.ApplicationContext.log Initializing Spring FrameworkServlet 'sygealoc'
17-Feb-2021 09:30:46.167 INFO [http-apr-6060-exec-60] org.apache.catalina.core.ApplicationContext.log Destroying Spring FrameworkServlet 'sygealoc'
17-Feb-2021 09:30:46.171 INFO [http-apr-6060-exec-60] org.apache.catalina.core.ApplicationContext.log Closing Spring root WebApplicationContext
17-Feb-2021 09:30:48.018 INFO [http-apr-6060-exec-52] org.apache.catalina.core.ApplicationContext.log No Spring WebApplicationInitializer types detected on classpath
17-Feb-2021 09:30:48.062 INFO [http-apr-6060-exec-52] org.apache.catalina.core.ApplicationContext.log Initializing Spring root WebApplicationContext
17-Feb-2021 09:30:48.299 INFO [http-apr-6060-exec-52] org.apache.catalina.core.ApplicationContext.log Initializing Spring FrameworkServlet 'sygealoc'
17-Feb-2021 09:38:35.719 INFO [http-apr-6060-exec-67] org.apache.catalina.core.ApplicationContext.log Destroying Spring FrameworkServlet 'sygealoc'
17-Feb-2021 09:38:35.723 WARNING [http-apr-6060-exec-67] org.apache.catalina.session.StandardSession.doWriteObject Cannot serialize session attribute rights for session B03506B77C5A549DF54B91254B241899
 java.io.NotSerializableException: supernova.pfe.model.UserPermission
	at java.io.ObjectOutputStream.writeObject0(ObjectOutputStream.java:1184)
	at java.io.ObjectOutputStream.writeObject(ObjectOutputStream.java:348)
	at java.util.ArrayList.writeObject(ArrayList.java:768)
	at sun.reflect.NativeMethodAccessorImpl.invoke0(Native Method)
	at sun.reflect.NativeMethodAccessorImpl.invoke(NativeMethodAccessorImpl.java:62)
	at sun.reflect.DelegatingMethodAccessorImpl.invoke(DelegatingMethodAccessorImpl.java:43)
	at java.lang.reflect.Method.invoke(Method.java:498)
	at java.io.ObjectStreamClass.invokeWriteObject(ObjectStreamClass.java:1155)
	at java.io.ObjectOutputStream.writeSerialData(ObjectOutputStream.java:1496)
	at java.io.ObjectOutputStream.writeOrdinaryObject(ObjectOutputStream.java:1432)
	at java.io.ObjectOutputStream.writeObject0(ObjectOutputStream.java:1178)
	at java.io.ObjectOutputStream.writeObject(ObjectOutputStream.java:348)
	at org.apache.catalina.session.StandardSession.doWriteObject(StandardSession.java:1715)
	at org.apache.catalina.session.StandardSession.writeObjectData(StandardSession.java:1107)
	at org.apache.catalina.session.StandardManager.doUnload(StandardManager.java:315)
	at org.apache.catalina.session.StandardManager.unload(StandardManager.java:265)
	at org.apache.catalina.session.StandardManager.stopInternal(StandardManager.java:384)
	at org.apache.catalina.util.LifecycleBase.stop(LifecycleBase.java:221)
	at org.apache.catalina.core.StandardContext.stopInternal(StandardContext.java:5582)
	at org.apache.catalina.util.LifecycleBase.stop(LifecycleBase.java:221)
	at org.apache.catalina.manager.ManagerServlet.undeploy(ManagerServlet.java:1399)
	at org.apache.catalina.manager.ManagerServlet.doGet(ManagerServlet.java:367)
	at javax.servlet.http.HttpServlet.service(HttpServlet.java:622)
	at javax.servlet.http.HttpServlet.service(HttpServlet.java:729)
	at org.apache.catalina.core.ApplicationFilterChain.internalDoFilter(ApplicationFilterChain.java:292)
	at org.apache.catalina.core.ApplicationFilterChain.doFilter(ApplicationFilterChain.java:207)
	at org.apache.tomcat.websocket.server.WsFilter.doFilter(WsFilter.java:52)
	at org.apache.catalina.core.ApplicationFilterChain.internalDoFilter(ApplicationFilterChain.java:240)
	at org.apache.catalina.core.ApplicationFilterChain.doFilter(ApplicationFilterChain.java:207)
	at org.apache.catalina.filters.SetCharacterEncodingFilter.doFilter(SetCharacterEncodingFilter.java:109)
	at org.apache.catalina.core.ApplicationFilterChain.internalDoFilter(ApplicationFilterChain.java:240)
	at org.apache.catalina.core.ApplicationFilterChain.doFilter(ApplicationFilterChain.java:207)
	at org.apache.catalina.core.StandardWrapperValve.invoke(StandardWrapperValve.java:212)
	at org.apache.catalina.core.StandardContextValve.invoke(StandardContextValve.java:94)
	at org.apache.catalina.authenticator.AuthenticatorBase.invoke(AuthenticatorBase.java:604)
	at org.apache.catalina.valves.RequestFilterValve.process(RequestFilterValve.java:342)
	at org.apache.catalina.valves.RemoteAddrValve.invoke(RemoteAddrValve.java:52)
	at org.apache.catalina.core.StandardHostValve.invoke(StandardHostValve.java:141)
	at org.apache.catalina.valves.ErrorReportValve.invoke(ErrorReportValve.java:80)
	at org.apache.catalina.valves.AbstractAccessLogValve.invoke(AbstractAccessLogValve.java:620)
	at org.apache.catalina.core.StandardEngineValve.invoke(StandardEngineValve.java:88)
	at org.apache.catalina.connector.CoyoteAdapter.service(CoyoteAdapter.java:502)
	at org.apache.coyote.http11.AbstractHttp11Processor.process(AbstractHttp11Processor.java:1152)
	at org.apache.coyote.AbstractProtocol$AbstractConnectionHandler.process(AbstractProtocol.java:684)
	at org.apache.tomcat.util.net.AprEndpoint$SocketProcessor.doRun(AprEndpoint.java:2527)
	at org.apache.tomcat.util.net.AprEndpoint$SocketProcessor.run(AprEndpoint.java:2516)
	at java.util.concurrent.ThreadPoolExecutor.runWorker(ThreadPoolExecutor.java:1149)
	at java.util.concurrent.ThreadPoolExecutor$Worker.run(ThreadPoolExecutor.java:624)
	at org.apache.tomcat.util.threads.TaskThread$WrappingRunnable.run(TaskThread.java:61)
	at java.lang.Thread.run(Thread.java:748)

17-Feb-2021 09:38:35.723 INFO [http-apr-6060-exec-67] org.apache.catalina.core.ApplicationContext.log Closing Spring root WebApplicationContext
17-Feb-2021 09:40:23.219 INFO [http-apr-6060-exec-74] org.apache.catalina.core.ApplicationContext.log No Spring WebApplicationInitializer types detected on classpath
17-Feb-2021 09:40:23.244 INFO [http-apr-6060-exec-74] org.apache.catalina.core.ApplicationContext.log Initializing Spring root WebApplicationContext
17-Feb-2021 09:40:23.490 INFO [http-apr-6060-exec-74] org.apache.catalina.core.ApplicationContext.log Initializing Spring FrameworkServlet 'sygealoc'
17-Feb-2021 09:43:13.467 INFO [http-apr-6060-exec-73] org.apache.catalina.core.ApplicationContext.log Destroying Spring FrameworkServlet 'sygealoc'
17-Feb-2021 09:43:13.472 WARNING [http-apr-6060-exec-73] org.apache.catalina.session.StandardSession.doWriteObject Cannot serialize session attribute rights for session A06C05FD359DB3D75A6C6069114CA08C
 java.io.NotSerializableException: supernova.pfe.model.UserPermission
	at java.io.ObjectOutputStream.writeObject0(ObjectOutputStream.java:1184)
	at java.io.ObjectOutputStream.writeObject(ObjectOutputStream.java:348)
	at java.util.ArrayList.writeObject(ArrayList.java:768)
	at sun.reflect.NativeMethodAccessorImpl.invoke0(Native Method)
	at sun.reflect.NativeMethodAccessorImpl.invoke(NativeMethodAccessorImpl.java:62)
	at sun.reflect.DelegatingMethodAccessorImpl.invoke(DelegatingMethodAccessorImpl.java:43)
	at java.lang.reflect.Method.invoke(Method.java:498)
	at java.io.ObjectStreamClass.invokeWriteObject(ObjectStreamClass.java:1155)
	at java.io.ObjectOutputStream.writeSerialData(ObjectOutputStream.java:1496)
	at java.io.ObjectOutputStream.writeOrdinaryObject(ObjectOutputStream.java:1432)
	at java.io.ObjectOutputStream.writeObject0(ObjectOutputStream.java:1178)
	at java.io.ObjectOutputStream.writeObject(ObjectOutputStream.java:348)
	at org.apache.catalina.session.StandardSession.doWriteObject(StandardSession.java:1715)
	at org.apache.catalina.session.StandardSession.writeObjectData(StandardSession.java:1107)
	at org.apache.catalina.session.StandardManager.doUnload(StandardManager.java:315)
	at org.apache.catalina.session.StandardManager.unload(StandardManager.java:265)
	at org.apache.catalina.session.StandardManager.stopInternal(StandardManager.java:384)
	at org.apache.catalina.util.LifecycleBase.stop(LifecycleBase.java:221)
	at org.apache.catalina.core.StandardContext.stopInternal(StandardContext.java:5582)
	at org.apache.catalina.util.LifecycleBase.stop(LifecycleBase.java:221)
	at org.apache.catalina.manager.ManagerServlet.undeploy(ManagerServlet.java:1399)
	at org.apache.catalina.manager.ManagerServlet.doGet(ManagerServlet.java:367)
	at javax.servlet.http.HttpServlet.service(HttpServlet.java:622)
	at javax.servlet.http.HttpServlet.service(HttpServlet.java:729)
	at org.apache.catalina.core.ApplicationFilterChain.internalDoFilter(ApplicationFilterChain.java:292)
	at org.apache.catalina.core.ApplicationFilterChain.doFilter(ApplicationFilterChain.java:207)
	at org.apache.tomcat.websocket.server.WsFilter.doFilter(WsFilter.java:52)
	at org.apache.catalina.core.ApplicationFilterChain.internalDoFilter(ApplicationFilterChain.java:240)
	at org.apache.catalina.core.ApplicationFilterChain.doFilter(ApplicationFilterChain.java:207)
	at org.apache.catalina.filters.SetCharacterEncodingFilter.doFilter(SetCharacterEncodingFilter.java:109)
	at org.apache.catalina.core.ApplicationFilterChain.internalDoFilter(ApplicationFilterChain.java:240)
	at org.apache.catalina.core.ApplicationFilterChain.doFilter(ApplicationFilterChain.java:207)
	at org.apache.catalina.core.StandardWrapperValve.invoke(StandardWrapperValve.java:212)
	at org.apache.catalina.core.StandardContextValve.invoke(StandardContextValve.java:94)
	at org.apache.catalina.authenticator.AuthenticatorBase.invoke(AuthenticatorBase.java:604)
	at org.apache.catalina.valves.RequestFilterValve.process(RequestFilterValve.java:342)
	at org.apache.catalina.valves.RemoteAddrValve.invoke(RemoteAddrValve.java:52)
	at org.apache.catalina.core.StandardHostValve.invoke(StandardHostValve.java:141)
	at org.apache.catalina.valves.ErrorReportValve.invoke(ErrorReportValve.java:80)
	at org.apache.catalina.valves.AbstractAccessLogValve.invoke(AbstractAccessLogValve.java:620)
	at org.apache.catalina.core.StandardEngineValve.invoke(StandardEngineValve.java:88)
	at org.apache.catalina.connector.CoyoteAdapter.service(CoyoteAdapter.java:502)
	at org.apache.coyote.http11.AbstractHttp11Processor.process(AbstractHttp11Processor.java:1152)
	at org.apache.coyote.AbstractProtocol$AbstractConnectionHandler.process(AbstractProtocol.java:684)
	at org.apache.tomcat.util.net.AprEndpoint$SocketProcessor.doRun(AprEndpoint.java:2527)
	at org.apache.tomcat.util.net.AprEndpoint$SocketProcessor.run(AprEndpoint.java:2516)
	at java.util.concurrent.ThreadPoolExecutor.runWorker(ThreadPoolExecutor.java:1149)
	at java.util.concurrent.ThreadPoolExecutor$Worker.run(ThreadPoolExecutor.java:624)
	at org.apache.tomcat.util.threads.TaskThread$WrappingRunnable.run(TaskThread.java:61)
	at java.lang.Thread.run(Thread.java:748)

17-Feb-2021 09:43:13.473 INFO [http-apr-6060-exec-73] org.apache.catalina.core.ApplicationContext.log Closing Spring root WebApplicationContext
