26-Oct-2020 17:56:21.011 INFO [http-apr-6060-exec-7] org.apache.catalina.core.ApplicationContext.log No Spring WebApplicationInitializer types detected on classpath
26-Oct-2020 17:56:21.226 INFO [http-apr-6060-exec-7] org.apache.catalina.core.ApplicationContext.log Initializing Spring root WebApplicationContext
26-Oct-2020 17:56:22.806 INFO [http-apr-6060-exec-7] org.apache.catalina.core.ApplicationContext.log Initializing Spring FrameworkServlet 'sygealoc'
26-Oct-2020 19:06:18.246 INFO [http-apr-6060-exec-10] org.apache.catalina.core.ApplicationContext.log Destroying Spring FrameworkServlet 'sygealoc'
26-Oct-2020 19:06:18.523 WARNING [http-apr-6060-exec-10] org.apache.catalina.session.StandardSession.doWriteObject Cannot serialize session attribute rights for session 7976BBC81E8BB8D388DEA45C76B57404
 java.io.NotSerializableException: supernova.pfe.model.UserPermission
	at java.io.ObjectOutputStream.writeObject0(Unknown Source)
	at java.io.ObjectOutputStream.writeObject(Unknown Source)
	at java.util.ArrayList.writeObject(Unknown Source)
	at sun.reflect.NativeMethodAccessorImpl.invoke0(Native Method)
	at sun.reflect.NativeMethodAccessorImpl.invoke(Unknown Source)
	at sun.reflect.DelegatingMethodAccessorImpl.invoke(Unknown Source)
	at java.lang.reflect.Method.invoke(Unknown Source)
	at java.io.ObjectStreamClass.invokeWriteObject(Unknown Source)
	at java.io.ObjectOutputStream.writeSerialData(Unknown Source)
	at java.io.ObjectOutputStream.writeOrdinaryObject(Unknown Source)
	at java.io.ObjectOutputStream.writeObject0(Unknown Source)
	at java.io.ObjectOutputStream.writeObject(Unknown Source)
	at org.apache.catalina.session.StandardSession.doWriteObject(StandardSession.java:1715)
	at org.apache.catalina.session.StandardSession.writeObjectData(StandardSession.java:1107)
	at org.apache.catalina.session.StandardManager.doUnload(StandardManager.java:315)
	at org.apache.catalina.session.StandardManager.unload(StandardManager.java:265)
	at org.apache.catalina.session.StandardManager.stopInternal(StandardManager.java:384)
	at org.apache.catalina.util.LifecycleBase.stop(LifecycleBase.java:221)
	at org.apache.catalina.core.StandardContext.stopInternal(StandardContext.java:5582)
	at org.apache.catalina.util.LifecycleBase.stop(LifecycleBase.java:221)
	at org.apache.catalina.core.StandardContext.reload(StandardContext.java:3900)
	at org.apache.catalina.manager.ManagerServlet.reload(ManagerServlet.java:1007)
	at org.apache.catalina.manager.ManagerServlet.doGet(ManagerServlet.java:351)
	at javax.servlet.http.HttpServlet.service(HttpServlet.java:622)
	at javax.servlet.http.HttpServlet.service(HttpServlet.java:729)
	at org.apache.catalina.core.ApplicationFilterChain.internalDoFilter(ApplicationFilterChain.java:292)
	at org.apache.catalina.core.ApplicationFilterChain.doFilter(ApplicationFilterChain.java:207)
	at org.apache.tomcat.websocket.server.WsFilter.doFilter(WsFilter.java:52)
	at org.apache.catalina.core.ApplicationFilterChain.internalDoFilter(ApplicationFilterChain.java:240)
	at org.apache.catalina.core.ApplicationFilterChain.doFilter(ApplicationFilterChain.java:207)
	at org.apache.catalina.filters.SetCharacterEncodingFilter.doFilter(SetCharacterEncodingFilter.java:109)
	at org.apache.catalina.core.ApplicationFilterChain.internalDoFilter(ApplicationFilterChain.java:240)
	at org.apache.catalina.core.ApplicationFilterChain.doFilter(ApplicationFilterChain.java:207)
	at org.apache.catalina.core.StandardWrapperValve.invoke(StandardWrapperValve.java:212)
	at org.apache.catalina.core.StandardContextValve.invoke(StandardContextValve.java:94)
	at org.apache.catalina.authenticator.AuthenticatorBase.invoke(AuthenticatorBase.java:604)
	at org.apache.catalina.core.StandardHostValve.invoke(StandardHostValve.java:141)
	at org.apache.catalina.valves.ErrorReportValve.invoke(ErrorReportValve.java:80)
	at org.apache.catalina.valves.AbstractAccessLogValve.invoke(AbstractAccessLogValve.java:620)
	at org.apache.catalina.core.StandardEngineValve.invoke(StandardEngineValve.java:88)
	at org.apache.catalina.connector.CoyoteAdapter.service(CoyoteAdapter.java:502)
	at org.apache.coyote.http11.AbstractHttp11Processor.process(AbstractHttp11Processor.java:1152)
	at org.apache.coyote.AbstractProtocol$AbstractConnectionHandler.process(AbstractProtocol.java:684)
	at org.apache.tomcat.util.net.AprEndpoint$SocketProcessor.doRun(AprEndpoint.java:2527)
	at org.apache.tomcat.util.net.AprEndpoint$SocketProcessor.run(AprEndpoint.java:2516)
	at java.util.concurrent.ThreadPoolExecutor.runWorker(Unknown Source)
	at java.util.concurrent.ThreadPoolExecutor$Worker.run(Unknown Source)
	at org.apache.tomcat.util.threads.TaskThread$WrappingRunnable.run(TaskThread.java:61)
	at java.lang.Thread.run(Unknown Source)

26-Oct-2020 19:06:18.551 INFO [http-apr-6060-exec-10] org.apache.catalina.core.ApplicationContext.log Closing Spring root WebApplicationContext
26-Oct-2020 19:06:25.219 INFO [http-apr-6060-exec-10] org.apache.catalina.core.ApplicationContext.log No Spring WebApplicationInitializer types detected on classpath
26-Oct-2020 19:06:25.328 INFO [http-apr-6060-exec-10] org.apache.catalina.core.ApplicationContext.log Initializing Spring root WebApplicationContext
26-Oct-2020 19:06:26.397 WARNING [http-apr-6060-exec-10] org.apache.catalina.session.StandardSession.doReadObject Cannot deserialize session attribute rights for session 7976BBC81E8BB8D388DEA45C76B57404
26-Oct-2020 19:06:26.470 INFO [http-apr-6060-exec-10] org.apache.catalina.core.ApplicationContext.log Initializing Spring FrameworkServlet 'sygealoc'
26-Oct-2020 21:30:24.602 INFO [http-apr-6060-exec-14] org.apache.catalina.core.ApplicationContext.log Destroying Spring FrameworkServlet 'sygealoc'
26-Oct-2020 21:30:24.649 INFO [http-apr-6060-exec-14] org.apache.catalina.core.ApplicationContext.log Closing Spring root WebApplicationContext
