05-Feb-2021 08:59:54.020 INFO [http-apr-6060-exec-8] org.apache.catalina.core.ApplicationContext.log Manager: init: Associated with Deployer 'Catalina:type=Deployer,host=localhost'
05-Feb-2021 08:59:54.020 INFO [http-apr-6060-exec-8] org.apache.catalina.core.ApplicationContext.log Manager: init: Global resources are available
05-Feb-2021 08:59:54.022 INFO [http-apr-6060-exec-8] org.apache.catalina.core.ApplicationContext.log Manager: list: Listing contexts for virtual host 'localhost'
05-Feb-2021 08:59:54.056 INFO [http-apr-6060-exec-9] org.apache.catalina.core.ApplicationContext.log Manager: list: Listing contexts for virtual host 'localhost'
05-Feb-2021 08:59:54.074 INFO [http-apr-6060-exec-10] org.apache.catalina.core.ApplicationContext.log Manager: undeploy: Undeploying web application at '/sygealoc'
05-Feb-2021 08:59:54.655 INFO [http-apr-6060-exec-1] org.apache.catalina.core.ApplicationContext.log Manager: install: Installing context configuration at 'file:/C:/Users/MONHEL~1.PIE/AppData/Local/Temp/context522725779614858023.xml'
05-Feb-2021 08:59:57.527 INFO [http-apr-6060-exec-5] org.apache.catalina.core.ApplicationContext.log Manager: start: Starting web application '/sygealoc'
05-Feb-2021 09:00:42.873 INFO [http-apr-6060-exec-8] org.apache.catalina.core.ApplicationContext.log Manager: list: Listing contexts for virtual host 'localhost'
05-Feb-2021 09:00:46.768 INFO [http-apr-6060-exec-12] org.apache.catalina.core.ApplicationContext.log Manager: list: Listing contexts for virtual host 'localhost'
05-Feb-2021 09:00:51.319 INFO [http-apr-6060-exec-18] org.apache.catalina.core.ApplicationContext.log Manager: list: Listing contexts for virtual host 'localhost'
05-Feb-2021 09:04:26.395 INFO [http-apr-6060-exec-16] org.apache.catalina.core.ApplicationContext.log Manager: list: Listing contexts for virtual host 'localhost'
05-Feb-2021 09:04:55.071 INFO [http-apr-6060-exec-16] org.apache.catalina.core.ApplicationContext.log Manager: list: Listing contexts for virtual host 'localhost'
05-Feb-2021 09:09:27.505 INFO [http-apr-6060-exec-15] org.apache.catalina.core.ApplicationContext.log Manager: list: Listing contexts for virtual host 'localhost'
05-Feb-2021 09:09:39.947 INFO [http-apr-6060-exec-15] org.apache.catalina.core.ApplicationContext.log Manager: list: Listing contexts for virtual host 'localhost'
05-Feb-2021 09:11:36.632 INFO [http-apr-6060-exec-15] org.apache.catalina.core.ApplicationContext.log Manager: list: Listing contexts for virtual host 'localhost'
05-Feb-2021 09:11:49.263 INFO [http-apr-6060-exec-15] org.apache.catalina.core.ApplicationContext.log Manager: list: Listing contexts for virtual host 'localhost'
05-Feb-2021 09:19:21.711 INFO [http-apr-6060-exec-15] org.apache.catalina.core.ApplicationContext.log Manager: list: Listing contexts for virtual host 'localhost'
05-Feb-2021 09:19:34.126 INFO [http-apr-6060-exec-15] org.apache.catalina.core.ApplicationContext.log Manager: list: Listing contexts for virtual host 'localhost'
05-Feb-2021 09:19:55.588 INFO [http-apr-6060-exec-15] org.apache.catalina.core.ApplicationContext.log Manager: list: Listing contexts for virtual host 'localhost'
05-Feb-2021 09:20:05.530 INFO [http-apr-6060-exec-11] org.apache.catalina.core.ApplicationContext.log Manager: list: Listing contexts for virtual host 'localhost'
05-Feb-2021 09:20:07.079 INFO [http-apr-6060-exec-13] org.apache.catalina.core.ApplicationContext.log Manager: list: Listing contexts for virtual host 'localhost'
05-Feb-2021 09:20:08.625 INFO [http-apr-6060-exec-12] org.apache.catalina.core.ApplicationContext.log Manager: list: Listing contexts for virtual host 'localhost'
05-Feb-2021 09:20:10.169 INFO [http-apr-6060-exec-20] org.apache.catalina.core.ApplicationContext.log Manager: list: Listing contexts for virtual host 'localhost'
05-Feb-2021 09:20:26.928 INFO [http-apr-6060-exec-20] org.apache.catalina.core.ApplicationContext.log Manager: list: Listing contexts for virtual host 'localhost'
05-Feb-2021 09:24:05.376 INFO [http-apr-6060-exec-20] org.apache.catalina.core.ApplicationContext.log Manager: list: Listing contexts for virtual host 'localhost'
05-Feb-2021 09:24:20.232 INFO [http-apr-6060-exec-20] org.apache.catalina.core.ApplicationContext.log Manager: list: Listing contexts for virtual host 'localhost'
05-Feb-2021 09:24:41.504 INFO [http-apr-6060-exec-17] org.apache.catalina.core.ApplicationContext.log Manager: list: Listing contexts for virtual host 'localhost'
05-Feb-2021 09:25:04.307 INFO [http-apr-6060-exec-20] org.apache.catalina.core.ApplicationContext.log Manager: list: Listing contexts for virtual host 'localhost'
05-Feb-2021 09:25:09.218 INFO [http-apr-6060-exec-19] org.apache.catalina.core.ApplicationContext.log Manager: list: Listing contexts for virtual host 'localhost'
05-Feb-2021 09:26:02.881 INFO [http-apr-6060-exec-14] org.apache.catalina.core.ApplicationContext.log Manager: list: Listing contexts for virtual host 'localhost'
05-Feb-2021 09:26:07.333 INFO [http-apr-6060-exec-15] org.apache.catalina.core.ApplicationContext.log Manager: list: Listing contexts for virtual host 'localhost'
05-Feb-2021 09:26:29.784 INFO [http-apr-6060-exec-16] org.apache.catalina.core.ApplicationContext.log Manager: list: Listing contexts for virtual host 'localhost'
05-Feb-2021 09:26:37.276 INFO [http-apr-6060-exec-16] org.apache.catalina.core.ApplicationContext.log Manager: list: Listing contexts for virtual host 'localhost'
05-Feb-2021 09:26:42.216 INFO [http-apr-6060-exec-13] org.apache.catalina.core.ApplicationContext.log Manager: list: Listing contexts for virtual host 'localhost'
05-Feb-2021 09:27:37.628 INFO [http-apr-6060-exec-17] org.apache.catalina.core.ApplicationContext.log Manager: list: Listing contexts for virtual host 'localhost'
05-Feb-2021 09:27:41.743 INFO [http-apr-6060-exec-14] org.apache.catalina.core.ApplicationContext.log Manager: list: Listing contexts for virtual host 'localhost'
05-Feb-2021 09:28:09.360 INFO [http-apr-6060-exec-17] org.apache.catalina.core.ApplicationContext.log Manager: list: Listing contexts for virtual host 'localhost'
05-Feb-2021 09:28:18.705 INFO [http-apr-6060-exec-17] org.apache.catalina.core.ApplicationContext.log Manager: list: Listing contexts for virtual host 'localhost'
05-Feb-2021 09:28:23.262 INFO [http-apr-6060-exec-18] org.apache.catalina.core.ApplicationContext.log Manager: list: Listing contexts for virtual host 'localhost'
05-Feb-2021 09:29:17.983 INFO [http-apr-6060-exec-18] org.apache.catalina.core.ApplicationContext.log Manager: list: Listing contexts for virtual host 'localhost'
05-Feb-2021 09:29:49.658 INFO [http-apr-6060-exec-18] org.apache.catalina.core.ApplicationContext.log Manager: list: Listing contexts for virtual host 'localhost'
05-Feb-2021 09:30:00.282 INFO [http-apr-6060-exec-18] org.apache.catalina.core.ApplicationContext.log Manager: list: Listing contexts for virtual host 'localhost'
05-Feb-2021 09:31:27.134 INFO [http-apr-6060-exec-18] org.apache.catalina.core.ApplicationContext.log Manager: list: Listing contexts for virtual host 'localhost'
05-Feb-2021 09:31:34.807 INFO [http-apr-6060-exec-18] org.apache.catalina.core.ApplicationContext.log Manager: list: Listing contexts for virtual host 'localhost'
05-Feb-2021 09:31:38.118 INFO [http-apr-6060-exec-13] org.apache.catalina.core.ApplicationContext.log Manager: list: Listing contexts for virtual host 'localhost'
05-Feb-2021 09:31:42.755 INFO [http-apr-6060-exec-14] org.apache.catalina.core.ApplicationContext.log Manager: list: Listing contexts for virtual host 'localhost'
05-Feb-2021 09:32:01.499 INFO [http-apr-6060-exec-12] org.apache.catalina.core.ApplicationContext.log Manager: list: Listing contexts for virtual host 'localhost'
05-Feb-2021 09:32:13.608 INFO [http-apr-6060-exec-12] org.apache.catalina.core.ApplicationContext.log Manager: list: Listing contexts for virtual host 'localhost'
05-Feb-2021 09:32:18.908 INFO [http-apr-6060-exec-14] org.apache.catalina.core.ApplicationContext.log Manager: list: Listing contexts for virtual host 'localhost'
05-Feb-2021 10:10:28.721 INFO [http-apr-6060-exec-15] org.apache.catalina.core.ApplicationContext.log Manager: list: Listing contexts for virtual host 'localhost'
05-Feb-2021 10:11:09.938 INFO [http-apr-6060-exec-15] org.apache.catalina.core.ApplicationContext.log Manager: list: Listing contexts for virtual host 'localhost'
05-Feb-2021 10:11:17.435 INFO [http-apr-6060-exec-20] org.apache.catalina.core.ApplicationContext.log Manager: list: Listing contexts for virtual host 'localhost'
05-Feb-2021 10:12:10.336 INFO [http-apr-6060-exec-18] org.apache.catalina.core.ApplicationContext.log Manager: list: Listing contexts for virtual host 'localhost'
05-Feb-2021 10:12:16.279 INFO [http-apr-6060-exec-18] org.apache.catalina.core.ApplicationContext.log Manager: list: Listing contexts for virtual host 'localhost'
05-Feb-2021 10:12:23.770 INFO [http-apr-6060-exec-20] org.apache.catalina.core.ApplicationContext.log Manager: list: Listing contexts for virtual host 'localhost'
05-Feb-2021 10:12:50.906 INFO [http-apr-6060-exec-18] org.apache.catalina.core.ApplicationContext.log Manager: list: Listing contexts for virtual host 'localhost'
05-Feb-2021 10:12:53.237 INFO [http-apr-6060-exec-13] org.apache.catalina.core.ApplicationContext.log Manager: list: Listing contexts for virtual host 'localhost'
05-Feb-2021 10:12:56.532 INFO [http-apr-6060-exec-19] org.apache.catalina.core.ApplicationContext.log Manager: list: Listing contexts for virtual host 'localhost'
05-Feb-2021 10:14:23.621 INFO [http-apr-6060-exec-19] org.apache.catalina.core.ApplicationContext.log Manager: list: Listing contexts for virtual host 'localhost'
05-Feb-2021 10:16:42.019 INFO [http-apr-6060-exec-19] org.apache.catalina.core.ApplicationContext.log Manager: list: Listing contexts for virtual host 'localhost'
05-Feb-2021 10:16:50.673 INFO [http-apr-6060-exec-19] org.apache.catalina.core.ApplicationContext.log Manager: list: Listing contexts for virtual host 'localhost'
05-Feb-2021 10:17:32.029 INFO [http-apr-6060-exec-19] org.apache.catalina.core.ApplicationContext.log Manager: list: Listing contexts for virtual host 'localhost'
05-Feb-2021 10:17:37.619 INFO [http-apr-6060-exec-19] org.apache.catalina.core.ApplicationContext.log Manager: list: Listing contexts for virtual host 'localhost'
05-Feb-2021 10:18:22.595 INFO [http-apr-6060-exec-19] org.apache.catalina.core.ApplicationContext.log Manager: list: Listing contexts for virtual host 'localhost'
05-Feb-2021 10:19:05.976 INFO [http-apr-6060-exec-19] org.apache.catalina.core.ApplicationContext.log Manager: list: Listing contexts for virtual host 'localhost'
05-Feb-2021 10:19:25.550 INFO [http-apr-6060-exec-19] org.apache.catalina.core.ApplicationContext.log Manager: list: Listing contexts for virtual host 'localhost'
05-Feb-2021 10:19:27.575 INFO [http-apr-6060-exec-14] org.apache.catalina.core.ApplicationContext.log Manager: list: Listing contexts for virtual host 'localhost'
05-Feb-2021 10:19:52.275 INFO [http-apr-6060-exec-14] org.apache.catalina.core.ApplicationContext.log Manager: list: Listing contexts for virtual host 'localhost'
05-Feb-2021 10:19:52.283 INFO [http-apr-6060-exec-16] org.apache.catalina.core.ApplicationContext.log Manager: restart: Reloading web application '/sygealoc'
05-Feb-2021 10:20:41.097 INFO [http-apr-6060-exec-21] org.apache.catalina.core.ApplicationContext.log Manager: list: Listing contexts for virtual host 'localhost'
05-Feb-2021 10:20:41.106 INFO [http-apr-6060-exec-19] org.apache.catalina.core.ApplicationContext.log Manager: restart: Reloading web application '/sygealoc'
05-Feb-2021 10:20:43.404 INFO [http-apr-6060-exec-14] org.apache.catalina.core.ApplicationContext.log Manager: list: Listing contexts for virtual host 'localhost'
05-Feb-2021 10:20:43.410 INFO [http-apr-6060-exec-22] org.apache.catalina.core.ApplicationContext.log Manager: restart: Reloading web application '/sygealoc'
05-Feb-2021 10:21:09.584 INFO [http-apr-6060-exec-24] org.apache.catalina.core.ApplicationContext.log Manager: list: Listing contexts for virtual host 'localhost'
05-Feb-2021 10:21:09.593 INFO [http-apr-6060-exec-23] org.apache.catalina.core.ApplicationContext.log Manager: restart: Reloading web application '/sygealoc'
05-Feb-2021 10:21:11.458 INFO [http-apr-6060-exec-11] org.apache.catalina.core.ApplicationContext.log Manager: list: Listing contexts for virtual host 'localhost'
05-Feb-2021 10:21:11.466 INFO [http-apr-6060-exec-24] org.apache.catalina.core.ApplicationContext.log Manager: restart: Reloading web application '/sygealoc'
05-Feb-2021 10:22:16.385 INFO [http-apr-6060-exec-20] org.apache.catalina.core.ApplicationContext.log Manager: list: Listing contexts for virtual host 'localhost'
05-Feb-2021 10:22:16.392 INFO [http-apr-6060-exec-14] org.apache.catalina.core.ApplicationContext.log Manager: restart: Reloading web application '/sygealoc'
05-Feb-2021 10:22:57.343 INFO [http-apr-6060-exec-31] org.apache.catalina.core.ApplicationContext.log Manager: list: Listing contexts for virtual host 'localhost'
05-Feb-2021 10:22:57.350 INFO [http-apr-6060-exec-28] org.apache.catalina.core.ApplicationContext.log Manager: restart: Reloading web application '/sygealoc'
05-Feb-2021 10:23:18.352 INFO [http-apr-6060-exec-33] org.apache.catalina.core.ApplicationContext.log Manager: list: Listing contexts for virtual host 'localhost'
05-Feb-2021 10:23:18.359 INFO [http-apr-6060-exec-20] org.apache.catalina.core.ApplicationContext.log Manager: restart: Reloading web application '/sygealoc'
05-Feb-2021 10:23:44.400 INFO [http-apr-6060-exec-35] org.apache.catalina.core.ApplicationContext.log Manager: list: Listing contexts for virtual host 'localhost'
05-Feb-2021 10:23:44.406 INFO [http-apr-6060-exec-30] org.apache.catalina.core.ApplicationContext.log Manager: restart: Reloading web application '/sygealoc'
05-Feb-2021 10:24:35.682 INFO [http-apr-6060-exec-37] org.apache.catalina.core.ApplicationContext.log Manager: list: Listing contexts for virtual host 'localhost'
05-Feb-2021 10:24:57.592 INFO [http-apr-6060-exec-37] org.apache.catalina.core.ApplicationContext.log Manager: list: Listing contexts for virtual host 'localhost'
05-Feb-2021 10:25:04.072 INFO [http-apr-6060-exec-25] org.apache.catalina.core.ApplicationContext.log Manager: list: Listing contexts for virtual host 'localhost'
05-Feb-2021 10:25:04.074 INFO [http-apr-6060-exec-38] org.apache.catalina.core.ApplicationContext.log Manager: list: Listing contexts for virtual host 'localhost'
05-Feb-2021 10:25:04.083 INFO [http-apr-6060-exec-39] org.apache.catalina.core.ApplicationContext.log Manager: undeploy: Undeploying web application at '/sygealoc'
05-Feb-2021 10:25:04.667 INFO [http-apr-6060-exec-36] org.apache.catalina.core.ApplicationContext.log Manager: install: Installing context configuration at 'file:/C:/Users/MONHEL~1.PIE/AppData/Local/Temp/context8501911785891385539.xml'
05-Feb-2021 10:25:06.285 INFO [http-apr-6060-exec-33] org.apache.catalina.core.ApplicationContext.log Manager: start: Starting web application '/sygealoc'
05-Feb-2021 10:25:16.519 INFO [http-apr-6060-exec-35] org.apache.catalina.core.ApplicationContext.log Manager: list: Listing contexts for virtual host 'localhost'
05-Feb-2021 10:25:42.626 INFO [http-apr-6060-exec-35] org.apache.catalina.core.ApplicationContext.log Manager: list: Listing contexts for virtual host 'localhost'
05-Feb-2021 10:25:47.053 INFO [http-apr-6060-exec-47] org.apache.catalina.core.ApplicationContext.log Manager: list: Listing contexts for virtual host 'localhost'
05-Feb-2021 10:26:30.564 INFO [http-apr-6060-exec-45] org.apache.catalina.core.ApplicationContext.log Manager: list: Listing contexts for virtual host 'localhost'
05-Feb-2021 10:26:36.030 INFO [http-apr-6060-exec-47] org.apache.catalina.core.ApplicationContext.log Manager: list: Listing contexts for virtual host 'localhost'
05-Feb-2021 10:28:03.792 INFO [http-apr-6060-exec-45] org.apache.catalina.core.ApplicationContext.log Manager: list: Listing contexts for virtual host 'localhost'
05-Feb-2021 10:28:34.745 INFO [http-apr-6060-exec-45] org.apache.catalina.core.ApplicationContext.log Manager: list: Listing contexts for virtual host 'localhost'
05-Feb-2021 10:29:45.055 INFO [http-apr-6060-exec-48] org.apache.catalina.core.ApplicationContext.log Manager: list: Listing contexts for virtual host 'localhost'
05-Feb-2021 10:31:29.169 INFO [http-apr-6060-exec-48] org.apache.catalina.core.ApplicationContext.log Manager: list: Listing contexts for virtual host 'localhost'
05-Feb-2021 10:31:29.176 INFO [http-apr-6060-exec-43] org.apache.catalina.core.ApplicationContext.log Manager: restart: Reloading web application '/sygealoc'
05-Feb-2021 10:33:24.958 INFO [http-apr-6060-exec-52] org.apache.catalina.core.ApplicationContext.log Manager: list: Listing contexts for virtual host 'localhost'
05-Feb-2021 10:33:35.817 INFO [http-apr-6060-exec-52] org.apache.catalina.core.ApplicationContext.log Manager: list: Listing contexts for virtual host 'localhost'
05-Feb-2021 10:34:42.714 INFO [http-apr-6060-exec-41] org.apache.catalina.core.ApplicationContext.log Manager: list: Listing contexts for virtual host 'localhost'
05-Feb-2021 10:35:22.667 INFO [http-apr-6060-exec-41] org.apache.catalina.core.ApplicationContext.log Manager: list: Listing contexts for virtual host 'localhost'
05-Feb-2021 10:35:32.658 INFO [http-apr-6060-exec-58] org.apache.catalina.core.ApplicationContext.log Manager: list: Listing contexts for virtual host 'localhost'
05-Feb-2021 10:35:54.306 INFO [http-apr-6060-exec-58] org.apache.catalina.core.ApplicationContext.log Manager: list: Listing contexts for virtual host 'localhost'
05-Feb-2021 10:35:56.830 INFO [http-apr-6060-exec-57] org.apache.catalina.core.ApplicationContext.log Manager: list: Listing contexts for virtual host 'localhost'
05-Feb-2021 10:35:58.791 INFO [http-apr-6060-exec-52] org.apache.catalina.core.ApplicationContext.log Manager: list: Listing contexts for virtual host 'localhost'
05-Feb-2021 10:36:00.389 INFO [http-apr-6060-exec-51] org.apache.catalina.core.ApplicationContext.log Manager: list: Listing contexts for virtual host 'localhost'
05-Feb-2021 10:36:05.372 INFO [http-apr-6060-exec-60] org.apache.catalina.core.ApplicationContext.log Manager: list: Listing contexts for virtual host 'localhost'
05-Feb-2021 10:36:10.430 INFO [http-apr-6060-exec-60] org.apache.catalina.core.ApplicationContext.log Manager: list: Listing contexts for virtual host 'localhost'
05-Feb-2021 10:36:53.955 INFO [http-apr-6060-exec-60] org.apache.catalina.core.ApplicationContext.log Manager: list: Listing contexts for virtual host 'localhost'
05-Feb-2021 10:37:04.194 INFO [http-apr-6060-exec-60] org.apache.catalina.core.ApplicationContext.log Manager: list: Listing contexts for virtual host 'localhost'
05-Feb-2021 10:37:30.339 INFO [http-apr-6060-exec-60] org.apache.catalina.core.ApplicationContext.log Manager: list: Listing contexts for virtual host 'localhost'
05-Feb-2021 10:37:37.642 INFO [http-apr-6060-exec-60] org.apache.catalina.core.ApplicationContext.log Manager: list: Listing contexts for virtual host 'localhost'
05-Feb-2021 10:37:41.834 INFO [http-apr-6060-exec-59] org.apache.catalina.core.ApplicationContext.log Manager: list: Listing contexts for virtual host 'localhost'
05-Feb-2021 10:37:47.771 INFO [http-apr-6060-exec-59] org.apache.catalina.core.ApplicationContext.log Manager: list: Listing contexts for virtual host 'localhost'
05-Feb-2021 10:37:54.420 INFO [http-apr-6060-exec-59] org.apache.catalina.core.ApplicationContext.log Manager: list: Listing contexts for virtual host 'localhost'
05-Feb-2021 10:38:04.510 INFO [http-apr-6060-exec-59] org.apache.catalina.core.ApplicationContext.log Manager: list: Listing contexts for virtual host 'localhost'
05-Feb-2021 10:38:15.462 INFO [http-apr-6060-exec-59] org.apache.catalina.core.ApplicationContext.log Manager: list: Listing contexts for virtual host 'localhost'
05-Feb-2021 10:38:19.061 INFO [http-apr-6060-exec-58] org.apache.catalina.core.ApplicationContext.log Manager: list: Listing contexts for virtual host 'localhost'
05-Feb-2021 10:39:02.313 INFO [http-apr-6060-exec-58] org.apache.catalina.core.ApplicationContext.log Manager: list: Listing contexts for virtual host 'localhost'
05-Feb-2021 10:39:16.156 INFO [http-apr-6060-exec-58] org.apache.catalina.core.ApplicationContext.log Manager: list: Listing contexts for virtual host 'localhost'
05-Feb-2021 10:39:18.822 INFO [http-apr-6060-exec-57] org.apache.catalina.core.ApplicationContext.log Manager: list: Listing contexts for virtual host 'localhost'
05-Feb-2021 10:39:42.016 INFO [http-apr-6060-exec-57] org.apache.catalina.core.ApplicationContext.log Manager: list: Listing contexts for virtual host 'localhost'
05-Feb-2021 10:39:46.689 INFO [http-apr-6060-exec-56] org.apache.catalina.core.ApplicationContext.log Manager: list: Listing contexts for virtual host 'localhost'
05-Feb-2021 10:40:03.812 INFO [http-apr-6060-exec-56] org.apache.catalina.core.ApplicationContext.log Manager: list: Listing contexts for virtual host 'localhost'
05-Feb-2021 10:40:08.675 INFO [http-apr-6060-exec-53] org.apache.catalina.core.ApplicationContext.log Manager: list: Listing contexts for virtual host 'localhost'
05-Feb-2021 10:41:38.722 INFO [http-apr-6060-exec-53] org.apache.catalina.core.ApplicationContext.log Manager: list: Listing contexts for virtual host 'localhost'
05-Feb-2021 10:41:45.545 INFO [http-apr-6060-exec-53] org.apache.catalina.core.ApplicationContext.log Manager: list: Listing contexts for virtual host 'localhost'
05-Feb-2021 10:41:50.390 INFO [http-apr-6060-exec-52] org.apache.catalina.core.ApplicationContext.log Manager: list: Listing contexts for virtual host 'localhost'
05-Feb-2021 10:41:56.098 INFO [http-apr-6060-exec-52] org.apache.catalina.core.ApplicationContext.log Manager: list: Listing contexts for virtual host 'localhost'
05-Feb-2021 10:42:10.337 INFO [http-apr-6060-exec-52] org.apache.catalina.core.ApplicationContext.log Manager: list: Listing contexts for virtual host 'localhost'
05-Feb-2021 10:42:37.526 INFO [http-apr-6060-exec-52] org.apache.catalina.core.ApplicationContext.log Manager: list: Listing contexts for virtual host 'localhost'
05-Feb-2021 10:42:51.071 INFO [http-apr-6060-exec-52] org.apache.catalina.core.ApplicationContext.log Manager: list: Listing contexts for virtual host 'localhost'
05-Feb-2021 10:42:57.680 INFO [http-apr-6060-exec-52] org.apache.catalina.core.ApplicationContext.log Manager: list: Listing contexts for virtual host 'localhost'
05-Feb-2021 10:43:04.183 INFO [http-apr-6060-exec-52] org.apache.catalina.core.ApplicationContext.log Manager: list: Listing contexts for virtual host 'localhost'
05-Feb-2021 10:43:06.522 INFO [http-apr-6060-exec-55] org.apache.catalina.core.ApplicationContext.log Manager: list: Listing contexts for virtual host 'localhost'
05-Feb-2021 10:43:10.170 INFO [http-apr-6060-exec-52] org.apache.catalina.core.ApplicationContext.log Manager: list: Listing contexts for virtual host 'localhost'
05-Feb-2021 10:43:10.172 INFO [http-apr-6060-exec-53] org.apache.catalina.core.ApplicationContext.log Manager: list: Listing contexts for virtual host 'localhost'
05-Feb-2021 10:43:10.179 INFO [http-apr-6060-exec-56] org.apache.catalina.core.ApplicationContext.log Manager: undeploy: Undeploying web application at '/sygealoc'
05-Feb-2021 10:43:10.742 INFO [http-apr-6060-exec-54] org.apache.catalina.core.ApplicationContext.log Manager: install: Installing context configuration at 'file:/C:/Users/MONHEL~1.PIE/AppData/Local/Temp/context8972944637762066194.xml'
05-Feb-2021 10:43:12.301 INFO [http-apr-6060-exec-60] org.apache.catalina.core.ApplicationContext.log Manager: start: Starting web application '/sygealoc'
05-Feb-2021 10:43:22.091 INFO [http-apr-6060-exec-63] org.apache.catalina.core.ApplicationContext.log Manager: list: Listing contexts for virtual host 'localhost'
05-Feb-2021 10:43:31.380 INFO [http-apr-6060-exec-63] org.apache.catalina.core.ApplicationContext.log Manager: list: Listing contexts for virtual host 'localhost'
05-Feb-2021 10:43:36.233 INFO [http-apr-6060-exec-62] org.apache.catalina.core.ApplicationContext.log Manager: list: Listing contexts for virtual host 'localhost'
05-Feb-2021 10:43:36.236 INFO [http-apr-6060-exec-53] org.apache.catalina.core.ApplicationContext.log Manager: list: Listing contexts for virtual host 'localhost'
05-Feb-2021 10:43:36.243 INFO [http-apr-6060-exec-65] org.apache.catalina.core.ApplicationContext.log Manager: undeploy: Undeploying web application at '/sygealoc'
05-Feb-2021 10:43:36.785 INFO [http-apr-6060-exec-64] org.apache.catalina.core.ApplicationContext.log Manager: install: Installing context configuration at 'file:/C:/Users/MONHEL~1.PIE/AppData/Local/Temp/context4965832620455911211.xml'
05-Feb-2021 10:43:38.376 INFO [http-apr-6060-exec-67] org.apache.catalina.core.ApplicationContext.log Manager: start: Starting web application '/sygealoc'
05-Feb-2021 10:43:44.359 INFO [http-apr-6060-exec-68] org.apache.catalina.core.ApplicationContext.log Manager: list: Listing contexts for virtual host 'localhost'
05-Feb-2021 10:44:21.064 INFO [http-apr-6060-exec-72] org.apache.catalina.core.ApplicationContext.log Manager: list: Listing contexts for virtual host 'localhost'
05-Feb-2021 10:44:22.022 INFO [http-apr-6060-exec-67] org.apache.catalina.core.ApplicationContext.log Manager: list: Listing contexts for virtual host 'localhost'
05-Feb-2021 10:44:22.958 INFO [http-apr-6060-exec-74] org.apache.catalina.core.ApplicationContext.log Manager: list: Listing contexts for virtual host 'localhost'
05-Feb-2021 10:44:51.294 INFO [http-apr-6060-exec-74] org.apache.catalina.core.ApplicationContext.log Manager: list: Listing contexts for virtual host 'localhost'
05-Feb-2021 10:44:58.362 INFO [http-apr-6060-exec-75] org.apache.catalina.core.ApplicationContext.log Manager: list: Listing contexts for virtual host 'localhost'
05-Feb-2021 10:45:22.020 INFO [http-apr-6060-exec-77] org.apache.catalina.core.ApplicationContext.log Manager: list: Listing contexts for virtual host 'localhost'
05-Feb-2021 10:45:26.385 INFO [http-apr-6060-exec-69] org.apache.catalina.core.ApplicationContext.log Manager: list: Listing contexts for virtual host 'localhost'
05-Feb-2021 10:46:29.891 INFO [http-apr-6060-exec-70] org.apache.catalina.core.ApplicationContext.log Manager: list: Listing contexts for virtual host 'localhost'
05-Feb-2021 10:46:39.705 INFO [http-apr-6060-exec-70] org.apache.catalina.core.ApplicationContext.log Manager: list: Listing contexts for virtual host 'localhost'
05-Feb-2021 10:46:53.558 INFO [http-apr-6060-exec-70] org.apache.catalina.core.ApplicationContext.log Manager: list: Listing contexts for virtual host 'localhost'
05-Feb-2021 10:47:01.156 INFO [http-apr-6060-exec-70] org.apache.catalina.core.ApplicationContext.log Manager: list: Listing contexts for virtual host 'localhost'
05-Feb-2021 10:47:16.418 INFO [http-apr-6060-exec-71] org.apache.catalina.core.ApplicationContext.log Manager: list: Listing contexts for virtual host 'localhost'
05-Feb-2021 10:47:36.040 INFO [http-apr-6060-exec-71] org.apache.catalina.core.ApplicationContext.log Manager: list: Listing contexts for virtual host 'localhost'
05-Feb-2021 10:47:50.754 INFO [http-apr-6060-exec-71] org.apache.catalina.core.ApplicationContext.log Manager: list: Listing contexts for virtual host 'localhost'
05-Feb-2021 10:47:55.715 INFO [http-apr-6060-exec-77] org.apache.catalina.core.ApplicationContext.log Manager: list: Listing contexts for virtual host 'localhost'
05-Feb-2021 10:48:15.093 INFO [http-apr-6060-exec-71] org.apache.catalina.core.ApplicationContext.log Manager: list: Listing contexts for virtual host 'localhost'
05-Feb-2021 10:48:38.558 INFO [http-apr-6060-exec-71] org.apache.catalina.core.ApplicationContext.log Manager: list: Listing contexts for virtual host 'localhost'
05-Feb-2021 10:48:40.734 INFO [http-apr-6060-exec-72] org.apache.catalina.core.ApplicationContext.log Manager: list: Listing contexts for virtual host 'localhost'
05-Feb-2021 10:49:09.867 INFO [http-apr-6060-exec-73] org.apache.catalina.core.ApplicationContext.log Manager: list: Listing contexts for virtual host 'localhost'
05-Feb-2021 10:49:23.220 INFO [http-apr-6060-exec-68] org.apache.catalina.core.ApplicationContext.log Manager: list: Listing contexts for virtual host 'localhost'
05-Feb-2021 10:49:31.263 INFO [http-apr-6060-exec-68] org.apache.catalina.core.ApplicationContext.log Manager: list: Listing contexts for virtual host 'localhost'
05-Feb-2021 10:49:57.304 INFO [http-apr-6060-exec-68] org.apache.catalina.core.ApplicationContext.log Manager: list: Listing contexts for virtual host 'localhost'
05-Feb-2021 10:50:03.270 INFO [http-apr-6060-exec-73] org.apache.catalina.core.ApplicationContext.log Manager: list: Listing contexts for virtual host 'localhost'
05-Feb-2021 10:50:46.737 INFO [http-apr-6060-exec-77] org.apache.catalina.core.ApplicationContext.log Manager: list: Listing contexts for virtual host 'localhost'
05-Feb-2021 10:51:23.579 INFO [http-apr-6060-exec-72] org.apache.catalina.core.ApplicationContext.log Manager: list: Listing contexts for virtual host 'localhost'
05-Feb-2021 10:51:36.436 INFO [http-apr-6060-exec-72] org.apache.catalina.core.ApplicationContext.log Manager: list: Listing contexts for virtual host 'localhost'
05-Feb-2021 10:52:11.217 INFO [http-apr-6060-exec-73] org.apache.catalina.core.ApplicationContext.log Manager: list: Listing contexts for virtual host 'localhost'
05-Feb-2021 10:52:22.941 INFO [http-apr-6060-exec-72] org.apache.catalina.core.ApplicationContext.log Manager: list: Listing contexts for virtual host 'localhost'
05-Feb-2021 10:52:46.876 INFO [http-apr-6060-exec-70] org.apache.catalina.core.ApplicationContext.log Manager: list: Listing contexts for virtual host 'localhost'
05-Feb-2021 10:52:50.084 INFO [http-apr-6060-exec-73] org.apache.catalina.core.ApplicationContext.log Manager: list: Listing contexts for virtual host 'localhost'
05-Feb-2021 10:53:09.209 INFO [http-apr-6060-exec-73] org.apache.catalina.core.ApplicationContext.log Manager: list: Listing contexts for virtual host 'localhost'
05-Feb-2021 10:53:35.096 INFO [http-apr-6060-exec-68] org.apache.catalina.core.ApplicationContext.log Manager: list: Listing contexts for virtual host 'localhost'
05-Feb-2021 10:53:55.407 INFO [http-apr-6060-exec-73] org.apache.catalina.core.ApplicationContext.log Manager: list: Listing contexts for virtual host 'localhost'
05-Feb-2021 10:54:21.118 INFO [http-apr-6060-exec-73] org.apache.catalina.core.ApplicationContext.log Manager: list: Listing contexts for virtual host 'localhost'
05-Feb-2021 10:54:29.281 INFO [http-apr-6060-exec-73] org.apache.catalina.core.ApplicationContext.log Manager: list: Listing contexts for virtual host 'localhost'
05-Feb-2021 10:54:40.376 INFO [http-apr-6060-exec-73] org.apache.catalina.core.ApplicationContext.log Manager: list: Listing contexts for virtual host 'localhost'
05-Feb-2021 10:55:16.605 INFO [http-apr-6060-exec-73] org.apache.catalina.core.ApplicationContext.log Manager: list: Listing contexts for virtual host 'localhost'
05-Feb-2021 10:55:22.096 INFO [http-apr-6060-exec-74] org.apache.catalina.core.ApplicationContext.log Manager: list: Listing contexts for virtual host 'localhost'
05-Feb-2021 10:55:56.356 INFO [http-apr-6060-exec-68] org.apache.catalina.core.ApplicationContext.log Manager: list: Listing contexts for virtual host 'localhost'
05-Feb-2021 10:56:00.439 INFO [http-apr-6060-exec-70] org.apache.catalina.core.ApplicationContext.log Manager: list: Listing contexts for virtual host 'localhost'
05-Feb-2021 10:56:45.568 INFO [http-apr-6060-exec-69] org.apache.catalina.core.ApplicationContext.log Manager: list: Listing contexts for virtual host 'localhost'
05-Feb-2021 10:57:19.252 INFO [http-apr-6060-exec-69] org.apache.catalina.core.ApplicationContext.log Manager: list: Listing contexts for virtual host 'localhost'
05-Feb-2021 11:38:17.200 INFO [http-apr-6060-exec-75] org.apache.catalina.core.ApplicationContext.log Manager: list: Listing contexts for virtual host 'localhost'
05-Feb-2021 11:39:17.588 INFO [http-apr-6060-exec-69] org.apache.catalina.core.ApplicationContext.log Manager: list: Listing contexts for virtual host 'localhost'
05-Feb-2021 11:39:47.358 INFO [http-apr-6060-exec-72] org.apache.catalina.core.ApplicationContext.log Manager: list: Listing contexts for virtual host 'localhost'
05-Feb-2021 11:40:42.688 INFO [http-apr-6060-exec-69] org.apache.catalina.core.ApplicationContext.log Manager: list: Listing contexts for virtual host 'localhost'
05-Feb-2021 11:40:51.727 INFO [http-apr-6060-exec-69] org.apache.catalina.core.ApplicationContext.log Manager: list: Listing contexts for virtual host 'localhost'
05-Feb-2021 11:40:55.970 INFO [http-apr-6060-exec-75] org.apache.catalina.core.ApplicationContext.log Manager: list: Listing contexts for virtual host 'localhost'
05-Feb-2021 11:41:35.365 INFO [http-apr-6060-exec-68] org.apache.catalina.core.ApplicationContext.log Manager: list: Listing contexts for virtual host 'localhost'
05-Feb-2021 11:41:41.061 INFO [http-apr-6060-exec-75] org.apache.catalina.core.ApplicationContext.log Manager: list: Listing contexts for virtual host 'localhost'
05-Feb-2021 11:42:22.995 INFO [http-apr-6060-exec-68] org.apache.catalina.core.ApplicationContext.log Manager: list: Listing contexts for virtual host 'localhost'
05-Feb-2021 11:42:59.474 INFO [http-apr-6060-exec-68] org.apache.catalina.core.ApplicationContext.log Manager: list: Listing contexts for virtual host 'localhost'
05-Feb-2021 11:43:12.747 INFO [http-apr-6060-exec-68] org.apache.catalina.core.ApplicationContext.log Manager: list: Listing contexts for virtual host 'localhost'
05-Feb-2021 11:44:10.124 INFO [http-apr-6060-exec-68] org.apache.catalina.core.ApplicationContext.log Manager: list: Listing contexts for virtual host 'localhost'
05-Feb-2021 11:44:33.801 INFO [http-apr-6060-exec-68] org.apache.catalina.core.ApplicationContext.log Manager: list: Listing contexts for virtual host 'localhost'
05-Feb-2021 11:44:59.101 INFO [http-apr-6060-exec-68] org.apache.catalina.core.ApplicationContext.log Manager: list: Listing contexts for virtual host 'localhost'
05-Feb-2021 11:45:05.600 INFO [http-apr-6060-exec-68] org.apache.catalina.core.ApplicationContext.log Manager: list: Listing contexts for virtual host 'localhost'
05-Feb-2021 11:45:14.960 INFO [http-apr-6060-exec-68] org.apache.catalina.core.ApplicationContext.log Manager: list: Listing contexts for virtual host 'localhost'
05-Feb-2021 11:46:23.253 INFO [http-apr-6060-exec-75] org.apache.catalina.core.ApplicationContext.log Manager: list: Listing contexts for virtual host 'localhost'
05-Feb-2021 11:47:21.760 INFO [http-apr-6060-exec-69] org.apache.catalina.core.ApplicationContext.log Manager: list: Listing contexts for virtual host 'localhost'
05-Feb-2021 11:47:36.086 INFO [http-apr-6060-exec-69] org.apache.catalina.core.ApplicationContext.log Manager: list: Listing contexts for virtual host 'localhost'
05-Feb-2021 11:49:10.629 INFO [http-apr-6060-exec-72] org.apache.catalina.core.ApplicationContext.log Manager: list: Listing contexts for virtual host 'localhost'
05-Feb-2021 11:49:26.383 INFO [http-apr-6060-exec-72] org.apache.catalina.core.ApplicationContext.log Manager: list: Listing contexts for virtual host 'localhost'
05-Feb-2021 11:49:33.794 INFO [http-apr-6060-exec-73] org.apache.catalina.core.ApplicationContext.log Manager: list: Listing contexts for virtual host 'localhost'
05-Feb-2021 11:52:30.852 INFO [http-apr-6060-exec-73] org.apache.catalina.core.ApplicationContext.log Manager: list: Listing contexts for virtual host 'localhost'
05-Feb-2021 11:53:24.098 INFO [http-apr-6060-exec-73] org.apache.catalina.core.ApplicationContext.log Manager: list: Listing contexts for virtual host 'localhost'
05-Feb-2021 11:53:58.026 INFO [http-apr-6060-exec-73] org.apache.catalina.core.ApplicationContext.log Manager: list: Listing contexts for virtual host 'localhost'
05-Feb-2021 11:54:08.252 INFO [http-apr-6060-exec-73] org.apache.catalina.core.ApplicationContext.log Manager: list: Listing contexts for virtual host 'localhost'
05-Feb-2021 11:54:30.089 INFO [http-apr-6060-exec-72] org.apache.catalina.core.ApplicationContext.log Manager: list: Listing contexts for virtual host 'localhost'
05-Feb-2021 11:54:49.452 INFO [http-apr-6060-exec-72] org.apache.catalina.core.ApplicationContext.log Manager: list: Listing contexts for virtual host 'localhost'
05-Feb-2021 11:54:53.715 INFO [http-apr-6060-exec-74] org.apache.catalina.core.ApplicationContext.log Manager: list: Listing contexts for virtual host 'localhost'
05-Feb-2021 12:00:08.672 INFO [http-apr-6060-exec-76] org.apache.catalina.core.ApplicationContext.log Manager: list: Listing contexts for virtual host 'localhost'
05-Feb-2021 12:01:26.324 INFO [http-apr-6060-exec-76] org.apache.catalina.core.ApplicationContext.log Manager: list: Listing contexts for virtual host 'localhost'
05-Feb-2021 12:01:39.227 INFO [http-apr-6060-exec-76] org.apache.catalina.core.ApplicationContext.log Manager: list: Listing contexts for virtual host 'localhost'
05-Feb-2021 12:03:32.918 INFO [http-apr-6060-exec-76] org.apache.catalina.core.ApplicationContext.log Manager: list: Listing contexts for virtual host 'localhost'
05-Feb-2021 12:03:58.199 INFO [http-apr-6060-exec-76] org.apache.catalina.core.ApplicationContext.log Manager: list: Listing contexts for virtual host 'localhost'
05-Feb-2021 12:04:02.025 INFO [http-apr-6060-exec-69] org.apache.catalina.core.ApplicationContext.log Manager: list: Listing contexts for virtual host 'localhost'
05-Feb-2021 12:04:08.023 INFO [http-apr-6060-exec-69] org.apache.catalina.core.ApplicationContext.log Manager: list: Listing contexts for virtual host 'localhost'
05-Feb-2021 12:04:16.407 INFO [http-apr-6060-exec-69] org.apache.catalina.core.ApplicationContext.log Manager: list: Listing contexts for virtual host 'localhost'
05-Feb-2021 12:04:19.661 INFO [http-apr-6060-exec-75] org.apache.catalina.core.ApplicationContext.log Manager: list: Listing contexts for virtual host 'localhost'
05-Feb-2021 12:04:55.074 INFO [http-apr-6060-exec-71] org.apache.catalina.core.ApplicationContext.log Manager: list: Listing contexts for virtual host 'localhost'
05-Feb-2021 12:05:13.626 INFO [http-apr-6060-exec-71] org.apache.catalina.core.ApplicationContext.log Manager: list: Listing contexts for virtual host 'localhost'
05-Feb-2021 12:05:56.339 INFO [http-apr-6060-exec-71] org.apache.catalina.core.ApplicationContext.log Manager: list: Listing contexts for virtual host 'localhost'
05-Feb-2021 12:06:06.028 INFO [http-apr-6060-exec-71] org.apache.catalina.core.ApplicationContext.log Manager: list: Listing contexts for virtual host 'localhost'
05-Feb-2021 12:06:41.559 INFO [http-apr-6060-exec-71] org.apache.catalina.core.ApplicationContext.log Manager: list: Listing contexts for virtual host 'localhost'
05-Feb-2021 12:07:16.556 INFO [http-apr-6060-exec-77] org.apache.catalina.core.ApplicationContext.log Manager: list: Listing contexts for virtual host 'localhost'
05-Feb-2021 12:08:28.857 INFO [http-apr-6060-exec-68] org.apache.catalina.core.ApplicationContext.log Manager: list: Listing contexts for virtual host 'localhost'
05-Feb-2021 12:08:53.495 INFO [http-apr-6060-exec-76] org.apache.catalina.core.ApplicationContext.log Manager: list: Listing contexts for virtual host 'localhost'
05-Feb-2021 12:08:57.361 INFO [http-apr-6060-exec-77] org.apache.catalina.core.ApplicationContext.log Manager: list: Listing contexts for virtual host 'localhost'
05-Feb-2021 12:10:04.606 INFO [http-apr-6060-exec-75] org.apache.catalina.core.ApplicationContext.log Manager: list: Listing contexts for virtual host 'localhost'
05-Feb-2021 12:10:25.894 INFO [http-apr-6060-exec-71] org.apache.catalina.core.ApplicationContext.log Manager: list: Listing contexts for virtual host 'localhost'
05-Feb-2021 12:11:04.563 INFO [http-apr-6060-exec-71] org.apache.catalina.core.ApplicationContext.log Manager: list: Listing contexts for virtual host 'localhost'
05-Feb-2021 12:11:41.749 INFO [http-apr-6060-exec-77] org.apache.catalina.core.ApplicationContext.log Manager: list: Listing contexts for virtual host 'localhost'
05-Feb-2021 12:12:02.596 INFO [http-apr-6060-exec-75] org.apache.catalina.core.ApplicationContext.log Manager: list: Listing contexts for virtual host 'localhost'
05-Feb-2021 12:12:23.301 INFO [http-apr-6060-exec-71] org.apache.catalina.core.ApplicationContext.log Manager: list: Listing contexts for virtual host 'localhost'
05-Feb-2021 12:12:30.560 INFO [http-apr-6060-exec-68] org.apache.catalina.core.ApplicationContext.log Manager: list: Listing contexts for virtual host 'localhost'
05-Feb-2021 12:12:38.773 INFO [http-apr-6060-exec-71] org.apache.catalina.core.ApplicationContext.log Manager: list: Listing contexts for virtual host 'localhost'
05-Feb-2021 12:12:45.644 INFO [http-apr-6060-exec-69] org.apache.catalina.core.ApplicationContext.log Manager: list: Listing contexts for virtual host 'localhost'
05-Feb-2021 12:14:04.752 INFO [http-apr-6060-exec-69] org.apache.catalina.core.ApplicationContext.log Manager: list: Listing contexts for virtual host 'localhost'
05-Feb-2021 12:14:34.100 INFO [http-apr-6060-exec-69] org.apache.catalina.core.ApplicationContext.log Manager: list: Listing contexts for virtual host 'localhost'
05-Feb-2021 12:14:44.252 INFO [http-apr-6060-exec-69] org.apache.catalina.core.ApplicationContext.log Manager: list: Listing contexts for virtual host 'localhost'
05-Feb-2021 12:16:08.242 INFO [http-apr-6060-exec-69] org.apache.catalina.core.ApplicationContext.log Manager: list: Listing contexts for virtual host 'localhost'
05-Feb-2021 12:16:18.947 INFO [http-apr-6060-exec-69] org.apache.catalina.core.ApplicationContext.log Manager: list: Listing contexts for virtual host 'localhost'
05-Feb-2021 12:17:01.973 INFO [http-apr-6060-exec-69] org.apache.catalina.core.ApplicationContext.log Manager: list: Listing contexts for virtual host 'localhost'
05-Feb-2021 12:17:44.968 INFO [http-apr-6060-exec-69] org.apache.catalina.core.ApplicationContext.log Manager: list: Listing contexts for virtual host 'localhost'
05-Feb-2021 12:17:44.976 INFO [http-apr-6060-exec-76] org.apache.catalina.core.ApplicationContext.log Manager: restart: Reloading web application '/sygealoc'
05-Feb-2021 12:18:06.261 INFO [http-apr-6060-exec-72] org.apache.catalina.core.ApplicationContext.log Manager: list: Listing contexts for virtual host 'localhost'
05-Feb-2021 12:18:06.265 INFO [http-apr-6060-exec-79] org.apache.catalina.core.ApplicationContext.log Manager: list: Listing contexts for virtual host 'localhost'
05-Feb-2021 12:18:06.305 INFO [http-apr-6060-exec-70] org.apache.catalina.core.ApplicationContext.log Manager: undeploy: Undeploying web application at '/sygealoc'
05-Feb-2021 12:18:06.897 INFO [http-apr-6060-exec-72] org.apache.catalina.core.ApplicationContext.log Manager: install: Installing context configuration at 'file:/C:/Users/MONHEL~1.PIE/AppData/Local/Temp/context2009490421876013171.xml'
05-Feb-2021 12:18:08.780 INFO [http-apr-6060-exec-79] org.apache.catalina.core.ApplicationContext.log Manager: start: Starting web application '/sygealoc'
05-Feb-2021 12:18:15.748 INFO [http-apr-6060-exec-75] org.apache.catalina.core.ApplicationContext.log Manager: list: Listing contexts for virtual host 'localhost'
05-Feb-2021 12:18:31.781 INFO [http-apr-6060-exec-89] org.apache.catalina.core.ApplicationContext.log Manager: list: Listing contexts for virtual host 'localhost'
05-Feb-2021 12:20:40.290 INFO [http-apr-6060-exec-89] org.apache.catalina.core.ApplicationContext.log Manager: list: Listing contexts for virtual host 'localhost'
05-Feb-2021 12:20:40.298 INFO [http-apr-6060-exec-90] org.apache.catalina.core.ApplicationContext.log Manager: restart: Reloading web application '/sygealoc'
05-Feb-2021 12:21:01.805 INFO [http-apr-6060-exec-91] org.apache.catalina.core.ApplicationContext.log Manager: list: Listing contexts for virtual host 'localhost'
05-Feb-2021 12:21:01.811 INFO [http-apr-6060-exec-81] org.apache.catalina.core.ApplicationContext.log Manager: restart: Reloading web application '/sygealoc'
05-Feb-2021 12:21:30.415 INFO [http-apr-6060-exec-93] org.apache.catalina.core.ApplicationContext.log Manager: list: Listing contexts for virtual host 'localhost'
05-Feb-2021 12:21:39.131 INFO [http-apr-6060-exec-92] org.apache.catalina.core.ApplicationContext.log Manager: list: Listing contexts for virtual host 'localhost'
05-Feb-2021 12:21:39.133 INFO [http-apr-6060-exec-94] org.apache.catalina.core.ApplicationContext.log Manager: list: Listing contexts for virtual host 'localhost'
05-Feb-2021 12:21:39.140 INFO [http-apr-6060-exec-95] org.apache.catalina.core.ApplicationContext.log Manager: undeploy: Undeploying web application at '/sygealoc'
05-Feb-2021 12:21:39.728 INFO [http-apr-6060-exec-92] org.apache.catalina.core.ApplicationContext.log Manager: install: Installing context configuration at 'file:/C:/Users/MONHEL~1.PIE/AppData/Local/Temp/context5739504811712300511.xml'
05-Feb-2021 12:21:41.466 INFO [http-apr-6060-exec-86] org.apache.catalina.core.ApplicationContext.log Manager: start: Starting web application '/sygealoc'
05-Feb-2021 12:21:46.668 INFO [http-apr-6060-exec-99] org.apache.catalina.core.ApplicationContext.log Manager: list: Listing contexts for virtual host 'localhost'
05-Feb-2021 12:22:42.769 INFO [http-apr-6060-exec-96] org.apache.catalina.core.ApplicationContext.log Manager: list: Listing contexts for virtual host 'localhost'
05-Feb-2021 12:23:35.366 INFO [http-apr-6060-exec-96] org.apache.catalina.core.ApplicationContext.log Manager: list: Listing contexts for virtual host 'localhost'
05-Feb-2021 12:23:35.382 INFO [http-apr-6060-exec-97] org.apache.catalina.core.ApplicationContext.log Manager: restart: Reloading web application '/sygealoc'
05-Feb-2021 12:24:41.624 INFO [http-apr-6060-exec-107] org.apache.catalina.core.ApplicationContext.log Manager: list: Listing contexts for virtual host 'localhost'
05-Feb-2021 12:24:41.645 INFO [http-apr-6060-exec-100] org.apache.catalina.core.ApplicationContext.log Manager: restart: Reloading web application '/sygealoc'
05-Feb-2021 12:25:21.693 INFO [http-apr-6060-exec-110] org.apache.catalina.core.ApplicationContext.log Manager: list: Listing contexts for virtual host 'localhost'
05-Feb-2021 12:25:27.922 INFO [http-apr-6060-exec-103] org.apache.catalina.core.ApplicationContext.log Manager: list: Listing contexts for virtual host 'localhost'
05-Feb-2021 12:25:27.925 INFO [http-apr-6060-exec-111] org.apache.catalina.core.ApplicationContext.log Manager: list: Listing contexts for virtual host 'localhost'
05-Feb-2021 12:25:27.935 INFO [http-apr-6060-exec-112] org.apache.catalina.core.ApplicationContext.log Manager: undeploy: Undeploying web application at '/sygealoc'
05-Feb-2021 12:25:28.467 INFO [http-apr-6060-exec-101] org.apache.catalina.core.ApplicationContext.log Manager: install: Installing context configuration at 'file:/C:/Users/MONHEL~1.PIE/AppData/Local/Temp/context7393926881345865459.xml'
05-Feb-2021 12:25:30.220 INFO [http-apr-6060-exec-110] org.apache.catalina.core.ApplicationContext.log Manager: start: Starting web application '/sygealoc'
05-Feb-2021 12:25:37.068 INFO [http-apr-6060-exec-116] org.apache.catalina.core.ApplicationContext.log Manager: list: Listing contexts for virtual host 'localhost'
05-Feb-2021 12:26:21.513 INFO [http-apr-6060-exec-118] org.apache.catalina.core.ApplicationContext.log Manager: list: Listing contexts for virtual host 'localhost'
05-Feb-2021 12:26:29.107 INFO [http-apr-6060-exec-118] org.apache.catalina.core.ApplicationContext.log Manager: list: Listing contexts for virtual host 'localhost'
05-Feb-2021 12:27:46.715 INFO [http-apr-6060-exec-117] org.apache.catalina.core.ApplicationContext.log Manager: list: Listing contexts for virtual host 'localhost'
05-Feb-2021 12:27:46.718 INFO [http-apr-6060-exec-119] org.apache.catalina.core.ApplicationContext.log Manager: list: Listing contexts for virtual host 'localhost'
05-Feb-2021 12:27:46.726 INFO [http-apr-6060-exec-115] org.apache.catalina.core.ApplicationContext.log Manager: undeploy: Undeploying web application at '/sygealoc'
05-Feb-2021 12:27:47.281 INFO [http-apr-6060-exec-116] org.apache.catalina.core.ApplicationContext.log Manager: install: Installing context configuration at 'file:/C:/Users/MONHEL~1.PIE/AppData/Local/Temp/context3824537250457378492.xml'
05-Feb-2021 12:27:48.871 INFO [http-apr-6060-exec-120] org.apache.catalina.core.ApplicationContext.log Manager: start: Starting web application '/sygealoc'
05-Feb-2021 12:27:53.803 INFO [http-apr-6060-exec-124] org.apache.catalina.core.ApplicationContext.log Manager: list: Listing contexts for virtual host 'localhost'
05-Feb-2021 12:28:50.888 INFO [http-apr-6060-exec-124] org.apache.catalina.core.ApplicationContext.log Manager: list: Listing contexts for virtual host 'localhost'
05-Feb-2021 12:30:28.718 INFO [http-apr-6060-exec-129] org.apache.catalina.core.ApplicationContext.log Manager: list: Listing contexts for virtual host 'localhost'
05-Feb-2021 12:30:33.475 INFO [http-apr-6060-exec-125] org.apache.catalina.core.ApplicationContext.log Manager: list: Listing contexts for virtual host 'localhost'
05-Feb-2021 12:31:37.552 INFO [http-apr-6060-exec-128] org.apache.catalina.core.ApplicationContext.log Manager: list: Listing contexts for virtual host 'localhost'
05-Feb-2021 12:31:59.281 INFO [http-apr-6060-exec-128] org.apache.catalina.core.ApplicationContext.log Manager: list: Listing contexts for virtual host 'localhost'
05-Feb-2021 12:32:13.630 INFO [http-apr-6060-exec-128] org.apache.catalina.core.ApplicationContext.log Manager: list: Listing contexts for virtual host 'localhost'
05-Feb-2021 12:32:29.199 INFO [http-apr-6060-exec-128] org.apache.catalina.core.ApplicationContext.log Manager: list: Listing contexts for virtual host 'localhost'
05-Feb-2021 12:32:36.971 INFO [http-apr-6060-exec-131] org.apache.catalina.core.ApplicationContext.log Manager: list: Listing contexts for virtual host 'localhost'
05-Feb-2021 12:33:03.931 INFO [http-apr-6060-exec-130] org.apache.catalina.core.ApplicationContext.log Manager: list: Listing contexts for virtual host 'localhost'
05-Feb-2021 12:33:31.695 INFO [http-apr-6060-exec-130] org.apache.catalina.core.ApplicationContext.log Manager: list: Listing contexts for virtual host 'localhost'
05-Feb-2021 12:33:37.939 INFO [http-apr-6060-exec-130] org.apache.catalina.core.ApplicationContext.log Manager: list: Listing contexts for virtual host 'localhost'
05-Feb-2021 12:33:45.502 INFO [http-apr-6060-exec-131] org.apache.catalina.core.ApplicationContext.log Manager: list: Listing contexts for virtual host 'localhost'
05-Feb-2021 12:33:47.017 INFO [http-apr-6060-exec-126] org.apache.catalina.core.ApplicationContext.log Manager: list: Listing contexts for virtual host 'localhost'
05-Feb-2021 12:33:51.362 INFO [http-apr-6060-exec-123] org.apache.catalina.core.ApplicationContext.log Manager: list: Listing contexts for virtual host 'localhost'
05-Feb-2021 12:35:08.339 INFO [http-apr-6060-exec-123] org.apache.catalina.core.ApplicationContext.log Manager: list: Listing contexts for virtual host 'localhost'
05-Feb-2021 12:35:15.476 INFO [http-apr-6060-exec-129] org.apache.catalina.core.ApplicationContext.log Manager: list: Listing contexts for virtual host 'localhost'
05-Feb-2021 12:35:25.025 INFO [http-apr-6060-exec-129] org.apache.catalina.core.ApplicationContext.log Manager: list: Listing contexts for virtual host 'localhost'
05-Feb-2021 12:35:28.597 INFO [http-apr-6060-exec-123] org.apache.catalina.core.ApplicationContext.log Manager: list: Listing contexts for virtual host 'localhost'
05-Feb-2021 12:36:06.506 INFO [http-apr-6060-exec-131] org.apache.catalina.core.ApplicationContext.log Manager: list: Listing contexts for virtual host 'localhost'
05-Feb-2021 12:36:16.560 INFO [http-apr-6060-exec-131] org.apache.catalina.core.ApplicationContext.log Manager: list: Listing contexts for virtual host 'localhost'
05-Feb-2021 12:36:21.358 INFO [http-apr-6060-exec-127] org.apache.catalina.core.ApplicationContext.log Manager: list: Listing contexts for virtual host 'localhost'
05-Feb-2021 12:36:30.776 INFO [http-apr-6060-exec-127] org.apache.catalina.core.ApplicationContext.log Manager: list: Listing contexts for virtual host 'localhost'
05-Feb-2021 12:37:12.699 INFO [http-apr-6060-exec-127] org.apache.catalina.core.ApplicationContext.log Manager: list: Listing contexts for virtual host 'localhost'
05-Feb-2021 12:37:30.842 INFO [http-apr-6060-exec-127] org.apache.catalina.core.ApplicationContext.log Manager: list: Listing contexts for virtual host 'localhost'
05-Feb-2021 12:37:41.881 INFO [http-apr-6060-exec-127] org.apache.catalina.core.ApplicationContext.log Manager: list: Listing contexts for virtual host 'localhost'
05-Feb-2021 12:37:46.054 INFO [http-apr-6060-exec-132] org.apache.catalina.core.ApplicationContext.log Manager: list: Listing contexts for virtual host 'localhost'
05-Feb-2021 12:38:34.403 INFO [http-apr-6060-exec-130] org.apache.catalina.core.ApplicationContext.log Manager: list: Listing contexts for virtual host 'localhost'
05-Feb-2021 12:39:15.428 INFO [http-apr-6060-exec-130] org.apache.catalina.core.ApplicationContext.log Manager: list: Listing contexts for virtual host 'localhost'
05-Feb-2021 12:39:17.125 INFO [http-apr-6060-exec-127] org.apache.catalina.core.ApplicationContext.log Manager: list: Listing contexts for virtual host 'localhost'
05-Feb-2021 12:39:25.033 INFO [http-apr-6060-exec-128] org.apache.catalina.core.ApplicationContext.log Manager: list: Listing contexts for virtual host 'localhost'
05-Feb-2021 12:39:32.765 INFO [http-apr-6060-exec-128] org.apache.catalina.core.ApplicationContext.log Manager: list: Listing contexts for virtual host 'localhost'
05-Feb-2021 12:39:46.411 INFO [http-apr-6060-exec-128] org.apache.catalina.core.ApplicationContext.log Manager: list: Listing contexts for virtual host 'localhost'
05-Feb-2021 12:40:11.253 INFO [http-apr-6060-exec-131] org.apache.catalina.core.ApplicationContext.log Manager: list: Listing contexts for virtual host 'localhost'
05-Feb-2021 12:40:25.615 INFO [http-apr-6060-exec-127] org.apache.catalina.core.ApplicationContext.log Manager: list: Listing contexts for virtual host 'localhost'
05-Feb-2021 12:40:39.891 INFO [http-apr-6060-exec-127] org.apache.catalina.core.ApplicationContext.log Manager: list: Listing contexts for virtual host 'localhost'
05-Feb-2021 12:40:57.103 INFO [http-apr-6060-exec-127] org.apache.catalina.core.ApplicationContext.log Manager: list: Listing contexts for virtual host 'localhost'
05-Feb-2021 12:41:04.062 INFO [http-apr-6060-exec-127] org.apache.catalina.core.ApplicationContext.log Manager: list: Listing contexts for virtual host 'localhost'
05-Feb-2021 12:41:19.914 INFO [http-apr-6060-exec-127] org.apache.catalina.core.ApplicationContext.log Manager: list: Listing contexts for virtual host 'localhost'
05-Feb-2021 12:41:44.072 INFO [http-apr-6060-exec-127] org.apache.catalina.core.ApplicationContext.log Manager: list: Listing contexts for virtual host 'localhost'
05-Feb-2021 12:42:10.637 INFO [http-apr-6060-exec-127] org.apache.catalina.core.ApplicationContext.log Manager: list: Listing contexts for virtual host 'localhost'
05-Feb-2021 12:42:21.322 INFO [http-apr-6060-exec-127] org.apache.catalina.core.ApplicationContext.log Manager: list: Listing contexts for virtual host 'localhost'
05-Feb-2021 12:42:35.090 INFO [http-apr-6060-exec-127] org.apache.catalina.core.ApplicationContext.log Manager: list: Listing contexts for virtual host 'localhost'
05-Feb-2021 12:42:40.669 INFO [http-apr-6060-exec-125] org.apache.catalina.core.ApplicationContext.log Manager: list: Listing contexts for virtual host 'localhost'
05-Feb-2021 12:42:40.671 INFO [http-apr-6060-exec-130] org.apache.catalina.core.ApplicationContext.log Manager: list: Listing contexts for virtual host 'localhost'
05-Feb-2021 12:42:40.678 INFO [http-apr-6060-exec-131] org.apache.catalina.core.ApplicationContext.log Manager: undeploy: Undeploying web application at '/sygealoc'
05-Feb-2021 12:42:41.249 INFO [http-apr-6060-exec-129] org.apache.catalina.core.ApplicationContext.log Manager: install: Installing context configuration at 'file:/C:/Users/MONHEL~1.PIE/AppData/Local/Temp/context8400584075218875755.xml'
05-Feb-2021 12:42:42.872 INFO [http-apr-6060-exec-126] org.apache.catalina.core.ApplicationContext.log Manager: start: Starting web application '/sygealoc'
05-Feb-2021 12:42:48.782 INFO [http-apr-6060-exec-137] org.apache.catalina.core.ApplicationContext.log Manager: list: Listing contexts for virtual host 'localhost'
05-Feb-2021 12:43:01.608 INFO [http-apr-6060-exec-139] org.apache.catalina.core.ApplicationContext.log Manager: list: Listing contexts for virtual host 'localhost'
05-Feb-2021 12:43:10.218 INFO [http-apr-6060-exec-139] org.apache.catalina.core.ApplicationContext.log Manager: list: Listing contexts for virtual host 'localhost'
05-Feb-2021 12:43:39.630 INFO [http-apr-6060-exec-139] org.apache.catalina.core.ApplicationContext.log Manager: list: Listing contexts for virtual host 'localhost'
05-Feb-2021 12:43:49.699 INFO [http-apr-6060-exec-133] org.apache.catalina.core.ApplicationContext.log Manager: list: Listing contexts for virtual host 'localhost'
05-Feb-2021 12:44:17.350 INFO [http-apr-6060-exec-133] org.apache.catalina.core.ApplicationContext.log Manager: list: Listing contexts for virtual host 'localhost'
05-Feb-2021 12:44:24.523 INFO [http-apr-6060-exec-133] org.apache.catalina.core.ApplicationContext.log Manager: list: Listing contexts for virtual host 'localhost'
05-Feb-2021 12:44:32.730 INFO [http-apr-6060-exec-133] org.apache.catalina.core.ApplicationContext.log Manager: list: Listing contexts for virtual host 'localhost'
05-Feb-2021 12:44:55.835 INFO [http-apr-6060-exec-138] org.apache.catalina.core.ApplicationContext.log Manager: list: Listing contexts for virtual host 'localhost'
05-Feb-2021 12:46:01.044 INFO [http-apr-6060-exec-134] org.apache.catalina.core.ApplicationContext.log Manager: list: Listing contexts for virtual host 'localhost'
05-Feb-2021 12:46:01.052 INFO [http-apr-6060-exec-136] org.apache.catalina.core.ApplicationContext.log Manager: undeploy: Undeploying web application at '/sygealoc'
05-Feb-2021 12:47:22.202 INFO [http-apr-6060-exec-144] org.apache.catalina.core.ApplicationContext.log Manager: list: Listing contexts for virtual host 'localhost'
05-Feb-2021 12:47:22.205 INFO [http-apr-6060-exec-143] org.apache.catalina.core.ApplicationContext.log Manager: list: Listing contexts for virtual host 'localhost'
05-Feb-2021 12:47:22.217 INFO [http-apr-6060-exec-145] org.apache.catalina.core.ApplicationContext.log Manager: install: Installing context configuration at 'file:/C:/Users/MONHEL~1.PIE/AppData/Local/Temp/context2896618109268316915.xml'
05-Feb-2021 12:47:23.861 INFO [http-apr-6060-exec-140] org.apache.catalina.core.ApplicationContext.log Manager: start: Starting web application '/sygealoc'
05-Feb-2021 12:48:09.109 INFO [http-apr-6060-exec-138] org.apache.catalina.core.ApplicationContext.log Manager: list: Listing contexts for virtual host 'localhost'
05-Feb-2021 12:49:00.533 INFO [http-apr-6060-exec-143] org.apache.catalina.core.ApplicationContext.log Manager: list: Listing contexts for virtual host 'localhost'
05-Feb-2021 12:49:39.503 INFO [http-apr-6060-exec-143] org.apache.catalina.core.ApplicationContext.log Manager: list: Listing contexts for virtual host 'localhost'
05-Feb-2021 12:50:46.136 INFO [http-apr-6060-exec-151] org.apache.catalina.core.ApplicationContext.log Manager: list: Listing contexts for virtual host 'localhost'
05-Feb-2021 12:51:06.335 INFO [http-apr-6060-exec-143] org.apache.catalina.core.ApplicationContext.log Manager: list: Listing contexts for virtual host 'localhost'
05-Feb-2021 12:51:45.722 INFO [http-apr-6060-exec-152] org.apache.catalina.core.ApplicationContext.log Manager: list: Listing contexts for virtual host 'localhost'
05-Feb-2021 12:52:04.466 INFO [http-apr-6060-exec-144] org.apache.catalina.core.ApplicationContext.log Manager: list: Listing contexts for virtual host 'localhost'
05-Feb-2021 12:52:06.023 INFO [http-apr-6060-exec-150] org.apache.catalina.core.ApplicationContext.log Manager: list: Listing contexts for virtual host 'localhost'
05-Feb-2021 12:52:33.891 INFO [http-apr-6060-exec-150] org.apache.catalina.core.ApplicationContext.log Manager: list: Listing contexts for virtual host 'localhost'
05-Feb-2021 12:52:33.898 INFO [http-apr-6060-exec-152] org.apache.catalina.core.ApplicationContext.log Manager: restart: Reloading web application '/sygealoc'
05-Feb-2021 12:52:36.547 INFO [http-apr-6060-exec-147] org.apache.catalina.core.ApplicationContext.log Manager: list: Listing contexts for virtual host 'localhost'
05-Feb-2021 12:52:36.563 INFO [http-apr-6060-exec-150] org.apache.catalina.core.ApplicationContext.log Manager: restart: Reloading web application '/sygealoc'
05-Feb-2021 12:52:40.782 INFO [http-apr-6060-exec-149] org.apache.catalina.core.ApplicationContext.log Manager: list: Listing contexts for virtual host 'localhost'
05-Feb-2021 12:52:40.788 INFO [http-apr-6060-exec-154] org.apache.catalina.core.ApplicationContext.log Manager: restart: Reloading web application '/sygealoc'
05-Feb-2021 12:52:53.813 INFO [http-apr-6060-exec-156] org.apache.catalina.core.ApplicationContext.log Manager: list: Listing contexts for virtual host 'localhost'
05-Feb-2021 12:52:53.835 INFO [http-apr-6060-exec-143] org.apache.catalina.core.ApplicationContext.log Manager: restart: Reloading web application '/sygealoc'
05-Feb-2021 12:53:01.260 INFO [http-apr-6060-exec-158] org.apache.catalina.core.ApplicationContext.log Manager: list: Listing contexts for virtual host 'localhost'
05-Feb-2021 12:53:01.279 INFO [http-apr-6060-exec-148] org.apache.catalina.core.ApplicationContext.log Manager: restart: Reloading web application '/sygealoc'
05-Feb-2021 12:53:08.960 INFO [http-apr-6060-exec-160] org.apache.catalina.core.ApplicationContext.log Manager: list: Listing contexts for virtual host 'localhost'
05-Feb-2021 12:53:08.969 INFO [http-apr-6060-exec-145] org.apache.catalina.core.ApplicationContext.log Manager: restart: Reloading web application '/sygealoc'
05-Feb-2021 12:53:12.124 INFO [http-apr-6060-exec-155] org.apache.catalina.core.ApplicationContext.log Manager: list: Listing contexts for virtual host 'localhost'
05-Feb-2021 12:53:12.129 INFO [http-apr-6060-exec-159] org.apache.catalina.core.ApplicationContext.log Manager: restart: Reloading web application '/sygealoc'
05-Feb-2021 12:53:24.520 INFO [http-apr-6060-exec-164] org.apache.catalina.core.ApplicationContext.log Manager: list: Listing contexts for virtual host 'localhost'
05-Feb-2021 12:53:24.527 INFO [http-apr-6060-exec-160] org.apache.catalina.core.ApplicationContext.log Manager: restart: Reloading web application '/sygealoc'
05-Feb-2021 12:53:38.095 INFO [http-apr-6060-exec-166] org.apache.catalina.core.ApplicationContext.log Manager: list: Listing contexts for virtual host 'localhost'
05-Feb-2021 12:53:38.103 INFO [http-apr-6060-exec-153] org.apache.catalina.core.ApplicationContext.log Manager: restart: Reloading web application '/sygealoc'
05-Feb-2021 12:53:54.773 INFO [http-apr-6060-exec-162] org.apache.catalina.core.ApplicationContext.log Manager: list: Listing contexts for virtual host 'localhost'
05-Feb-2021 12:53:54.775 INFO [http-apr-6060-exec-169] org.apache.catalina.core.ApplicationContext.log Manager: list: Listing contexts for virtual host 'localhost'
05-Feb-2021 12:53:54.784 INFO [http-apr-6060-exec-149] org.apache.catalina.core.ApplicationContext.log Manager: undeploy: Undeploying web application at '/sygealoc'
05-Feb-2021 12:53:55.323 INFO [http-apr-6060-exec-151] org.apache.catalina.core.ApplicationContext.log Manager: install: Installing context configuration at 'file:/C:/Users/MONHEL~1.PIE/AppData/Local/Temp/context3806248332020431237.xml'
05-Feb-2021 12:53:56.937 INFO [http-apr-6060-exec-162] org.apache.catalina.core.ApplicationContext.log Manager: start: Starting web application '/sygealoc'
05-Feb-2021 12:54:03.062 INFO [http-apr-6060-exec-166] org.apache.catalina.core.ApplicationContext.log Manager: list: Listing contexts for virtual host 'localhost'
05-Feb-2021 12:55:48.803 INFO [http-apr-6060-exec-173] org.apache.catalina.core.ApplicationContext.log Manager: list: Listing contexts for virtual host 'localhost'
05-Feb-2021 12:56:00.317 INFO [http-apr-6060-exec-173] org.apache.catalina.core.ApplicationContext.log Manager: list: Listing contexts for virtual host 'localhost'
05-Feb-2021 12:56:10.883 INFO [http-apr-6060-exec-173] org.apache.catalina.core.ApplicationContext.log Manager: list: Listing contexts for virtual host 'localhost'
05-Feb-2021 12:56:50.481 INFO [http-apr-6060-exec-175] org.apache.catalina.core.ApplicationContext.log Manager: list: Listing contexts for virtual host 'localhost'
05-Feb-2021 12:57:26.301 INFO [http-apr-6060-exec-172] org.apache.catalina.core.ApplicationContext.log Manager: list: Listing contexts for virtual host 'localhost'
05-Feb-2021 12:59:55.283 INFO [http-apr-6060-exec-172] org.apache.catalina.core.ApplicationContext.log Manager: list: Listing contexts for virtual host 'localhost'
05-Feb-2021 13:00:01.463 INFO [http-apr-6060-exec-172] org.apache.catalina.core.ApplicationContext.log Manager: list: Listing contexts for virtual host 'localhost'
05-Feb-2021 13:00:06.068 INFO [http-apr-6060-exec-172] org.apache.catalina.core.ApplicationContext.log Manager: list: Listing contexts for virtual host 'localhost'
05-Feb-2021 13:00:12.826 INFO [http-apr-6060-exec-177] org.apache.catalina.core.ApplicationContext.log Manager: list: Listing contexts for virtual host 'localhost'
05-Feb-2021 13:00:20.029 INFO [http-apr-6060-exec-173] org.apache.catalina.core.ApplicationContext.log Manager: list: Listing contexts for virtual host 'localhost'
05-Feb-2021 13:00:29.959 INFO [http-apr-6060-exec-173] org.apache.catalina.core.ApplicationContext.log Manager: list: Listing contexts for virtual host 'localhost'
05-Feb-2021 13:00:44.112 INFO [http-apr-6060-exec-173] org.apache.catalina.core.ApplicationContext.log Manager: list: Listing contexts for virtual host 'localhost'
05-Feb-2021 13:00:49.783 INFO [http-apr-6060-exec-174] org.apache.catalina.core.ApplicationContext.log Manager: list: Listing contexts for virtual host 'localhost'
05-Feb-2021 13:01:04.076 INFO [http-apr-6060-exec-178] org.apache.catalina.core.ApplicationContext.log Manager: list: Listing contexts for virtual host 'localhost'
05-Feb-2021 13:01:53.243 INFO [http-apr-6060-exec-178] org.apache.catalina.core.ApplicationContext.log Manager: list: Listing contexts for virtual host 'localhost'
05-Feb-2021 13:02:05.816 INFO [http-apr-6060-exec-175] org.apache.catalina.core.ApplicationContext.log Manager: list: Listing contexts for virtual host 'localhost'
05-Feb-2021 13:02:27.570 INFO [http-apr-6060-exec-175] org.apache.catalina.core.ApplicationContext.log Manager: list: Listing contexts for virtual host 'localhost'
05-Feb-2021 13:02:36.136 INFO [http-apr-6060-exec-175] org.apache.catalina.core.ApplicationContext.log Manager: list: Listing contexts for virtual host 'localhost'
05-Feb-2021 13:02:38.490 INFO [http-apr-6060-exec-179] org.apache.catalina.core.ApplicationContext.log Manager: list: Listing contexts for virtual host 'localhost'
05-Feb-2021 13:26:50.652 INFO [http-apr-6060-exec-179] org.apache.catalina.core.ApplicationContext.log Manager: list: Listing contexts for virtual host 'localhost'
05-Feb-2021 13:28:08.964 INFO [http-apr-6060-exec-179] org.apache.catalina.core.ApplicationContext.log Manager: list: Listing contexts for virtual host 'localhost'
05-Feb-2021 13:28:18.323 INFO [http-apr-6060-exec-179] org.apache.catalina.core.ApplicationContext.log Manager: list: Listing contexts for virtual host 'localhost'
05-Feb-2021 13:28:26.975 INFO [http-apr-6060-exec-171] org.apache.catalina.core.ApplicationContext.log Manager: list: Listing contexts for virtual host 'localhost'
05-Feb-2021 13:29:02.191 INFO [http-apr-6060-exec-176] org.apache.catalina.core.ApplicationContext.log Manager: list: Listing contexts for virtual host 'localhost'
05-Feb-2021 13:34:58.990 INFO [http-apr-6060-exec-176] org.apache.catalina.core.ApplicationContext.log Manager: list: Listing contexts for virtual host 'localhost'
05-Feb-2021 13:35:07.702 INFO [http-apr-6060-exec-180] org.apache.catalina.core.ApplicationContext.log Manager: list: Listing contexts for virtual host 'localhost'
05-Feb-2021 13:35:14.328 INFO [http-apr-6060-exec-176] org.apache.catalina.core.ApplicationContext.log Manager: list: Listing contexts for virtual host 'localhost'
05-Feb-2021 13:35:38.108 INFO [http-apr-6060-exec-179] org.apache.catalina.core.ApplicationContext.log Manager: list: Listing contexts for virtual host 'localhost'
05-Feb-2021 13:35:38.116 INFO [http-apr-6060-exec-171] org.apache.catalina.core.ApplicationContext.log Manager: undeploy: Undeploying web application at '/sygealoc'
05-Feb-2021 13:37:09.726 INFO [http-apr-6060-exec-176] org.apache.catalina.core.ApplicationContext.log Manager: list: Listing contexts for virtual host 'localhost'
