01-Feb-2021 16:00:42.957 INFO [http-apr-6060-exec-9] org.apache.catalina.core.ApplicationContext.log HTMLManager: init: Associated with Deployer 'Catalina:type=Deployer,host=localhost'
01-Feb-2021 16:00:42.962 INFO [http-apr-6060-exec-9] org.apache.catalina.core.ApplicationContext.log HTMLManager: init: Global resources are available
01-Feb-2021 16:00:43.056 INFO [http-apr-6060-exec-9] org.apache.catalina.core.ApplicationContext.log HTMLManager: list: Listing contexts for virtual host 'localhost'
01-Feb-2021 16:17:11.828 INFO [http-apr-6060-exec-7] org.apache.catalina.core.ApplicationContext.log HTMLManager: init: Associated with Deployer 'Catalina:type=Deployer,host=localhost'
01-Feb-2021 16:17:11.829 INFO [http-apr-6060-exec-7] org.apache.catalina.core.ApplicationContext.log HTMLManager: init: Global resources are available
01-Feb-2021 16:17:11.931 INFO [http-apr-6060-exec-7] org.apache.catalina.core.ApplicationContext.log HTMLManager: list: Listing contexts for virtual host 'localhost'
01-Feb-2021 16:18:27.037 INFO [http-apr-6060-exec-3] org.apache.catalina.core.ApplicationContext.log Manager: init: Associated with Deployer 'Catalina:type=Deployer,host=localhost'
01-Feb-2021 16:18:27.037 INFO [http-apr-6060-exec-3] org.apache.catalina.core.ApplicationContext.log Manager: init: Global resources are available
01-Feb-2021 16:18:27.039 INFO [http-apr-6060-exec-3] org.apache.catalina.core.ApplicationContext.log Manager: list: Listing contexts for virtual host 'localhost'
01-Feb-2021 16:18:27.060 INFO [http-apr-6060-exec-2] org.apache.catalina.core.ApplicationContext.log Manager: list: Listing contexts for virtual host 'localhost'
01-Feb-2021 16:18:27.147 INFO [http-apr-6060-exec-1] org.apache.catalina.core.ApplicationContext.log Manager: install: Installing context configuration at 'file:/C:/Users/NHELTECH/AppData/Local/Temp/context2472687953265971072.xml'
01-Feb-2021 16:18:36.711 INFO [http-apr-6060-exec-9] org.apache.catalina.core.ApplicationContext.log Manager: start: Starting web application '/sygealoc'
01-Feb-2021 16:19:35.006 INFO [http-apr-6060-exec-10] org.apache.catalina.core.ApplicationContext.log Manager: list: Listing contexts for virtual host 'localhost'
01-Feb-2021 16:19:42.360 INFO [http-apr-6060-exec-7] org.apache.catalina.core.ApplicationContext.log Manager: list: Listing contexts for virtual host 'localhost'
01-Feb-2021 16:22:17.652 INFO [http-apr-6060-exec-1] org.apache.catalina.core.ApplicationContext.log Manager: list: Listing contexts for virtual host 'localhost'
01-Feb-2021 16:24:30.831 INFO [http-apr-6060-exec-7] org.apache.catalina.core.ApplicationContext.log Manager: list: Listing contexts for virtual host 'localhost'
01-Feb-2021 16:26:58.268 INFO [http-apr-6060-exec-8] org.apache.catalina.core.ApplicationContext.log Manager: list: Listing contexts for virtual host 'localhost'
01-Feb-2021 16:27:04.648 INFO [http-apr-6060-exec-2] org.apache.catalina.core.ApplicationContext.log Manager: list: Listing contexts for virtual host 'localhost'
01-Feb-2021 16:27:52.715 INFO [http-apr-6060-exec-2] org.apache.catalina.core.ApplicationContext.log Manager: list: Listing contexts for virtual host 'localhost'
01-Feb-2021 16:29:15.033 INFO [http-apr-6060-exec-8] org.apache.catalina.core.ApplicationContext.log Manager: list: Listing contexts for virtual host 'localhost'
01-Feb-2021 16:29:44.272 INFO [http-apr-6060-exec-8] org.apache.catalina.core.ApplicationContext.log Manager: list: Listing contexts for virtual host 'localhost'
01-Feb-2021 16:30:33.829 INFO [http-apr-6060-exec-1] org.apache.catalina.core.ApplicationContext.log Manager: list: Listing contexts for virtual host 'localhost'
01-Feb-2021 16:31:22.270 INFO [http-apr-6060-exec-4] org.apache.catalina.core.ApplicationContext.log Manager: list: Listing contexts for virtual host 'localhost'
01-Feb-2021 16:31:22.493 INFO [http-apr-6060-exec-1] org.apache.catalina.core.ApplicationContext.log Manager: list: Listing contexts for virtual host 'localhost'
01-Feb-2021 16:31:48.416 INFO [http-apr-6060-exec-2] org.apache.catalina.core.ApplicationContext.log Manager: list: Listing contexts for virtual host 'localhost'
01-Feb-2021 16:32:01.088 INFO [http-apr-6060-exec-6] org.apache.catalina.core.ApplicationContext.log Manager: list: Listing contexts for virtual host 'localhost'
01-Feb-2021 16:32:29.556 INFO [http-apr-6060-exec-8] org.apache.catalina.core.ApplicationContext.log Manager: list: Listing contexts for virtual host 'localhost'
01-Feb-2021 16:32:54.824 INFO [http-apr-6060-exec-8] org.apache.catalina.core.ApplicationContext.log Manager: list: Listing contexts for virtual host 'localhost'
01-Feb-2021 16:39:03.030 INFO [http-apr-6060-exec-10] org.apache.catalina.core.ApplicationContext.log Manager: list: Listing contexts for virtual host 'localhost'
01-Feb-2021 16:39:17.183 INFO [http-apr-6060-exec-3] org.apache.catalina.core.ApplicationContext.log Manager: list: Listing contexts for virtual host 'localhost'
01-Feb-2021 16:39:45.853 INFO [http-apr-6060-exec-6] org.apache.catalina.core.ApplicationContext.log Manager: list: Listing contexts for virtual host 'localhost'
01-Feb-2021 16:40:03.991 INFO [http-apr-6060-exec-3] org.apache.catalina.core.ApplicationContext.log Manager: list: Listing contexts for virtual host 'localhost'
01-Feb-2021 16:41:24.730 INFO [http-apr-6060-exec-4] org.apache.catalina.core.ApplicationContext.log Manager: list: Listing contexts for virtual host 'localhost'
01-Feb-2021 16:41:29.176 INFO [http-apr-6060-exec-1] org.apache.catalina.core.ApplicationContext.log Manager: list: Listing contexts for virtual host 'localhost'
01-Feb-2021 16:41:39.910 INFO [http-apr-6060-exec-4] org.apache.catalina.core.ApplicationContext.log Manager: list: Listing contexts for virtual host 'localhost'
01-Feb-2021 16:43:00.074 INFO [http-apr-6060-exec-4] org.apache.catalina.core.ApplicationContext.log Manager: list: Listing contexts for virtual host 'localhost'
01-Feb-2021 16:46:10.990 INFO [http-apr-6060-exec-4] org.apache.catalina.core.ApplicationContext.log Manager: list: Listing contexts for virtual host 'localhost'
01-Feb-2021 16:46:17.987 INFO [http-apr-6060-exec-6] org.apache.catalina.core.ApplicationContext.log Manager: list: Listing contexts for virtual host 'localhost'
01-Feb-2021 16:47:25.312 INFO [http-apr-6060-exec-6] org.apache.catalina.core.ApplicationContext.log Manager: list: Listing contexts for virtual host 'localhost'
01-Feb-2021 16:49:28.125 INFO [http-apr-6060-exec-3] org.apache.catalina.core.ApplicationContext.log Manager: list: Listing contexts for virtual host 'localhost'
01-Feb-2021 16:50:40.891 INFO [http-apr-6060-exec-3] org.apache.catalina.core.ApplicationContext.log Manager: list: Listing contexts for virtual host 'localhost'
01-Feb-2021 16:51:29.308 INFO [http-apr-6060-exec-3] org.apache.catalina.core.ApplicationContext.log Manager: list: Listing contexts for virtual host 'localhost'
01-Feb-2021 16:55:20.408 INFO [http-apr-6060-exec-4] org.apache.catalina.core.ApplicationContext.log Manager: list: Listing contexts for virtual host 'localhost'
01-Feb-2021 16:57:01.502 INFO [http-apr-6060-exec-4] org.apache.catalina.core.ApplicationContext.log Manager: list: Listing contexts for virtual host 'localhost'
01-Feb-2021 16:57:17.545 INFO [http-apr-6060-exec-10] org.apache.catalina.core.ApplicationContext.log Manager: list: Listing contexts for virtual host 'localhost'
01-Feb-2021 16:58:21.009 INFO [http-apr-6060-exec-3] org.apache.catalina.core.ApplicationContext.log Manager: list: Listing contexts for virtual host 'localhost'
01-Feb-2021 17:02:25.954 INFO [http-apr-6060-exec-9] org.apache.catalina.core.ApplicationContext.log Manager: list: Listing contexts for virtual host 'localhost'
01-Feb-2021 17:02:33.107 INFO [http-apr-6060-exec-1] org.apache.catalina.core.ApplicationContext.log Manager: list: Listing contexts for virtual host 'localhost'
01-Feb-2021 17:03:16.835 INFO [http-apr-6060-exec-7] org.apache.catalina.core.ApplicationContext.log Manager: list: Listing contexts for virtual host 'localhost'
01-Feb-2021 17:03:21.317 INFO [http-apr-6060-exec-5] org.apache.catalina.core.ApplicationContext.log Manager: list: Listing contexts for virtual host 'localhost'
01-Feb-2021 17:04:57.412 INFO [http-apr-6060-exec-8] org.apache.catalina.core.ApplicationContext.log Manager: list: Listing contexts for virtual host 'localhost'
01-Feb-2021 17:04:58.347 INFO [http-apr-6060-exec-6] org.apache.catalina.core.ApplicationContext.log Manager: list: Listing contexts for virtual host 'localhost'
01-Feb-2021 17:13:45.938 INFO [http-apr-6060-exec-7] org.apache.catalina.core.ApplicationContext.log Manager: list: Listing contexts for virtual host 'localhost'
01-Feb-2021 17:14:41.598 INFO [http-apr-6060-exec-7] org.apache.catalina.core.ApplicationContext.log Manager: list: Listing contexts for virtual host 'localhost'
01-Feb-2021 17:14:51.994 INFO [http-apr-6060-exec-7] org.apache.catalina.core.ApplicationContext.log Manager: list: Listing contexts for virtual host 'localhost'
01-Feb-2021 17:15:31.504 INFO [http-apr-6060-exec-7] org.apache.catalina.core.ApplicationContext.log Manager: list: Listing contexts for virtual host 'localhost'
01-Feb-2021 17:16:02.630 INFO [http-apr-6060-exec-7] org.apache.catalina.core.ApplicationContext.log Manager: list: Listing contexts for virtual host 'localhost'
01-Feb-2021 17:16:30.119 INFO [http-apr-6060-exec-7] org.apache.catalina.core.ApplicationContext.log Manager: list: Listing contexts for virtual host 'localhost'
01-Feb-2021 17:16:37.118 INFO [http-apr-6060-exec-7] org.apache.catalina.core.ApplicationContext.log Manager: list: Listing contexts for virtual host 'localhost'
01-Feb-2021 17:16:45.014 INFO [http-apr-6060-exec-7] org.apache.catalina.core.ApplicationContext.log Manager: list: Listing contexts for virtual host 'localhost'
01-Feb-2021 17:17:30.717 INFO [http-apr-6060-exec-7] org.apache.catalina.core.ApplicationContext.log Manager: list: Listing contexts for virtual host 'localhost'
01-Feb-2021 17:17:38.032 INFO [http-apr-6060-exec-7] org.apache.catalina.core.ApplicationContext.log Manager: list: Listing contexts for virtual host 'localhost'
01-Feb-2021 17:17:57.896 INFO [http-apr-6060-exec-7] org.apache.catalina.core.ApplicationContext.log Manager: list: Listing contexts for virtual host 'localhost'
01-Feb-2021 17:19:34.838 INFO [http-apr-6060-exec-5] org.apache.catalina.core.ApplicationContext.log Manager: list: Listing contexts for virtual host 'localhost'
01-Feb-2021 17:19:44.119 INFO [http-apr-6060-exec-7] org.apache.catalina.core.ApplicationContext.log Manager: list: Listing contexts for virtual host 'localhost'
01-Feb-2021 17:20:39.579 INFO [http-apr-6060-exec-7] org.apache.catalina.core.ApplicationContext.log Manager: list: Listing contexts for virtual host 'localhost'
01-Feb-2021 17:20:48.118 INFO [http-apr-6060-exec-3] org.apache.catalina.core.ApplicationContext.log Manager: list: Listing contexts for virtual host 'localhost'
01-Feb-2021 17:22:31.532 INFO [http-apr-6060-exec-1] org.apache.catalina.core.ApplicationContext.log Manager: list: Listing contexts for virtual host 'localhost'
01-Feb-2021 17:22:50.549 INFO [http-apr-6060-exec-4] org.apache.catalina.core.ApplicationContext.log Manager: list: Listing contexts for virtual host 'localhost'
01-Feb-2021 19:21:03.625 INFO [http-apr-6060-exec-10] org.apache.catalina.core.ApplicationContext.log Manager: list: Listing contexts for virtual host 'localhost'
01-Feb-2021 19:21:38.424 INFO [http-apr-6060-exec-10] org.apache.catalina.core.ApplicationContext.log Manager: list: Listing contexts for virtual host 'localhost'
01-Feb-2021 19:23:29.735 INFO [http-apr-6060-exec-3] org.apache.catalina.core.ApplicationContext.log Manager: list: Listing contexts for virtual host 'localhost'
01-Feb-2021 19:23:40.798 INFO [http-apr-6060-exec-4] org.apache.catalina.core.ApplicationContext.log Manager: list: Listing contexts for virtual host 'localhost'
01-Feb-2021 19:31:21.749 INFO [http-apr-6060-exec-4] org.apache.catalina.core.ApplicationContext.log Manager: list: Listing contexts for virtual host 'localhost'
01-Feb-2021 19:31:34.796 INFO [http-apr-6060-exec-9] org.apache.catalina.core.ApplicationContext.log Manager: list: Listing contexts for virtual host 'localhost'
01-Feb-2021 19:32:47.294 INFO [http-apr-6060-exec-10] org.apache.catalina.core.ApplicationContext.log Manager: list: Listing contexts for virtual host 'localhost'
01-Feb-2021 19:34:17.549 INFO [http-apr-6060-exec-1] org.apache.catalina.core.ApplicationContext.log Manager: list: Listing contexts for virtual host 'localhost'
01-Feb-2021 19:34:23.918 INFO [http-apr-6060-exec-6] org.apache.catalina.core.ApplicationContext.log Manager: list: Listing contexts for virtual host 'localhost'
01-Feb-2021 19:35:12.850 INFO [http-apr-6060-exec-5] org.apache.catalina.core.ApplicationContext.log Manager: list: Listing contexts for virtual host 'localhost'
01-Feb-2021 19:35:22.498 INFO [http-apr-6060-exec-5] org.apache.catalina.core.ApplicationContext.log Manager: list: Listing contexts for virtual host 'localhost'
01-Feb-2021 19:35:30.757 INFO [http-apr-6060-exec-3] org.apache.catalina.core.ApplicationContext.log Manager: list: Listing contexts for virtual host 'localhost'
01-Feb-2021 19:36:08.306 INFO [http-apr-6060-exec-4] org.apache.catalina.core.ApplicationContext.log Manager: list: Listing contexts for virtual host 'localhost'
01-Feb-2021 19:37:08.325 INFO [http-apr-6060-exec-2] org.apache.catalina.core.ApplicationContext.log Manager: list: Listing contexts for virtual host 'localhost'
01-Feb-2021 19:37:51.659 INFO [http-apr-6060-exec-2] org.apache.catalina.core.ApplicationContext.log Manager: list: Listing contexts for virtual host 'localhost'
01-Feb-2021 19:37:57.564 INFO [http-apr-6060-exec-5] org.apache.catalina.core.ApplicationContext.log Manager: list: Listing contexts for virtual host 'localhost'
01-Feb-2021 19:39:11.261 INFO [http-apr-6060-exec-6] org.apache.catalina.core.ApplicationContext.log Manager: list: Listing contexts for virtual host 'localhost'
01-Feb-2021 19:39:21.396 INFO [http-apr-6060-exec-8] org.apache.catalina.core.ApplicationContext.log Manager: list: Listing contexts for virtual host 'localhost'
01-Feb-2021 19:41:14.062 INFO [http-apr-6060-exec-1] org.apache.catalina.core.ApplicationContext.log Manager: list: Listing contexts for virtual host 'localhost'
01-Feb-2021 19:41:43.983 INFO [http-apr-6060-exec-1] org.apache.catalina.core.ApplicationContext.log Manager: list: Listing contexts for virtual host 'localhost'
01-Feb-2021 19:41:50.657 INFO [http-apr-6060-exec-2] org.apache.catalina.core.ApplicationContext.log Manager: list: Listing contexts for virtual host 'localhost'
01-Feb-2021 19:43:30.502 INFO [http-apr-6060-exec-8] org.apache.catalina.core.ApplicationContext.log Manager: list: Listing contexts for virtual host 'localhost'
01-Feb-2021 19:43:42.180 INFO [http-apr-6060-exec-8] org.apache.catalina.core.ApplicationContext.log Manager: list: Listing contexts for virtual host 'localhost'
01-Feb-2021 19:44:20.868 INFO [http-apr-6060-exec-3] org.apache.catalina.core.ApplicationContext.log Manager: list: Listing contexts for virtual host 'localhost'
01-Feb-2021 19:45:05.429 INFO [http-apr-6060-exec-3] org.apache.catalina.core.ApplicationContext.log Manager: list: Listing contexts for virtual host 'localhost'
01-Feb-2021 19:45:22.396 INFO [http-apr-6060-exec-10] org.apache.catalina.core.ApplicationContext.log Manager: list: Listing contexts for virtual host 'localhost'
01-Feb-2021 19:46:01.900 INFO [http-apr-6060-exec-9] org.apache.catalina.core.ApplicationContext.log Manager: list: Listing contexts for virtual host 'localhost'
01-Feb-2021 19:46:07.919 INFO [http-apr-6060-exec-3] org.apache.catalina.core.ApplicationContext.log Manager: list: Listing contexts for virtual host 'localhost'
01-Feb-2021 19:47:42.442 INFO [http-apr-6060-exec-4] org.apache.catalina.core.ApplicationContext.log Manager: list: Listing contexts for virtual host 'localhost'
01-Feb-2021 19:47:55.158 INFO [http-apr-6060-exec-7] org.apache.catalina.core.ApplicationContext.log Manager: list: Listing contexts for virtual host 'localhost'
01-Feb-2021 19:59:38.127 INFO [http-apr-6060-exec-5] org.apache.catalina.core.ApplicationContext.log Manager: list: Listing contexts for virtual host 'localhost'
01-Feb-2021 20:01:23.667 INFO [http-apr-6060-exec-7] org.apache.catalina.core.ApplicationContext.log Manager: list: Listing contexts for virtual host 'localhost'
01-Feb-2021 20:04:13.312 INFO [http-apr-6060-exec-3] org.apache.catalina.core.ApplicationContext.log Manager: list: Listing contexts for virtual host 'localhost'
01-Feb-2021 20:09:03.456 INFO [http-apr-6060-exec-4] org.apache.catalina.core.ApplicationContext.log Manager: list: Listing contexts for virtual host 'localhost'
01-Feb-2021 20:09:03.503 INFO [http-apr-6060-exec-2] org.apache.catalina.core.ApplicationContext.log Manager: restart: Reloading web application '/sygealoc'
01-Feb-2021 20:09:52.040 INFO [http-apr-6060-exec-8] org.apache.catalina.core.ApplicationContext.log Manager: list: Listing contexts for virtual host 'localhost'
01-Feb-2021 20:09:52.071 INFO [http-apr-6060-exec-7] org.apache.catalina.core.ApplicationContext.log Manager: restart: Reloading web application '/sygealoc'
01-Feb-2021 20:10:05.618 INFO [http-apr-6060-exec-8] org.apache.catalina.core.ApplicationContext.log Manager: list: Listing contexts for virtual host 'localhost'
01-Feb-2021 20:10:05.644 INFO [http-apr-6060-exec-13] org.apache.catalina.core.ApplicationContext.log Manager: restart: Reloading web application '/sygealoc'
01-Feb-2021 20:10:14.916 INFO [http-apr-6060-exec-14] org.apache.catalina.core.ApplicationContext.log Manager: list: Listing contexts for virtual host 'localhost'
01-Feb-2021 20:10:14.944 INFO [http-apr-6060-exec-8] org.apache.catalina.core.ApplicationContext.log Manager: restart: Reloading web application '/sygealoc'
01-Feb-2021 20:10:51.469 INFO [http-apr-6060-exec-17] org.apache.catalina.core.ApplicationContext.log Manager: list: Listing contexts for virtual host 'localhost'
01-Feb-2021 20:10:51.532 INFO [http-apr-6060-exec-11] org.apache.catalina.core.ApplicationContext.log Manager: restart: Reloading web application '/sygealoc'
01-Feb-2021 20:10:58.622 INFO [http-apr-6060-exec-4] org.apache.catalina.core.ApplicationContext.log Manager: list: Listing contexts for virtual host 'localhost'
01-Feb-2021 20:10:58.640 INFO [http-apr-6060-exec-14] org.apache.catalina.core.ApplicationContext.log Manager: restart: Reloading web application '/sygealoc'
01-Feb-2021 20:11:08.114 INFO [http-apr-6060-exec-19] org.apache.catalina.core.ApplicationContext.log Manager: list: Listing contexts for virtual host 'localhost'
01-Feb-2021 20:11:08.130 INFO [http-apr-6060-exec-18] org.apache.catalina.core.ApplicationContext.log Manager: restart: Reloading web application '/sygealoc'
01-Feb-2021 20:11:17.382 INFO [http-apr-6060-exec-19] org.apache.catalina.core.ApplicationContext.log Manager: list: Listing contexts for virtual host 'localhost'
01-Feb-2021 20:11:17.395 INFO [http-apr-6060-exec-21] org.apache.catalina.core.ApplicationContext.log Manager: restart: Reloading web application '/sygealoc'
01-Feb-2021 20:13:38.954 INFO [http-apr-6060-exec-19] org.apache.catalina.core.ApplicationContext.log Manager: list: Listing contexts for virtual host 'localhost'
01-Feb-2021 20:13:38.977 INFO [http-apr-6060-exec-29] org.apache.catalina.core.ApplicationContext.log Manager: restart: Reloading web application '/sygealoc'
01-Feb-2021 20:14:10.067 INFO [http-apr-6060-exec-24] org.apache.catalina.core.ApplicationContext.log Manager: list: Listing contexts for virtual host 'localhost'
01-Feb-2021 20:14:10.073 INFO [http-apr-6060-exec-27] org.apache.catalina.core.ApplicationContext.log Manager: list: Listing contexts for virtual host 'localhost'
01-Feb-2021 20:14:13.266 INFO [http-apr-6060-exec-31] org.apache.catalina.core.ApplicationContext.log Manager: restart: Reloading web application '/sygealoc'
01-Feb-2021 20:14:38.463 INFO [http-apr-6060-exec-33] org.apache.catalina.core.ApplicationContext.log Manager: list: Listing contexts for virtual host 'localhost'
01-Feb-2021 20:16:11.820 INFO [http-apr-6060-exec-39] org.apache.catalina.core.ApplicationContext.log Manager: list: Listing contexts for virtual host 'localhost'
01-Feb-2021 20:17:15.354 INFO [http-apr-6060-exec-36] org.apache.catalina.core.ApplicationContext.log Manager: list: Listing contexts for virtual host 'localhost'
01-Feb-2021 20:17:15.391 INFO [http-apr-6060-exec-44] org.apache.catalina.core.ApplicationContext.log Manager: restart: Reloading web application '/sygealoc'
01-Feb-2021 20:17:36.857 INFO [http-apr-6060-exec-37] org.apache.catalina.core.ApplicationContext.log Manager: list: Listing contexts for virtual host 'localhost'
01-Feb-2021 20:17:36.877 INFO [http-apr-6060-exec-36] org.apache.catalina.core.ApplicationContext.log Manager: restart: Reloading web application '/sygealoc'
01-Feb-2021 20:17:54.010 INFO [http-apr-6060-exec-43] org.apache.catalina.core.ApplicationContext.log Manager: list: Listing contexts for virtual host 'localhost'
01-Feb-2021 20:17:54.016 INFO [http-apr-6060-exec-48] org.apache.catalina.core.ApplicationContext.log Manager: list: Listing contexts for virtual host 'localhost'
01-Feb-2021 20:17:56.656 INFO [http-apr-6060-exec-39] org.apache.catalina.core.ApplicationContext.log Manager: restart: Reloading web application '/sygealoc'
01-Feb-2021 20:18:16.644 INFO [http-apr-6060-exec-52] org.apache.catalina.core.ApplicationContext.log Manager: list: Listing contexts for virtual host 'localhost'
01-Feb-2021 20:19:06.880 INFO [http-apr-6060-exec-59] org.apache.catalina.core.ApplicationContext.log Manager: list: Listing contexts for virtual host 'localhost'
01-Feb-2021 20:19:58.107 INFO [http-apr-6060-exec-57] org.apache.catalina.core.ApplicationContext.log Manager: list: Listing contexts for virtual host 'localhost'
01-Feb-2021 20:19:58.130 INFO [http-apr-6060-exec-50] org.apache.catalina.core.ApplicationContext.log Manager: restart: Reloading web application '/sygealoc'
01-Feb-2021 20:21:26.308 INFO [http-apr-6060-exec-57] org.apache.catalina.core.ApplicationContext.log Manager: list: Listing contexts for virtual host 'localhost'
01-Feb-2021 20:21:26.329 INFO [http-apr-6060-exec-62] org.apache.catalina.core.ApplicationContext.log Manager: restart: Reloading web application '/sygealoc'
01-Feb-2021 20:23:01.962 INFO [http-apr-6060-exec-65] org.apache.catalina.core.ApplicationContext.log Manager: list: Listing contexts for virtual host 'localhost'
01-Feb-2021 20:23:01.983 INFO [http-apr-6060-exec-66] org.apache.catalina.core.ApplicationContext.log Manager: restart: Reloading web application '/sygealoc'
01-Feb-2021 20:23:21.360 INFO [http-apr-6060-exec-65] org.apache.catalina.core.ApplicationContext.log Manager: list: Listing contexts for virtual host 'localhost'
01-Feb-2021 20:23:21.367 INFO [http-apr-6060-exec-57] org.apache.catalina.core.ApplicationContext.log Manager: list: Listing contexts for virtual host 'localhost'
01-Feb-2021 20:23:24.313 INFO [http-apr-6060-exec-69] org.apache.catalina.core.ApplicationContext.log Manager: restart: Reloading web application '/sygealoc'
01-Feb-2021 20:23:44.277 INFO [http-apr-6060-exec-70] org.apache.catalina.core.ApplicationContext.log Manager: list: Listing contexts for virtual host 'localhost'
01-Feb-2021 20:24:01.550 INFO [http-apr-6060-exec-76] org.apache.catalina.core.ApplicationContext.log Manager: list: Listing contexts for virtual host 'localhost'
01-Feb-2021 20:24:35.176 INFO [http-apr-6060-exec-80] org.apache.catalina.core.ApplicationContext.log Manager: list: Listing contexts for virtual host 'localhost'
01-Feb-2021 20:24:50.385 INFO [http-apr-6060-exec-78] org.apache.catalina.core.ApplicationContext.log Manager: list: Listing contexts for virtual host 'localhost'
01-Feb-2021 20:24:53.154 INFO [http-apr-6060-exec-80] org.apache.catalina.core.ApplicationContext.log Manager: list: Listing contexts for virtual host 'localhost'
01-Feb-2021 20:25:45.077 INFO [http-apr-6060-exec-80] org.apache.catalina.core.ApplicationContext.log Manager: list: Listing contexts for virtual host 'localhost'
01-Feb-2021 20:25:45.115 INFO [http-apr-6060-exec-76] org.apache.catalina.core.ApplicationContext.log Manager: restart: Reloading web application '/sygealoc'
01-Feb-2021 20:26:07.320 INFO [http-apr-6060-exec-77] org.apache.catalina.core.ApplicationContext.log Manager: list: Listing contexts for virtual host 'localhost'
01-Feb-2021 20:26:07.325 INFO [http-apr-6060-exec-82] org.apache.catalina.core.ApplicationContext.log Manager: list: Listing contexts for virtual host 'localhost'
01-Feb-2021 20:26:09.997 INFO [http-apr-6060-exec-74] org.apache.catalina.core.ApplicationContext.log Manager: restart: Reloading web application '/sygealoc'
01-Feb-2021 20:26:30.315 INFO [http-apr-6060-exec-85] org.apache.catalina.core.ApplicationContext.log Manager: list: Listing contexts for virtual host 'localhost'
01-Feb-2021 20:27:00.860 INFO [http-apr-6060-exec-90] org.apache.catalina.core.ApplicationContext.log Manager: list: Listing contexts for virtual host 'localhost'
01-Feb-2021 20:27:16.602 INFO [http-apr-6060-exec-90] org.apache.catalina.core.ApplicationContext.log Manager: list: Listing contexts for virtual host 'localhost'
01-Feb-2021 20:27:16.624 INFO [http-apr-6060-exec-93] org.apache.catalina.core.ApplicationContext.log Manager: restart: Reloading web application '/sygealoc'
01-Feb-2021 20:28:19.660 INFO [http-apr-6060-exec-2] org.apache.catalina.core.ApplicationContext.log Manager: init: Associated with Deployer 'Catalina:type=Deployer,host=localhost'
01-Feb-2021 20:28:19.661 INFO [http-apr-6060-exec-2] org.apache.catalina.core.ApplicationContext.log Manager: init: Global resources are available
01-Feb-2021 20:28:19.664 INFO [http-apr-6060-exec-2] org.apache.catalina.core.ApplicationContext.log Manager: list: Listing contexts for virtual host 'localhost'
01-Feb-2021 20:28:19.673 INFO [http-apr-6060-exec-3] org.apache.catalina.core.ApplicationContext.log Manager: list: Listing contexts for virtual host 'localhost'
01-Feb-2021 20:28:22.503 INFO [http-apr-6060-exec-4] org.apache.catalina.core.ApplicationContext.log Manager: restart: Reloading web application '/sygealoc'
01-Feb-2021 20:28:49.037 INFO [21] org.apache.catalina.core.ApplicationContext.log Manager: list: Listing contexts for virtual host 'localhost'
01-Feb-2021 20:29:07.455 INFO [http-apr-6060-exec-16] org.apache.catalina.core.ApplicationContext.log Manager: list: Listing contexts for virtual host 'localhost'
01-Feb-2021 20:31:36.291 INFO [http-apr-6060-exec-11] org.apache.catalina.core.ApplicationContext.log Manager: list: Listing contexts for virtual host 'localhost'
01-Feb-2021 20:32:00.397 INFO [http-apr-6060-exec-13] org.apache.catalina.core.ApplicationContext.log Manager: list: Listing contexts for virtual host 'localhost'
01-Feb-2021 20:33:04.872 INFO [http-apr-6060-exec-13] org.apache.catalina.core.ApplicationContext.log Manager: list: Listing contexts for virtual host 'localhost'
01-Feb-2021 20:34:14.945 INFO [http-apr-6060-exec-13] org.apache.catalina.core.ApplicationContext.log Manager: list: Listing contexts for virtual host 'localhost'
01-Feb-2021 20:35:44.259 INFO [http-apr-6060-exec-13] org.apache.catalina.core.ApplicationContext.log Manager: list: Listing contexts for virtual host 'localhost'
01-Feb-2021 20:35:44.286 INFO [http-apr-6060-exec-18] org.apache.catalina.core.ApplicationContext.log Manager: restart: Reloading web application '/sygealoc'
01-Feb-2021 20:36:05.377 INFO [http-apr-6060-exec-20] org.apache.catalina.core.ApplicationContext.log Manager: list: Listing contexts for virtual host 'localhost'
01-Feb-2021 20:36:05.429 INFO [http-apr-6060-exec-18] org.apache.catalina.core.ApplicationContext.log Manager: restart: Reloading web application '/sygealoc'
01-Feb-2021 20:36:28.282 INFO [http-apr-6060-exec-21] org.apache.catalina.core.ApplicationContext.log Manager: list: Listing contexts for virtual host 'localhost'
01-Feb-2021 20:36:28.292 INFO [http-apr-6060-exec-15] org.apache.catalina.core.ApplicationContext.log Manager: list: Listing contexts for virtual host 'localhost'
01-Feb-2021 20:36:30.992 INFO [http-apr-6060-exec-24] org.apache.catalina.core.ApplicationContext.log Manager: restart: Reloading web application '/sygealoc'
01-Feb-2021 20:36:53.927 INFO [http-apr-6060-exec-15] org.apache.catalina.core.ApplicationContext.log Manager: list: Listing contexts for virtual host 'localhost'
01-Feb-2021 20:37:17.506 INFO [http-apr-6060-exec-33] org.apache.catalina.core.ApplicationContext.log Manager: list: Listing contexts for virtual host 'localhost'
01-Feb-2021 20:37:44.114 INFO [http-apr-6060-exec-33] org.apache.catalina.core.ApplicationContext.log Manager: list: Listing contexts for virtual host 'localhost'
01-Feb-2021 20:38:39.052 INFO [http-apr-6060-exec-34] org.apache.catalina.core.ApplicationContext.log Manager: list: Listing contexts for virtual host 'localhost'
01-Feb-2021 20:38:45.322 INFO [http-apr-6060-exec-34] org.apache.catalina.core.ApplicationContext.log Manager: list: Listing contexts for virtual host 'localhost'
01-Feb-2021 20:39:48.749 INFO [http-apr-6060-exec-30] org.apache.catalina.core.ApplicationContext.log Manager: list: Listing contexts for virtual host 'localhost'
01-Feb-2021 20:40:45.574 INFO [http-apr-6060-exec-26] org.apache.catalina.core.ApplicationContext.log Manager: list: Listing contexts for virtual host 'localhost'
01-Feb-2021 20:44:43.300 INFO [http-apr-6060-exec-30] org.apache.catalina.core.ApplicationContext.log Manager: list: Listing contexts for virtual host 'localhost'
01-Feb-2021 20:45:11.048 INFO [http-apr-6060-exec-26] org.apache.catalina.core.ApplicationContext.log Manager: list: Listing contexts for virtual host 'localhost'
01-Feb-2021 20:50:30.779 INFO [http-apr-6060-exec-26] org.apache.catalina.core.ApplicationContext.log Manager: list: Listing contexts for virtual host 'localhost'
01-Feb-2021 20:50:30.844 INFO [http-apr-6060-exec-34] org.apache.catalina.core.ApplicationContext.log Manager: restart: Reloading web application '/sygealoc'
01-Feb-2021 20:50:45.586 INFO [http-apr-6060-exec-26] org.apache.catalina.core.ApplicationContext.log Manager: list: Listing contexts for virtual host 'localhost'
01-Feb-2021 20:50:45.593 INFO [http-apr-6060-exec-33] org.apache.catalina.core.ApplicationContext.log Manager: list: Listing contexts for virtual host 'localhost'
01-Feb-2021 20:50:49.615 INFO [http-apr-6060-exec-27] org.apache.catalina.core.ApplicationContext.log Manager: restart: Reloading web application '/sygealoc'
01-Feb-2021 20:51:12.266 INFO [http-apr-6060-exec-29] org.apache.catalina.core.ApplicationContext.log Manager: list: Listing contexts for virtual host 'localhost'
01-Feb-2021 20:51:36.297 INFO [http-apr-6060-exec-46] org.apache.catalina.core.ApplicationContext.log Manager: list: Listing contexts for virtual host 'localhost'
01-Feb-2021 20:54:41.563 INFO [http-apr-6060-exec-46] org.apache.catalina.core.ApplicationContext.log Manager: list: Listing contexts for virtual host 'localhost'
01-Feb-2021 20:54:41.598 INFO [http-apr-6060-exec-47] org.apache.catalina.core.ApplicationContext.log Manager: restart: Reloading web application '/sygealoc'
01-Feb-2021 20:55:54.771 INFO [http-apr-6060-exec-50] org.apache.catalina.core.ApplicationContext.log Manager: list: Listing contexts for virtual host 'localhost'
01-Feb-2021 20:55:54.790 INFO [http-apr-6060-exec-51] org.apache.catalina.core.ApplicationContext.log Manager: restart: Reloading web application '/sygealoc'
01-Feb-2021 20:56:21.952 INFO [http-apr-6060-exec-40] org.apache.catalina.core.ApplicationContext.log Manager: list: Listing contexts for virtual host 'localhost'
01-Feb-2021 20:56:21.977 INFO [http-apr-6060-exec-53] org.apache.catalina.core.ApplicationContext.log Manager: restart: Reloading web application '/sygealoc'
01-Feb-2021 20:56:30.478 INFO [http-apr-6060-exec-41] org.apache.catalina.core.ApplicationContext.log Manager: list: Listing contexts for virtual host 'localhost'
01-Feb-2021 20:56:30.500 INFO [http-apr-6060-exec-43] org.apache.catalina.core.ApplicationContext.log Manager: restart: Reloading web application '/sygealoc'
01-Feb-2021 20:56:45.141 INFO [http-apr-6060-exec-56] org.apache.catalina.core.ApplicationContext.log Manager: list: Listing contexts for virtual host 'localhost'
01-Feb-2021 20:56:45.149 INFO [http-apr-6060-exec-57] org.apache.catalina.core.ApplicationContext.log Manager: list: Listing contexts for virtual host 'localhost'
01-Feb-2021 20:56:47.757 INFO [http-apr-6060-exec-50] org.apache.catalina.core.ApplicationContext.log Manager: restart: Reloading web application '/sygealoc'
01-Feb-2021 20:57:07.339 INFO [http-apr-6060-exec-59] org.apache.catalina.core.ApplicationContext.log Manager: list: Listing contexts for virtual host 'localhost'
01-Feb-2021 20:57:13.301 INFO [http-apr-6060-exec-62] org.apache.catalina.core.ApplicationContext.log Manager: list: Listing contexts for virtual host 'localhost'
01-Feb-2021 20:57:24.112 INFO [http-apr-6060-exec-61] org.apache.catalina.core.ApplicationContext.log Manager: list: Listing contexts for virtual host 'localhost'
01-Feb-2021 20:57:32.812 INFO [http-apr-6060-exec-61] org.apache.catalina.core.ApplicationContext.log Manager: list: Listing contexts for virtual host 'localhost'
01-Feb-2021 20:57:32.836 INFO [http-apr-6060-exec-68] org.apache.catalina.core.ApplicationContext.log Manager: restart: Reloading web application '/sygealoc'
01-Feb-2021 20:57:48.641 INFO [http-apr-6060-exec-69] org.apache.catalina.core.ApplicationContext.log Manager: list: Listing contexts for virtual host 'localhost'
01-Feb-2021 20:57:48.649 INFO [http-apr-6060-exec-61] org.apache.catalina.core.ApplicationContext.log Manager: list: Listing contexts for virtual host 'localhost'
01-Feb-2021 20:57:51.227 INFO [http-apr-6060-exec-70] org.apache.catalina.core.ApplicationContext.log Manager: restart: Reloading web application '/sygealoc'
01-Feb-2021 20:58:08.400 INFO [http-apr-6060-exec-67] org.apache.catalina.core.ApplicationContext.log Manager: list: Listing contexts for virtual host 'localhost'
01-Feb-2021 20:59:29.780 INFO [http-apr-6060-exec-79] org.apache.catalina.core.ApplicationContext.log Manager: list: Listing contexts for virtual host 'localhost'
01-Feb-2021 20:59:29.805 INFO [http-apr-6060-exec-80] org.apache.catalina.core.ApplicationContext.log Manager: restart: Reloading web application '/sygealoc'
01-Feb-2021 21:00:46.834 INFO [http-apr-6060-exec-82] org.apache.catalina.core.ApplicationContext.log Manager: list: Listing contexts for virtual host 'localhost'
01-Feb-2021 21:00:46.881 INFO [http-apr-6060-exec-83] org.apache.catalina.core.ApplicationContext.log Manager: restart: Reloading web application '/sygealoc'
01-Feb-2021 21:01:33.522 INFO [http-apr-6060-exec-84] org.apache.catalina.core.ApplicationContext.log Manager: list: Listing contexts for virtual host 'localhost'
01-Feb-2021 21:01:36.688 INFO [http-apr-6060-exec-73] org.apache.catalina.core.ApplicationContext.log Manager: list: Listing contexts for virtual host 'localhost'
01-Feb-2021 21:02:00.395 INFO [http-apr-6060-exec-84] org.apache.catalina.core.ApplicationContext.log Manager: list: Listing contexts for virtual host 'localhost'
01-Feb-2021 21:02:00.405 INFO [http-apr-6060-exec-88] org.apache.catalina.core.ApplicationContext.log Manager: list: Listing contexts for virtual host 'localhost'
01-Feb-2021 21:02:02.996 INFO [http-apr-6060-exec-87] org.apache.catalina.core.ApplicationContext.log Manager: restart: Reloading web application '/sygealoc'
01-Feb-2021 21:05:08.867 INFO [http-apr-6060-exec-4] org.apache.catalina.core.ApplicationContext.log Manager: init: Associated with Deployer 'Catalina:type=Deployer,host=localhost'
01-Feb-2021 21:05:08.867 INFO [http-apr-6060-exec-4] org.apache.catalina.core.ApplicationContext.log Manager: init: Global resources are available
01-Feb-2021 21:05:08.873 INFO [http-apr-6060-exec-4] org.apache.catalina.core.ApplicationContext.log Manager: list: Listing contexts for virtual host 'localhost'
01-Feb-2021 21:05:08.886 INFO [http-apr-6060-exec-5] org.apache.catalina.core.ApplicationContext.log Manager: list: Listing contexts for virtual host 'localhost'
01-Feb-2021 21:05:12.428 INFO [http-apr-6060-exec-6] org.apache.catalina.core.ApplicationContext.log Manager: restart: Reloading web application '/sygealoc'
01-Feb-2021 21:05:53.175 INFO [http-apr-6060-exec-15] org.apache.catalina.core.ApplicationContext.log Manager: list: Listing contexts for virtual host 'localhost'
01-Feb-2021 21:06:03.386 INFO [http-apr-6060-exec-15] org.apache.catalina.core.ApplicationContext.log Manager: list: Listing contexts for virtual host 'localhost'
01-Feb-2021 21:06:06.651 INFO [http-apr-6060-exec-2] org.apache.catalina.core.ApplicationContext.log Manager: list: Listing contexts for virtual host 'localhost'
01-Feb-2021 21:06:11.548 INFO [http-apr-6060-exec-13] org.apache.catalina.core.ApplicationContext.log Manager: list: Listing contexts for virtual host 'localhost'
01-Feb-2021 21:06:26.074 INFO [http-apr-6060-exec-17] org.apache.catalina.core.ApplicationContext.log Manager: list: Listing contexts for virtual host 'localhost'
01-Feb-2021 21:08:02.957 INFO [http-apr-6060-exec-15] org.apache.catalina.core.ApplicationContext.log Manager: list: Listing contexts for virtual host 'localhost'
01-Feb-2021 21:08:12.785 INFO [http-apr-6060-exec-15] org.apache.catalina.core.ApplicationContext.log Manager: list: Listing contexts for virtual host 'localhost'
01-Feb-2021 21:09:16.573 INFO [http-apr-6060-exec-19] org.apache.catalina.core.ApplicationContext.log Manager: list: Listing contexts for virtual host 'localhost'
01-Feb-2021 21:10:44.727 INFO [http-apr-6060-exec-17] org.apache.catalina.core.ApplicationContext.log Manager: list: Listing contexts for virtual host 'localhost'
01-Feb-2021 21:10:44.749 INFO [http-apr-6060-exec-12] org.apache.catalina.core.ApplicationContext.log Manager: restart: Reloading web application '/sygealoc'
01-Feb-2021 21:11:23.681 INFO [http-apr-6060-exec-13] org.apache.catalina.core.ApplicationContext.log Manager: list: Listing contexts for virtual host 'localhost'
01-Feb-2021 21:11:23.710 INFO [http-apr-6060-exec-21] org.apache.catalina.core.ApplicationContext.log Manager: restart: Reloading web application '/sygealoc'
01-Feb-2021 21:11:33.923 INFO [http-apr-6060-exec-18] org.apache.catalina.core.ApplicationContext.log Manager: list: Listing contexts for virtual host 'localhost'
01-Feb-2021 21:11:33.945 INFO [http-apr-6060-exec-19] org.apache.catalina.core.ApplicationContext.log Manager: restart: Reloading web application '/sygealoc'
01-Feb-2021 21:11:53.952 INFO [http-apr-6060-exec-13] org.apache.catalina.core.ApplicationContext.log Manager: list: Listing contexts for virtual host 'localhost'
01-Feb-2021 21:12:05.369 INFO [49] org.apache.catalina.core.ApplicationContext.log Manager: list: Listing contexts for virtual host 'localhost'
01-Feb-2021 21:12:05.379 INFO [http-apr-6060-exec-25] org.apache.catalina.core.ApplicationContext.log Manager: list: Listing contexts for virtual host 'localhost'
01-Feb-2021 21:12:07.996 INFO [http-apr-6060-exec-20] org.apache.catalina.core.ApplicationContext.log Manager: restart: Reloading web application '/sygealoc'
01-Feb-2021 21:12:32.405 INFO [http-apr-6060-exec-33] org.apache.catalina.core.ApplicationContext.log Manager: list: Listing contexts for virtual host 'localhost'
01-Feb-2021 21:12:40.457 INFO [http-apr-6060-exec-32] org.apache.catalina.core.ApplicationContext.log Manager: list: Listing contexts for virtual host 'localhost'
01-Feb-2021 21:12:42.447 INFO [http-apr-6060-exec-32] org.apache.catalina.core.ApplicationContext.log Manager: list: Listing contexts for virtual host 'localhost'
01-Feb-2021 21:12:46.793 INFO [http-apr-6060-exec-31] org.apache.catalina.core.ApplicationContext.log Manager: list: Listing contexts for virtual host 'localhost'
01-Feb-2021 21:13:43.206 INFO [http-apr-6060-exec-30] org.apache.catalina.core.ApplicationContext.log Manager: list: Listing contexts for virtual host 'localhost'
01-Feb-2021 21:14:07.698 INFO [http-apr-6060-exec-34] org.apache.catalina.core.ApplicationContext.log Manager: list: Listing contexts for virtual host 'localhost'
01-Feb-2021 21:15:25.291 INFO [http-apr-6060-exec-37] org.apache.catalina.core.ApplicationContext.log Manager: list: Listing contexts for virtual host 'localhost'
01-Feb-2021 21:16:25.608 INFO [http-apr-6060-exec-32] org.apache.catalina.core.ApplicationContext.log Manager: list: Listing contexts for virtual host 'localhost'
01-Feb-2021 21:16:40.379 INFO [http-apr-6060-exec-33] org.apache.catalina.core.ApplicationContext.log Manager: list: Listing contexts for virtual host 'localhost'
01-Feb-2021 21:17:04.644 INFO [http-apr-6060-exec-29] org.apache.catalina.core.ApplicationContext.log Manager: list: Listing contexts for virtual host 'localhost'
01-Feb-2021 21:17:08.191 INFO [http-apr-6060-exec-34] org.apache.catalina.core.ApplicationContext.log Manager: list: Listing contexts for virtual host 'localhost'
01-Feb-2021 21:17:10.236 INFO [http-apr-6060-exec-30] org.apache.catalina.core.ApplicationContext.log Manager: list: Listing contexts for virtual host 'localhost'
01-Feb-2021 21:17:35.439 INFO [http-apr-6060-exec-33] org.apache.catalina.core.ApplicationContext.log Manager: list: Listing contexts for virtual host 'localhost'
01-Feb-2021 21:17:40.697 INFO [http-apr-6060-exec-29] org.apache.catalina.core.ApplicationContext.log Manager: list: Listing contexts for virtual host 'localhost'
01-Feb-2021 21:22:07.013 INFO [http-apr-6060-exec-28] org.apache.catalina.core.ApplicationContext.log Manager: list: Listing contexts for virtual host 'localhost'
01-Feb-2021 21:22:07.087 INFO [http-apr-6060-exec-34] org.apache.catalina.core.ApplicationContext.log Manager: restart: Reloading web application '/sygealoc'
01-Feb-2021 21:22:20.923 INFO [http-apr-6060-exec-37] org.apache.catalina.core.ApplicationContext.log Manager: list: Listing contexts for virtual host 'localhost'
01-Feb-2021 21:22:20.970 INFO [http-apr-6060-exec-31] org.apache.catalina.core.ApplicationContext.log Manager: restart: Reloading web application '/sygealoc'
01-Feb-2021 21:22:51.445 INFO [http-apr-6060-exec-35] org.apache.catalina.core.ApplicationContext.log Manager: list: Listing contexts for virtual host 'localhost'
01-Feb-2021 21:22:51.477 INFO [http-apr-6060-exec-38] org.apache.catalina.core.ApplicationContext.log Manager: restart: Reloading web application '/sygealoc'
01-Feb-2021 21:23:52.606 INFO [http-apr-6060-exec-35] org.apache.catalina.core.ApplicationContext.log Manager: list: Listing contexts for virtual host 'localhost'
01-Feb-2021 21:24:12.082 INFO [http-apr-6060-exec-42] org.apache.catalina.core.ApplicationContext.log Manager: list: Listing contexts for virtual host 'localhost'
01-Feb-2021 21:24:12.142 INFO [http-apr-6060-exec-43] org.apache.catalina.core.ApplicationContext.log Manager: list: Listing contexts for virtual host 'localhost'
01-Feb-2021 21:24:15.300 INFO [http-apr-6060-exec-41] org.apache.catalina.core.ApplicationContext.log Manager: restart: Reloading web application '/sygealoc'
01-Feb-2021 21:24:47.796 INFO [http-apr-6060-exec-49] org.apache.catalina.core.ApplicationContext.log Manager: list: Listing contexts for virtual host 'localhost'
01-Feb-2021 21:24:57.224 INFO [http-apr-6060-exec-52] org.apache.catalina.core.ApplicationContext.log Manager: list: Listing contexts for virtual host 'localhost'
01-Feb-2021 21:25:32.533 INFO [http-apr-6060-exec-50] org.apache.catalina.core.ApplicationContext.log Manager: list: Listing contexts for virtual host 'localhost'
01-Feb-2021 21:26:38.646 INFO [http-apr-6060-exec-50] org.apache.catalina.core.ApplicationContext.log Manager: list: Listing contexts for virtual host 'localhost'
01-Feb-2021 21:27:00.935 INFO [http-apr-6060-exec-46] org.apache.catalina.core.ApplicationContext.log Manager: list: Listing contexts for virtual host 'localhost'
01-Feb-2021 21:27:30.537 INFO [http-apr-6060-exec-54] org.apache.catalina.core.ApplicationContext.log Manager: list: Listing contexts for virtual host 'localhost'
01-Feb-2021 21:28:15.571 INFO [http-apr-6060-exec-54] org.apache.catalina.core.ApplicationContext.log Manager: list: Listing contexts for virtual host 'localhost'
01-Feb-2021 21:28:51.333 INFO [http-apr-6060-exec-54] org.apache.catalina.core.ApplicationContext.log Manager: list: Listing contexts for virtual host 'localhost'
01-Feb-2021 21:30:15.930 INFO [http-apr-6060-exec-50] org.apache.catalina.core.ApplicationContext.log Manager: list: Listing contexts for virtual host 'localhost'
01-Feb-2021 21:30:56.145 INFO [http-apr-6060-exec-50] org.apache.catalina.core.ApplicationContext.log Manager: list: Listing contexts for virtual host 'localhost'
01-Feb-2021 21:31:09.226 INFO [http-apr-6060-exec-50] org.apache.catalina.core.ApplicationContext.log Manager: list: Listing contexts for virtual host 'localhost'
01-Feb-2021 21:31:18.411 INFO [http-apr-6060-exec-50] org.apache.catalina.core.ApplicationContext.log Manager: list: Listing contexts for virtual host 'localhost'
01-Feb-2021 21:34:17.510 INFO [http-apr-6060-exec-50] org.apache.catalina.core.ApplicationContext.log Manager: list: Listing contexts for virtual host 'localhost'
01-Feb-2021 21:36:28.288 INFO [http-apr-6060-exec-48] org.apache.catalina.core.ApplicationContext.log Manager: list: Listing contexts for virtual host 'localhost'
01-Feb-2021 21:37:30.793 INFO [http-apr-6060-exec-52] org.apache.catalina.core.ApplicationContext.log Manager: list: Listing contexts for virtual host 'localhost'
01-Feb-2021 21:41:36.803 INFO [http-apr-6060-exec-53] org.apache.catalina.core.ApplicationContext.log Manager: list: Listing contexts for virtual host 'localhost'
01-Feb-2021 21:41:39.399 INFO [http-apr-6060-exec-49] org.apache.catalina.core.ApplicationContext.log Manager: list: Listing contexts for virtual host 'localhost'
01-Feb-2021 21:42:39.485 INFO [http-apr-6060-exec-49] org.apache.catalina.core.ApplicationContext.log Manager: list: Listing contexts for virtual host 'localhost'
01-Feb-2021 21:44:26.001 INFO [http-apr-6060-exec-49] org.apache.catalina.core.ApplicationContext.log Manager: list: Listing contexts for virtual host 'localhost'
01-Feb-2021 21:44:45.178 INFO [http-apr-6060-exec-53] org.apache.catalina.core.ApplicationContext.log Manager: list: Listing contexts for virtual host 'localhost'
01-Feb-2021 21:46:17.225 INFO [http-apr-6060-exec-53] org.apache.catalina.core.ApplicationContext.log Manager: list: Listing contexts for virtual host 'localhost'
01-Feb-2021 21:48:04.121 INFO [http-apr-6060-exec-54] org.apache.catalina.core.ApplicationContext.log Manager: list: Listing contexts for virtual host 'localhost'
01-Feb-2021 21:49:07.847 INFO [http-apr-6060-exec-53] org.apache.catalina.core.ApplicationContext.log Manager: list: Listing contexts for virtual host 'localhost'
01-Feb-2021 21:51:02.190 INFO [http-apr-6060-exec-53] org.apache.catalina.core.ApplicationContext.log Manager: list: Listing contexts for virtual host 'localhost'
01-Feb-2021 21:51:04.906 INFO [http-apr-6060-exec-53] org.apache.catalina.core.ApplicationContext.log Manager: list: Listing contexts for virtual host 'localhost'
01-Feb-2021 21:51:39.968 INFO [http-apr-6060-exec-48] org.apache.catalina.core.ApplicationContext.log Manager: list: Listing contexts for virtual host 'localhost'
01-Feb-2021 21:53:35.304 INFO [http-apr-6060-exec-50] org.apache.catalina.core.ApplicationContext.log Manager: list: Listing contexts for virtual host 'localhost'
01-Feb-2021 21:53:47.910 INFO [http-apr-6060-exec-48] org.apache.catalina.core.ApplicationContext.log Manager: list: Listing contexts for virtual host 'localhost'
01-Feb-2021 21:55:43.198 INFO [http-apr-6060-exec-53] org.apache.catalina.core.ApplicationContext.log Manager: list: Listing contexts for virtual host 'localhost'
01-Feb-2021 21:55:56.681 INFO [http-apr-6060-exec-53] org.apache.catalina.core.ApplicationContext.log Manager: list: Listing contexts for virtual host 'localhost'
01-Feb-2021 21:56:04.607 INFO [http-apr-6060-exec-53] org.apache.catalina.core.ApplicationContext.log Manager: list: Listing contexts for virtual host 'localhost'
01-Feb-2021 21:56:06.993 INFO [http-apr-6060-exec-46] org.apache.catalina.core.ApplicationContext.log Manager: list: Listing contexts for virtual host 'localhost'
01-Feb-2021 21:56:51.468 INFO [http-apr-6060-exec-53] org.apache.catalina.core.ApplicationContext.log Manager: list: Listing contexts for virtual host 'localhost'
01-Feb-2021 21:56:58.433 INFO [http-apr-6060-exec-53] org.apache.catalina.core.ApplicationContext.log Manager: list: Listing contexts for virtual host 'localhost'
01-Feb-2021 21:57:42.086 INFO [http-apr-6060-exec-53] org.apache.catalina.core.ApplicationContext.log Manager: list: Listing contexts for virtual host 'localhost'
01-Feb-2021 21:58:26.751 INFO [http-apr-6060-exec-47] org.apache.catalina.core.ApplicationContext.log Manager: list: Listing contexts for virtual host 'localhost'
01-Feb-2021 21:58:43.348 INFO [http-apr-6060-exec-50] org.apache.catalina.core.ApplicationContext.log Manager: list: Listing contexts for virtual host 'localhost'
01-Feb-2021 21:59:48.494 INFO [http-apr-6060-exec-49] org.apache.catalina.core.ApplicationContext.log Manager: list: Listing contexts for virtual host 'localhost'
01-Feb-2021 22:00:48.455 INFO [http-apr-6060-exec-49] org.apache.catalina.core.ApplicationContext.log Manager: list: Listing contexts for virtual host 'localhost'
01-Feb-2021 22:00:56.110 INFO [http-apr-6060-exec-49] org.apache.catalina.core.ApplicationContext.log Manager: list: Listing contexts for virtual host 'localhost'
01-Feb-2021 22:01:15.000 INFO [http-apr-6060-exec-51] org.apache.catalina.core.ApplicationContext.log Manager: list: Listing contexts for virtual host 'localhost'
01-Feb-2021 22:01:55.470 INFO [http-apr-6060-exec-52] org.apache.catalina.core.ApplicationContext.log Manager: list: Listing contexts for virtual host 'localhost'
01-Feb-2021 22:02:34.863 INFO [http-apr-6060-exec-52] org.apache.catalina.core.ApplicationContext.log Manager: list: Listing contexts for virtual host 'localhost'
01-Feb-2021 22:03:08.460 INFO [http-apr-6060-exec-52] org.apache.catalina.core.ApplicationContext.log Manager: list: Listing contexts for virtual host 'localhost'
01-Feb-2021 22:03:29.604 INFO [http-apr-6060-exec-52] org.apache.catalina.core.ApplicationContext.log Manager: list: Listing contexts for virtual host 'localhost'
01-Feb-2021 22:04:29.117 INFO [http-apr-6060-exec-47] org.apache.catalina.core.ApplicationContext.log Manager: list: Listing contexts for virtual host 'localhost'
01-Feb-2021 22:04:57.502 INFO [http-apr-6060-exec-49] org.apache.catalina.core.ApplicationContext.log Manager: list: Listing contexts for virtual host 'localhost'
01-Feb-2021 22:05:29.171 INFO [http-apr-6060-exec-53] org.apache.catalina.core.ApplicationContext.log Manager: list: Listing contexts for virtual host 'localhost'
01-Feb-2021 22:05:50.792 INFO [http-apr-6060-exec-45] org.apache.catalina.core.ApplicationContext.log Manager: list: Listing contexts for virtual host 'localhost'
01-Feb-2021 22:06:01.336 INFO [http-apr-6060-exec-45] org.apache.catalina.core.ApplicationContext.log Manager: list: Listing contexts for virtual host 'localhost'
01-Feb-2021 22:06:33.413 INFO [http-apr-6060-exec-46] org.apache.catalina.core.ApplicationContext.log Manager: list: Listing contexts for virtual host 'localhost'
01-Feb-2021 22:07:03.839 INFO [http-apr-6060-exec-50] org.apache.catalina.core.ApplicationContext.log Manager: list: Listing contexts for virtual host 'localhost'
01-Feb-2021 22:07:21.334 INFO [http-apr-6060-exec-48] org.apache.catalina.core.ApplicationContext.log Manager: list: Listing contexts for virtual host 'localhost'
01-Feb-2021 22:07:46.608 INFO [http-apr-6060-exec-45] org.apache.catalina.core.ApplicationContext.log Manager: list: Listing contexts for virtual host 'localhost'
01-Feb-2021 22:07:53.660 INFO [http-apr-6060-exec-45] org.apache.catalina.core.ApplicationContext.log Manager: list: Listing contexts for virtual host 'localhost'
01-Feb-2021 22:08:14.035 INFO [http-apr-6060-exec-47] org.apache.catalina.core.ApplicationContext.log Manager: list: Listing contexts for virtual host 'localhost'
01-Feb-2021 22:08:18.967 INFO [http-apr-6060-exec-52] org.apache.catalina.core.ApplicationContext.log Manager: list: Listing contexts for virtual host 'localhost'
01-Feb-2021 22:09:01.165 INFO [http-apr-6060-exec-50] org.apache.catalina.core.ApplicationContext.log Manager: list: Listing contexts for virtual host 'localhost'
01-Feb-2021 22:09:09.179 INFO [http-apr-6060-exec-47] org.apache.catalina.core.ApplicationContext.log Manager: list: Listing contexts for virtual host 'localhost'
01-Feb-2021 22:11:49.801 INFO [http-apr-6060-exec-51] org.apache.catalina.core.ApplicationContext.log Manager: list: Listing contexts for virtual host 'localhost'
01-Feb-2021 22:13:55.772 INFO [http-apr-6060-exec-46] org.apache.catalina.core.ApplicationContext.log Manager: list: Listing contexts for virtual host 'localhost'
01-Feb-2021 22:14:05.235 INFO [http-apr-6060-exec-49] org.apache.catalina.core.ApplicationContext.log Manager: list: Listing contexts for virtual host 'localhost'
01-Feb-2021 22:14:14.700 INFO [http-apr-6060-exec-46] org.apache.catalina.core.ApplicationContext.log Manager: list: Listing contexts for virtual host 'localhost'
01-Feb-2021 22:14:39.073 INFO [http-apr-6060-exec-46] org.apache.catalina.core.ApplicationContext.log Manager: list: Listing contexts for virtual host 'localhost'
01-Feb-2021 22:14:45.698 INFO [http-apr-6060-exec-49] org.apache.catalina.core.ApplicationContext.log Manager: list: Listing contexts for virtual host 'localhost'
01-Feb-2021 22:15:02.233 INFO [http-apr-6060-exec-46] org.apache.catalina.core.ApplicationContext.log Manager: list: Listing contexts for virtual host 'localhost'
01-Feb-2021 22:15:52.252 INFO [http-apr-6060-exec-46] org.apache.catalina.core.ApplicationContext.log Manager: list: Listing contexts for virtual host 'localhost'
01-Feb-2021 22:16:18.674 INFO [http-apr-6060-exec-46] org.apache.catalina.core.ApplicationContext.log Manager: list: Listing contexts for virtual host 'localhost'
01-Feb-2021 22:16:24.770 INFO [http-apr-6060-exec-50] org.apache.catalina.core.ApplicationContext.log Manager: list: Listing contexts for virtual host 'localhost'
01-Feb-2021 22:17:07.543 INFO [http-apr-6060-exec-48] org.apache.catalina.core.ApplicationContext.log Manager: list: Listing contexts for virtual host 'localhost'
01-Feb-2021 22:18:08.286 INFO [http-apr-6060-exec-48] org.apache.catalina.core.ApplicationContext.log Manager: list: Listing contexts for virtual host 'localhost'
01-Feb-2021 22:19:34.706 INFO [http-apr-6060-exec-50] org.apache.catalina.core.ApplicationContext.log Manager: list: Listing contexts for virtual host 'localhost'
01-Feb-2021 22:19:47.602 INFO [http-apr-6060-exec-54] org.apache.catalina.core.ApplicationContext.log Manager: list: Listing contexts for virtual host 'localhost'
01-Feb-2021 22:20:21.607 INFO [http-apr-6060-exec-53] org.apache.catalina.core.ApplicationContext.log Manager: list: Listing contexts for virtual host 'localhost'
01-Feb-2021 22:21:31.369 INFO [http-apr-6060-exec-46] org.apache.catalina.core.ApplicationContext.log Manager: list: Listing contexts for virtual host 'localhost'
01-Feb-2021 22:21:42.327 INFO [http-apr-6060-exec-46] org.apache.catalina.core.ApplicationContext.log Manager: list: Listing contexts for virtual host 'localhost'
01-Feb-2021 22:21:51.634 INFO [http-apr-6060-exec-45] org.apache.catalina.core.ApplicationContext.log Manager: list: Listing contexts for virtual host 'localhost'
01-Feb-2021 22:24:06.484 INFO [http-apr-6060-exec-46] org.apache.catalina.core.ApplicationContext.log Manager: list: Listing contexts for virtual host 'localhost'
01-Feb-2021 22:24:49.281 INFO [http-apr-6060-exec-47] org.apache.catalina.core.ApplicationContext.log Manager: list: Listing contexts for virtual host 'localhost'
01-Feb-2021 22:24:55.136 INFO [http-apr-6060-exec-45] org.apache.catalina.core.ApplicationContext.log Manager: list: Listing contexts for virtual host 'localhost'
01-Feb-2021 22:25:01.102 INFO [http-apr-6060-exec-45] org.apache.catalina.core.ApplicationContext.log Manager: list: Listing contexts for virtual host 'localhost'
01-Feb-2021 22:25:04.456 INFO [http-apr-6060-exec-54] org.apache.catalina.core.ApplicationContext.log Manager: list: Listing contexts for virtual host 'localhost'
01-Feb-2021 22:25:33.913 INFO [http-apr-6060-exec-54] org.apache.catalina.core.ApplicationContext.log Manager: list: Listing contexts for virtual host 'localhost'
01-Feb-2021 22:26:50.010 INFO [http-apr-6060-exec-47] org.apache.catalina.core.ApplicationContext.log Manager: list: Listing contexts for virtual host 'localhost'
01-Feb-2021 22:27:04.168 INFO [http-apr-6060-exec-47] org.apache.catalina.core.ApplicationContext.log Manager: list: Listing contexts for virtual host 'localhost'
01-Feb-2021 22:27:37.219 INFO [http-apr-6060-exec-54] org.apache.catalina.core.ApplicationContext.log Manager: list: Listing contexts for virtual host 'localhost'
01-Feb-2021 22:28:04.358 INFO [http-apr-6060-exec-47] org.apache.catalina.core.ApplicationContext.log Manager: list: Listing contexts for virtual host 'localhost'
01-Feb-2021 22:28:12.476 INFO [http-apr-6060-exec-53] org.apache.catalina.core.ApplicationContext.log Manager: list: Listing contexts for virtual host 'localhost'
01-Feb-2021 22:28:37.673 INFO [http-apr-6060-exec-46] org.apache.catalina.core.ApplicationContext.log Manager: list: Listing contexts for virtual host 'localhost'
01-Feb-2021 22:28:47.733 INFO [http-apr-6060-exec-46] org.apache.catalina.core.ApplicationContext.log Manager: list: Listing contexts for virtual host 'localhost'
01-Feb-2021 22:28:51.564 INFO [http-apr-6060-exec-53] org.apache.catalina.core.ApplicationContext.log Manager: list: Listing contexts for virtual host 'localhost'
01-Feb-2021 22:29:32.401 INFO [http-apr-6060-exec-52] org.apache.catalina.core.ApplicationContext.log Manager: list: Listing contexts for virtual host 'localhost'
01-Feb-2021 22:29:32.517 INFO [http-apr-6060-exec-46] org.apache.catalina.core.ApplicationContext.log Manager: undeploy: Undeploying web application at '/sygealoc'
