22-Oct-2020 17:43:51.640 INFO [http-apr-6060-exec-2] org.apache.catalina.core.ApplicationContext.log Manager: init: Associated with Deployer 'Catalina:type=Deployer,host=localhost'
22-Oct-2020 17:43:51.641 INFO [http-apr-6060-exec-2] org.apache.catalina.core.ApplicationContext.log Manager: init: Global resources are available
22-Oct-2020 17:43:51.646 INFO [http-apr-6060-exec-2] org.apache.catalina.core.ApplicationContext.log Manager: list: Listing contexts for virtual host 'localhost'
22-Oct-2020 17:43:51.674 INFO [http-apr-6060-exec-1] org.apache.catalina.core.ApplicationContext.log Manager: list: Listing contexts for virtual host 'localhost'
22-Oct-2020 17:43:51.770 INFO [http-apr-6060-exec-10] org.apache.catalina.core.ApplicationContext.log Manager: install: Installing context configuration at 'file:/C:/Users/NHELTECH/AppData/Local/Temp/context5803725156334403754.xml'
22-Oct-2020 17:44:02.574 INFO [http-apr-6060-exec-9] org.apache.catalina.core.ApplicationContext.log Manager: start: Starting web application '/sygealoc'
22-Oct-2020 18:32:48.072 INFO [http-apr-6060-exec-10] org.apache.catalina.core.ApplicationContext.log Manager: list: Listing contexts for virtual host 'localhost'
22-Oct-2020 19:01:26.187 INFO [http-apr-6060-exec-9] org.apache.catalina.core.ApplicationContext.log Manager: list: Listing contexts for virtual host 'localhost'
22-Oct-2020 19:01:26.252 INFO [http-apr-6060-exec-4] org.apache.catalina.core.ApplicationContext.log Manager: restart: Reloading web application '/sygealoc'
22-Oct-2020 19:01:40.247 INFO [http-apr-6060-exec-1] org.apache.catalina.core.ApplicationContext.log Manager: list: Listing contexts for virtual host 'localhost'
22-Oct-2020 19:01:40.283 INFO [http-apr-6060-exec-7] org.apache.catalina.core.ApplicationContext.log Manager: restart: Reloading web application '/sygealoc'
22-Oct-2020 19:02:56.955 INFO [http-apr-6060-exec-9] org.apache.catalina.core.ApplicationContext.log Manager: list: Listing contexts for virtual host 'localhost'
22-Oct-2020 19:02:56.987 INFO [http-apr-6060-exec-14] org.apache.catalina.core.ApplicationContext.log Manager: restart: Reloading web application '/sygealoc'
22-Oct-2020 19:03:35.534 INFO [http-apr-6060-exec-13] org.apache.catalina.core.ApplicationContext.log Manager: list: Listing contexts for virtual host 'localhost'
22-Oct-2020 19:03:35.605 INFO [http-apr-6060-exec-17] org.apache.catalina.core.ApplicationContext.log Manager: restart: Reloading web application '/sygealoc'
22-Oct-2020 19:04:03.285 INFO [http-apr-6060-exec-15] org.apache.catalina.core.ApplicationContext.log Manager: list: Listing contexts for virtual host 'localhost'
22-Oct-2020 19:04:03.340 INFO [http-apr-6060-exec-19] org.apache.catalina.core.ApplicationContext.log Manager: restart: Reloading web application '/sygealoc'
22-Oct-2020 19:04:13.456 INFO [http-apr-6060-exec-12] org.apache.catalina.core.ApplicationContext.log Manager: list: Listing contexts for virtual host 'localhost'
22-Oct-2020 19:04:13.481 INFO [http-apr-6060-exec-13] org.apache.catalina.core.ApplicationContext.log Manager: restart: Reloading web application '/sygealoc'
22-Oct-2020 19:04:21.682 INFO [http-apr-6060-exec-12] org.apache.catalina.core.ApplicationContext.log Manager: list: Listing contexts for virtual host 'localhost'
22-Oct-2020 19:04:21.724 INFO [http-apr-6060-exec-20] org.apache.catalina.core.ApplicationContext.log Manager: restart: Reloading web application '/sygealoc'
22-Oct-2020 19:04:30.147 INFO [http-apr-6060-exec-11] org.apache.catalina.core.ApplicationContext.log Manager: list: Listing contexts for virtual host 'localhost'
22-Oct-2020 19:04:30.184 INFO [http-apr-6060-exec-12] org.apache.catalina.core.ApplicationContext.log Manager: restart: Reloading web application '/sygealoc'
22-Oct-2020 19:04:58.372 INFO [http-apr-6060-exec-21] org.apache.catalina.core.ApplicationContext.log Manager: list: Listing contexts for virtual host 'localhost'
22-Oct-2020 19:04:58.434 INFO [http-apr-6060-exec-25] org.apache.catalina.core.ApplicationContext.log Manager: restart: Reloading web application '/sygealoc'
22-Oct-2020 19:08:25.838 INFO [http-apr-6060-exec-22] org.apache.catalina.core.ApplicationContext.log Manager: list: Listing contexts for virtual host 'localhost'
22-Oct-2020 19:08:56.203 INFO [http-apr-6060-exec-32] org.apache.catalina.core.ApplicationContext.log Manager: list: Listing contexts for virtual host 'localhost'
22-Oct-2020 19:08:56.215 INFO [http-apr-6060-exec-27] org.apache.catalina.core.ApplicationContext.log Manager: list: Listing contexts for virtual host 'localhost'
22-Oct-2020 19:08:58.302 INFO [http-apr-6060-exec-28] org.apache.catalina.core.ApplicationContext.log Manager: restart: Reloading web application '/sygealoc'
22-Oct-2020 19:09:37.053 INFO [http-apr-6060-exec-38] org.apache.catalina.core.ApplicationContext.log Manager: list: Listing contexts for virtual host 'localhost'
22-Oct-2020 19:09:44.902 INFO [http-apr-6060-exec-43] org.apache.catalina.core.ApplicationContext.log Manager: list: Listing contexts for virtual host 'localhost'
22-Oct-2020 19:12:53.466 INFO [http-apr-6060-exec-3] org.apache.catalina.core.ApplicationContext.log Manager: init: Associated with Deployer 'Catalina:type=Deployer,host=localhost'
22-Oct-2020 19:12:53.466 INFO [http-apr-6060-exec-3] org.apache.catalina.core.ApplicationContext.log Manager: init: Global resources are available
22-Oct-2020 19:12:53.469 INFO [http-apr-6060-exec-3] org.apache.catalina.core.ApplicationContext.log Manager: list: Listing contexts for virtual host 'localhost'
22-Oct-2020 19:12:53.483 INFO [http-apr-6060-exec-2] org.apache.catalina.core.ApplicationContext.log Manager: list: Listing contexts for virtual host 'localhost'
22-Oct-2020 19:13:08.762 INFO [http-apr-6060-exec-2] org.apache.catalina.core.ApplicationContext.log Manager: list: Listing contexts for virtual host 'localhost'
22-Oct-2020 19:13:15.370 INFO [http-apr-6060-exec-7] org.apache.catalina.core.ApplicationContext.log Manager: list: Listing contexts for virtual host 'localhost'
22-Oct-2020 19:18:43.864 INFO [http-apr-6060-exec-4] org.apache.catalina.core.ApplicationContext.log Manager: list: Listing contexts for virtual host 'localhost'
22-Oct-2020 19:18:43.879 INFO [http-apr-6060-exec-3] org.apache.catalina.core.ApplicationContext.log Manager: list: Listing contexts for virtual host 'localhost'
22-Oct-2020 19:18:45.876 INFO [http-apr-6060-exec-6] org.apache.catalina.core.ApplicationContext.log Manager: restart: Reloading web application '/sygealoc'
22-Oct-2020 19:19:28.800 INFO [http-apr-6060-exec-13] org.apache.catalina.core.ApplicationContext.log Manager: list: Listing contexts for virtual host 'localhost'
22-Oct-2020 19:19:33.090 INFO [http-apr-6060-exec-15] org.apache.catalina.core.ApplicationContext.log Manager: list: Listing contexts for virtual host 'localhost'
22-Oct-2020 19:19:52.054 INFO [http-apr-6060-exec-16] org.apache.catalina.core.ApplicationContext.log Manager: list: Listing contexts for virtual host 'localhost'
22-Oct-2020 19:20:18.768 INFO [http-apr-6060-exec-12] org.apache.catalina.core.ApplicationContext.log Manager: list: Listing contexts for virtual host 'localhost'
22-Oct-2020 19:20:30.224 INFO [http-apr-6060-exec-16] org.apache.catalina.core.ApplicationContext.log Manager: list: Listing contexts for virtual host 'localhost'
22-Oct-2020 19:21:20.009 INFO [http-apr-6060-exec-16] org.apache.catalina.core.ApplicationContext.log Manager: list: Listing contexts for virtual host 'localhost'
22-Oct-2020 19:21:20.202 INFO [http-apr-6060-exec-17] org.apache.catalina.core.ApplicationContext.log Manager: restart: Reloading web application '/sygealoc'
22-Oct-2020 19:21:32.804 INFO [http-apr-6060-exec-11] org.apache.catalina.core.ApplicationContext.log Manager: list: Listing contexts for virtual host 'localhost'
22-Oct-2020 19:21:32.933 INFO [http-apr-6060-exec-14] org.apache.catalina.core.ApplicationContext.log Manager: restart: Reloading web application '/sygealoc'
22-Oct-2020 19:21:44.127 INFO [http-apr-6060-exec-13] org.apache.catalina.core.ApplicationContext.log Manager: list: Listing contexts for virtual host 'localhost'
22-Oct-2020 19:21:44.144 INFO [http-apr-6060-exec-11] org.apache.catalina.core.ApplicationContext.log Manager: restart: Reloading web application '/sygealoc'
22-Oct-2020 19:22:00.154 INFO [http-apr-6060-exec-23] org.apache.catalina.core.ApplicationContext.log Manager: list: Listing contexts for virtual host 'localhost'
22-Oct-2020 19:22:00.167 INFO [http-apr-6060-exec-24] org.apache.catalina.core.ApplicationContext.log Manager: list: Listing contexts for virtual host 'localhost'
22-Oct-2020 19:22:02.678 INFO [http-apr-6060-exec-12] org.apache.catalina.core.ApplicationContext.log Manager: restart: Reloading web application '/sygealoc'
22-Oct-2020 19:22:28.043 INFO [http-apr-6060-exec-21] org.apache.catalina.core.ApplicationContext.log Manager: list: Listing contexts for virtual host 'localhost'
22-Oct-2020 19:22:55.105 INFO [http-apr-6060-exec-32] org.apache.catalina.core.ApplicationContext.log Manager: list: Listing contexts for virtual host 'localhost'
22-Oct-2020 19:23:32.174 INFO [http-apr-6060-exec-32] org.apache.catalina.core.ApplicationContext.log Manager: list: Listing contexts for virtual host 'localhost'
22-Oct-2020 19:23:43.189 INFO [http-apr-6060-exec-32] org.apache.catalina.core.ApplicationContext.log Manager: list: Listing contexts for virtual host 'localhost'
22-Oct-2020 19:23:43.422 INFO [http-apr-6060-exec-30] org.apache.catalina.core.ApplicationContext.log Manager: restart: Reloading web application '/sygealoc'
22-Oct-2020 19:24:14.633 INFO [http-apr-6060-exec-31] org.apache.catalina.core.ApplicationContext.log Manager: list: Listing contexts for virtual host 'localhost'
22-Oct-2020 19:24:29.943 INFO [http-apr-6060-exec-36] org.apache.catalina.core.ApplicationContext.log Manager: list: Listing contexts for virtual host 'localhost'
22-Oct-2020 19:24:29.951 INFO [http-apr-6060-exec-37] org.apache.catalina.core.ApplicationContext.log Manager: list: Listing contexts for virtual host 'localhost'
22-Oct-2020 19:24:32.567 INFO [http-apr-6060-exec-33] org.apache.catalina.core.ApplicationContext.log Manager: restart: Reloading web application '/sygealoc'
22-Oct-2020 19:25:03.343 INFO [http-apr-6060-exec-45] org.apache.catalina.core.ApplicationContext.log Manager: list: Listing contexts for virtual host 'localhost'
22-Oct-2020 19:25:11.131 INFO [http-apr-6060-exec-41] org.apache.catalina.core.ApplicationContext.log Manager: list: Listing contexts for virtual host 'localhost'
22-Oct-2020 19:28:09.648 INFO [http-apr-6060-exec-41] org.apache.catalina.core.ApplicationContext.log Manager: list: Listing contexts for virtual host 'localhost'
22-Oct-2020 19:28:09.918 INFO [http-apr-6060-exec-48] org.apache.catalina.core.ApplicationContext.log Manager: restart: Reloading web application '/sygealoc'
22-Oct-2020 19:28:25.346 INFO [http-apr-6060-exec-41] org.apache.catalina.core.ApplicationContext.log Manager: list: Listing contexts for virtual host 'localhost'
22-Oct-2020 19:28:25.364 INFO [http-apr-6060-exec-43] org.apache.catalina.core.ApplicationContext.log Manager: restart: Reloading web application '/sygealoc'
22-Oct-2020 19:28:33.028 INFO [http-apr-6060-exec-49] org.apache.catalina.core.ApplicationContext.log Manager: list: Listing contexts for virtual host 'localhost'
22-Oct-2020 19:28:33.045 INFO [http-apr-6060-exec-41] org.apache.catalina.core.ApplicationContext.log Manager: restart: Reloading web application '/sygealoc'
22-Oct-2020 19:28:56.634 INFO [http-apr-6060-exec-52] org.apache.catalina.core.ApplicationContext.log Manager: list: Listing contexts for virtual host 'localhost'
22-Oct-2020 19:28:56.767 INFO [http-apr-6060-exec-50] org.apache.catalina.core.ApplicationContext.log Manager: restart: Reloading web application '/sygealoc'
22-Oct-2020 19:29:12.050 INFO [http-apr-6060-exec-42] org.apache.catalina.core.ApplicationContext.log Manager: list: Listing contexts for virtual host 'localhost'
22-Oct-2020 19:29:12.077 INFO [http-apr-6060-exec-54] org.apache.catalina.core.ApplicationContext.log Manager: restart: Reloading web application '/sygealoc'
22-Oct-2020 19:30:10.569 INFO [http-apr-6060-exec-42] org.apache.catalina.core.ApplicationContext.log Manager: list: Listing contexts for virtual host 'localhost'
22-Oct-2020 19:30:13.598 INFO [http-apr-6060-exec-51] org.apache.catalina.core.ApplicationContext.log Manager: list: Listing contexts for virtual host 'localhost'
22-Oct-2020 19:30:15.592 INFO [http-apr-6060-exec-52] org.apache.catalina.core.ApplicationContext.log Manager: list: Listing contexts for virtual host 'localhost'
22-Oct-2020 19:30:29.320 INFO [http-apr-6060-exec-44] org.apache.catalina.core.ApplicationContext.log Manager: list: Listing contexts for virtual host 'localhost'
22-Oct-2020 19:30:29.371 INFO [http-apr-6060-exec-42] org.apache.catalina.core.ApplicationContext.log Manager: list: Listing contexts for virtual host 'localhost'
22-Oct-2020 19:30:32.599 INFO [http-apr-6060-exec-45] org.apache.catalina.core.ApplicationContext.log Manager: restart: Reloading web application '/sygealoc'
22-Oct-2020 19:31:10.183 INFO [http-apr-6060-exec-69] org.apache.catalina.core.ApplicationContext.log Manager: list: Listing contexts for virtual host 'localhost'
22-Oct-2020 19:32:11.870 INFO [http-apr-6060-exec-69] org.apache.catalina.core.ApplicationContext.log Manager: list: Listing contexts for virtual host 'localhost'
22-Oct-2020 19:32:41.343 INFO [http-apr-6060-exec-68] org.apache.catalina.core.ApplicationContext.log Manager: list: Listing contexts for virtual host 'localhost'
22-Oct-2020 19:32:41.349 INFO [http-apr-6060-exec-65] org.apache.catalina.core.ApplicationContext.log Manager: list: Listing contexts for virtual host 'localhost'
22-Oct-2020 19:32:44.850 INFO [http-apr-6060-exec-70] org.apache.catalina.core.ApplicationContext.log Manager: restart: Reloading web application '/sygealoc'
22-Oct-2020 19:33:22.131 INFO [http-apr-6060-exec-75] org.apache.catalina.core.ApplicationContext.log Manager: list: Listing contexts for virtual host 'localhost'
22-Oct-2020 19:34:50.871 INFO [http-apr-6060-exec-79] org.apache.catalina.core.ApplicationContext.log Manager: list: Listing contexts for virtual host 'localhost'
22-Oct-2020 19:34:50.904 INFO [http-apr-6060-exec-63] org.apache.catalina.core.ApplicationContext.log Manager: restart: Reloading web application '/sygealoc'
22-Oct-2020 19:35:15.070 INFO [http-apr-6060-exec-75] org.apache.catalina.core.ApplicationContext.log Manager: list: Listing contexts for virtual host 'localhost'
22-Oct-2020 19:35:15.104 INFO [http-apr-6060-exec-81] org.apache.catalina.core.ApplicationContext.log Manager: restart: Reloading web application '/sygealoc'
22-Oct-2020 19:35:51.119 INFO [http-apr-6060-exec-78] org.apache.catalina.core.ApplicationContext.log Manager: list: Listing contexts for virtual host 'localhost'
22-Oct-2020 19:35:51.190 INFO [http-apr-6060-exec-83] org.apache.catalina.core.ApplicationContext.log Manager: restart: Reloading web application '/sygealoc'
22-Oct-2020 19:36:02.454 INFO [http-apr-6060-exec-76] org.apache.catalina.core.ApplicationContext.log Manager: list: Listing contexts for virtual host 'localhost'
22-Oct-2020 19:36:02.474 INFO [http-apr-6060-exec-78] org.apache.catalina.core.ApplicationContext.log Manager: restart: Reloading web application '/sygealoc'
22-Oct-2020 19:36:35.127 INFO [http-apr-6060-exec-75] org.apache.catalina.core.ApplicationContext.log Manager: list: Listing contexts for virtual host 'localhost'
22-Oct-2020 19:36:35.177 INFO [http-apr-6060-exec-86] org.apache.catalina.core.ApplicationContext.log Manager: restart: Reloading web application '/sygealoc'
22-Oct-2020 19:37:52.412 INFO [http-apr-6060-exec-89] org.apache.catalina.core.ApplicationContext.log Manager: list: Listing contexts for virtual host 'localhost'
22-Oct-2020 19:37:55.849 INFO [http-apr-6060-exec-84] org.apache.catalina.core.ApplicationContext.log Manager: list: Listing contexts for virtual host 'localhost'
22-Oct-2020 19:38:10.447 INFO [http-apr-6060-exec-84] org.apache.catalina.core.ApplicationContext.log Manager: list: Listing contexts for virtual host 'localhost'
22-Oct-2020 19:38:26.598 INFO [http-apr-6060-exec-84] org.apache.catalina.core.ApplicationContext.log Manager: list: Listing contexts for virtual host 'localhost'
22-Oct-2020 19:39:24.596 INFO [http-apr-6060-exec-84] org.apache.catalina.core.ApplicationContext.log Manager: list: Listing contexts for virtual host 'localhost'
22-Oct-2020 19:39:24.619 INFO [http-apr-6060-exec-89] org.apache.catalina.core.ApplicationContext.log Manager: restart: Reloading web application '/sygealoc'
22-Oct-2020 19:39:38.797 INFO [http-apr-6060-exec-88] org.apache.catalina.core.ApplicationContext.log Manager: list: Listing contexts for virtual host 'localhost'
22-Oct-2020 19:39:38.822 INFO [http-apr-6060-exec-95] org.apache.catalina.core.ApplicationContext.log Manager: restart: Reloading web application '/sygealoc'
22-Oct-2020 19:39:54.887 INFO [http-apr-6060-exec-91] org.apache.catalina.core.ApplicationContext.log Manager: list: Listing contexts for virtual host 'localhost'
22-Oct-2020 19:39:54.895 INFO [http-apr-6060-exec-93] org.apache.catalina.core.ApplicationContext.log Manager: list: Listing contexts for virtual host 'localhost'
22-Oct-2020 19:39:59.437 INFO [http-apr-6060-exec-92] org.apache.catalina.core.ApplicationContext.log Manager: restart: Reloading web application '/sygealoc'
22-Oct-2020 19:40:28.832 INFO [http-apr-6060-exec-104] org.apache.catalina.core.ApplicationContext.log Manager: list: Listing contexts for virtual host 'localhost'
22-Oct-2020 19:40:53.061 INFO [http-apr-6060-exec-100] org.apache.catalina.core.ApplicationContext.log Manager: list: Listing contexts for virtual host 'localhost'
22-Oct-2020 19:41:00.862 INFO [http-apr-6060-exec-105] org.apache.catalina.core.ApplicationContext.log Manager: list: Listing contexts for virtual host 'localhost'
22-Oct-2020 19:41:07.734 INFO [http-apr-6060-exec-107] org.apache.catalina.core.ApplicationContext.log Manager: list: Listing contexts for virtual host 'localhost'
22-Oct-2020 19:41:33.275 INFO [http-apr-6060-exec-103] org.apache.catalina.core.ApplicationContext.log Manager: list: Listing contexts for virtual host 'localhost'
22-Oct-2020 19:42:02.924 INFO [http-apr-6060-exec-107] org.apache.catalina.core.ApplicationContext.log Manager: list: Listing contexts for virtual host 'localhost'
22-Oct-2020 19:42:42.305 INFO [http-apr-6060-exec-107] org.apache.catalina.core.ApplicationContext.log Manager: list: Listing contexts for virtual host 'localhost'
22-Oct-2020 19:42:42.366 INFO [http-apr-6060-exec-105] org.apache.catalina.core.ApplicationContext.log Manager: restart: Reloading web application '/sygealoc'
22-Oct-2020 19:43:44.230 INFO [http-apr-6060-exec-106] org.apache.catalina.core.ApplicationContext.log Manager: list: Listing contexts for virtual host 'localhost'
22-Oct-2020 19:43:44.256 INFO [http-apr-6060-exec-101] org.apache.catalina.core.ApplicationContext.log Manager: restart: Reloading web application '/sygealoc'
22-Oct-2020 19:43:58.428 INFO [156] org.apache.catalina.core.ApplicationContext.log Manager: list: Listing contexts for virtual host 'localhost'
22-Oct-2020 19:43:58.437 INFO [http-apr-6060-exec-107] org.apache.catalina.core.ApplicationContext.log Manager: list: Listing contexts for virtual host 'localhost'
22-Oct-2020 19:44:01.409 INFO [http-apr-6060-exec-110] org.apache.catalina.core.ApplicationContext.log Manager: restart: Reloading web application '/sygealoc'
22-Oct-2020 19:44:20.478 INFO [http-apr-6060-exec-115] org.apache.catalina.core.ApplicationContext.log Manager: list: Listing contexts for virtual host 'localhost'
22-Oct-2020 19:44:34.358 INFO [http-apr-6060-exec-115] org.apache.catalina.core.ApplicationContext.log Manager: list: Listing contexts for virtual host 'localhost'
22-Oct-2020 19:44:57.264 INFO [http-apr-6060-exec-115] org.apache.catalina.core.ApplicationContext.log Manager: list: Listing contexts for virtual host 'localhost'
22-Oct-2020 19:44:57.292 INFO [http-apr-6060-exec-116] org.apache.catalina.core.ApplicationContext.log Manager: restart: Reloading web application '/sygealoc'
22-Oct-2020 19:45:41.034 INFO [http-apr-6060-exec-122] org.apache.catalina.core.ApplicationContext.log Manager: list: Listing contexts for virtual host 'localhost'
22-Oct-2020 19:45:52.411 INFO [180] org.apache.catalina.core.ApplicationContext.log Manager: list: Listing contexts for virtual host 'localhost'
22-Oct-2020 19:45:52.438 INFO [http-apr-6060-exec-126] org.apache.catalina.core.ApplicationContext.log Manager: list: Listing contexts for virtual host 'localhost'
22-Oct-2020 19:45:55.129 INFO [http-apr-6060-exec-127] org.apache.catalina.core.ApplicationContext.log Manager: restart: Reloading web application '/sygealoc'
22-Oct-2020 19:46:14.008 INFO [http-apr-6060-exec-115] org.apache.catalina.core.ApplicationContext.log Manager: list: Listing contexts for virtual host 'localhost'
22-Oct-2020 19:46:26.999 INFO [http-apr-6060-exec-115] org.apache.catalina.core.ApplicationContext.log Manager: list: Listing contexts for virtual host 'localhost'
22-Oct-2020 19:46:34.983 INFO [http-apr-6060-exec-136] org.apache.catalina.core.ApplicationContext.log Manager: list: Listing contexts for virtual host 'localhost'
22-Oct-2020 19:48:38.988 INFO [http-apr-6060-exec-129] org.apache.catalina.core.ApplicationContext.log Manager: list: Listing contexts for virtual host 'localhost'
22-Oct-2020 19:48:39.039 INFO [http-apr-6060-exec-130] org.apache.catalina.core.ApplicationContext.log Manager: restart: Reloading web application '/sygealoc'
22-Oct-2020 19:50:02.901 INFO [http-apr-6060-exec-137] org.apache.catalina.core.ApplicationContext.log Manager: list: Listing contexts for virtual host 'localhost'
22-Oct-2020 19:50:02.921 INFO [http-apr-6060-exec-141] org.apache.catalina.core.ApplicationContext.log Manager: restart: Reloading web application '/sygealoc'
22-Oct-2020 19:50:20.403 INFO [http-apr-6060-exec-137] org.apache.catalina.core.ApplicationContext.log Manager: list: Listing contexts for virtual host 'localhost'
22-Oct-2020 19:50:20.440 INFO [http-apr-6060-exec-134] org.apache.catalina.core.ApplicationContext.log Manager: restart: Reloading web application '/sygealoc'
22-Oct-2020 19:50:39.901 INFO [http-apr-6060-exec-144] org.apache.catalina.core.ApplicationContext.log Manager: list: Listing contexts for virtual host 'localhost'
22-Oct-2020 19:50:39.927 INFO [http-apr-6060-exec-145] org.apache.catalina.core.ApplicationContext.log Manager: restart: Reloading web application '/sygealoc'
22-Oct-2020 19:50:57.458 INFO [http-apr-6060-exec-139] org.apache.catalina.core.ApplicationContext.log Manager: list: Listing contexts for virtual host 'localhost'
22-Oct-2020 19:50:57.464 INFO [http-apr-6060-exec-148] org.apache.catalina.core.ApplicationContext.log Manager: list: Listing contexts for virtual host 'localhost'
22-Oct-2020 19:51:00.093 INFO [http-apr-6060-exec-129] org.apache.catalina.core.ApplicationContext.log Manager: restart: Reloading web application '/sygealoc'
22-Oct-2020 19:51:18.733 INFO [http-apr-6060-exec-152] org.apache.catalina.core.ApplicationContext.log Manager: list: Listing contexts for virtual host 'localhost'
22-Oct-2020 19:51:28.637 INFO [http-apr-6060-exec-155] org.apache.catalina.core.ApplicationContext.log Manager: list: Listing contexts for virtual host 'localhost'
22-Oct-2020 19:52:20.216 INFO [http-apr-6060-exec-154] org.apache.catalina.core.ApplicationContext.log Manager: list: Listing contexts for virtual host 'localhost'
22-Oct-2020 19:52:20.241 INFO [http-apr-6060-exec-155] org.apache.catalina.core.ApplicationContext.log Manager: restart: Reloading web application '/sygealoc'
22-Oct-2020 19:52:35.768 INFO [http-apr-6060-exec-158] org.apache.catalina.core.ApplicationContext.log Manager: list: Listing contexts for virtual host 'localhost'
22-Oct-2020 19:52:35.775 INFO [http-apr-6060-exec-154] org.apache.catalina.core.ApplicationContext.log Manager: list: Listing contexts for virtual host 'localhost'
22-Oct-2020 19:52:38.517 INFO [http-apr-6060-exec-150] org.apache.catalina.core.ApplicationContext.log Manager: restart: Reloading web application '/sygealoc'
22-Oct-2020 19:52:57.645 INFO [http-apr-6060-exec-162] org.apache.catalina.core.ApplicationContext.log Manager: list: Listing contexts for virtual host 'localhost'
22-Oct-2020 19:53:48.585 INFO [http-apr-6060-exec-170] org.apache.catalina.core.ApplicationContext.log Manager: list: Listing contexts for virtual host 'localhost'
22-Oct-2020 19:54:20.026 INFO [http-apr-6060-exec-165] org.apache.catalina.core.ApplicationContext.log Manager: list: Listing contexts for virtual host 'localhost'
22-Oct-2020 19:54:42.672 INFO [http-apr-6060-exec-163] org.apache.catalina.core.ApplicationContext.log Manager: list: Listing contexts for virtual host 'localhost'
22-Oct-2020 19:54:52.047 INFO [http-apr-6060-exec-168] org.apache.catalina.core.ApplicationContext.log Manager: list: Listing contexts for virtual host 'localhost'
22-Oct-2020 19:55:02.670 INFO [http-apr-6060-exec-164] org.apache.catalina.core.ApplicationContext.log Manager: list: Listing contexts for virtual host 'localhost'
22-Oct-2020 19:55:41.007 INFO [http-apr-6060-exec-172] org.apache.catalina.core.ApplicationContext.log Manager: list: Listing contexts for virtual host 'localhost'
22-Oct-2020 23:05:35.074 INFO [http-apr-6060-exec-164] org.apache.catalina.core.ApplicationContext.log Manager: list: Listing contexts for virtual host 'localhost'
22-Oct-2020 23:05:35.209 INFO [http-apr-6060-exec-170] org.apache.catalina.core.ApplicationContext.log Manager: undeploy: Undeploying web application at '/sygealoc'
