26-Jan-2021 15:35:48.262 INFO [http-apr-6060-exec-4] org.apache.catalina.core.ApplicationContext.log HTMLManager: init: Associated with Deployer 'Catalina:type=Deployer,host=localhost'
26-Jan-2021 15:35:48.262 INFO [http-apr-6060-exec-4] org.apache.catalina.core.ApplicationContext.log HTMLManager: init: Global resources are available
26-Jan-2021 15:35:48.291 INFO [http-apr-6060-exec-4] org.apache.catalina.core.ApplicationContext.log HTMLManager: list: Listing contexts for virtual host 'localhost'
26-Jan-2021 15:35:52.011 INFO [http-apr-6060-exec-10] org.apache.catalina.core.ApplicationContext.log HTMLManager: undeploy: Undeploying web application at '/sygealoc##1.0'
26-Jan-2021 15:36:00.090 INFO [http-apr-6060-exec-10] org.apache.catalina.core.ApplicationContext.log HTMLManager: list: Listing contexts for virtual host 'localhost'
26-Jan-2021 15:36:57.180 INFO [http-apr-6060-exec-4] org.apache.catalina.core.ApplicationContext.log HTMLManager: init: Associated with Deployer 'Catalina:type=Deployer,host=localhost'
26-Jan-2021 15:36:57.181 INFO [http-apr-6060-exec-4] org.apache.catalina.core.ApplicationContext.log HTMLManager: init: Global resources are available
26-Jan-2021 15:36:57.223 INFO [http-apr-6060-exec-4] org.apache.catalina.core.ApplicationContext.log HTMLManager: list: Listing contexts for virtual host 'localhost'
26-Jan-2021 15:40:07.521 INFO [http-apr-6060-exec-8] org.apache.catalina.core.ApplicationContext.log HTMLManager: list: Listing contexts for virtual host 'localhost'
26-Jan-2021 15:47:23.624 INFO [http-apr-6060-exec-9] org.apache.catalina.core.ApplicationContext.log HTMLManager: list: Listing contexts for virtual host 'localhost'
26-Jan-2021 15:55:17.139 INFO [http-apr-6060-exec-5] org.apache.catalina.core.ApplicationContext.log HTMLManager: list: Listing contexts for virtual host 'localhost'
26-Jan-2021 15:55:21.408 INFO [http-apr-6060-exec-2] org.apache.catalina.core.ApplicationContext.log HTMLManager: stop: Stopping web application '/sygealoc##1.0'
26-Jan-2021 15:55:23.315 INFO [http-apr-6060-exec-2] org.apache.catalina.core.ApplicationContext.log HTMLManager: list: Listing contexts for virtual host 'localhost'
26-Jan-2021 15:55:26.650 INFO [http-apr-6060-exec-8] org.apache.catalina.core.ApplicationContext.log HTMLManager: undeploy: Undeploying web application at '/sygealoc##1.0'
26-Jan-2021 15:55:36.413 INFO [http-apr-6060-exec-8] org.apache.catalina.core.ApplicationContext.log HTMLManager: list: Listing contexts for virtual host 'localhost'
26-Jan-2021 15:55:40.699 INFO [http-apr-6060-exec-10] org.apache.catalina.core.ApplicationContext.log HTMLManager: undeploy: Undeploying web application at '/sygealoc##1.0'
26-Jan-2021 15:55:40.704 INFO [http-apr-6060-exec-10] org.apache.catalina.core.ApplicationContext.log HTMLManager: list: Listing contexts for virtual host 'localhost'
26-Jan-2021 15:55:46.743 INFO [http-apr-6060-exec-4] org.apache.catalina.core.ApplicationContext.log HTMLManager: list: Listing contexts for virtual host 'localhost'
26-Jan-2021 15:56:37.815 INFO [http-apr-6060-exec-8] org.apache.catalina.core.ApplicationContext.log HTMLManager: init: Associated with Deployer 'Catalina:type=Deployer,host=localhost'
26-Jan-2021 15:56:37.815 INFO [http-apr-6060-exec-8] org.apache.catalina.core.ApplicationContext.log HTMLManager: init: Global resources are available
26-Jan-2021 15:56:37.865 INFO [http-apr-6060-exec-8] org.apache.catalina.core.ApplicationContext.log HTMLManager: list: Listing contexts for virtual host 'localhost'
26-Jan-2021 15:57:51.159 INFO [http-apr-6060-exec-2] org.apache.catalina.core.ApplicationContext.log HTMLManager: list: Listing contexts for virtual host 'localhost'
26-Jan-2021 16:03:11.927 INFO [http-apr-6060-exec-7] org.apache.catalina.core.ApplicationContext.log Manager: init: Associated with Deployer 'Catalina:type=Deployer,host=localhost'
26-Jan-2021 16:03:11.927 INFO [http-apr-6060-exec-7] org.apache.catalina.core.ApplicationContext.log Manager: init: Global resources are available
26-Jan-2021 16:03:11.930 INFO [http-apr-6060-exec-7] org.apache.catalina.core.ApplicationContext.log Manager: list: Listing contexts for virtual host 'localhost'
26-Jan-2021 16:03:11.961 INFO [http-apr-6060-exec-8] org.apache.catalina.core.ApplicationContext.log Manager: list: Listing contexts for virtual host 'localhost'
26-Jan-2021 16:03:12.196 INFO [http-apr-6060-exec-6] org.apache.catalina.core.ApplicationContext.log Manager: install: Installing context configuration at 'file:/C:/Users/NHELTECH/AppData/Local/Temp/context2737656019392723455.xml'
26-Jan-2021 16:03:26.295 INFO [http-apr-6060-exec-5] org.apache.catalina.core.ApplicationContext.log Manager: start: Starting web application '/sygealoc'
26-Jan-2021 16:05:18.119 INFO [http-apr-6060-exec-9] org.apache.catalina.core.ApplicationContext.log Manager: list: Listing contexts for virtual host 'localhost'
26-Jan-2021 16:07:02.028 INFO [http-apr-6060-exec-5] org.apache.catalina.core.ApplicationContext.log HTMLManager: list: Listing contexts for virtual host 'localhost'
26-Jan-2021 16:07:23.062 INFO [http-apr-6060-exec-7] org.apache.catalina.core.ApplicationContext.log Manager: list: Listing contexts for virtual host 'localhost'
26-Jan-2021 16:07:29.589 INFO [http-apr-6060-exec-3] org.apache.catalina.core.ApplicationContext.log Manager: list: Listing contexts for virtual host 'localhost'
26-Jan-2021 16:10:07.358 INFO [http-apr-6060-exec-5] org.apache.catalina.core.ApplicationContext.log Manager: list: Listing contexts for virtual host 'localhost'
26-Jan-2021 16:10:07.416 INFO [http-apr-6060-exec-9] org.apache.catalina.core.ApplicationContext.log Manager: stop: Stopping web application '/sygealoc'
26-Jan-2021 16:10:07.805 INFO [http-apr-6060-exec-2] org.apache.catalina.core.ApplicationContext.log Manager: start: Starting web application '/sygealoc'
26-Jan-2021 16:10:58.507 INFO [http-apr-6060-exec-4] org.apache.catalina.core.ApplicationContext.log Manager: list: Listing contexts for virtual host 'localhost'
26-Jan-2021 16:10:58.681 INFO [http-apr-6060-exec-11] org.apache.catalina.core.ApplicationContext.log Manager: undeploy: Undeploying web application at '/sygealoc'
26-Jan-2021 16:11:28.018 INFO [http-apr-6060-exec-12] org.apache.catalina.core.ApplicationContext.log Manager: list: Listing contexts for virtual host 'localhost'
26-Jan-2021 16:16:00.305 INFO [http-apr-6060-exec-21] org.apache.catalina.core.ApplicationContext.log Manager: list: Listing contexts for virtual host 'localhost'
26-Jan-2021 16:16:09.695 INFO [http-apr-6060-exec-19] org.apache.catalina.core.ApplicationContext.log Manager: list: Listing contexts for virtual host 'localhost'
26-Jan-2021 16:18:00.874 INFO [http-apr-6060-exec-15] org.apache.catalina.core.ApplicationContext.log Manager: list: Listing contexts for virtual host 'localhost'
26-Jan-2021 16:19:18.421 INFO [http-apr-6060-exec-21] org.apache.catalina.core.ApplicationContext.log Manager: list: Listing contexts for virtual host 'localhost'
26-Jan-2021 16:26:17.008 INFO [http-apr-6060-exec-17] org.apache.catalina.core.ApplicationContext.log Manager: list: Listing contexts for virtual host 'localhost'
26-Jan-2021 16:27:34.429 INFO [http-apr-6060-exec-17] org.apache.catalina.core.ApplicationContext.log HTMLManager: list: Listing contexts for virtual host 'localhost'
26-Jan-2021 16:32:19.117 INFO [http-apr-6060-exec-23] org.apache.catalina.core.ApplicationContext.log HTMLManager: list: Listing contexts for virtual host 'localhost'
26-Jan-2021 16:46:46.333 INFO [http-apr-6060-exec-6] org.apache.catalina.core.ApplicationContext.log Manager: init: Associated with Deployer 'Catalina:type=Deployer,host=localhost'
26-Jan-2021 16:46:46.334 INFO [http-apr-6060-exec-6] org.apache.catalina.core.ApplicationContext.log Manager: init: Global resources are available
26-Jan-2021 16:46:46.338 INFO [http-apr-6060-exec-6] org.apache.catalina.core.ApplicationContext.log Manager: list: Listing contexts for virtual host 'localhost'
26-Jan-2021 16:51:22.717 INFO [http-apr-6060-exec-10] org.apache.catalina.core.ApplicationContext.log Manager: list: Listing contexts for virtual host 'localhost'
26-Jan-2021 16:51:22.727 INFO [http-apr-6060-exec-9] org.apache.catalina.core.ApplicationContext.log Manager: list: Listing contexts for virtual host 'localhost'
26-Jan-2021 16:51:22.801 INFO [http-apr-6060-exec-1] org.apache.catalina.core.ApplicationContext.log Manager: install: Installing context configuration at 'file:/C:/Users/NHELTECH/AppData/Local/Temp/context4817615939169918366.xml'
26-Jan-2021 16:51:32.082 INFO [http-apr-6060-exec-3] org.apache.catalina.core.ApplicationContext.log Manager: start: Starting web application '/sygealoc'
26-Jan-2021 16:52:02.643 INFO [http-apr-6060-exec-5] org.apache.catalina.core.ApplicationContext.log Manager: list: Listing contexts for virtual host 'localhost'
26-Jan-2021 16:52:08.858 INFO [http-apr-6060-exec-4] org.apache.catalina.core.ApplicationContext.log HTMLManager: init: Associated with Deployer 'Catalina:type=Deployer,host=localhost'
26-Jan-2021 16:52:08.859 INFO [http-apr-6060-exec-4] org.apache.catalina.core.ApplicationContext.log HTMLManager: init: Global resources are available
26-Jan-2021 16:52:08.874 INFO [http-apr-6060-exec-4] org.apache.catalina.core.ApplicationContext.log HTMLManager: list: Listing contexts for virtual host 'localhost'
26-Jan-2021 16:52:16.495 INFO [http-apr-6060-exec-3] org.apache.catalina.core.ApplicationContext.log Manager: list: Listing contexts for virtual host 'localhost'
26-Jan-2021 16:52:58.740 INFO [http-apr-6060-exec-10] org.apache.catalina.core.ApplicationContext.log Manager: list: Listing contexts for virtual host 'localhost'
26-Jan-2021 16:53:25.646 INFO [http-apr-6060-exec-7] org.apache.catalina.core.ApplicationContext.log Manager: list: Listing contexts for virtual host 'localhost'
26-Jan-2021 16:54:15.680 INFO [http-apr-6060-exec-10] org.apache.catalina.core.ApplicationContext.log Manager: list: Listing contexts for virtual host 'localhost'
26-Jan-2021 16:54:15.734 INFO [http-apr-6060-exec-4] org.apache.catalina.core.ApplicationContext.log Manager: undeploy: Undeploying web application at '/sygealoc'
26-Jan-2021 16:54:40.099 INFO [http-apr-6060-exec-5] org.apache.catalina.core.ApplicationContext.log HTMLManager: undeploy: Undeploying web application at '/sygealoc'
26-Jan-2021 16:54:40.099 INFO [http-apr-6060-exec-5] org.apache.catalina.core.ApplicationContext.log HTMLManager: list: Listing contexts for virtual host 'localhost'
26-Jan-2021 16:58:17.329 INFO [http-apr-6060-exec-13] org.apache.catalina.core.ApplicationContext.log HTMLManager: undeploy: Undeploying web application at '/sygealoc'
26-Jan-2021 16:58:17.330 INFO [http-apr-6060-exec-13] org.apache.catalina.core.ApplicationContext.log HTMLManager: list: Listing contexts for virtual host 'localhost'
26-Jan-2021 16:58:53.848 INFO [http-apr-6060-exec-14] org.apache.catalina.core.ApplicationContext.log Manager: list: Listing contexts for virtual host 'localhost'
26-Jan-2021 16:58:54.023 INFO [http-apr-6060-exec-16] org.apache.catalina.core.ApplicationContext.log Manager: undeploy: Undeploying web application at '/sygealoc'
26-Jan-2021 17:02:00.087 INFO [http-apr-6060-exec-18] org.apache.catalina.core.ApplicationContext.log HTMLManager: list: Listing contexts for virtual host 'localhost'
