19-Oct-2020 19:22:23.604 INFO [http-apr-6060-exec-1] org.apache.catalina.core.ApplicationContext.log Manager: init: Associated with Deployer 'Catalina:type=Deployer,host=localhost'
19-Oct-2020 19:22:23.604 INFO [http-apr-6060-exec-1] org.apache.catalina.core.ApplicationContext.log Manager: init: Global resources are available
19-Oct-2020 19:22:23.638 INFO [http-apr-6060-exec-1] org.apache.catalina.core.ApplicationContext.log Manager: list: Listing contexts for virtual host 'localhost'
19-Oct-2020 19:22:23.701 INFO [http-apr-6060-exec-9] org.apache.catalina.core.ApplicationContext.log Manager: list: Listing contexts for virtual host 'localhost'
19-Oct-2020 19:22:23.944 INFO [http-apr-6060-exec-7] org.apache.catalina.core.ApplicationContext.log Manager: install: Installing context configuration at 'file:/C:/Users/NHELTECH/AppData/Local/Temp/context7032675312474342345.xml'
19-Oct-2020 19:22:35.775 INFO [http-apr-6060-exec-5] org.apache.catalina.core.ApplicationContext.log Manager: start: Starting web application '/sygealoc'
19-Oct-2020 19:23:16.443 INFO [http-apr-6060-exec-10] org.apache.catalina.core.ApplicationContext.log Manager: list: Listing contexts for virtual host 'localhost'
19-Oct-2020 19:23:16.507 INFO [http-apr-6060-exec-6] org.apache.catalina.core.ApplicationContext.log Manager: restart: Reloading web application '/sygealoc'
19-Oct-2020 19:24:33.226 INFO [http-apr-6060-exec-4] org.apache.catalina.core.ApplicationContext.log Manager: list: Listing contexts for virtual host 'localhost'
19-Oct-2020 19:24:33.261 INFO [http-apr-6060-exec-14] org.apache.catalina.core.ApplicationContext.log Manager: restart: Reloading web application '/sygealoc'
19-Oct-2020 19:24:49.517 INFO [http-apr-6060-exec-16] org.apache.catalina.core.ApplicationContext.log Manager: list: Listing contexts for virtual host 'localhost'
19-Oct-2020 19:24:50.295 INFO [http-apr-6060-exec-2] org.apache.catalina.core.ApplicationContext.log Manager: restart: Reloading web application '/sygealoc'
19-Oct-2020 19:25:02.155 INFO [http-apr-6060-exec-16] org.apache.catalina.core.ApplicationContext.log Manager: list: Listing contexts for virtual host 'localhost'
19-Oct-2020 19:25:02.174 INFO [http-apr-6060-exec-18] org.apache.catalina.core.ApplicationContext.log Manager: restart: Reloading web application '/sygealoc'
19-Oct-2020 19:29:11.403 INFO [http-apr-6060-exec-4] org.apache.catalina.core.ApplicationContext.log Manager: list: Listing contexts for virtual host 'localhost'
19-Oct-2020 19:29:11.432 INFO [http-apr-6060-exec-10] org.apache.catalina.core.ApplicationContext.log Manager: restart: Reloading web application '/sygealoc'
19-Oct-2020 19:31:04.192 INFO [62] org.apache.catalina.core.ApplicationContext.log Manager: list: Listing contexts for virtual host 'localhost'
19-Oct-2020 19:31:04.204 INFO [http-apr-6060-exec-28] org.apache.catalina.core.ApplicationContext.log Manager: list: Listing contexts for virtual host 'localhost'
19-Oct-2020 19:31:14.428 INFO [http-apr-6060-exec-31] org.apache.catalina.core.ApplicationContext.log Manager: restart: Reloading web application '/sygealoc'
19-Oct-2020 19:37:15.420 INFO [http-apr-6060-exec-7] org.apache.catalina.core.ApplicationContext.log Manager: init: Associated with Deployer 'Catalina:type=Deployer,host=localhost'
19-Oct-2020 19:37:15.421 INFO [http-apr-6060-exec-7] org.apache.catalina.core.ApplicationContext.log Manager: init: Global resources are available
19-Oct-2020 19:37:15.425 INFO [http-apr-6060-exec-7] org.apache.catalina.core.ApplicationContext.log Manager: list: Listing contexts for virtual host 'localhost'
19-Oct-2020 19:37:15.436 INFO [http-apr-6060-exec-1] org.apache.catalina.core.ApplicationContext.log Manager: list: Listing contexts for virtual host 'localhost'
19-Oct-2020 19:37:18.408 INFO [http-apr-6060-exec-6] org.apache.catalina.core.ApplicationContext.log Manager: restart: Reloading web application '/sygealoc'
19-Oct-2020 19:44:31.014 INFO [http-apr-6060-exec-11] org.apache.catalina.core.ApplicationContext.log Manager: list: Listing contexts for virtual host 'localhost'
19-Oct-2020 19:45:13.338 INFO [http-apr-6060-exec-16] org.apache.catalina.core.ApplicationContext.log Manager: list: Listing contexts for virtual host 'localhost'
19-Oct-2020 19:57:18.982 INFO [http-apr-6060-exec-14] org.apache.catalina.core.ApplicationContext.log Manager: list: Listing contexts for virtual host 'localhost'
19-Oct-2020 20:05:18.218 INFO [http-apr-6060-exec-20] org.apache.catalina.core.ApplicationContext.log Manager: list: Listing contexts for virtual host 'localhost'
19-Oct-2020 20:35:02.440 INFO [http-apr-6060-exec-11] org.apache.catalina.core.ApplicationContext.log Manager: list: Listing contexts for virtual host 'localhost'
19-Oct-2020 20:35:02.498 INFO [http-apr-6060-exec-17] org.apache.catalina.core.ApplicationContext.log Manager: undeploy: Undeploying web application at '/sygealoc'
19-Oct-2020 20:35:21.230 INFO [http-apr-6060-exec-19] org.apache.catalina.core.ApplicationContext.log Manager: list: Listing contexts for virtual host 'localhost'
19-Oct-2020 20:35:47.477 INFO [http-apr-6060-exec-13] org.apache.catalina.core.ApplicationContext.log Manager: list: Listing contexts for virtual host 'localhost'
19-Oct-2020 20:36:10.602 INFO [http-apr-6060-exec-23] org.apache.catalina.core.ApplicationContext.log Manager: list: Listing contexts for virtual host 'localhost'
