18-Oct-2020 18:15:06.757 INFO [http-apr-6060-exec-5] org.apache.catalina.core.ApplicationContext.log Manager: init: Associated with Deployer 'Catalina:type=Deployer,host=localhost'
18-Oct-2020 18:15:06.758 INFO [http-apr-6060-exec-5] org.apache.catalina.core.ApplicationContext.log Manager: init: Global resources are available
18-Oct-2020 18:15:06.763 INFO [http-apr-6060-exec-5] org.apache.catalina.core.ApplicationContext.log Manager: list: Listing contexts for virtual host 'localhost'
18-Oct-2020 18:15:06.787 INFO [http-apr-6060-exec-6] org.apache.catalina.core.ApplicationContext.log Manager: list: Listing contexts for virtual host 'localhost'
18-Oct-2020 18:20:57.180 INFO [http-apr-6060-exec-6] org.apache.catalina.core.ApplicationContext.log Manager: list: Listing contexts for virtual host 'localhost'
18-Oct-2020 18:20:57.191 INFO [http-apr-6060-exec-7] org.apache.catalina.core.ApplicationContext.log Manager: list: Listing contexts for virtual host 'localhost'
18-Oct-2020 18:20:57.332 INFO [http-apr-6060-exec-8] org.apache.catalina.core.ApplicationContext.log Manager: install: Installing context configuration at 'file:/C:/Users/NHELTECH/AppData/Local/Temp/context5002652483339609198.xml'
18-Oct-2020 18:21:22.158 INFO [http-apr-6060-exec-10] org.apache.catalina.core.ApplicationContext.log Manager: start: Starting web application '/sygealoc'
18-Oct-2020 18:23:21.661 INFO [http-apr-6060-exec-2] org.apache.catalina.core.ApplicationContext.log Manager: list: Listing contexts for virtual host 'localhost'
18-Oct-2020 18:25:27.307 INFO [http-apr-6060-exec-5] org.apache.catalina.core.ApplicationContext.log Manager: list: Listing contexts for virtual host 'localhost'
18-Oct-2020 18:25:34.048 INFO [http-apr-6060-exec-1] org.apache.catalina.core.ApplicationContext.log Manager: list: Listing contexts for virtual host 'localhost'
18-Oct-2020 18:30:40.988 INFO [http-apr-6060-exec-1] org.apache.catalina.core.ApplicationContext.log Manager: list: Listing contexts for virtual host 'localhost'
18-Oct-2020 18:30:41.057 INFO [http-apr-6060-exec-9] org.apache.catalina.core.ApplicationContext.log Manager: restart: Reloading web application '/sygealoc'
18-Oct-2020 18:31:03.445 INFO [http-apr-6060-exec-2] org.apache.catalina.core.ApplicationContext.log Manager: list: Listing contexts for virtual host 'localhost'
18-Oct-2020 18:31:03.484 INFO [http-apr-6060-exec-7] org.apache.catalina.core.ApplicationContext.log Manager: restart: Reloading web application '/sygealoc'
18-Oct-2020 18:32:54.387 INFO [http-apr-6060-exec-14] org.apache.catalina.core.ApplicationContext.log Manager: list: Listing contexts for virtual host 'localhost'
18-Oct-2020 18:32:54.423 INFO [http-apr-6060-exec-15] org.apache.catalina.core.ApplicationContext.log Manager: restart: Reloading web application '/sygealoc'
18-Oct-2020 18:36:40.227 INFO [http-apr-6060-exec-3] org.apache.catalina.core.ApplicationContext.log Manager: list: Listing contexts for virtual host 'localhost'
18-Oct-2020 18:36:40.259 INFO [http-apr-6060-exec-6] org.apache.catalina.core.ApplicationContext.log Manager: restart: Reloading web application '/sygealoc'
18-Oct-2020 18:37:25.913 INFO [http-apr-6060-exec-24] org.apache.catalina.core.ApplicationContext.log Manager: list: Listing contexts for virtual host 'localhost'
18-Oct-2020 18:37:25.966 INFO [http-apr-6060-exec-18] org.apache.catalina.core.ApplicationContext.log Manager: restart: Reloading web application '/sygealoc'
18-Oct-2020 18:37:36.567 INFO [http-apr-6060-exec-3] org.apache.catalina.core.ApplicationContext.log Manager: list: Listing contexts for virtual host 'localhost'
18-Oct-2020 18:37:36.590 INFO [http-apr-6060-exec-17] org.apache.catalina.core.ApplicationContext.log Manager: restart: Reloading web application '/sygealoc'
18-Oct-2020 18:41:59.807 INFO [62] org.apache.catalina.core.ApplicationContext.log Manager: list: Listing contexts for virtual host 'localhost'
18-Oct-2020 18:41:59.865 INFO [http-apr-6060-exec-3] org.apache.catalina.core.ApplicationContext.log Manager: restart: Reloading web application '/sygealoc'
18-Oct-2020 18:46:41.841 INFO [http-apr-6060-exec-23] org.apache.catalina.core.ApplicationContext.log Manager: list: Listing contexts for virtual host 'localhost'
18-Oct-2020 18:46:41.921 INFO [http-apr-6060-exec-35] org.apache.catalina.core.ApplicationContext.log Manager: list: Listing contexts for virtual host 'localhost'
18-Oct-2020 18:46:45.431 INFO [http-apr-6060-exec-36] org.apache.catalina.core.ApplicationContext.log Manager: restart: Reloading web application '/sygealoc'
18-Oct-2020 18:46:59.894 INFO [http-apr-6060-exec-23] org.apache.catalina.core.ApplicationContext.log Manager: list: Listing contexts for virtual host 'localhost'
18-Oct-2020 18:47:01.966 INFO [http-apr-6060-exec-38] org.apache.catalina.core.ApplicationContext.log Manager: restart: Reloading web application '/sygealoc'
18-Oct-2020 18:47:22.886 INFO [http-apr-6060-exec-37] org.apache.catalina.core.ApplicationContext.log Manager: list: Listing contexts for virtual host 'localhost'
18-Oct-2020 18:47:22.943 INFO [http-apr-6060-exec-42] org.apache.catalina.core.ApplicationContext.log Manager: restart: Reloading web application '/sygealoc'
18-Oct-2020 18:47:39.344 INFO [http-apr-6060-exec-23] org.apache.catalina.core.ApplicationContext.log Manager: list: Listing contexts for virtual host 'localhost'
18-Oct-2020 18:47:39.370 INFO [http-apr-6060-exec-44] org.apache.catalina.core.ApplicationContext.log Manager: restart: Reloading web application '/sygealoc'
18-Oct-2020 18:48:10.743 INFO [http-apr-6060-exec-47] org.apache.catalina.core.ApplicationContext.log Manager: list: Listing contexts for virtual host 'localhost'
18-Oct-2020 18:48:10.759 INFO [http-apr-6060-exec-52] org.apache.catalina.core.ApplicationContext.log Manager: list: Listing contexts for virtual host 'localhost'
18-Oct-2020 18:48:13.038 INFO [http-apr-6060-exec-48] org.apache.catalina.core.ApplicationContext.log Manager: restart: Reloading web application '/sygealoc'
18-Oct-2020 18:49:48.601 INFO [http-apr-6060-exec-60] org.apache.catalina.core.ApplicationContext.log Manager: list: Listing contexts for virtual host 'localhost'
18-Oct-2020 18:50:12.778 INFO [http-apr-6060-exec-46] org.apache.catalina.core.ApplicationContext.log Manager: list: Listing contexts for virtual host 'localhost'
18-Oct-2020 18:50:12.785 INFO [http-apr-6060-exec-54] org.apache.catalina.core.ApplicationContext.log Manager: list: Listing contexts for virtual host 'localhost'
18-Oct-2020 18:53:06.113 INFO [http-apr-6060-exec-57] org.apache.catalina.core.ApplicationContext.log Manager: list: Listing contexts for virtual host 'localhost'
18-Oct-2020 18:53:06.166 INFO [http-apr-6060-exec-62] org.apache.catalina.core.ApplicationContext.log Manager: restart: Reloading web application '/sygealoc'
18-Oct-2020 18:54:02.063 INFO [http-apr-6060-exec-54] org.apache.catalina.core.ApplicationContext.log Manager: list: Listing contexts for virtual host 'localhost'
18-Oct-2020 18:54:13.221 INFO [http-apr-6060-exec-54] org.apache.catalina.core.ApplicationContext.log Manager: list: Listing contexts for virtual host 'localhost'
18-Oct-2020 18:54:13.270 INFO [http-apr-6060-exec-64] org.apache.catalina.core.ApplicationContext.log Manager: restart: Reloading web application '/sygealoc'
18-Oct-2020 18:54:36.046 INFO [http-apr-6060-exec-65] org.apache.catalina.core.ApplicationContext.log Manager: list: Listing contexts for virtual host 'localhost'
18-Oct-2020 18:54:36.059 INFO [http-apr-6060-exec-68] org.apache.catalina.core.ApplicationContext.log Manager: list: Listing contexts for virtual host 'localhost'
18-Oct-2020 18:54:38.673 INFO [http-apr-6060-exec-58] org.apache.catalina.core.ApplicationContext.log Manager: restart: Reloading web application '/sygealoc'
18-Oct-2020 18:54:53.984 INFO [http-apr-6060-exec-69] org.apache.catalina.core.ApplicationContext.log Manager: list: Listing contexts for virtual host 'localhost'
18-Oct-2020 18:54:54.012 INFO [http-apr-6060-exec-74] org.apache.catalina.core.ApplicationContext.log Manager: restart: Reloading web application '/sygealoc'
18-Oct-2020 18:55:15.435 INFO [http-apr-6060-exec-72] org.apache.catalina.core.ApplicationContext.log Manager: list: Listing contexts for virtual host 'localhost'
18-Oct-2020 18:55:15.441 INFO [http-apr-6060-exec-78] org.apache.catalina.core.ApplicationContext.log Manager: list: Listing contexts for virtual host 'localhost'
18-Oct-2020 18:55:18.568 INFO [http-apr-6060-exec-59] org.apache.catalina.core.ApplicationContext.log Manager: restart: Reloading web application '/sygealoc'
18-Oct-2020 18:55:52.276 INFO [http-apr-6060-exec-67] org.apache.catalina.core.ApplicationContext.log Manager: list: Listing contexts for virtual host 'localhost'
18-Oct-2020 18:56:11.263 INFO [http-apr-6060-exec-80] org.apache.catalina.core.ApplicationContext.log Manager: list: Listing contexts for virtual host 'localhost'
18-Oct-2020 18:56:11.297 INFO [http-apr-6060-exec-81] org.apache.catalina.core.ApplicationContext.log Manager: restart: Reloading web application '/sygealoc'
18-Oct-2020 18:56:23.049 INFO [http-apr-6060-exec-82] org.apache.catalina.core.ApplicationContext.log Manager: list: Listing contexts for virtual host 'localhost'
18-Oct-2020 18:56:23.058 INFO [http-apr-6060-exec-80] org.apache.catalina.core.ApplicationContext.log Manager: list: Listing contexts for virtual host 'localhost'
18-Oct-2020 18:56:25.757 INFO [http-apr-6060-exec-86] org.apache.catalina.core.ApplicationContext.log Manager: restart: Reloading web application '/sygealoc'
18-Oct-2020 19:00:43.198 INFO [http-apr-6060-exec-97] org.apache.catalina.core.ApplicationContext.log Manager: list: Listing contexts for virtual host 'localhost'
18-Oct-2020 19:00:55.708 INFO [http-apr-6060-exec-97] org.apache.catalina.core.ApplicationContext.log Manager: list: Listing contexts for virtual host 'localhost'
18-Oct-2020 19:00:59.269 INFO [http-apr-6060-exec-96] org.apache.catalina.core.ApplicationContext.log Manager: list: Listing contexts for virtual host 'localhost'
18-Oct-2020 19:03:20.066 INFO [http-apr-6060-exec-96] org.apache.catalina.core.ApplicationContext.log Manager: list: Listing contexts for virtual host 'localhost'
18-Oct-2020 19:03:29.974 INFO [http-apr-6060-exec-96] org.apache.catalina.core.ApplicationContext.log Manager: list: Listing contexts for virtual host 'localhost'
18-Oct-2020 19:03:40.243 INFO [http-apr-6060-exec-98] org.apache.catalina.core.ApplicationContext.log Manager: list: Listing contexts for virtual host 'localhost'
18-Oct-2020 19:03:40.252 INFO [http-apr-6060-exec-99] org.apache.catalina.core.ApplicationContext.log Manager: list: Listing contexts for virtual host 'localhost'
18-Oct-2020 19:04:01.627 INFO [http-apr-6060-exec-97] org.apache.catalina.core.ApplicationContext.log Manager: list: Listing contexts for virtual host 'localhost'
18-Oct-2020 19:04:16.108 INFO [http-apr-6060-exec-92] org.apache.catalina.core.ApplicationContext.log Manager: list: Listing contexts for virtual host 'localhost'
18-Oct-2020 19:06:56.676 INFO [http-apr-6060-exec-94] org.apache.catalina.core.ApplicationContext.log Manager: list: Listing contexts for virtual host 'localhost'
18-Oct-2020 19:07:03.921 INFO [http-apr-6060-exec-95] org.apache.catalina.core.ApplicationContext.log Manager: list: Listing contexts for virtual host 'localhost'
18-Oct-2020 19:07:13.944 INFO [http-apr-6060-exec-96] org.apache.catalina.core.ApplicationContext.log Manager: list: Listing contexts for virtual host 'localhost'
18-Oct-2020 19:13:20.753 INFO [http-apr-6060-exec-90] org.apache.catalina.core.ApplicationContext.log Manager: list: Listing contexts for virtual host 'localhost'
18-Oct-2020 19:13:53.766 INFO [http-apr-6060-exec-90] org.apache.catalina.core.ApplicationContext.log Manager: list: Listing contexts for virtual host 'localhost'
18-Oct-2020 19:14:08.576 INFO [http-apr-6060-exec-94] org.apache.catalina.core.ApplicationContext.log Manager: list: Listing contexts for virtual host 'localhost'
18-Oct-2020 19:14:08.585 INFO [http-apr-6060-exec-93] org.apache.catalina.core.ApplicationContext.log Manager: list: Listing contexts for virtual host 'localhost'
18-Oct-2020 19:15:31.242 INFO [http-apr-6060-exec-95] org.apache.catalina.core.ApplicationContext.log Manager: list: Listing contexts for virtual host 'localhost'
18-Oct-2020 19:15:31.289 INFO [http-apr-6060-exec-96] org.apache.catalina.core.ApplicationContext.log Manager: stop: Stopping web application '/sygealoc'
18-Oct-2020 19:15:34.777 INFO [http-apr-6060-exec-90] org.apache.catalina.core.ApplicationContext.log Manager: start: Starting web application '/sygealoc'
18-Oct-2020 19:15:52.965 INFO [156] org.apache.catalina.core.ApplicationContext.log Manager: list: Listing contexts for virtual host 'localhost'
18-Oct-2020 19:15:52.973 INFO [http-apr-6060-exec-92] org.apache.catalina.core.ApplicationContext.log Manager: list: Listing contexts for virtual host 'localhost'
18-Oct-2020 19:15:56.021 INFO [http-apr-6060-exec-93] org.apache.catalina.core.ApplicationContext.log Manager: stop: Stopping web application '/sygealoc'
18-Oct-2020 19:15:56.118 INFO [http-apr-6060-exec-99] org.apache.catalina.core.ApplicationContext.log Manager: start: Starting web application '/sygealoc'
18-Oct-2020 19:16:42.907 INFO [http-apr-6060-exec-110] org.apache.catalina.core.ApplicationContext.log Manager: list: Listing contexts for virtual host 'localhost'
18-Oct-2020 19:17:26.342 INFO [http-apr-6060-exec-105] org.apache.catalina.core.ApplicationContext.log Manager: list: Listing contexts for virtual host 'localhost'
18-Oct-2020 19:17:33.044 INFO [http-apr-6060-exec-109] org.apache.catalina.core.ApplicationContext.log Manager: list: Listing contexts for virtual host 'localhost'
18-Oct-2020 19:20:06.536 INFO [http-apr-6060-exec-110] org.apache.catalina.core.ApplicationContext.log Manager: list: Listing contexts for virtual host 'localhost'
18-Oct-2020 19:20:39.124 INFO [http-apr-6060-exec-106] org.apache.catalina.core.ApplicationContext.log Manager: list: Listing contexts for virtual host 'localhost'
18-Oct-2020 19:25:31.085 INFO [http-apr-6060-exec-104] org.apache.catalina.core.ApplicationContext.log Manager: list: Listing contexts for virtual host 'localhost'
18-Oct-2020 19:25:46.926 INFO [http-apr-6060-exec-107] org.apache.catalina.core.ApplicationContext.log Manager: list: Listing contexts for virtual host 'localhost'
18-Oct-2020 19:25:50.279 INFO [http-apr-6060-exec-107] org.apache.catalina.core.ApplicationContext.log Manager: list: Listing contexts for virtual host 'localhost'
18-Oct-2020 19:26:20.147 INFO [http-apr-6060-exec-107] org.apache.catalina.core.ApplicationContext.log Manager: list: Listing contexts for virtual host 'localhost'
18-Oct-2020 19:26:47.047 INFO [http-apr-6060-exec-113] org.apache.catalina.core.ApplicationContext.log Manager: list: Listing contexts for virtual host 'localhost'
18-Oct-2020 19:28:42.476 INFO [http-apr-6060-exec-108] org.apache.catalina.core.ApplicationContext.log Manager: list: Listing contexts for virtual host 'localhost'
18-Oct-2020 19:29:45.026 INFO [http-apr-6060-exec-109] org.apache.catalina.core.ApplicationContext.log Manager: list: Listing contexts for virtual host 'localhost'
18-Oct-2020 19:32:57.508 INFO [http-apr-6060-exec-109] org.apache.catalina.core.ApplicationContext.log Manager: list: Listing contexts for virtual host 'localhost'
18-Oct-2020 19:33:56.731 INFO [http-apr-6060-exec-112] org.apache.catalina.core.ApplicationContext.log Manager: list: Listing contexts for virtual host 'localhost'
18-Oct-2020 19:34:02.692 INFO [http-apr-6060-exec-112] org.apache.catalina.core.ApplicationContext.log Manager: list: Listing contexts for virtual host 'localhost'
18-Oct-2020 19:34:19.367 INFO [http-apr-6060-exec-111] org.apache.catalina.core.ApplicationContext.log Manager: list: Listing contexts for virtual host 'localhost'
18-Oct-2020 19:34:57.933 INFO [http-apr-6060-exec-105] org.apache.catalina.core.ApplicationContext.log Manager: list: Listing contexts for virtual host 'localhost'
18-Oct-2020 19:35:12.087 INFO [http-apr-6060-exec-104] org.apache.catalina.core.ApplicationContext.log Manager: list: Listing contexts for virtual host 'localhost'
18-Oct-2020 19:37:51.300 INFO [http-apr-6060-exec-104] org.apache.catalina.core.ApplicationContext.log Manager: list: Listing contexts for virtual host 'localhost'
18-Oct-2020 19:38:15.346 INFO [http-apr-6060-exec-112] org.apache.catalina.core.ApplicationContext.log Manager: list: Listing contexts for virtual host 'localhost'
18-Oct-2020 19:38:34.691 INFO [http-apr-6060-exec-108] org.apache.catalina.core.ApplicationContext.log Manager: list: Listing contexts for virtual host 'localhost'
18-Oct-2020 19:39:33.315 INFO [http-apr-6060-exec-106] org.apache.catalina.core.ApplicationContext.log Manager: list: Listing contexts for virtual host 'localhost'
18-Oct-2020 19:41:19.018 INFO [http-apr-6060-exec-111] org.apache.catalina.core.ApplicationContext.log Manager: list: Listing contexts for virtual host 'localhost'
18-Oct-2020 19:42:02.684 INFO [http-apr-6060-exec-111] org.apache.catalina.core.ApplicationContext.log Manager: list: Listing contexts for virtual host 'localhost'
18-Oct-2020 19:42:15.118 INFO [http-apr-6060-exec-104] org.apache.catalina.core.ApplicationContext.log Manager: list: Listing contexts for virtual host 'localhost'
18-Oct-2020 19:42:15.136 INFO [http-apr-6060-exec-106] org.apache.catalina.core.ApplicationContext.log Manager: list: Listing contexts for virtual host 'localhost'
18-Oct-2020 19:43:10.348 INFO [http-apr-6060-exec-107] org.apache.catalina.core.ApplicationContext.log Manager: list: Listing contexts for virtual host 'localhost'
18-Oct-2020 19:44:03.037 INFO [http-apr-6060-exec-110] org.apache.catalina.core.ApplicationContext.log Manager: list: Listing contexts for virtual host 'localhost'
18-Oct-2020 19:44:03.073 INFO [http-apr-6060-exec-106] org.apache.catalina.core.ApplicationContext.log Manager: restart: Reloading web application '/sygealoc'
18-Oct-2020 19:44:17.751 INFO [http-apr-6060-exec-113] org.apache.catalina.core.ApplicationContext.log Manager: list: Listing contexts for virtual host 'localhost'
18-Oct-2020 19:44:17.774 INFO [http-apr-6060-exec-110] org.apache.catalina.core.ApplicationContext.log Manager: restart: Reloading web application '/sygealoc'
18-Oct-2020 19:44:39.536 INFO [http-apr-6060-exec-115] org.apache.catalina.core.ApplicationContext.log Manager: list: Listing contexts for virtual host 'localhost'
18-Oct-2020 19:44:39.542 INFO [http-apr-6060-exec-116] org.apache.catalina.core.ApplicationContext.log Manager: list: Listing contexts for virtual host 'localhost'
18-Oct-2020 19:44:42.163 INFO [http-apr-6060-exec-108] org.apache.catalina.core.ApplicationContext.log Manager: restart: Reloading web application '/sygealoc'
18-Oct-2020 20:06:36.536 INFO [http-apr-6060-exec-127] org.apache.catalina.core.ApplicationContext.log Manager: list: Listing contexts for virtual host 'localhost'
18-Oct-2020 20:06:36.572 INFO [http-apr-6060-exec-120] org.apache.catalina.core.ApplicationContext.log Manager: list: Listing contexts for virtual host 'localhost'
18-Oct-2020 20:13:38.663 INFO [http-apr-6060-exec-124] org.apache.catalina.core.ApplicationContext.log Manager: list: Listing contexts for virtual host 'localhost'
18-Oct-2020 20:13:52.756 INFO [http-apr-6060-exec-118] org.apache.catalina.core.ApplicationContext.log Manager: list: Listing contexts for virtual host 'localhost'
18-Oct-2020 20:14:15.319 INFO [http-apr-6060-exec-118] org.apache.catalina.core.ApplicationContext.log Manager: list: Listing contexts for virtual host 'localhost'
18-Oct-2020 20:15:09.331 INFO [http-apr-6060-exec-118] org.apache.catalina.core.ApplicationContext.log Manager: list: Listing contexts for virtual host 'localhost'
18-Oct-2020 20:15:10.768 INFO [http-apr-6060-exec-124] org.apache.catalina.core.ApplicationContext.log Manager: list: Listing contexts for virtual host 'localhost'
18-Oct-2020 20:15:10.798 INFO [http-apr-6060-exec-121] org.apache.catalina.core.ApplicationContext.log Manager: restart: Reloading web application '/sygealoc'
18-Oct-2020 20:16:30.088 INFO [http-apr-6060-exec-129] org.apache.catalina.core.ApplicationContext.log Manager: list: Listing contexts for virtual host 'localhost'
18-Oct-2020 20:16:30.196 INFO [http-apr-6060-exec-130] org.apache.catalina.core.ApplicationContext.log Manager: restart: Reloading web application '/sygealoc'
18-Oct-2020 20:17:01.193 INFO [http-apr-6060-exec-123] org.apache.catalina.core.ApplicationContext.log Manager: list: Listing contexts for virtual host 'localhost'
18-Oct-2020 20:17:01.229 INFO [http-apr-6060-exec-118] org.apache.catalina.core.ApplicationContext.log Manager: restart: Reloading web application '/sygealoc'
18-Oct-2020 20:17:18.389 INFO [http-apr-6060-exec-123] org.apache.catalina.core.ApplicationContext.log Manager: list: Listing contexts for virtual host 'localhost'
18-Oct-2020 20:17:18.423 INFO [http-apr-6060-exec-120] org.apache.catalina.core.ApplicationContext.log Manager: restart: Reloading web application '/sygealoc'
18-Oct-2020 20:18:15.081 INFO [http-apr-6060-exec-126] org.apache.catalina.core.ApplicationContext.log Manager: list: Listing contexts for virtual host 'localhost'
18-Oct-2020 20:18:15.143 INFO [http-apr-6060-exec-129] org.apache.catalina.core.ApplicationContext.log Manager: undeploy: Undeploying web application at '/sygealoc'
18-Oct-2020 21:16:37.329 INFO [http-apr-6060-exec-142] org.apache.catalina.core.ApplicationContext.log Manager: list: Listing contexts for virtual host 'localhost'
18-Oct-2020 21:16:37.338 INFO [http-apr-6060-exec-143] org.apache.catalina.core.ApplicationContext.log Manager: list: Listing contexts for virtual host 'localhost'
18-Oct-2020 21:16:37.397 INFO [http-apr-6060-exec-144] org.apache.catalina.core.ApplicationContext.log Manager: install: Installing context configuration at 'file:/C:/Users/NHELTECH/AppData/Local/Temp/context7900430890219429589.xml'
18-Oct-2020 21:16:43.244 INFO [http-apr-6060-exec-145] org.apache.catalina.core.ApplicationContext.log Manager: start: Starting web application '/sygealoc'
18-Oct-2020 21:18:11.913 INFO [http-apr-6060-exec-138] org.apache.catalina.core.ApplicationContext.log Manager: list: Listing contexts for virtual host 'localhost'
18-Oct-2020 21:18:11.933 INFO [http-apr-6060-exec-140] org.apache.catalina.core.ApplicationContext.log Manager: stop: Stopping web application '/sygealoc'
18-Oct-2020 21:18:11.987 INFO [http-apr-6060-exec-139] org.apache.catalina.core.ApplicationContext.log Manager: start: Starting web application '/sygealoc'
18-Oct-2020 21:18:23.960 INFO [http-apr-6060-exec-141] org.apache.catalina.core.ApplicationContext.log Manager: list: Listing contexts for virtual host 'localhost'
18-Oct-2020 21:18:23.966 INFO [http-apr-6060-exec-142] org.apache.catalina.core.ApplicationContext.log Manager: list: Listing contexts for virtual host 'localhost'
18-Oct-2020 21:18:26.917 INFO [http-apr-6060-exec-150] org.apache.catalina.core.ApplicationContext.log Manager: stop: Stopping web application '/sygealoc'
18-Oct-2020 21:18:26.955 INFO [http-apr-6060-exec-141] org.apache.catalina.core.ApplicationContext.log Manager: start: Starting web application '/sygealoc'
18-Oct-2020 21:19:20.376 INFO [http-apr-6060-exec-158] org.apache.catalina.core.ApplicationContext.log Manager: list: Listing contexts for virtual host 'localhost'
18-Oct-2020 21:19:28.226 INFO [http-apr-6060-exec-154] org.apache.catalina.core.ApplicationContext.log Manager: list: Listing contexts for virtual host 'localhost'
18-Oct-2020 21:23:06.229 INFO [http-apr-6060-exec-161] org.apache.catalina.core.ApplicationContext.log Manager: list: Listing contexts for virtual host 'localhost'
18-Oct-2020 21:23:06.276 INFO [http-apr-6060-exec-154] org.apache.catalina.core.ApplicationContext.log Manager: undeploy: Undeploying web application at '/sygealoc'
18-Oct-2020 21:23:39.894 INFO [http-apr-6060-exec-160] org.apache.catalina.core.ApplicationContext.log Manager: list: Listing contexts for virtual host 'localhost'
