25-Feb-2021 07:32:28.215 INFO [http-apr-6060-exec-2] org.apache.catalina.core.ApplicationContext.log Manager: init: Associated with Deployer 'Catalina:type=Deployer,host=localhost'
25-Feb-2021 07:32:28.215 INFO [http-apr-6060-exec-2] org.apache.catalina.core.ApplicationContext.log Manager: init: Global resources are available
25-Feb-2021 07:32:28.216 INFO [http-apr-6060-exec-2] org.apache.catalina.core.ApplicationContext.log Manager: list: Listing contexts for virtual host 'localhost'
25-Feb-2021 07:32:28.355 INFO [http-apr-6060-exec-4] org.apache.catalina.core.ApplicationContext.log Manager: list: Listing contexts for virtual host 'localhost'
25-Feb-2021 07:32:28.423 INFO [http-apr-6060-exec-6] org.apache.catalina.core.ApplicationContext.log Manager: undeploy: Undeploying web application at '/sygealoc'
25-Feb-2021 07:32:29.206 INFO [http-apr-6060-exec-9] org.apache.catalina.core.ApplicationContext.log Manager: install: Installing context configuration at 'file:/C:/Users/MONHEL~1.PIE/AppData/Local/Temp/context8849140462292369504.xml'
25-Feb-2021 07:32:31.428 INFO [http-apr-6060-exec-3] org.apache.catalina.core.ApplicationContext.log Manager: start: Starting web application '/sygealoc'
25-Feb-2021 07:34:04.560 INFO [http-apr-6060-exec-18] org.apache.catalina.core.ApplicationContext.log Manager: list: Listing contexts for virtual host 'localhost'
25-Feb-2021 07:34:27.480 INFO [http-apr-6060-exec-14] org.apache.catalina.core.ApplicationContext.log Manager: list: Listing contexts for virtual host 'localhost'
25-Feb-2021 07:34:29.016 INFO [http-apr-6060-exec-20] org.apache.catalina.core.ApplicationContext.log Manager: list: Listing contexts for virtual host 'localhost'
25-Feb-2021 07:34:30.578 INFO [http-apr-6060-exec-12] org.apache.catalina.core.ApplicationContext.log Manager: list: Listing contexts for virtual host 'localhost'
25-Feb-2021 07:34:32.106 INFO [http-apr-6060-exec-18] org.apache.catalina.core.ApplicationContext.log Manager: list: Listing contexts for virtual host 'localhost'
25-Feb-2021 07:34:33.647 INFO [http-apr-6060-exec-19] org.apache.catalina.core.ApplicationContext.log Manager: list: Listing contexts for virtual host 'localhost'
25-Feb-2021 07:34:35.217 INFO [http-apr-6060-exec-14] org.apache.catalina.core.ApplicationContext.log Manager: list: Listing contexts for virtual host 'localhost'
25-Feb-2021 07:34:36.730 INFO [http-apr-6060-exec-18] org.apache.catalina.core.ApplicationContext.log Manager: list: Listing contexts for virtual host 'localhost'
25-Feb-2021 07:34:38.248 INFO [http-apr-6060-exec-15] org.apache.catalina.core.ApplicationContext.log Manager: list: Listing contexts for virtual host 'localhost'
25-Feb-2021 07:34:39.780 INFO [http-apr-6060-exec-17] org.apache.catalina.core.ApplicationContext.log Manager: list: Listing contexts for virtual host 'localhost'
25-Feb-2021 07:34:41.303 INFO [http-apr-6060-exec-17] org.apache.catalina.core.ApplicationContext.log Manager: list: Listing contexts for virtual host 'localhost'
25-Feb-2021 07:34:42.896 INFO [http-apr-6060-exec-17] org.apache.catalina.core.ApplicationContext.log Manager: list: Listing contexts for virtual host 'localhost'
25-Feb-2021 07:34:44.466 INFO [http-apr-6060-exec-12] org.apache.catalina.core.ApplicationContext.log Manager: list: Listing contexts for virtual host 'localhost'
25-Feb-2021 07:34:46.040 INFO [http-apr-6060-exec-11] org.apache.catalina.core.ApplicationContext.log Manager: list: Listing contexts for virtual host 'localhost'
25-Feb-2021 07:34:47.879 INFO [http-apr-6060-exec-12] org.apache.catalina.core.ApplicationContext.log Manager: list: Listing contexts for virtual host 'localhost'
25-Feb-2021 07:34:49.402 INFO [http-apr-6060-exec-19] org.apache.catalina.core.ApplicationContext.log Manager: list: Listing contexts for virtual host 'localhost'
25-Feb-2021 07:34:51.014 INFO [http-apr-6060-exec-12] org.apache.catalina.core.ApplicationContext.log Manager: list: Listing contexts for virtual host 'localhost'
25-Feb-2021 07:34:52.545 INFO [http-apr-6060-exec-16] org.apache.catalina.core.ApplicationContext.log Manager: list: Listing contexts for virtual host 'localhost'
25-Feb-2021 07:34:54.127 INFO [http-apr-6060-exec-13] org.apache.catalina.core.ApplicationContext.log Manager: list: Listing contexts for virtual host 'localhost'
25-Feb-2021 07:34:55.648 INFO [http-apr-6060-exec-20] org.apache.catalina.core.ApplicationContext.log Manager: list: Listing contexts for virtual host 'localhost'
25-Feb-2021 07:34:57.200 INFO [http-apr-6060-exec-19] org.apache.catalina.core.ApplicationContext.log Manager: list: Listing contexts for virtual host 'localhost'
25-Feb-2021 07:34:58.778 INFO [http-apr-6060-exec-18] org.apache.catalina.core.ApplicationContext.log Manager: list: Listing contexts for virtual host 'localhost'
25-Feb-2021 07:35:00.068 INFO [http-apr-6060-exec-18] org.apache.catalina.core.ApplicationContext.log HTMLManager: init: Associated with Deployer 'Catalina:type=Deployer,host=localhost'
25-Feb-2021 07:35:00.068 INFO [http-apr-6060-exec-18] org.apache.catalina.core.ApplicationContext.log HTMLManager: init: Global resources are available
25-Feb-2021 07:35:00.072 INFO [http-apr-6060-exec-18] org.apache.catalina.core.ApplicationContext.log HTMLManager: list: Listing contexts for virtual host 'localhost'
25-Feb-2021 07:35:00.350 INFO [http-apr-6060-exec-19] org.apache.catalina.core.ApplicationContext.log Manager: list: Listing contexts for virtual host 'localhost'
25-Feb-2021 07:35:01.949 INFO [http-apr-6060-exec-18] org.apache.catalina.core.ApplicationContext.log Manager: list: Listing contexts for virtual host 'localhost'
25-Feb-2021 07:35:03.483 INFO [http-apr-6060-exec-11] org.apache.catalina.core.ApplicationContext.log Manager: list: Listing contexts for virtual host 'localhost'
25-Feb-2021 07:35:05.006 INFO [http-apr-6060-exec-13] org.apache.catalina.core.ApplicationContext.log Manager: list: Listing contexts for virtual host 'localhost'
25-Feb-2021 07:35:05.261 INFO [http-apr-6060-exec-20] org.apache.catalina.core.ApplicationContext.log HTMLManager: undeploy: Undeploying web application at '/sygealoc'
25-Feb-2021 07:35:05.868 INFO [http-apr-6060-exec-20] org.apache.catalina.core.ApplicationContext.log HTMLManager: list: Listing contexts for virtual host 'localhost'
25-Feb-2021 07:35:06.535 INFO [http-apr-6060-exec-13] org.apache.catalina.core.ApplicationContext.log Manager: list: Listing contexts for virtual host 'localhost'
25-Feb-2021 07:35:21.363 INFO [http-apr-6060-exec-13] org.apache.catalina.core.ApplicationContext.log Manager: list: Listing contexts for virtual host 'localhost'
25-Feb-2021 07:35:21.366 INFO [http-apr-6060-exec-22] org.apache.catalina.core.ApplicationContext.log Manager: list: Listing contexts for virtual host 'localhost'
25-Feb-2021 07:35:21.380 INFO [http-apr-6060-exec-16] org.apache.catalina.core.ApplicationContext.log Manager: install: Installing context configuration at 'file:/C:/Users/MONHEL~1.PIE/AppData/Local/Temp/context1346193351157432796.xml'
25-Feb-2021 07:35:23.225 INFO [http-apr-6060-exec-21] org.apache.catalina.core.ApplicationContext.log Manager: start: Starting web application '/sygealoc'
25-Feb-2021 07:36:13.632 INFO [http-apr-6060-exec-22] org.apache.catalina.core.ApplicationContext.log Manager: list: Listing contexts for virtual host 'localhost'
25-Feb-2021 07:36:15.167 INFO [http-apr-6060-exec-26] org.apache.catalina.core.ApplicationContext.log Manager: list: Listing contexts for virtual host 'localhost'
25-Feb-2021 07:36:16.691 INFO [http-apr-6060-exec-22] org.apache.catalina.core.ApplicationContext.log Manager: list: Listing contexts for virtual host 'localhost'
25-Feb-2021 07:36:18.269 INFO [http-apr-6060-exec-21] org.apache.catalina.core.ApplicationContext.log Manager: list: Listing contexts for virtual host 'localhost'
25-Feb-2021 07:36:19.802 INFO [http-apr-6060-exec-29] org.apache.catalina.core.ApplicationContext.log Manager: list: Listing contexts for virtual host 'localhost'
25-Feb-2021 07:36:21.344 INFO [http-apr-6060-exec-28] org.apache.catalina.core.ApplicationContext.log Manager: list: Listing contexts for virtual host 'localhost'
25-Feb-2021 07:36:23.120 INFO [http-apr-6060-exec-27] org.apache.catalina.core.ApplicationContext.log Manager: list: Listing contexts for virtual host 'localhost'
25-Feb-2021 07:36:24.802 INFO [http-apr-6060-exec-24] org.apache.catalina.core.ApplicationContext.log Manager: list: Listing contexts for virtual host 'localhost'
25-Feb-2021 07:36:26.333 INFO [http-apr-6060-exec-25] org.apache.catalina.core.ApplicationContext.log Manager: list: Listing contexts for virtual host 'localhost'
25-Feb-2021 07:36:27.975 INFO [http-apr-6060-exec-27] org.apache.catalina.core.ApplicationContext.log Manager: list: Listing contexts for virtual host 'localhost'
25-Feb-2021 07:36:29.536 INFO [http-apr-6060-exec-24] org.apache.catalina.core.ApplicationContext.log Manager: list: Listing contexts for virtual host 'localhost'
25-Feb-2021 07:36:31.078 INFO [http-apr-6060-exec-27] org.apache.catalina.core.ApplicationContext.log Manager: list: Listing contexts for virtual host 'localhost'
25-Feb-2021 07:36:32.631 INFO [http-apr-6060-exec-25] org.apache.catalina.core.ApplicationContext.log Manager: list: Listing contexts for virtual host 'localhost'
25-Feb-2021 07:36:34.211 INFO [http-apr-6060-exec-25] org.apache.catalina.core.ApplicationContext.log Manager: list: Listing contexts for virtual host 'localhost'
25-Feb-2021 07:36:35.752 INFO [http-apr-6060-exec-25] org.apache.catalina.core.ApplicationContext.log Manager: list: Listing contexts for virtual host 'localhost'
25-Feb-2021 07:36:37.248 INFO [http-apr-6060-exec-29] org.apache.catalina.core.ApplicationContext.log Manager: list: Listing contexts for virtual host 'localhost'
25-Feb-2021 07:36:38.794 INFO [http-apr-6060-exec-24] org.apache.catalina.core.ApplicationContext.log Manager: list: Listing contexts for virtual host 'localhost'
25-Feb-2021 07:36:40.488 INFO [http-apr-6060-exec-23] org.apache.catalina.core.ApplicationContext.log Manager: list: Listing contexts for virtual host 'localhost'
25-Feb-2021 07:36:42.050 INFO [http-apr-6060-exec-22] org.apache.catalina.core.ApplicationContext.log Manager: list: Listing contexts for virtual host 'localhost'
25-Feb-2021 07:36:43.581 INFO [http-apr-6060-exec-28] org.apache.catalina.core.ApplicationContext.log Manager: list: Listing contexts for virtual host 'localhost'
25-Feb-2021 07:36:45.099 INFO [http-apr-6060-exec-24] org.apache.catalina.core.ApplicationContext.log Manager: list: Listing contexts for virtual host 'localhost'
25-Feb-2021 07:36:46.662 INFO [http-apr-6060-exec-27] org.apache.catalina.core.ApplicationContext.log Manager: list: Listing contexts for virtual host 'localhost'
25-Feb-2021 07:36:48.207 INFO [http-apr-6060-exec-23] org.apache.catalina.core.ApplicationContext.log Manager: list: Listing contexts for virtual host 'localhost'
25-Feb-2021 07:36:49.745 INFO [http-apr-6060-exec-28] org.apache.catalina.core.ApplicationContext.log Manager: list: Listing contexts for virtual host 'localhost'
25-Feb-2021 07:36:51.287 INFO [http-apr-6060-exec-29] org.apache.catalina.core.ApplicationContext.log Manager: list: Listing contexts for virtual host 'localhost'
25-Feb-2021 07:36:52.864 INFO [http-apr-6060-exec-27] org.apache.catalina.core.ApplicationContext.log Manager: list: Listing contexts for virtual host 'localhost'
25-Feb-2021 07:36:54.510 INFO [http-apr-6060-exec-21] org.apache.catalina.core.ApplicationContext.log Manager: list: Listing contexts for virtual host 'localhost'
25-Feb-2021 07:36:56.049 INFO [http-apr-6060-exec-28] org.apache.catalina.core.ApplicationContext.log Manager: list: Listing contexts for virtual host 'localhost'
25-Feb-2021 07:36:57.586 INFO [http-apr-6060-exec-26] org.apache.catalina.core.ApplicationContext.log Manager: list: Listing contexts for virtual host 'localhost'
25-Feb-2021 07:36:59.194 INFO [http-apr-6060-exec-30] org.apache.catalina.core.ApplicationContext.log Manager: list: Listing contexts for virtual host 'localhost'
25-Feb-2021 07:37:00.762 INFO [http-apr-6060-exec-28] org.apache.catalina.core.ApplicationContext.log Manager: list: Listing contexts for virtual host 'localhost'
25-Feb-2021 07:37:02.304 INFO [http-apr-6060-exec-22] org.apache.catalina.core.ApplicationContext.log Manager: list: Listing contexts for virtual host 'localhost'
25-Feb-2021 07:37:03.986 INFO [http-apr-6060-exec-27] org.apache.catalina.core.ApplicationContext.log Manager: list: Listing contexts for virtual host 'localhost'
25-Feb-2021 07:37:05.526 INFO [http-apr-6060-exec-24] org.apache.catalina.core.ApplicationContext.log Manager: list: Listing contexts for virtual host 'localhost'
25-Feb-2021 07:37:06.289 INFO [http-apr-6060-exec-25] org.apache.catalina.core.ApplicationContext.log Manager: list: Listing contexts for virtual host 'localhost'
25-Feb-2021 07:37:06.295 INFO [http-apr-6060-exec-27] org.apache.catalina.core.ApplicationContext.log Manager: undeploy: Undeploying web application at '/sygealoc'
25-Feb-2021 07:39:31.346 INFO [http-apr-6060-exec-33] org.apache.catalina.core.ApplicationContext.log Manager: list: Listing contexts for virtual host 'localhost'
25-Feb-2021 07:39:31.348 INFO [http-apr-6060-exec-35] org.apache.catalina.core.ApplicationContext.log Manager: list: Listing contexts for virtual host 'localhost'
25-Feb-2021 07:39:31.361 INFO [http-apr-6060-exec-23] org.apache.catalina.core.ApplicationContext.log Manager: install: Installing context configuration at 'file:/C:/Users/MONHEL~1.PIE/AppData/Local/Temp/context5901624966747426833.xml'
25-Feb-2021 07:39:33.000 INFO [http-apr-6060-exec-29] org.apache.catalina.core.ApplicationContext.log Manager: start: Starting web application '/sygealoc'
25-Feb-2021 07:40:08.851 INFO [http-apr-6060-exec-29] org.apache.catalina.core.ApplicationContext.log Manager: list: Listing contexts for virtual host 'localhost'
25-Feb-2021 07:40:10.420 INFO [http-apr-6060-exec-34] org.apache.catalina.core.ApplicationContext.log Manager: list: Listing contexts for virtual host 'localhost'
25-Feb-2021 07:40:11.961 INFO [http-apr-6060-exec-40] org.apache.catalina.core.ApplicationContext.log Manager: list: Listing contexts for virtual host 'localhost'
25-Feb-2021 07:40:13.699 INFO [http-apr-6060-exec-33] org.apache.catalina.core.ApplicationContext.log Manager: list: Listing contexts for virtual host 'localhost'
25-Feb-2021 07:40:15.275 INFO [http-apr-6060-exec-34] org.apache.catalina.core.ApplicationContext.log Manager: list: Listing contexts for virtual host 'localhost'
25-Feb-2021 07:40:27.170 INFO [http-apr-6060-exec-40] org.apache.catalina.core.ApplicationContext.log Manager: list: Listing contexts for virtual host 'localhost'
25-Feb-2021 07:40:27.172 INFO [http-apr-6060-exec-36] org.apache.catalina.core.ApplicationContext.log Manager: list: Listing contexts for virtual host 'localhost'
25-Feb-2021 07:40:27.190 INFO [http-apr-6060-exec-39] org.apache.catalina.core.ApplicationContext.log Manager: undeploy: Undeploying web application at '/sygealoc'
25-Feb-2021 07:40:27.754 INFO [http-apr-6060-exec-36] org.apache.catalina.core.ApplicationContext.log Manager: install: Installing context configuration at 'file:/C:/Users/MONHEL~1.PIE/AppData/Local/Temp/context2051563632495459121.xml'
25-Feb-2021 07:40:29.448 INFO [http-apr-6060-exec-34] org.apache.catalina.core.ApplicationContext.log Manager: start: Starting web application '/sygealoc'
25-Feb-2021 07:41:38.745 INFO [http-apr-6060-exec-43] org.apache.catalina.core.ApplicationContext.log Manager: list: Listing contexts for virtual host 'localhost'
25-Feb-2021 07:42:24.131 INFO [http-apr-6060-exec-44] org.apache.catalina.core.ApplicationContext.log Manager: list: Listing contexts for virtual host 'localhost'
25-Feb-2021 07:42:58.774 INFO [http-apr-6060-exec-48] org.apache.catalina.core.ApplicationContext.log Manager: list: Listing contexts for virtual host 'localhost'
25-Feb-2021 07:43:37.418 INFO [http-apr-6060-exec-41] org.apache.catalina.core.ApplicationContext.log Manager: list: Listing contexts for virtual host 'localhost'
25-Feb-2021 07:44:20.583 INFO [http-apr-6060-exec-49] org.apache.catalina.core.ApplicationContext.log Manager: list: Listing contexts for virtual host 'localhost'
25-Feb-2021 07:44:23.980 INFO [http-apr-6060-exec-42] org.apache.catalina.core.ApplicationContext.log Manager: list: Listing contexts for virtual host 'localhost'
25-Feb-2021 07:44:59.406 INFO [http-apr-6060-exec-50] org.apache.catalina.core.ApplicationContext.log Manager: list: Listing contexts for virtual host 'localhost'
25-Feb-2021 07:48:15.162 INFO [http-apr-6060-exec-42] org.apache.catalina.core.ApplicationContext.log Manager: list: Listing contexts for virtual host 'localhost'
25-Feb-2021 07:48:23.811 INFO [http-apr-6060-exec-41] org.apache.catalina.core.ApplicationContext.log Manager: list: Listing contexts for virtual host 'localhost'
25-Feb-2021 07:48:33.778 INFO [http-apr-6060-exec-43] org.apache.catalina.core.ApplicationContext.log Manager: list: Listing contexts for virtual host 'localhost'
25-Feb-2021 07:48:42.407 INFO [http-apr-6060-exec-41] org.apache.catalina.core.ApplicationContext.log Manager: list: Listing contexts for virtual host 'localhost'
25-Feb-2021 07:48:48.739 INFO [http-apr-6060-exec-48] org.apache.catalina.core.ApplicationContext.log Manager: list: Listing contexts for virtual host 'localhost'
25-Feb-2021 07:48:54.357 INFO [http-apr-6060-exec-42] org.apache.catalina.core.ApplicationContext.log Manager: list: Listing contexts for virtual host 'localhost'
25-Feb-2021 07:49:00.685 INFO [http-apr-6060-exec-45] org.apache.catalina.core.ApplicationContext.log Manager: list: Listing contexts for virtual host 'localhost'
25-Feb-2021 07:51:15.398 INFO [http-apr-6060-exec-47] org.apache.catalina.core.ApplicationContext.log Manager: list: Listing contexts for virtual host 'localhost'
25-Feb-2021 07:51:16.979 INFO [http-apr-6060-exec-41] org.apache.catalina.core.ApplicationContext.log Manager: list: Listing contexts for virtual host 'localhost'
25-Feb-2021 07:51:44.106 INFO [http-apr-6060-exec-45] org.apache.catalina.core.ApplicationContext.log Manager: list: Listing contexts for virtual host 'localhost'
25-Feb-2021 07:51:57.721 INFO [http-apr-6060-exec-49] org.apache.catalina.core.ApplicationContext.log Manager: list: Listing contexts for virtual host 'localhost'
25-Feb-2021 07:52:21.094 INFO [http-apr-6060-exec-41] org.apache.catalina.core.ApplicationContext.log Manager: list: Listing contexts for virtual host 'localhost'
25-Feb-2021 07:52:25.780 INFO [http-apr-6060-exec-42] org.apache.catalina.core.ApplicationContext.log Manager: list: Listing contexts for virtual host 'localhost'
25-Feb-2021 07:52:41.710 INFO [http-apr-6060-exec-47] org.apache.catalina.core.ApplicationContext.log Manager: list: Listing contexts for virtual host 'localhost'
25-Feb-2021 07:53:25.911 INFO [http-apr-6060-exec-44] org.apache.catalina.core.ApplicationContext.log Manager: list: Listing contexts for virtual host 'localhost'
25-Feb-2021 07:54:02.951 INFO [http-apr-6060-exec-47] org.apache.catalina.core.ApplicationContext.log Manager: list: Listing contexts for virtual host 'localhost'
25-Feb-2021 07:54:16.496 INFO [http-apr-6060-exec-42] org.apache.catalina.core.ApplicationContext.log Manager: list: Listing contexts for virtual host 'localhost'
25-Feb-2021 07:54:51.706 INFO [http-apr-6060-exec-42] org.apache.catalina.core.ApplicationContext.log Manager: list: Listing contexts for virtual host 'localhost'
25-Feb-2021 07:55:21.622 INFO [http-apr-6060-exec-46] org.apache.catalina.core.ApplicationContext.log Manager: list: Listing contexts for virtual host 'localhost'
25-Feb-2021 07:55:21.625 INFO [http-apr-6060-exec-42] org.apache.catalina.core.ApplicationContext.log Manager: list: Listing contexts for virtual host 'localhost'
25-Feb-2021 07:55:21.654 INFO [http-apr-6060-exec-41] org.apache.catalina.core.ApplicationContext.log Manager: undeploy: Undeploying web application at '/sygealoc'
25-Feb-2021 07:55:22.192 INFO [http-apr-6060-exec-43] org.apache.catalina.core.ApplicationContext.log Manager: install: Installing context configuration at 'file:/C:/Users/MONHEL~1.PIE/AppData/Local/Temp/context9005223231267947488.xml'
25-Feb-2021 07:55:24.033 INFO [http-apr-6060-exec-42] org.apache.catalina.core.ApplicationContext.log Manager: start: Starting web application '/sygealoc'
25-Feb-2021 07:55:31.256 INFO [http-apr-6060-exec-47] org.apache.catalina.core.ApplicationContext.log Manager: list: Listing contexts for virtual host 'localhost'
25-Feb-2021 07:55:32.747 INFO [http-apr-6060-exec-53] org.apache.catalina.core.ApplicationContext.log Manager: list: Listing contexts for virtual host 'localhost'
25-Feb-2021 07:55:34.312 INFO [http-apr-6060-exec-47] org.apache.catalina.core.ApplicationContext.log Manager: list: Listing contexts for virtual host 'localhost'
25-Feb-2021 07:55:35.881 INFO [http-apr-6060-exec-48] org.apache.catalina.core.ApplicationContext.log Manager: list: Listing contexts for virtual host 'localhost'
25-Feb-2021 07:55:37.340 INFO [http-apr-6060-exec-52] org.apache.catalina.core.ApplicationContext.log Manager: list: Listing contexts for virtual host 'localhost'
25-Feb-2021 07:55:38.870 INFO [http-apr-6060-exec-54] org.apache.catalina.core.ApplicationContext.log Manager: list: Listing contexts for virtual host 'localhost'
25-Feb-2021 07:55:40.431 INFO [http-apr-6060-exec-58] org.apache.catalina.core.ApplicationContext.log Manager: list: Listing contexts for virtual host 'localhost'
25-Feb-2021 07:55:42.061 INFO [http-apr-6060-exec-52] org.apache.catalina.core.ApplicationContext.log Manager: list: Listing contexts for virtual host 'localhost'
25-Feb-2021 07:55:43.589 INFO [http-apr-6060-exec-57] org.apache.catalina.core.ApplicationContext.log Manager: list: Listing contexts for virtual host 'localhost'
25-Feb-2021 07:55:45.122 INFO [http-apr-6060-exec-55] org.apache.catalina.core.ApplicationContext.log Manager: list: Listing contexts for virtual host 'localhost'
25-Feb-2021 07:55:46.656 INFO [http-apr-6060-exec-52] org.apache.catalina.core.ApplicationContext.log Manager: list: Listing contexts for virtual host 'localhost'
25-Feb-2021 07:55:48.212 INFO [http-apr-6060-exec-55] org.apache.catalina.core.ApplicationContext.log Manager: list: Listing contexts for virtual host 'localhost'
25-Feb-2021 07:55:49.750 INFO [http-apr-6060-exec-57] org.apache.catalina.core.ApplicationContext.log Manager: list: Listing contexts for virtual host 'localhost'
25-Feb-2021 07:55:51.315 INFO [http-apr-6060-exec-59] org.apache.catalina.core.ApplicationContext.log Manager: list: Listing contexts for virtual host 'localhost'
25-Feb-2021 07:55:52.902 INFO [http-apr-6060-exec-58] org.apache.catalina.core.ApplicationContext.log Manager: list: Listing contexts for virtual host 'localhost'
25-Feb-2021 07:55:54.492 INFO [http-apr-6060-exec-57] org.apache.catalina.core.ApplicationContext.log Manager: list: Listing contexts for virtual host 'localhost'
25-Feb-2021 07:55:56.075 INFO [http-apr-6060-exec-58] org.apache.catalina.core.ApplicationContext.log Manager: list: Listing contexts for virtual host 'localhost'
25-Feb-2021 07:55:57.662 INFO [http-apr-6060-exec-55] org.apache.catalina.core.ApplicationContext.log Manager: list: Listing contexts for virtual host 'localhost'
25-Feb-2021 07:55:59.224 INFO [http-apr-6060-exec-51] org.apache.catalina.core.ApplicationContext.log Manager: list: Listing contexts for virtual host 'localhost'
25-Feb-2021 07:56:00.781 INFO [http-apr-6060-exec-60] org.apache.catalina.core.ApplicationContext.log Manager: list: Listing contexts for virtual host 'localhost'
25-Feb-2021 07:56:02.355 INFO [http-apr-6060-exec-51] org.apache.catalina.core.ApplicationContext.log Manager: list: Listing contexts for virtual host 'localhost'
25-Feb-2021 07:56:03.899 INFO [http-apr-6060-exec-59] org.apache.catalina.core.ApplicationContext.log Manager: list: Listing contexts for virtual host 'localhost'
25-Feb-2021 07:56:05.420 INFO [http-apr-6060-exec-58] org.apache.catalina.core.ApplicationContext.log Manager: list: Listing contexts for virtual host 'localhost'
25-Feb-2021 07:56:07.017 INFO [http-apr-6060-exec-58] org.apache.catalina.core.ApplicationContext.log Manager: list: Listing contexts for virtual host 'localhost'
25-Feb-2021 07:56:23.747 INFO [http-apr-6060-exec-5] org.apache.catalina.core.ApplicationContext.log Manager: init: Associated with Deployer 'Catalina:type=Deployer,host=localhost'
25-Feb-2021 07:56:23.747 INFO [http-apr-6060-exec-5] org.apache.catalina.core.ApplicationContext.log Manager: init: Global resources are available
25-Feb-2021 07:56:23.748 INFO [http-apr-6060-exec-5] org.apache.catalina.core.ApplicationContext.log Manager: list: Listing contexts for virtual host 'localhost'
25-Feb-2021 07:56:23.757 INFO [http-apr-6060-exec-6] org.apache.catalina.core.ApplicationContext.log Manager: undeploy: Undeploying web application at '/sygealoc'
25-Feb-2021 07:58:21.167 INFO [http-apr-6060-exec-12] org.apache.catalina.core.ApplicationContext.log Manager: list: Listing contexts for virtual host 'localhost'
25-Feb-2021 07:58:21.169 INFO [http-apr-6060-exec-14] org.apache.catalina.core.ApplicationContext.log Manager: list: Listing contexts for virtual host 'localhost'
25-Feb-2021 07:58:21.235 INFO [http-apr-6060-exec-3] org.apache.catalina.core.ApplicationContext.log Manager: install: Installing context configuration at 'file:/C:/Users/MONHEL~1.PIE/AppData/Local/Temp/context6506661073388364232.xml'
25-Feb-2021 07:58:23.150 INFO [http-apr-6060-exec-2] org.apache.catalina.core.ApplicationContext.log Manager: start: Starting web application '/sygealoc'
25-Feb-2021 07:58:37.578 INFO [http-apr-6060-exec-11] org.apache.catalina.core.ApplicationContext.log Manager: list: Listing contexts for virtual host 'localhost'
25-Feb-2021 07:58:46.280 INFO [http-apr-6060-exec-15] org.apache.catalina.core.ApplicationContext.log Manager: list: Listing contexts for virtual host 'localhost'
25-Feb-2021 07:58:47.823 INFO [http-apr-6060-exec-11] org.apache.catalina.core.ApplicationContext.log Manager: list: Listing contexts for virtual host 'localhost'
25-Feb-2021 07:58:49.398 INFO [http-apr-6060-exec-13] org.apache.catalina.core.ApplicationContext.log Manager: list: Listing contexts for virtual host 'localhost'
25-Feb-2021 07:58:52.999 INFO [http-apr-6060-exec-11] org.apache.catalina.core.ApplicationContext.log Manager: list: Listing contexts for virtual host 'localhost'
25-Feb-2021 07:58:54.536 INFO [http-apr-6060-exec-20] org.apache.catalina.core.ApplicationContext.log Manager: list: Listing contexts for virtual host 'localhost'
25-Feb-2021 07:58:59.172 INFO [http-apr-6060-exec-13] org.apache.catalina.core.ApplicationContext.log Manager: list: Listing contexts for virtual host 'localhost'
25-Feb-2021 07:59:00.722 INFO [http-apr-6060-exec-15] org.apache.catalina.core.ApplicationContext.log Manager: list: Listing contexts for virtual host 'localhost'
25-Feb-2021 07:59:02.282 INFO [http-apr-6060-exec-12] org.apache.catalina.core.ApplicationContext.log Manager: list: Listing contexts for virtual host 'localhost'
25-Feb-2021 07:59:15.456 INFO [http-apr-6060-exec-15] org.apache.catalina.core.ApplicationContext.log Manager: list: Listing contexts for virtual host 'localhost'
25-Feb-2021 08:00:27.854 INFO [http-apr-6060-exec-11] org.apache.catalina.core.ApplicationContext.log Manager: list: Listing contexts for virtual host 'localhost'
25-Feb-2021 08:00:27.862 INFO [http-apr-6060-exec-14] org.apache.catalina.core.ApplicationContext.log Manager: undeploy: Undeploying web application at '/sygealoc'
25-Feb-2021 08:01:31.040 INFO [http-apr-6060-exec-16] org.apache.catalina.core.ApplicationContext.log Manager: list: Listing contexts for virtual host 'localhost'
