17-Feb-2021 08:58:15.726 INFO [http-apr-6060-exec-7] org.apache.catalina.core.ApplicationContext.log Manager: init: Associated with Deployer 'Catalina:type=Deployer,host=localhost'
17-Feb-2021 08:58:15.726 INFO [http-apr-6060-exec-7] org.apache.catalina.core.ApplicationContext.log Manager: init: Global resources are available
17-Feb-2021 08:58:15.729 INFO [http-apr-6060-exec-7] org.apache.catalina.core.ApplicationContext.log Manager: list: Listing contexts for virtual host 'localhost'
17-Feb-2021 08:58:15.752 INFO [http-apr-6060-exec-8] org.apache.catalina.core.ApplicationContext.log Manager: list: Listing contexts for virtual host 'localhost'
17-Feb-2021 08:58:15.787 INFO [http-apr-6060-exec-10] org.apache.catalina.core.ApplicationContext.log Manager: undeploy: Undeploying web application at '/sygealoc'
17-Feb-2021 08:58:16.726 INFO [http-apr-6060-exec-7] org.apache.catalina.core.ApplicationContext.log Manager: install: Installing context configuration at 'file:/C:/Users/MONHEL~1.PIE/AppData/Local/Temp/context5978537863319084034.xml'
17-Feb-2021 08:58:19.099 INFO [http-apr-6060-exec-1] org.apache.catalina.core.ApplicationContext.log Manager: start: Starting web application '/sygealoc'
17-Feb-2021 08:58:29.641 INFO [http-apr-6060-exec-11] org.apache.catalina.core.ApplicationContext.log Manager: list: Listing contexts for virtual host 'localhost'
17-Feb-2021 08:58:34.586 INFO [http-apr-6060-exec-15] org.apache.catalina.core.ApplicationContext.log Manager: list: Listing contexts for virtual host 'localhost'
17-Feb-2021 08:59:27.300 INFO [http-apr-6060-exec-19] org.apache.catalina.core.ApplicationContext.log Manager: list: Listing contexts for virtual host 'localhost'
17-Feb-2021 09:01:08.473 INFO [http-apr-6060-exec-19] org.apache.catalina.core.ApplicationContext.log Manager: list: Listing contexts for virtual host 'localhost'
17-Feb-2021 09:02:09.351 INFO [http-apr-6060-exec-19] org.apache.catalina.core.ApplicationContext.log Manager: list: Listing contexts for virtual host 'localhost'
17-Feb-2021 09:02:21.947 INFO [http-apr-6060-exec-19] org.apache.catalina.core.ApplicationContext.log Manager: list: Listing contexts for virtual host 'localhost'
17-Feb-2021 09:03:15.265 INFO [http-apr-6060-exec-17] org.apache.catalina.core.ApplicationContext.log Manager: list: Listing contexts for virtual host 'localhost'
17-Feb-2021 09:04:23.119 INFO [http-apr-6060-exec-16] org.apache.catalina.core.ApplicationContext.log Manager: list: Listing contexts for virtual host 'localhost'
17-Feb-2021 09:05:05.283 INFO [http-apr-6060-exec-15] org.apache.catalina.core.ApplicationContext.log Manager: list: Listing contexts for virtual host 'localhost'
17-Feb-2021 09:05:08.345 INFO [http-apr-6060-exec-18] org.apache.catalina.core.ApplicationContext.log Manager: list: Listing contexts for virtual host 'localhost'
17-Feb-2021 09:05:39.642 INFO [http-apr-6060-exec-18] org.apache.catalina.core.ApplicationContext.log Manager: list: Listing contexts for virtual host 'localhost'
17-Feb-2021 09:06:12.312 INFO [http-apr-6060-exec-19] org.apache.catalina.core.ApplicationContext.log Manager: list: Listing contexts for virtual host 'localhost'
17-Feb-2021 09:08:14.640 INFO [http-apr-6060-exec-15] org.apache.catalina.core.ApplicationContext.log Manager: list: Listing contexts for virtual host 'localhost'
17-Feb-2021 09:08:25.400 INFO [http-apr-6060-exec-15] org.apache.catalina.core.ApplicationContext.log Manager: list: Listing contexts for virtual host 'localhost'
17-Feb-2021 09:08:33.804 INFO [http-apr-6060-exec-14] org.apache.catalina.core.ApplicationContext.log Manager: list: Listing contexts for virtual host 'localhost'
17-Feb-2021 09:08:42.638 INFO [http-apr-6060-exec-12] org.apache.catalina.core.ApplicationContext.log Manager: list: Listing contexts for virtual host 'localhost'
17-Feb-2021 09:09:24.764 INFO [http-apr-6060-exec-14] org.apache.catalina.core.ApplicationContext.log Manager: list: Listing contexts for virtual host 'localhost'
17-Feb-2021 09:12:17.196 INFO [http-apr-6060-exec-16] org.apache.catalina.core.ApplicationContext.log Manager: list: Listing contexts for virtual host 'localhost'
17-Feb-2021 09:12:17.209 INFO [http-apr-6060-exec-13] org.apache.catalina.core.ApplicationContext.log Manager: restart: Reloading web application '/sygealoc'
17-Feb-2021 09:12:19.637 INFO [http-apr-6060-exec-20] org.apache.catalina.core.ApplicationContext.log Manager: list: Listing contexts for virtual host 'localhost'
17-Feb-2021 09:12:19.644 INFO [http-apr-6060-exec-17] org.apache.catalina.core.ApplicationContext.log Manager: restart: Reloading web application '/sygealoc'
17-Feb-2021 09:13:46.406 INFO [http-apr-6060-exec-23] org.apache.catalina.core.ApplicationContext.log Manager: list: Listing contexts for virtual host 'localhost'
17-Feb-2021 09:13:46.420 INFO [http-apr-6060-exec-24] org.apache.catalina.core.ApplicationContext.log Manager: restart: Reloading web application '/sygealoc'
17-Feb-2021 09:13:51.177 INFO [http-apr-6060-exec-15] org.apache.catalina.core.ApplicationContext.log Manager: list: Listing contexts for virtual host 'localhost'
17-Feb-2021 09:13:51.188 INFO [http-apr-6060-exec-26] org.apache.catalina.core.ApplicationContext.log Manager: restart: Reloading web application '/sygealoc'
17-Feb-2021 09:13:55.893 INFO [http-apr-6060-exec-18] org.apache.catalina.core.ApplicationContext.log Manager: list: Listing contexts for virtual host 'localhost'
17-Feb-2021 09:13:55.898 INFO [http-apr-6060-exec-28] org.apache.catalina.core.ApplicationContext.log Manager: restart: Reloading web application '/sygealoc'
17-Feb-2021 09:14:05.365 INFO [http-apr-6060-exec-30] org.apache.catalina.core.ApplicationContext.log Manager: list: Listing contexts for virtual host 'localhost'
17-Feb-2021 09:14:05.374 INFO [http-apr-6060-exec-12] org.apache.catalina.core.ApplicationContext.log Manager: restart: Reloading web application '/sygealoc'
17-Feb-2021 09:15:00.673 INFO [http-apr-6060-exec-32] org.apache.catalina.core.ApplicationContext.log Manager: list: Listing contexts for virtual host 'localhost'
17-Feb-2021 09:15:06.579 INFO [http-apr-6060-exec-22] org.apache.catalina.core.ApplicationContext.log Manager: list: Listing contexts for virtual host 'localhost'
17-Feb-2021 09:15:06.583 INFO [http-apr-6060-exec-33] org.apache.catalina.core.ApplicationContext.log Manager: list: Listing contexts for virtual host 'localhost'
17-Feb-2021 09:15:06.595 INFO [http-apr-6060-exec-34] org.apache.catalina.core.ApplicationContext.log Manager: undeploy: Undeploying web application at '/sygealoc'
17-Feb-2021 09:15:07.191 INFO [http-apr-6060-exec-35] org.apache.catalina.core.ApplicationContext.log Manager: install: Installing context configuration at 'file:/C:/Users/MONHEL~1.PIE/AppData/Local/Temp/context7527588088651403157.xml'
17-Feb-2021 09:15:09.005 INFO [http-apr-6060-exec-27] org.apache.catalina.core.ApplicationContext.log Manager: start: Starting web application '/sygealoc'
17-Feb-2021 09:15:16.652 INFO [http-apr-6060-exec-27] org.apache.catalina.core.ApplicationContext.log Manager: list: Listing contexts for virtual host 'localhost'
17-Feb-2021 09:17:51.004 INFO [http-apr-6060-exec-9] org.apache.catalina.core.ApplicationContext.log Manager: init: Associated with Deployer 'Catalina:type=Deployer,host=localhost'
17-Feb-2021 09:17:51.004 INFO [http-apr-6060-exec-9] org.apache.catalina.core.ApplicationContext.log Manager: init: Global resources are available
17-Feb-2021 09:17:51.006 INFO [http-apr-6060-exec-9] org.apache.catalina.core.ApplicationContext.log Manager: list: Listing contexts for virtual host 'localhost'
17-Feb-2021 09:17:51.009 INFO [http-apr-6060-exec-10] org.apache.catalina.core.ApplicationContext.log Manager: list: Listing contexts for virtual host 'localhost'
17-Feb-2021 09:17:51.021 INFO [http-apr-6060-exec-2] org.apache.catalina.core.ApplicationContext.log Manager: undeploy: Undeploying web application at '/sygealoc'
17-Feb-2021 09:17:51.617 INFO [http-apr-6060-exec-9] org.apache.catalina.core.ApplicationContext.log Manager: install: Installing context configuration at 'file:/C:/Users/MONHEL~1.PIE/AppData/Local/Temp/context4286907504019870052.xml'
17-Feb-2021 09:17:53.707 INFO [http-apr-6060-exec-3] org.apache.catalina.core.ApplicationContext.log Manager: start: Starting web application '/sygealoc'
17-Feb-2021 09:18:05.520 INFO [http-apr-6060-exec-14] org.apache.catalina.core.ApplicationContext.log Manager: list: Listing contexts for virtual host 'localhost'
17-Feb-2021 09:23:13.380 INFO [http-apr-6060-exec-18] org.apache.catalina.core.ApplicationContext.log Manager: list: Listing contexts for virtual host 'localhost'
17-Feb-2021 09:23:13.405 INFO [http-apr-6060-exec-19] org.apache.catalina.core.ApplicationContext.log Manager: restart: Reloading web application '/sygealoc'
17-Feb-2021 09:24:04.296 INFO [http-apr-6060-exec-21] org.apache.catalina.core.ApplicationContext.log Manager: list: Listing contexts for virtual host 'localhost'
17-Feb-2021 09:24:04.305 INFO [http-apr-6060-exec-12] org.apache.catalina.core.ApplicationContext.log Manager: restart: Reloading web application '/sygealoc'
17-Feb-2021 09:24:14.765 INFO [http-apr-6060-exec-18] org.apache.catalina.core.ApplicationContext.log Manager: list: Listing contexts for virtual host 'localhost'
17-Feb-2021 09:24:14.769 INFO [http-apr-6060-exec-24] org.apache.catalina.core.ApplicationContext.log Manager: list: Listing contexts for virtual host 'localhost'
17-Feb-2021 09:24:14.780 INFO [http-apr-6060-exec-20] org.apache.catalina.core.ApplicationContext.log Manager: undeploy: Undeploying web application at '/sygealoc'
17-Feb-2021 09:24:15.370 INFO [http-apr-6060-exec-24] org.apache.catalina.core.ApplicationContext.log Manager: install: Installing context configuration at 'file:/C:/Users/MONHEL~1.PIE/AppData/Local/Temp/context7500020240614054440.xml'
17-Feb-2021 09:24:17.280 INFO [http-apr-6060-exec-15] org.apache.catalina.core.ApplicationContext.log Manager: start: Starting web application '/sygealoc'
17-Feb-2021 09:24:23.500 INFO [http-apr-6060-exec-18] org.apache.catalina.core.ApplicationContext.log Manager: list: Listing contexts for virtual host 'localhost'
17-Feb-2021 09:25:16.035 INFO [http-apr-6060-exec-29] org.apache.catalina.core.ApplicationContext.log Manager: list: Listing contexts for virtual host 'localhost'
17-Feb-2021 09:25:16.042 INFO [http-apr-6060-exec-21] org.apache.catalina.core.ApplicationContext.log Manager: restart: Reloading web application '/sygealoc'
17-Feb-2021 09:25:25.254 INFO [http-apr-6060-exec-31] org.apache.catalina.core.ApplicationContext.log Manager: list: Listing contexts for virtual host 'localhost'
17-Feb-2021 09:25:25.262 INFO [http-apr-6060-exec-26] org.apache.catalina.core.ApplicationContext.log Manager: restart: Reloading web application '/sygealoc'
17-Feb-2021 09:25:30.590 INFO [http-apr-6060-exec-32] org.apache.catalina.core.ApplicationContext.log Manager: list: Listing contexts for virtual host 'localhost'
17-Feb-2021 09:25:30.594 INFO [http-apr-6060-exec-25] org.apache.catalina.core.ApplicationContext.log Manager: list: Listing contexts for virtual host 'localhost'
17-Feb-2021 09:25:30.603 INFO [http-apr-6060-exec-34] org.apache.catalina.core.ApplicationContext.log Manager: undeploy: Undeploying web application at '/sygealoc'
17-Feb-2021 09:25:31.180 INFO [http-apr-6060-exec-25] org.apache.catalina.core.ApplicationContext.log Manager: install: Installing context configuration at 'file:/C:/Users/MONHEL~1.PIE/AppData/Local/Temp/context8871707122796013417.xml'
17-Feb-2021 09:25:32.935 INFO [http-apr-6060-exec-11] org.apache.catalina.core.ApplicationContext.log Manager: start: Starting web application '/sygealoc'
17-Feb-2021 09:25:39.469 INFO [http-apr-6060-exec-38] org.apache.catalina.core.ApplicationContext.log Manager: list: Listing contexts for virtual host 'localhost'
17-Feb-2021 09:28:39.763 INFO [http-apr-6060-exec-42] org.apache.catalina.core.ApplicationContext.log Manager: list: Listing contexts for virtual host 'localhost'
17-Feb-2021 09:28:39.771 INFO [http-apr-6060-exec-43] org.apache.catalina.core.ApplicationContext.log Manager: restart: Reloading web application '/sygealoc'
17-Feb-2021 09:28:56.135 INFO [http-apr-6060-exec-44] org.apache.catalina.core.ApplicationContext.log Manager: list: Listing contexts for virtual host 'localhost'
17-Feb-2021 09:28:56.145 INFO [http-apr-6060-exec-42] org.apache.catalina.core.ApplicationContext.log Manager: restart: Reloading web application '/sygealoc'
17-Feb-2021 09:29:18.939 INFO [http-apr-6060-exec-46] org.apache.catalina.core.ApplicationContext.log Manager: list: Listing contexts for virtual host 'localhost'
17-Feb-2021 09:29:18.954 INFO [http-apr-6060-exec-40] org.apache.catalina.core.ApplicationContext.log Manager: restart: Reloading web application '/sygealoc'
17-Feb-2021 09:29:24.172 INFO [http-apr-6060-exec-35] org.apache.catalina.core.ApplicationContext.log Manager: list: Listing contexts for virtual host 'localhost'
17-Feb-2021 09:29:24.178 INFO [http-apr-6060-exec-48] org.apache.catalina.core.ApplicationContext.log Manager: restart: Reloading web application '/sygealoc'
17-Feb-2021 09:29:45.508 INFO [http-apr-6060-exec-50] org.apache.catalina.core.ApplicationContext.log Manager: list: Listing contexts for virtual host 'localhost'
17-Feb-2021 09:29:45.516 INFO [http-apr-6060-exec-44] org.apache.catalina.core.ApplicationContext.log Manager: restart: Reloading web application '/sygealoc'
17-Feb-2021 09:29:47.345 INFO [http-apr-6060-exec-36] org.apache.catalina.core.ApplicationContext.log Manager: list: Listing contexts for virtual host 'localhost'
17-Feb-2021 09:29:47.352 INFO [http-apr-6060-exec-49] org.apache.catalina.core.ApplicationContext.log Manager: restart: Reloading web application '/sygealoc'
17-Feb-2021 09:29:55.970 INFO [http-apr-6060-exec-53] org.apache.catalina.core.ApplicationContext.log Manager: list: Listing contexts for virtual host 'localhost'
17-Feb-2021 09:29:55.979 INFO [http-apr-6060-exec-47] org.apache.catalina.core.ApplicationContext.log Manager: restart: Reloading web application '/sygealoc'
17-Feb-2021 09:30:05.277 INFO [http-apr-6060-exec-55] org.apache.catalina.core.ApplicationContext.log Manager: list: Listing contexts for virtual host 'localhost'
17-Feb-2021 09:30:05.285 INFO [http-apr-6060-exec-54] org.apache.catalina.core.ApplicationContext.log Manager: restart: Reloading web application '/sygealoc'
17-Feb-2021 09:30:07.344 INFO [http-apr-6060-exec-55] org.apache.catalina.core.ApplicationContext.log Manager: list: Listing contexts for virtual host 'localhost'
17-Feb-2021 09:30:07.376 INFO [http-apr-6060-exec-39] org.apache.catalina.core.ApplicationContext.log Manager: restart: Reloading web application '/sygealoc'
17-Feb-2021 09:30:25.506 INFO [http-apr-6060-exec-58] org.apache.catalina.core.ApplicationContext.log Manager: list: Listing contexts for virtual host 'localhost'
17-Feb-2021 09:30:36.436 INFO [http-apr-6060-exec-58] org.apache.catalina.core.ApplicationContext.log Manager: list: Listing contexts for virtual host 'localhost'
17-Feb-2021 09:30:46.149 INFO [http-apr-6060-exec-56] org.apache.catalina.core.ApplicationContext.log Manager: list: Listing contexts for virtual host 'localhost'
17-Feb-2021 09:30:46.152 INFO [http-apr-6060-exec-59] org.apache.catalina.core.ApplicationContext.log Manager: list: Listing contexts for virtual host 'localhost'
17-Feb-2021 09:30:46.164 INFO [http-apr-6060-exec-60] org.apache.catalina.core.ApplicationContext.log Manager: undeploy: Undeploying web application at '/sygealoc'
17-Feb-2021 09:30:46.762 INFO [http-apr-6060-exec-52] org.apache.catalina.core.ApplicationContext.log Manager: install: Installing context configuration at 'file:/C:/Users/MONHEL~1.PIE/AppData/Local/Temp/context6644815736859347937.xml'
17-Feb-2021 09:30:48.571 INFO [http-apr-6060-exec-56] org.apache.catalina.core.ApplicationContext.log Manager: start: Starting web application '/sygealoc'
17-Feb-2021 09:30:57.764 INFO [http-apr-6060-exec-56] org.apache.catalina.core.ApplicationContext.log Manager: list: Listing contexts for virtual host 'localhost'
17-Feb-2021 09:38:35.706 INFO [http-apr-6060-exec-66] org.apache.catalina.core.ApplicationContext.log Manager: list: Listing contexts for virtual host 'localhost'
17-Feb-2021 09:38:35.716 INFO [http-apr-6060-exec-67] org.apache.catalina.core.ApplicationContext.log Manager: undeploy: Undeploying web application at '/sygealoc'
17-Feb-2021 09:40:22.119 INFO [http-apr-6060-exec-77] org.apache.catalina.core.ApplicationContext.log Manager: list: Listing contexts for virtual host 'localhost'
17-Feb-2021 09:40:22.122 INFO [http-apr-6060-exec-73] org.apache.catalina.core.ApplicationContext.log Manager: list: Listing contexts for virtual host 'localhost'
17-Feb-2021 09:40:22.136 INFO [http-apr-6060-exec-74] org.apache.catalina.core.ApplicationContext.log Manager: install: Installing context configuration at 'file:/C:/Users/MONHEL~1.PIE/AppData/Local/Temp/context7302436438848325028.xml'
17-Feb-2021 09:40:23.689 INFO [http-apr-6060-exec-76] org.apache.catalina.core.ApplicationContext.log Manager: start: Starting web application '/sygealoc'
17-Feb-2021 09:40:29.855 INFO [http-apr-6060-exec-76] org.apache.catalina.core.ApplicationContext.log Manager: list: Listing contexts for virtual host 'localhost'
17-Feb-2021 09:40:31.410 INFO [http-apr-6060-exec-76] org.apache.catalina.core.ApplicationContext.log Manager: list: Listing contexts for virtual host 'localhost'
17-Feb-2021 09:41:25.911 INFO [http-apr-6060-exec-80] org.apache.catalina.core.ApplicationContext.log Manager: list: Listing contexts for virtual host 'localhost'
17-Feb-2021 09:41:26.923 INFO [http-apr-6060-exec-76] org.apache.catalina.core.ApplicationContext.log Manager: list: Listing contexts for virtual host 'localhost'
17-Feb-2021 09:42:16.526 INFO [http-apr-6060-exec-79] org.apache.catalina.core.ApplicationContext.log Manager: list: Listing contexts for virtual host 'localhost'
17-Feb-2021 09:42:20.447 INFO [http-apr-6060-exec-82] org.apache.catalina.core.ApplicationContext.log Manager: list: Listing contexts for virtual host 'localhost'
17-Feb-2021 09:42:39.783 INFO [http-apr-6060-exec-82] org.apache.catalina.core.ApplicationContext.log Manager: list: Listing contexts for virtual host 'localhost'
17-Feb-2021 09:43:13.456 INFO [http-apr-6060-exec-77] org.apache.catalina.core.ApplicationContext.log Manager: list: Listing contexts for virtual host 'localhost'
17-Feb-2021 09:43:13.464 INFO [http-apr-6060-exec-73] org.apache.catalina.core.ApplicationContext.log Manager: undeploy: Undeploying web application at '/sygealoc'
17-Feb-2021 09:44:51.561 INFO [http-apr-6060-exec-81] org.apache.catalina.core.ApplicationContext.log Manager: list: Listing contexts for virtual host 'localhost'
