16-Oct-2020 16:16:09.417 INFO [http-apr-6060-exec-10] org.apache.catalina.core.ApplicationContext.log Manager: init: Associated with Deployer 'Catalina:type=Deployer,host=localhost'
16-Oct-2020 16:16:09.418 INFO [http-apr-6060-exec-10] org.apache.catalina.core.ApplicationContext.log Manager: init: Global resources are available
16-Oct-2020 16:16:09.423 INFO [http-apr-6060-exec-10] org.apache.catalina.core.ApplicationContext.log Manager: list: Listing contexts for virtual host 'localhost'
16-Oct-2020 16:16:09.450 INFO [http-apr-6060-exec-1] org.apache.catalina.core.ApplicationContext.log Manager: list: Listing contexts for virtual host 'localhost'
16-Oct-2020 16:16:09.598 INFO [http-apr-6060-exec-2] org.apache.catalina.core.ApplicationContext.log Manager: install: Installing context configuration at 'file:/C:/Users/NHELTECH/AppData/Local/Temp/context4909084478368003266.xml'
16-Oct-2020 16:16:19.244 INFO [http-apr-6060-exec-3] org.apache.catalina.core.ApplicationContext.log Manager: start: Starting web application '/sygealoc'
16-Oct-2020 16:20:41.193 INFO [http-apr-6060-exec-8] org.apache.catalina.core.ApplicationContext.log Manager: init: Associated with Deployer 'Catalina:type=Deployer,host=localhost'
16-Oct-2020 16:20:41.194 INFO [http-apr-6060-exec-8] org.apache.catalina.core.ApplicationContext.log Manager: init: Global resources are available
16-Oct-2020 16:20:41.207 INFO [http-apr-6060-exec-8] org.apache.catalina.core.ApplicationContext.log Manager: list: Listing contexts for virtual host 'localhost'
16-Oct-2020 16:20:41.218 INFO [http-apr-6060-exec-9] org.apache.catalina.core.ApplicationContext.log Manager: list: Listing contexts for virtual host 'localhost'
16-Oct-2020 16:21:10.064 INFO [http-apr-6060-exec-3] org.apache.catalina.core.ApplicationContext.log Manager: list: Listing contexts for virtual host 'localhost'
16-Oct-2020 19:14:17.967 INFO [http-apr-6060-exec-2] org.apache.catalina.core.ApplicationContext.log Manager: list: Listing contexts for virtual host 'localhost'
16-Oct-2020 19:16:13.785 INFO [http-apr-6060-exec-2] org.apache.catalina.core.ApplicationContext.log Manager: list: Listing contexts for virtual host 'localhost'
16-Oct-2020 19:16:13.823 INFO [http-apr-6060-exec-6] org.apache.catalina.core.ApplicationContext.log Manager: restart: Reloading web application '/sygealoc'
16-Oct-2020 19:17:35.663 INFO [http-apr-6060-exec-8] org.apache.catalina.core.ApplicationContext.log Manager: list: Listing contexts for virtual host 'localhost'
16-Oct-2020 19:17:35.820 INFO [http-apr-6060-exec-5] org.apache.catalina.core.ApplicationContext.log Manager: restart: Reloading web application '/sygealoc'
16-Oct-2020 19:18:12.834 INFO [http-apr-6060-exec-14] org.apache.catalina.core.ApplicationContext.log Manager: list: Listing contexts for virtual host 'localhost'
16-Oct-2020 19:18:12.871 INFO [http-apr-6060-exec-15] org.apache.catalina.core.ApplicationContext.log Manager: restart: Reloading web application '/sygealoc'
16-Oct-2020 19:18:39.868 INFO [http-apr-6060-exec-17] org.apache.catalina.core.ApplicationContext.log Manager: list: Listing contexts for virtual host 'localhost'
16-Oct-2020 19:18:39.924 INFO [http-apr-6060-exec-14] org.apache.catalina.core.ApplicationContext.log Manager: restart: Reloading web application '/sygealoc'
16-Oct-2020 19:18:53.891 INFO [http-apr-6060-exec-3] org.apache.catalina.core.ApplicationContext.log Manager: list: Listing contexts for virtual host 'localhost'
16-Oct-2020 19:18:53.924 INFO [http-apr-6060-exec-12] org.apache.catalina.core.ApplicationContext.log Manager: restart: Reloading web application '/sygealoc'
16-Oct-2020 19:19:30.043 INFO [http-apr-6060-exec-18] org.apache.catalina.core.ApplicationContext.log Manager: list: Listing contexts for virtual host 'localhost'
16-Oct-2020 19:19:32.249 INFO [http-apr-6060-exec-19] org.apache.catalina.core.ApplicationContext.log Manager: list: Listing contexts for virtual host 'localhost'
16-Oct-2020 19:19:53.242 INFO [http-apr-6060-exec-16] org.apache.catalina.core.ApplicationContext.log Manager: list: Listing contexts for virtual host 'localhost'
16-Oct-2020 19:19:58.376 INFO [http-apr-6060-exec-16] org.apache.catalina.core.ApplicationContext.log Manager: list: Listing contexts for virtual host 'localhost'
16-Oct-2020 19:20:24.439 INFO [http-apr-6060-exec-16] org.apache.catalina.core.ApplicationContext.log Manager: list: Listing contexts for virtual host 'localhost'
16-Oct-2020 19:20:24.484 INFO [http-apr-6060-exec-18] org.apache.catalina.core.ApplicationContext.log Manager: restart: Reloading web application '/sygealoc'
16-Oct-2020 19:20:39.506 INFO [http-apr-6060-exec-21] org.apache.catalina.core.ApplicationContext.log Manager: list: Listing contexts for virtual host 'localhost'
16-Oct-2020 19:20:39.583 INFO [http-apr-6060-exec-19] org.apache.catalina.core.ApplicationContext.log Manager: restart: Reloading web application '/sygealoc'
16-Oct-2020 19:21:02.515 INFO [http-apr-6060-exec-27] org.apache.catalina.core.ApplicationContext.log Manager: list: Listing contexts for virtual host 'localhost'
16-Oct-2020 19:21:02.594 INFO [http-apr-6060-exec-22] org.apache.catalina.core.ApplicationContext.log Manager: restart: Reloading web application '/sygealoc'
16-Oct-2020 19:22:05.526 INFO [http-apr-6060-exec-16] org.apache.catalina.core.ApplicationContext.log Manager: list: Listing contexts for virtual host 'localhost'
16-Oct-2020 19:22:05.554 INFO [http-apr-6060-exec-27] org.apache.catalina.core.ApplicationContext.log Manager: restart: Reloading web application '/sygealoc'
16-Oct-2020 19:22:27.199 INFO [http-apr-6060-exec-32] org.apache.catalina.core.ApplicationContext.log Manager: list: Listing contexts for virtual host 'localhost'
16-Oct-2020 19:22:27.217 INFO [http-apr-6060-exec-23] org.apache.catalina.core.ApplicationContext.log Manager: list: Listing contexts for virtual host 'localhost'
16-Oct-2020 19:22:29.936 INFO [http-apr-6060-exec-33] org.apache.catalina.core.ApplicationContext.log Manager: restart: Reloading web application '/sygealoc'
16-Oct-2020 19:23:13.037 INFO [http-apr-6060-exec-37] org.apache.catalina.core.ApplicationContext.log Manager: list: Listing contexts for virtual host 'localhost'
16-Oct-2020 19:26:53.833 INFO [http-apr-6060-exec-42] org.apache.catalina.core.ApplicationContext.log Manager: list: Listing contexts for virtual host 'localhost'
16-Oct-2020 19:26:53.897 INFO [http-apr-6060-exec-43] org.apache.catalina.core.ApplicationContext.log Manager: restart: Reloading web application '/sygealoc'
16-Oct-2020 19:27:08.059 INFO [http-apr-6060-exec-41] org.apache.catalina.core.ApplicationContext.log Manager: list: Listing contexts for virtual host 'localhost'
16-Oct-2020 19:27:08.099 INFO [http-apr-6060-exec-37] org.apache.catalina.core.ApplicationContext.log Manager: restart: Reloading web application '/sygealoc'
16-Oct-2020 19:27:17.939 INFO [http-apr-6060-exec-41] org.apache.catalina.core.ApplicationContext.log Manager: list: Listing contexts for virtual host 'localhost'
16-Oct-2020 19:27:17.976 INFO [http-apr-6060-exec-45] org.apache.catalina.core.ApplicationContext.log Manager: restart: Reloading web application '/sygealoc'
16-Oct-2020 19:27:27.654 INFO [http-apr-6060-exec-35] org.apache.catalina.core.ApplicationContext.log Manager: list: Listing contexts for virtual host 'localhost'
16-Oct-2020 19:27:36.479 INFO [http-apr-6060-exec-42] org.apache.catalina.core.ApplicationContext.log Manager: list: Listing contexts for virtual host 'localhost'
16-Oct-2020 19:27:36.488 INFO [http-apr-6060-exec-48] org.apache.catalina.core.ApplicationContext.log Manager: list: Listing contexts for virtual host 'localhost'
16-Oct-2020 19:27:39.111 INFO [http-apr-6060-exec-39] org.apache.catalina.core.ApplicationContext.log Manager: restart: Reloading web application '/sygealoc'
16-Oct-2020 19:28:39.941 INFO [http-apr-6060-exec-54] org.apache.catalina.core.ApplicationContext.log Manager: list: Listing contexts for virtual host 'localhost'
16-Oct-2020 19:28:39.983 INFO [http-apr-6060-exec-55] org.apache.catalina.core.ApplicationContext.log Manager: restart: Reloading web application '/sygealoc'
16-Oct-2020 19:29:37.626 INFO [http-apr-6060-exec-35] org.apache.catalina.core.ApplicationContext.log Manager: list: Listing contexts for virtual host 'localhost'
16-Oct-2020 19:29:37.632 INFO [http-apr-6060-exec-50] org.apache.catalina.core.ApplicationContext.log Manager: list: Listing contexts for virtual host 'localhost'
16-Oct-2020 19:29:40.297 INFO [http-apr-6060-exec-58] org.apache.catalina.core.ApplicationContext.log Manager: restart: Reloading web application '/sygealoc'
16-Oct-2020 19:30:13.416 INFO [http-apr-6060-exec-62] org.apache.catalina.core.ApplicationContext.log Manager: list: Listing contexts for virtual host 'localhost'
16-Oct-2020 19:30:13.497 INFO [http-apr-6060-exec-52] org.apache.catalina.core.ApplicationContext.log Manager: restart: Reloading web application '/sygealoc'
16-Oct-2020 19:30:35.948 INFO [http-apr-6060-exec-65] org.apache.catalina.core.ApplicationContext.log Manager: list: Listing contexts for virtual host 'localhost'
16-Oct-2020 19:30:35.958 INFO [http-apr-6060-exec-60] org.apache.catalina.core.ApplicationContext.log Manager: list: Listing contexts for virtual host 'localhost'
16-Oct-2020 19:30:39.317 INFO [http-apr-6060-exec-66] org.apache.catalina.core.ApplicationContext.log Manager: restart: Reloading web application '/sygealoc'
16-Oct-2020 19:32:05.169 INFO [http-apr-6060-exec-74] org.apache.catalina.core.ApplicationContext.log Manager: list: Listing contexts for virtual host 'localhost'
16-Oct-2020 19:32:05.200 INFO [http-apr-6060-exec-60] org.apache.catalina.core.ApplicationContext.log Manager: restart: Reloading web application '/sygealoc'
16-Oct-2020 19:32:23.906 INFO [http-apr-6060-exec-63] org.apache.catalina.core.ApplicationContext.log Manager: list: Listing contexts for virtual host 'localhost'
16-Oct-2020 19:32:23.914 INFO [http-apr-6060-exec-77] org.apache.catalina.core.ApplicationContext.log Manager: list: Listing contexts for virtual host 'localhost'
16-Oct-2020 19:32:26.390 INFO [http-apr-6060-exec-73] org.apache.catalina.core.ApplicationContext.log Manager: restart: Reloading web application '/sygealoc'
16-Oct-2020 19:33:08.043 INFO [http-apr-6060-exec-75] org.apache.catalina.core.ApplicationContext.log Manager: list: Listing contexts for virtual host 'localhost'
16-Oct-2020 19:33:08.053 INFO [http-apr-6060-exec-83] org.apache.catalina.core.ApplicationContext.log Manager: list: Listing contexts for virtual host 'localhost'
16-Oct-2020 19:33:10.521 INFO [http-apr-6060-exec-79] org.apache.catalina.core.ApplicationContext.log Manager: restart: Reloading web application '/sygealoc'
16-Oct-2020 19:35:26.881 INFO [http-apr-6060-exec-92] org.apache.catalina.core.ApplicationContext.log Manager: list: Listing contexts for virtual host 'localhost'
16-Oct-2020 19:35:57.158 INFO [http-apr-6060-exec-88] org.apache.catalina.core.ApplicationContext.log Manager: list: Listing contexts for virtual host 'localhost'
16-Oct-2020 19:36:02.539 INFO [http-apr-6060-exec-88] org.apache.catalina.core.ApplicationContext.log Manager: list: Listing contexts for virtual host 'localhost'
16-Oct-2020 19:36:09.941 INFO [http-apr-6060-exec-88] org.apache.catalina.core.ApplicationContext.log Manager: list: Listing contexts for virtual host 'localhost'
16-Oct-2020 19:36:15.292 INFO [http-apr-6060-exec-88] org.apache.catalina.core.ApplicationContext.log Manager: list: Listing contexts for virtual host 'localhost'
16-Oct-2020 19:36:44.374 INFO [http-apr-6060-exec-87] org.apache.catalina.core.ApplicationContext.log Manager: list: Listing contexts for virtual host 'localhost'
16-Oct-2020 19:36:53.622 INFO [http-apr-6060-exec-94] org.apache.catalina.core.ApplicationContext.log Manager: list: Listing contexts for virtual host 'localhost'
16-Oct-2020 19:37:05.944 INFO [http-apr-6060-exec-85] org.apache.catalina.core.ApplicationContext.log Manager: list: Listing contexts for virtual host 'localhost'
16-Oct-2020 19:37:05.952 INFO [http-apr-6060-exec-86] org.apache.catalina.core.ApplicationContext.log Manager: list: Listing contexts for virtual host 'localhost'
16-Oct-2020 19:39:00.844 INFO [http-apr-6060-exec-90] org.apache.catalina.core.ApplicationContext.log Manager: list: Listing contexts for virtual host 'localhost'
16-Oct-2020 19:39:00.900 INFO [http-apr-6060-exec-92] org.apache.catalina.core.ApplicationContext.log Manager: restart: Reloading web application '/sygealoc'
16-Oct-2020 19:39:20.373 INFO [http-apr-6060-exec-95] org.apache.catalina.core.ApplicationContext.log Manager: list: Listing contexts for virtual host 'localhost'
16-Oct-2020 19:39:20.397 INFO [http-apr-6060-exec-92] org.apache.catalina.core.ApplicationContext.log Manager: restart: Reloading web application '/sygealoc'
16-Oct-2020 19:40:42.604 INFO [http-apr-6060-exec-88] org.apache.catalina.core.ApplicationContext.log Manager: list: Listing contexts for virtual host 'localhost'
16-Oct-2020 19:40:42.656 INFO [http-apr-6060-exec-99] org.apache.catalina.core.ApplicationContext.log Manager: restart: Reloading web application '/sygealoc'
16-Oct-2020 19:40:54.459 INFO [http-apr-6060-exec-93] org.apache.catalina.core.ApplicationContext.log Manager: list: Listing contexts for virtual host 'localhost'
16-Oct-2020 19:40:54.489 INFO [http-apr-6060-exec-94] org.apache.catalina.core.ApplicationContext.log Manager: restart: Reloading web application '/sygealoc'
16-Oct-2020 19:41:05.658 INFO [http-apr-6060-exec-85] org.apache.catalina.core.ApplicationContext.log Manager: list: Listing contexts for virtual host 'localhost'
16-Oct-2020 19:41:05.690 INFO [http-apr-6060-exec-93] org.apache.catalina.core.ApplicationContext.log Manager: restart: Reloading web application '/sygealoc'
16-Oct-2020 19:41:13.454 INFO [http-apr-6060-exec-85] org.apache.catalina.core.ApplicationContext.log Manager: list: Listing contexts for virtual host 'localhost'
16-Oct-2020 19:41:36.020 INFO [http-apr-6060-exec-85] org.apache.catalina.core.ApplicationContext.log Manager: list: Listing contexts for virtual host 'localhost'
16-Oct-2020 19:41:57.507 INFO [http-apr-6060-exec-106] org.apache.catalina.core.ApplicationContext.log Manager: list: Listing contexts for virtual host 'localhost'
16-Oct-2020 19:41:57.547 INFO [http-apr-6060-exec-100] org.apache.catalina.core.ApplicationContext.log Manager: list: Listing contexts for virtual host 'localhost'
16-Oct-2020 19:42:05.245 INFO [http-apr-6060-exec-102] org.apache.catalina.core.ApplicationContext.log Manager: restart: Reloading web application '/sygealoc'
16-Oct-2020 19:42:48.347 INFO [http-apr-6060-exec-112] org.apache.catalina.core.ApplicationContext.log Manager: list: Listing contexts for virtual host 'localhost'
16-Oct-2020 19:43:01.397 INFO [http-apr-6060-exec-112] org.apache.catalina.core.ApplicationContext.log Manager: list: Listing contexts for virtual host 'localhost'
16-Oct-2020 19:43:13.967 INFO [http-apr-6060-exec-110] org.apache.catalina.core.ApplicationContext.log Manager: list: Listing contexts for virtual host 'localhost'
16-Oct-2020 19:44:13.846 INFO [http-apr-6060-exec-110] org.apache.catalina.core.ApplicationContext.log Manager: list: Listing contexts for virtual host 'localhost'
16-Oct-2020 19:44:13.870 INFO [http-apr-6060-exec-111] org.apache.catalina.core.ApplicationContext.log Manager: restart: Reloading web application '/sygealoc'
16-Oct-2020 19:45:50.823 INFO [http-apr-6060-exec-121] org.apache.catalina.core.ApplicationContext.log Manager: list: Listing contexts for virtual host 'localhost'
16-Oct-2020 19:46:04.353 INFO [http-apr-6060-exec-121] org.apache.catalina.core.ApplicationContext.log Manager: list: Listing contexts for virtual host 'localhost'
16-Oct-2020 19:46:13.950 INFO [http-apr-6060-exec-118] org.apache.catalina.core.ApplicationContext.log Manager: list: Listing contexts for virtual host 'localhost'
16-Oct-2020 19:46:13.958 INFO [http-apr-6060-exec-120] org.apache.catalina.core.ApplicationContext.log Manager: list: Listing contexts for virtual host 'localhost'
16-Oct-2020 19:46:16.740 INFO [http-apr-6060-exec-123] org.apache.catalina.core.ApplicationContext.log Manager: restart: Reloading web application '/sygealoc'
16-Oct-2020 19:46:56.388 INFO [http-apr-6060-exec-131] org.apache.catalina.core.ApplicationContext.log Manager: list: Listing contexts for virtual host 'localhost'
16-Oct-2020 19:46:56.435 INFO [http-apr-6060-exec-120] org.apache.catalina.core.ApplicationContext.log Manager: restart: Reloading web application '/sygealoc'
16-Oct-2020 19:47:05.264 INFO [http-apr-6060-exec-129] org.apache.catalina.core.ApplicationContext.log Manager: list: Listing contexts for virtual host 'localhost'
16-Oct-2020 19:47:05.269 INFO [http-apr-6060-exec-132] org.apache.catalina.core.ApplicationContext.log Manager: list: Listing contexts for virtual host 'localhost'
16-Oct-2020 19:47:07.993 INFO [http-apr-6060-exec-114] org.apache.catalina.core.ApplicationContext.log Manager: restart: Reloading web application '/sygealoc'
16-Oct-2020 19:47:41.903 INFO [http-apr-6060-exec-138] org.apache.catalina.core.ApplicationContext.log Manager: list: Listing contexts for virtual host 'localhost'
16-Oct-2020 19:48:02.047 INFO [http-apr-6060-exec-134] org.apache.catalina.core.ApplicationContext.log Manager: list: Listing contexts for virtual host 'localhost'
16-Oct-2020 19:49:42.049 INFO [http-apr-6060-exec-136] org.apache.catalina.core.ApplicationContext.log Manager: list: Listing contexts for virtual host 'localhost'
16-Oct-2020 19:50:22.373 INFO [http-apr-6060-exec-139] org.apache.catalina.core.ApplicationContext.log Manager: list: Listing contexts for virtual host 'localhost'
16-Oct-2020 19:50:22.400 INFO [http-apr-6060-exec-140] org.apache.catalina.core.ApplicationContext.log Manager: restart: Reloading web application '/sygealoc'
16-Oct-2020 19:50:46.130 INFO [http-apr-6060-exec-137] org.apache.catalina.core.ApplicationContext.log Manager: list: Listing contexts for virtual host 'localhost'
16-Oct-2020 19:50:46.151 INFO [http-apr-6060-exec-139] org.apache.catalina.core.ApplicationContext.log Manager: list: Listing contexts for virtual host 'localhost'
16-Oct-2020 19:50:48.628 INFO [http-apr-6060-exec-146] org.apache.catalina.core.ApplicationContext.log Manager: restart: Reloading web application '/sygealoc'
16-Oct-2020 19:51:06.260 INFO [http-apr-6060-exec-145] org.apache.catalina.core.ApplicationContext.log Manager: list: Listing contexts for virtual host 'localhost'
16-Oct-2020 19:52:41.566 INFO [http-apr-6060-exec-155] org.apache.catalina.core.ApplicationContext.log Manager: list: Listing contexts for virtual host 'localhost'
16-Oct-2020 19:53:14.532 INFO [http-apr-6060-exec-157] org.apache.catalina.core.ApplicationContext.log Manager: list: Listing contexts for virtual host 'localhost'
16-Oct-2020 19:53:33.664 INFO [http-apr-6060-exec-156] org.apache.catalina.core.ApplicationContext.log Manager: list: Listing contexts for virtual host 'localhost'
16-Oct-2020 19:53:33.675 INFO [http-apr-6060-exec-150] org.apache.catalina.core.ApplicationContext.log Manager: list: Listing contexts for virtual host 'localhost'
16-Oct-2020 19:53:37.582 INFO [http-apr-6060-exec-152] org.apache.catalina.core.ApplicationContext.log Manager: restart: Reloading web application '/sygealoc'
16-Oct-2020 19:55:23.714 INFO [http-apr-6060-exec-149] org.apache.catalina.core.ApplicationContext.log Manager: list: Listing contexts for virtual host 'localhost'
16-Oct-2020 20:03:33.684 INFO [http-apr-6060-exec-165] org.apache.catalina.core.ApplicationContext.log Manager: list: Listing contexts for virtual host 'localhost'
16-Oct-2020 20:03:33.723 INFO [http-apr-6060-exec-166] org.apache.catalina.core.ApplicationContext.log Manager: restart: Reloading web application '/sygealoc'
16-Oct-2020 20:04:23.010 INFO [http-apr-6060-exec-168] org.apache.catalina.core.ApplicationContext.log Manager: list: Listing contexts for virtual host 'localhost'
16-Oct-2020 20:04:23.038 INFO [http-apr-6060-exec-167] org.apache.catalina.core.ApplicationContext.log Manager: restart: Reloading web application '/sygealoc'
16-Oct-2020 20:05:10.300 INFO [http-apr-6060-exec-170] org.apache.catalina.core.ApplicationContext.log Manager: list: Listing contexts for virtual host 'localhost'
16-Oct-2020 20:05:10.394 INFO [http-apr-6060-exec-168] org.apache.catalina.core.ApplicationContext.log Manager: restart: Reloading web application '/sygealoc'
16-Oct-2020 20:05:33.615 INFO [http-apr-6060-exec-159] org.apache.catalina.core.ApplicationContext.log Manager: list: Listing contexts for virtual host 'localhost'
16-Oct-2020 20:05:33.768 INFO [http-apr-6060-exec-172] org.apache.catalina.core.ApplicationContext.log Manager: restart: Reloading web application '/sygealoc'
16-Oct-2020 20:06:31.794 INFO [http-apr-6060-exec-174] org.apache.catalina.core.ApplicationContext.log Manager: list: Listing contexts for virtual host 'localhost'
16-Oct-2020 20:06:31.827 INFO [http-apr-6060-exec-159] org.apache.catalina.core.ApplicationContext.log Manager: restart: Reloading web application '/sygealoc'
16-Oct-2020 20:06:40.562 INFO [http-apr-6060-exec-164] org.apache.catalina.core.ApplicationContext.log Manager: list: Listing contexts for virtual host 'localhost'
16-Oct-2020 20:06:40.578 INFO [http-apr-6060-exec-169] org.apache.catalina.core.ApplicationContext.log Manager: restart: Reloading web application '/sygealoc'
16-Oct-2020 20:07:17.959 INFO [http-apr-6060-exec-177] org.apache.catalina.core.ApplicationContext.log Manager: list: Listing contexts for virtual host 'localhost'
16-Oct-2020 20:07:41.096 INFO [http-apr-6060-exec-162] org.apache.catalina.core.ApplicationContext.log Manager: list: Listing contexts for virtual host 'localhost'
16-Oct-2020 20:07:41.108 INFO [http-apr-6060-exec-179] org.apache.catalina.core.ApplicationContext.log Manager: list: Listing contexts for virtual host 'localhost'
16-Oct-2020 20:07:44.013 INFO [http-apr-6060-exec-173] org.apache.catalina.core.ApplicationContext.log Manager: restart: Reloading web application '/sygealoc'
16-Oct-2020 20:07:53.372 INFO [http-apr-6060-exec-178] org.apache.catalina.core.ApplicationContext.log Manager: list: Listing contexts for virtual host 'localhost'
16-Oct-2020 20:08:19.348 INFO [http-apr-6060-exec-183] org.apache.catalina.core.ApplicationContext.log Manager: list: Listing contexts for virtual host 'localhost'
16-Oct-2020 20:08:19.354 INFO [http-apr-6060-exec-184] org.apache.catalina.core.ApplicationContext.log Manager: list: Listing contexts for virtual host 'localhost'
16-Oct-2020 20:08:21.910 INFO [http-apr-6060-exec-164] org.apache.catalina.core.ApplicationContext.log Manager: restart: Reloading web application '/sygealoc'
16-Oct-2020 20:08:46.994 INFO [http-apr-6060-exec-184] org.apache.catalina.core.ApplicationContext.log Manager: list: Listing contexts for virtual host 'localhost'
16-Oct-2020 20:08:47.025 INFO [http-apr-6060-exec-187] org.apache.catalina.core.ApplicationContext.log Manager: restart: Reloading web application '/sygealoc'
16-Oct-2020 20:09:34.779 INFO [http-apr-6060-exec-182] org.apache.catalina.core.ApplicationContext.log Manager: list: Listing contexts for virtual host 'localhost'
16-Oct-2020 20:09:34.808 INFO [http-apr-6060-exec-189] org.apache.catalina.core.ApplicationContext.log Manager: restart: Reloading web application '/sygealoc'
16-Oct-2020 20:10:01.792 INFO [http-apr-6060-exec-191] org.apache.catalina.core.ApplicationContext.log Manager: list: Listing contexts for virtual host 'localhost'
16-Oct-2020 20:10:01.819 INFO [http-apr-6060-exec-182] org.apache.catalina.core.ApplicationContext.log Manager: restart: Reloading web application '/sygealoc'
16-Oct-2020 20:10:28.261 INFO [http-apr-6060-exec-175] org.apache.catalina.core.ApplicationContext.log Manager: list: Listing contexts for virtual host 'localhost'
16-Oct-2020 20:10:28.297 INFO [http-apr-6060-exec-180] org.apache.catalina.core.ApplicationContext.log Manager: restart: Reloading web application '/sygealoc'
16-Oct-2020 20:10:47.966 INFO [http-apr-6060-exec-186] org.apache.catalina.core.ApplicationContext.log Manager: list: Listing contexts for virtual host 'localhost'
16-Oct-2020 20:10:48.047 INFO [http-apr-6060-exec-188] org.apache.catalina.core.ApplicationContext.log Manager: restart: Reloading web application '/sygealoc'
16-Oct-2020 20:11:10.071 INFO [http-apr-6060-exec-197] org.apache.catalina.core.ApplicationContext.log Manager: list: Listing contexts for virtual host 'localhost'
16-Oct-2020 20:11:42.880 INFO [http-apr-6060-exec-197] org.apache.catalina.core.ApplicationContext.log Manager: list: Listing contexts for virtual host 'localhost'
16-Oct-2020 20:11:42.901 INFO [http-apr-6060-exec-186] org.apache.catalina.core.ApplicationContext.log Manager: restart: Reloading web application '/sygealoc'
16-Oct-2020 20:11:52.886 INFO [http-apr-6060-exec-200] org.apache.catalina.core.ApplicationContext.log Manager: list: Listing contexts for virtual host 'localhost'
16-Oct-2020 20:11:52.892 INFO [280] org.apache.catalina.core.ApplicationContext.log Manager: list: Listing contexts for virtual host 'localhost'
16-Oct-2020 20:11:55.369 INFO [http-apr-6060-exec-196] org.apache.catalina.core.ApplicationContext.log Manager: restart: Reloading web application '/sygealoc'
16-Oct-2020 20:12:29.279 INFO [http-apr-6060-exec-199] org.apache.catalina.core.ApplicationContext.log Manager: list: Listing contexts for virtual host 'localhost'
16-Oct-2020 20:12:29.338 INFO [http-apr-6060-exec-204] org.apache.catalina.core.ApplicationContext.log Manager: restart: Reloading web application '/sygealoc'
16-Oct-2020 20:12:36.708 INFO [http-apr-6060-exec-185] org.apache.catalina.core.ApplicationContext.log Manager: list: Listing contexts for virtual host 'localhost'
16-Oct-2020 20:12:44.843 INFO [http-apr-6060-exec-195] org.apache.catalina.core.ApplicationContext.log Manager: list: Listing contexts for virtual host 'localhost'
16-Oct-2020 20:12:44.852 INFO [http-apr-6060-exec-206] org.apache.catalina.core.ApplicationContext.log Manager: list: Listing contexts for virtual host 'localhost'
16-Oct-2020 20:12:48.721 INFO [http-apr-6060-exec-203] org.apache.catalina.core.ApplicationContext.log Manager: restart: Reloading web application '/sygealoc'
16-Oct-2020 20:13:41.017 INFO [http-apr-6060-exec-208] org.apache.catalina.core.ApplicationContext.log Manager: list: Listing contexts for virtual host 'localhost'
16-Oct-2020 20:13:46.536 INFO [http-apr-6060-exec-208] org.apache.catalina.core.ApplicationContext.log Manager: list: Listing contexts for virtual host 'localhost'
16-Oct-2020 20:13:55.765 INFO [http-apr-6060-exec-199] org.apache.catalina.core.ApplicationContext.log Manager: list: Listing contexts for virtual host 'localhost'
16-Oct-2020 20:13:55.782 INFO [http-apr-6060-exec-215] org.apache.catalina.core.ApplicationContext.log Manager: list: Listing contexts for virtual host 'localhost'
16-Oct-2020 20:14:17.687 INFO [http-apr-6060-exec-214] org.apache.catalina.core.ApplicationContext.log Manager: list: Listing contexts for virtual host 'localhost'
16-Oct-2020 20:15:01.734 INFO [http-apr-6060-exec-215] org.apache.catalina.core.ApplicationContext.log Manager: list: Listing contexts for virtual host 'localhost'
16-Oct-2020 20:15:01.764 INFO [http-apr-6060-exec-211] org.apache.catalina.core.ApplicationContext.log Manager: restart: Reloading web application '/sygealoc'
16-Oct-2020 20:15:12.538 INFO [http-apr-6060-exec-216] org.apache.catalina.core.ApplicationContext.log Manager: list: Listing contexts for virtual host 'localhost'
16-Oct-2020 20:15:28.496 INFO [http-apr-6060-exec-217] org.apache.catalina.core.ApplicationContext.log Manager: list: Listing contexts for virtual host 'localhost'
16-Oct-2020 20:15:28.502 INFO [http-apr-6060-exec-219] org.apache.catalina.core.ApplicationContext.log Manager: list: Listing contexts for virtual host 'localhost'
16-Oct-2020 20:15:30.927 INFO [http-apr-6060-exec-221] org.apache.catalina.core.ApplicationContext.log Manager: restart: Reloading web application '/sygealoc'
16-Oct-2020 20:15:57.468 INFO [http-apr-6060-exec-223] org.apache.catalina.core.ApplicationContext.log Manager: list: Listing contexts for virtual host 'localhost'
16-Oct-2020 20:16:57.230 INFO [http-apr-6060-exec-223] org.apache.catalina.core.ApplicationContext.log Manager: list: Listing contexts for virtual host 'localhost'
16-Oct-2020 20:16:57.283 INFO [http-apr-6060-exec-219] org.apache.catalina.core.ApplicationContext.log Manager: restart: Reloading web application '/sygealoc'
16-Oct-2020 20:17:04.628 INFO [http-apr-6060-exec-225] org.apache.catalina.core.ApplicationContext.log Manager: list: Listing contexts for virtual host 'localhost'
16-Oct-2020 20:17:15.379 INFO [http-apr-6060-exec-229] org.apache.catalina.core.ApplicationContext.log Manager: list: Listing contexts for virtual host 'localhost'
16-Oct-2020 20:17:15.386 INFO [http-apr-6060-exec-232] org.apache.catalina.core.ApplicationContext.log Manager: list: Listing contexts for virtual host 'localhost'
16-Oct-2020 20:17:17.876 INFO [http-apr-6060-exec-228] org.apache.catalina.core.ApplicationContext.log Manager: restart: Reloading web application '/sygealoc'
16-Oct-2020 20:18:08.668 INFO [http-apr-6060-exec-241] org.apache.catalina.core.ApplicationContext.log Manager: list: Listing contexts for virtual host 'localhost'
16-Oct-2020 20:19:03.555 INFO [http-apr-6060-exec-241] org.apache.catalina.core.ApplicationContext.log Manager: list: Listing contexts for virtual host 'localhost'
16-Oct-2020 20:19:03.596 INFO [http-apr-6060-exec-238] org.apache.catalina.core.ApplicationContext.log Manager: restart: Reloading web application '/sygealoc'
16-Oct-2020 20:19:18.234 INFO [http-apr-6060-exec-241] org.apache.catalina.core.ApplicationContext.log Manager: list: Listing contexts for virtual host 'localhost'
16-Oct-2020 20:19:18.270 INFO [http-apr-6060-exec-239] org.apache.catalina.core.ApplicationContext.log Manager: restart: Reloading web application '/sygealoc'
16-Oct-2020 20:21:00.936 INFO [http-apr-6060-exec-248] org.apache.catalina.core.ApplicationContext.log Manager: list: Listing contexts for virtual host 'localhost'
16-Oct-2020 20:21:00.963 INFO [http-apr-6060-exec-249] org.apache.catalina.core.ApplicationContext.log Manager: restart: Reloading web application '/sygealoc'
16-Oct-2020 20:21:11.361 INFO [http-apr-6060-exec-243] org.apache.catalina.core.ApplicationContext.log Manager: list: Listing contexts for virtual host 'localhost'
16-Oct-2020 20:21:11.398 INFO [http-apr-6060-exec-237] org.apache.catalina.core.ApplicationContext.log Manager: restart: Reloading web application '/sygealoc'
16-Oct-2020 20:21:18.777 INFO [http-apr-6060-exec-243] org.apache.catalina.core.ApplicationContext.log Manager: list: Listing contexts for virtual host 'localhost'
16-Oct-2020 20:21:18.805 INFO [http-apr-6060-exec-247] org.apache.catalina.core.ApplicationContext.log Manager: restart: Reloading web application '/sygealoc'
16-Oct-2020 20:21:32.493 INFO [http-apr-6060-exec-253] org.apache.catalina.core.ApplicationContext.log Manager: list: Listing contexts for virtual host 'localhost'
16-Oct-2020 20:21:32.524 INFO [http-apr-6060-exec-250] org.apache.catalina.core.ApplicationContext.log Manager: restart: Reloading web application '/sygealoc'
16-Oct-2020 20:22:03.919 INFO [344] org.apache.catalina.core.ApplicationContext.log Manager: list: Listing contexts for virtual host 'localhost'
16-Oct-2020 20:22:03.927 INFO [http-apr-6060-exec-256] org.apache.catalina.core.ApplicationContext.log Manager: list: Listing contexts for virtual host 'localhost'
16-Oct-2020 20:22:06.409 INFO [http-apr-6060-exec-242] org.apache.catalina.core.ApplicationContext.log Manager: restart: Reloading web application '/sygealoc'
16-Oct-2020 20:22:42.985 INFO [http-apr-6060-exec-261] org.apache.catalina.core.ApplicationContext.log Manager: list: Listing contexts for virtual host 'localhost'
16-Oct-2020 20:22:47.126 INFO [http-apr-6060-exec-248] org.apache.catalina.core.ApplicationContext.log Manager: list: Listing contexts for virtual host 'localhost'
16-Oct-2020 20:23:33.887 INFO [http-apr-6060-exec-259] org.apache.catalina.core.ApplicationContext.log Manager: list: Listing contexts for virtual host 'localhost'
16-Oct-2020 20:28:12.549 INFO [http-apr-6060-exec-261] org.apache.catalina.core.ApplicationContext.log Manager: list: Listing contexts for virtual host 'localhost'
16-Oct-2020 20:28:12.641 INFO [http-apr-6060-exec-258] org.apache.catalina.core.ApplicationContext.log Manager: restart: Reloading web application '/sygealoc'
16-Oct-2020 20:28:27.673 INFO [352] org.apache.catalina.core.ApplicationContext.log Manager: list: Listing contexts for virtual host 'localhost'
16-Oct-2020 20:28:27.689 INFO [http-apr-6060-exec-266] org.apache.catalina.core.ApplicationContext.log Manager: list: Listing contexts for virtual host 'localhost'
16-Oct-2020 20:28:30.188 INFO [http-apr-6060-exec-263] org.apache.catalina.core.ApplicationContext.log Manager: restart: Reloading web application '/sygealoc'
16-Oct-2020 20:29:22.963 INFO [http-apr-6060-exec-272] org.apache.catalina.core.ApplicationContext.log Manager: list: Listing contexts for virtual host 'localhost'
16-Oct-2020 20:29:51.555 INFO [http-apr-6060-exec-276] org.apache.catalina.core.ApplicationContext.log Manager: list: Listing contexts for virtual host 'localhost'
16-Oct-2020 20:30:25.489 INFO [http-apr-6060-exec-274] org.apache.catalina.core.ApplicationContext.log Manager: list: Listing contexts for virtual host 'localhost'
16-Oct-2020 20:30:25.495 INFO [http-apr-6060-exec-271] org.apache.catalina.core.ApplicationContext.log Manager: list: Listing contexts for virtual host 'localhost'
16-Oct-2020 20:31:57.396 INFO [http-apr-6060-exec-277] org.apache.catalina.core.ApplicationContext.log Manager: list: Listing contexts for virtual host 'localhost'
16-Oct-2020 20:31:57.421 INFO [http-apr-6060-exec-279] org.apache.catalina.core.ApplicationContext.log Manager: restart: Reloading web application '/sygealoc'
16-Oct-2020 20:33:09.189 INFO [http-apr-6060-exec-281] org.apache.catalina.core.ApplicationContext.log Manager: list: Listing contexts for virtual host 'localhost'
16-Oct-2020 20:33:09.212 INFO [http-apr-6060-exec-277] org.apache.catalina.core.ApplicationContext.log Manager: restart: Reloading web application '/sygealoc'
16-Oct-2020 20:33:16.164 INFO [http-apr-6060-exec-274] org.apache.catalina.core.ApplicationContext.log Manager: list: Listing contexts for virtual host 'localhost'
16-Oct-2020 20:33:16.181 INFO [http-apr-6060-exec-281] org.apache.catalina.core.ApplicationContext.log Manager: restart: Reloading web application '/sygealoc'
16-Oct-2020 20:33:53.491 INFO [http-apr-6060-exec-282] org.apache.catalina.core.ApplicationContext.log Manager: list: Listing contexts for virtual host 'localhost'
16-Oct-2020 20:33:53.521 INFO [http-apr-6060-exec-285] org.apache.catalina.core.ApplicationContext.log Manager: restart: Reloading web application '/sygealoc'
16-Oct-2020 20:34:01.095 INFO [http-apr-6060-exec-274] org.apache.catalina.core.ApplicationContext.log Manager: list: Listing contexts for virtual host 'localhost'
16-Oct-2020 20:34:01.112 INFO [http-apr-6060-exec-275] org.apache.catalina.core.ApplicationContext.log Manager: restart: Reloading web application '/sygealoc'
16-Oct-2020 20:36:10.020 INFO [http-apr-6060-exec-286] org.apache.catalina.core.ApplicationContext.log Manager: list: Listing contexts for virtual host 'localhost'
16-Oct-2020 20:36:10.051 INFO [http-apr-6060-exec-291] org.apache.catalina.core.ApplicationContext.log Manager: restart: Reloading web application '/sygealoc'
16-Oct-2020 20:36:22.104 INFO [http-apr-6060-exec-286] org.apache.catalina.core.ApplicationContext.log Manager: list: Listing contexts for virtual host 'localhost'
16-Oct-2020 20:36:22.126 INFO [http-apr-6060-exec-294] org.apache.catalina.core.ApplicationContext.log Manager: restart: Reloading web application '/sygealoc'
16-Oct-2020 20:36:39.047 INFO [http-apr-6060-exec-286] org.apache.catalina.core.ApplicationContext.log Manager: list: Listing contexts for virtual host 'localhost'
16-Oct-2020 20:36:39.064 INFO [http-apr-6060-exec-289] org.apache.catalina.core.ApplicationContext.log Manager: restart: Reloading web application '/sygealoc'
16-Oct-2020 20:36:55.156 INFO [http-apr-6060-exec-297] org.apache.catalina.core.ApplicationContext.log Manager: list: Listing contexts for virtual host 'localhost'
16-Oct-2020 20:36:55.164 INFO [http-apr-6060-exec-293] org.apache.catalina.core.ApplicationContext.log Manager: list: Listing contexts for virtual host 'localhost'
16-Oct-2020 20:36:57.637 INFO [http-apr-6060-exec-299] org.apache.catalina.core.ApplicationContext.log Manager: restart: Reloading web application '/sygealoc'
16-Oct-2020 20:37:42.158 INFO [http-apr-6060-exec-303] org.apache.catalina.core.ApplicationContext.log Manager: list: Listing contexts for virtual host 'localhost'
16-Oct-2020 20:38:11.087 INFO [http-apr-6060-exec-302] org.apache.catalina.core.ApplicationContext.log Manager: list: Listing contexts for virtual host 'localhost'
16-Oct-2020 20:38:24.351 INFO [http-apr-6060-exec-302] org.apache.catalina.core.ApplicationContext.log Manager: list: Listing contexts for virtual host 'localhost'
16-Oct-2020 20:38:33.075 INFO [389] org.apache.catalina.core.ApplicationContext.log Manager: list: Listing contexts for virtual host 'localhost'
16-Oct-2020 20:38:46.590 INFO [http-apr-6060-exec-306] org.apache.catalina.core.ApplicationContext.log Manager: list: Listing contexts for virtual host 'localhost'
16-Oct-2020 20:39:19.636 INFO [http-apr-6060-exec-303] org.apache.catalina.core.ApplicationContext.log Manager: list: Listing contexts for virtual host 'localhost'
16-Oct-2020 20:39:19.646 INFO [http-apr-6060-exec-307] org.apache.catalina.core.ApplicationContext.log Manager: list: Listing contexts for virtual host 'localhost'
16-Oct-2020 20:41:38.130 INFO [http-apr-6060-exec-303] org.apache.catalina.core.ApplicationContext.log Manager: list: Listing contexts for virtual host 'localhost'
16-Oct-2020 20:41:38.228 INFO [http-apr-6060-exec-307] org.apache.catalina.core.ApplicationContext.log Manager: restart: Reloading web application '/sygealoc'
16-Oct-2020 20:41:48.607 INFO [http-apr-6060-exec-308] org.apache.catalina.core.ApplicationContext.log Manager: list: Listing contexts for virtual host 'localhost'
16-Oct-2020 20:41:48.612 INFO [http-apr-6060-exec-309] org.apache.catalina.core.ApplicationContext.log Manager: list: Listing contexts for virtual host 'localhost'
16-Oct-2020 20:41:51.408 INFO [http-apr-6060-exec-305] org.apache.catalina.core.ApplicationContext.log Manager: restart: Reloading web application '/sygealoc'
16-Oct-2020 20:42:19.806 INFO [http-apr-6060-exec-320] org.apache.catalina.core.ApplicationContext.log Manager: list: Listing contexts for virtual host 'localhost'
16-Oct-2020 20:42:36.633 INFO [http-apr-6060-exec-314] org.apache.catalina.core.ApplicationContext.log Manager: list: Listing contexts for virtual host 'localhost'
16-Oct-2020 20:42:36.640 INFO [http-apr-6060-exec-315] org.apache.catalina.core.ApplicationContext.log Manager: list: Listing contexts for virtual host 'localhost'
16-Oct-2020 20:43:27.857 INFO [http-apr-6060-exec-322] org.apache.catalina.core.ApplicationContext.log Manager: list: Listing contexts for virtual host 'localhost'
16-Oct-2020 20:43:27.889 INFO [http-apr-6060-exec-313] org.apache.catalina.core.ApplicationContext.log Manager: restart: Reloading web application '/sygealoc'
16-Oct-2020 20:43:37.930 INFO [http-apr-6060-exec-316] org.apache.catalina.core.ApplicationContext.log Manager: list: Listing contexts for virtual host 'localhost'
16-Oct-2020 20:43:37.936 INFO [http-apr-6060-exec-319] org.apache.catalina.core.ApplicationContext.log Manager: list: Listing contexts for virtual host 'localhost'
16-Oct-2020 20:43:41.145 INFO [http-apr-6060-exec-322] org.apache.catalina.core.ApplicationContext.log Manager: restart: Reloading web application '/sygealoc'
16-Oct-2020 20:44:21.759 INFO [http-apr-6060-exec-325] org.apache.catalina.core.ApplicationContext.log Manager: list: Listing contexts for virtual host 'localhost'
16-Oct-2020 20:44:21.790 INFO [http-apr-6060-exec-329] org.apache.catalina.core.ApplicationContext.log Manager: restart: Reloading web application '/sygealoc'
16-Oct-2020 20:46:46.864 INFO [http-apr-6060-exec-334] org.apache.catalina.core.ApplicationContext.log Manager: list: Listing contexts for virtual host 'localhost'
16-Oct-2020 20:46:46.870 INFO [http-apr-6060-exec-327] org.apache.catalina.core.ApplicationContext.log Manager: list: Listing contexts for virtual host 'localhost'
16-Oct-2020 20:46:49.366 INFO [http-apr-6060-exec-337] org.apache.catalina.core.ApplicationContext.log Manager: restart: Reloading web application '/sygealoc'
16-Oct-2020 20:48:10.333 INFO [http-apr-6060-exec-332] org.apache.catalina.core.ApplicationContext.log Manager: list: Listing contexts for virtual host 'localhost'
16-Oct-2020 20:48:10.340 INFO [http-apr-6060-exec-341] org.apache.catalina.core.ApplicationContext.log Manager: list: Listing contexts for virtual host 'localhost'
16-Oct-2020 20:48:13.098 INFO [http-apr-6060-exec-342] org.apache.catalina.core.ApplicationContext.log Manager: restart: Reloading web application '/sygealoc'
16-Oct-2020 20:49:14.515 INFO [http-apr-6060-exec-344] org.apache.catalina.core.ApplicationContext.log Manager: list: Listing contexts for virtual host 'localhost'
16-Oct-2020 20:49:14.555 INFO [http-apr-6060-exec-332] org.apache.catalina.core.ApplicationContext.log Manager: list: Listing contexts for virtual host 'localhost'
16-Oct-2020 20:49:51.102 INFO [http-apr-6060-exec-349] org.apache.catalina.core.ApplicationContext.log Manager: list: Listing contexts for virtual host 'localhost'
16-Oct-2020 20:52:05.480 INFO [http-apr-6060-exec-356] org.apache.catalina.core.ApplicationContext.log Manager: list: Listing contexts for virtual host 'localhost'
16-Oct-2020 20:53:47.474 INFO [http-apr-6060-exec-354] org.apache.catalina.core.ApplicationContext.log Manager: list: Listing contexts for virtual host 'localhost'
16-Oct-2020 20:56:59.962 INFO [http-apr-6060-exec-354] org.apache.catalina.core.ApplicationContext.log Manager: list: Listing contexts for virtual host 'localhost'
16-Oct-2020 20:57:00.008 INFO [http-apr-6060-exec-348] org.apache.catalina.core.ApplicationContext.log Manager: restart: Reloading web application '/sygealoc'
16-Oct-2020 20:57:15.119 INFO [http-apr-6060-exec-356] org.apache.catalina.core.ApplicationContext.log Manager: list: Listing contexts for virtual host 'localhost'
16-Oct-2020 20:57:15.139 INFO [http-apr-6060-exec-357] org.apache.catalina.core.ApplicationContext.log Manager: restart: Reloading web application '/sygealoc'
16-Oct-2020 20:57:23.552 INFO [http-apr-6060-exec-353] org.apache.catalina.core.ApplicationContext.log Manager: list: Listing contexts for virtual host 'localhost'
16-Oct-2020 20:57:23.567 INFO [http-apr-6060-exec-356] org.apache.catalina.core.ApplicationContext.log Manager: restart: Reloading web application '/sygealoc'
16-Oct-2020 20:58:35.141 INFO [http-apr-6060-exec-350] org.apache.catalina.core.ApplicationContext.log Manager: list: Listing contexts for virtual host 'localhost'
16-Oct-2020 20:58:35.161 INFO [http-apr-6060-exec-362] org.apache.catalina.core.ApplicationContext.log Manager: restart: Reloading web application '/sygealoc'
16-Oct-2020 20:59:09.479 INFO [http-apr-6060-exec-364] org.apache.catalina.core.ApplicationContext.log Manager: list: Listing contexts for virtual host 'localhost'
16-Oct-2020 20:59:09.530 INFO [http-apr-6060-exec-360] org.apache.catalina.core.ApplicationContext.log Manager: restart: Reloading web application '/sygealoc'
16-Oct-2020 20:59:19.317 INFO [http-apr-6060-exec-353] org.apache.catalina.core.ApplicationContext.log Manager: list: Listing contexts for virtual host 'localhost'
16-Oct-2020 20:59:19.353 INFO [http-apr-6060-exec-364] org.apache.catalina.core.ApplicationContext.log Manager: restart: Reloading web application '/sygealoc'
16-Oct-2020 21:00:12.013 INFO [http-apr-6060-exec-359] org.apache.catalina.core.ApplicationContext.log Manager: list: Listing contexts for virtual host 'localhost'
16-Oct-2020 21:00:12.046 INFO [http-apr-6060-exec-365] org.apache.catalina.core.ApplicationContext.log Manager: restart: Reloading web application '/sygealoc'
16-Oct-2020 21:00:33.307 INFO [http-apr-6060-exec-368] org.apache.catalina.core.ApplicationContext.log Manager: list: Listing contexts for virtual host 'localhost'
16-Oct-2020 21:00:33.330 INFO [http-apr-6060-exec-369] org.apache.catalina.core.ApplicationContext.log Manager: restart: Reloading web application '/sygealoc'
16-Oct-2020 21:00:57.938 INFO [http-apr-6060-exec-359] org.apache.catalina.core.ApplicationContext.log Manager: list: Listing contexts for virtual host 'localhost'
16-Oct-2020 21:00:57.983 INFO [http-apr-6060-exec-370] org.apache.catalina.core.ApplicationContext.log Manager: restart: Reloading web application '/sygealoc'
16-Oct-2020 21:01:08.926 INFO [http-apr-6060-exec-372] org.apache.catalina.core.ApplicationContext.log Manager: list: Listing contexts for virtual host 'localhost'
16-Oct-2020 21:01:08.941 INFO [http-apr-6060-exec-367] org.apache.catalina.core.ApplicationContext.log Manager: restart: Reloading web application '/sygealoc'
16-Oct-2020 21:01:49.286 INFO [http-apr-6060-exec-374] org.apache.catalina.core.ApplicationContext.log Manager: list: Listing contexts for virtual host 'localhost'
16-Oct-2020 21:01:49.307 INFO [http-apr-6060-exec-368] org.apache.catalina.core.ApplicationContext.log Manager: restart: Reloading web application '/sygealoc'
16-Oct-2020 21:03:03.677 INFO [http-apr-6060-exec-377] org.apache.catalina.core.ApplicationContext.log Manager: list: Listing contexts for virtual host 'localhost'
16-Oct-2020 21:03:03.701 INFO [http-apr-6060-exec-378] org.apache.catalina.core.ApplicationContext.log Manager: restart: Reloading web application '/sygealoc'
16-Oct-2020 21:03:19.107 INFO [http-apr-6060-exec-379] org.apache.catalina.core.ApplicationContext.log Manager: list: Listing contexts for virtual host 'localhost'
16-Oct-2020 21:03:19.171 INFO [http-apr-6060-exec-380] org.apache.catalina.core.ApplicationContext.log Manager: restart: Reloading web application '/sygealoc'
16-Oct-2020 21:04:19.991 INFO [http-apr-6060-exec-377] org.apache.catalina.core.ApplicationContext.log Manager: list: Listing contexts for virtual host 'localhost'
16-Oct-2020 21:04:20.012 INFO [http-apr-6060-exec-376] org.apache.catalina.core.ApplicationContext.log Manager: restart: Reloading web application '/sygealoc'
16-Oct-2020 21:04:27.546 INFO [http-apr-6060-exec-372] org.apache.catalina.core.ApplicationContext.log Manager: list: Listing contexts for virtual host 'localhost'
16-Oct-2020 21:04:27.562 INFO [http-apr-6060-exec-381] org.apache.catalina.core.ApplicationContext.log Manager: restart: Reloading web application '/sygealoc'
16-Oct-2020 21:05:23.679 INFO [http-apr-6060-exec-385] org.apache.catalina.core.ApplicationContext.log Manager: list: Listing contexts for virtual host 'localhost'
16-Oct-2020 21:05:23.714 INFO [http-apr-6060-exec-380] org.apache.catalina.core.ApplicationContext.log Manager: restart: Reloading web application '/sygealoc'
16-Oct-2020 21:06:10.315 INFO [http-apr-6060-exec-384] org.apache.catalina.core.ApplicationContext.log Manager: list: Listing contexts for virtual host 'localhost'
16-Oct-2020 21:06:10.343 INFO [http-apr-6060-exec-387] org.apache.catalina.core.ApplicationContext.log Manager: restart: Reloading web application '/sygealoc'
16-Oct-2020 21:06:24.172 INFO [514] org.apache.catalina.core.ApplicationContext.log Manager: list: Listing contexts for virtual host 'localhost'
16-Oct-2020 21:06:24.186 INFO [http-apr-6060-exec-391] org.apache.catalina.core.ApplicationContext.log Manager: list: Listing contexts for virtual host 'localhost'
16-Oct-2020 21:06:26.996 INFO [http-apr-6060-exec-390] org.apache.catalina.core.ApplicationContext.log Manager: restart: Reloading web application '/sygealoc'
16-Oct-2020 21:07:08.982 INFO [http-apr-6060-exec-395] org.apache.catalina.core.ApplicationContext.log Manager: list: Listing contexts for virtual host 'localhost'
16-Oct-2020 21:07:09.009 INFO [http-apr-6060-exec-382] org.apache.catalina.core.ApplicationContext.log Manager: restart: Reloading web application '/sygealoc'
16-Oct-2020 21:07:37.022 INFO [http-apr-6060-exec-400] org.apache.catalina.core.ApplicationContext.log Manager: list: Listing contexts for virtual host 'localhost'
16-Oct-2020 21:08:38.333 INFO [http-apr-6060-exec-401] org.apache.catalina.core.ApplicationContext.log Manager: list: Listing contexts for virtual host 'localhost'
16-Oct-2020 21:08:38.340 INFO [http-apr-6060-exec-403] org.apache.catalina.core.ApplicationContext.log Manager: list: Listing contexts for virtual host 'localhost'
16-Oct-2020 21:08:42.655 INFO [http-apr-6060-exec-399] org.apache.catalina.core.ApplicationContext.log Manager: restart: Reloading web application '/sygealoc'
16-Oct-2020 21:10:51.917 INFO [http-apr-6060-exec-408] org.apache.catalina.core.ApplicationContext.log Manager: list: Listing contexts for virtual host 'localhost'
16-Oct-2020 21:10:59.780 INFO [http-apr-6060-exec-412] org.apache.catalina.core.ApplicationContext.log Manager: list: Listing contexts for virtual host 'localhost'
16-Oct-2020 21:11:47.473 INFO [http-apr-6060-exec-405] org.apache.catalina.core.ApplicationContext.log Manager: list: Listing contexts for virtual host 'localhost'
16-Oct-2020 21:11:47.479 INFO [http-apr-6060-exec-409] org.apache.catalina.core.ApplicationContext.log Manager: list: Listing contexts for virtual host 'localhost'
16-Oct-2020 21:13:51.608 INFO [http-apr-6060-exec-412] org.apache.catalina.core.ApplicationContext.log Manager: list: Listing contexts for virtual host 'localhost'
16-Oct-2020 21:13:51.613 INFO [http-apr-6060-exec-413] org.apache.catalina.core.ApplicationContext.log Manager: list: Listing contexts for virtual host 'localhost'
16-Oct-2020 21:15:06.621 INFO [http-apr-6060-exec-413] org.apache.catalina.core.ApplicationContext.log Manager: list: Listing contexts for virtual host 'localhost'
16-Oct-2020 21:15:06.652 INFO [http-apr-6060-exec-407] org.apache.catalina.core.ApplicationContext.log Manager: restart: Reloading web application '/sygealoc'
16-Oct-2020 21:15:20.551 INFO [http-apr-6060-exec-406] org.apache.catalina.core.ApplicationContext.log Manager: list: Listing contexts for virtual host 'localhost'
16-Oct-2020 21:15:20.568 INFO [http-apr-6060-exec-405] org.apache.catalina.core.ApplicationContext.log Manager: restart: Reloading web application '/sygealoc'
16-Oct-2020 21:15:38.966 INFO [http-apr-6060-exec-419] org.apache.catalina.core.ApplicationContext.log Manager: list: Listing contexts for virtual host 'localhost'
16-Oct-2020 21:15:38.971 INFO [http-apr-6060-exec-416] org.apache.catalina.core.ApplicationContext.log Manager: list: Listing contexts for virtual host 'localhost'
16-Oct-2020 21:15:41.739 INFO [http-apr-6060-exec-418] org.apache.catalina.core.ApplicationContext.log Manager: restart: Reloading web application '/sygealoc'
16-Oct-2020 21:17:15.316 INFO [http-apr-6060-exec-423] org.apache.catalina.core.ApplicationContext.log Manager: list: Listing contexts for virtual host 'localhost'
16-Oct-2020 21:17:15.325 INFO [http-apr-6060-exec-426] org.apache.catalina.core.ApplicationContext.log Manager: list: Listing contexts for virtual host 'localhost'
16-Oct-2020 21:17:58.421 INFO [http-apr-6060-exec-426] org.apache.catalina.core.ApplicationContext.log Manager: list: Listing contexts for virtual host 'localhost'
16-Oct-2020 21:17:58.426 INFO [http-apr-6060-exec-427] org.apache.catalina.core.ApplicationContext.log Manager: list: Listing contexts for virtual host 'localhost'
16-Oct-2020 21:18:24.529 INFO [http-apr-6060-exec-428] org.apache.catalina.core.ApplicationContext.log Manager: list: Listing contexts for virtual host 'localhost'
16-Oct-2020 21:18:24.568 INFO [http-apr-6060-exec-422] org.apache.catalina.core.ApplicationContext.log Manager: restart: Reloading web application '/sygealoc'
16-Oct-2020 21:18:47.125 INFO [http-apr-6060-exec-423] org.apache.catalina.core.ApplicationContext.log Manager: list: Listing contexts for virtual host 'localhost'
16-Oct-2020 21:18:47.131 INFO [http-apr-6060-exec-429] org.apache.catalina.core.ApplicationContext.log Manager: list: Listing contexts for virtual host 'localhost'
16-Oct-2020 21:18:49.568 INFO [http-apr-6060-exec-431] org.apache.catalina.core.ApplicationContext.log Manager: restart: Reloading web application '/sygealoc'
16-Oct-2020 21:19:29.952 INFO [http-apr-6060-exec-435] org.apache.catalina.core.ApplicationContext.log Manager: list: Listing contexts for virtual host 'localhost'
16-Oct-2020 21:19:29.960 INFO [http-apr-6060-exec-436] org.apache.catalina.core.ApplicationContext.log Manager: list: Listing contexts for virtual host 'localhost'
16-Oct-2020 21:19:32.871 INFO [http-apr-6060-exec-438] org.apache.catalina.core.ApplicationContext.log Manager: restart: Reloading web application '/sygealoc'
16-Oct-2020 21:19:58.366 INFO [http-apr-6060-exec-444] org.apache.catalina.core.ApplicationContext.log Manager: list: Listing contexts for virtual host 'localhost'
16-Oct-2020 21:19:58.374 INFO [http-apr-6060-exec-421] org.apache.catalina.core.ApplicationContext.log Manager: list: Listing contexts for virtual host 'localhost'
16-Oct-2020 21:22:52.766 INFO [http-apr-6060-exec-442] org.apache.catalina.core.ApplicationContext.log Manager: list: Listing contexts for virtual host 'localhost'
16-Oct-2020 21:23:02.025 INFO [http-apr-6060-exec-441] org.apache.catalina.core.ApplicationContext.log Manager: list: Listing contexts for virtual host 'localhost'
16-Oct-2020 21:23:25.267 INFO [http-apr-6060-exec-440] org.apache.catalina.core.ApplicationContext.log Manager: list: Listing contexts for virtual host 'localhost'
16-Oct-2020 21:23:25.277 INFO [http-apr-6060-exec-441] org.apache.catalina.core.ApplicationContext.log Manager: list: Listing contexts for virtual host 'localhost'
16-Oct-2020 21:23:57.301 INFO [http-apr-6060-exec-447] org.apache.catalina.core.ApplicationContext.log Manager: list: Listing contexts for virtual host 'localhost'
16-Oct-2020 21:23:57.306 INFO [http-apr-6060-exec-440] org.apache.catalina.core.ApplicationContext.log Manager: list: Listing contexts for virtual host 'localhost'
16-Oct-2020 21:24:16.317 INFO [http-apr-6060-exec-444] org.apache.catalina.core.ApplicationContext.log Manager: list: Listing contexts for virtual host 'localhost'
16-Oct-2020 21:24:16.380 INFO [http-apr-6060-exec-449] org.apache.catalina.core.ApplicationContext.log Manager: undeploy: Undeploying web application at '/sygealoc'
16-Oct-2020 21:27:17.414 INFO [http-apr-6060-exec-451] org.apache.catalina.core.ApplicationContext.log Manager: list: Listing contexts for virtual host 'localhost'
16-Oct-2020 21:27:17.438 INFO [http-apr-6060-exec-452] org.apache.catalina.core.ApplicationContext.log Manager: list: Listing contexts for virtual host 'localhost'
16-Oct-2020 21:27:17.756 INFO [http-apr-6060-exec-445] org.apache.catalina.core.ApplicationContext.log Manager: install: Installing context configuration at 'file:/C:/Users/NHELTECH/AppData/Local/Temp/context6134869193145749914.xml'
16-Oct-2020 21:27:38.059 INFO [http-apr-6060-exec-442] org.apache.catalina.core.ApplicationContext.log Manager: start: Starting web application '/sygealoc'
16-Oct-2020 21:31:44.960 INFO [http-apr-6060-exec-457] org.apache.catalina.core.ApplicationContext.log Manager: list: Listing contexts for virtual host 'localhost'
16-Oct-2020 21:31:56.142 INFO [http-apr-6060-exec-459] org.apache.catalina.core.ApplicationContext.log Manager: list: Listing contexts for virtual host 'localhost'
16-Oct-2020 21:31:56.159 INFO [http-apr-6060-exec-454] org.apache.catalina.core.ApplicationContext.log Manager: list: Listing contexts for virtual host 'localhost'
16-Oct-2020 21:32:19.415 INFO [http-apr-6060-exec-456] org.apache.catalina.core.ApplicationContext.log Manager: list: Listing contexts for virtual host 'localhost'
16-Oct-2020 21:32:19.743 INFO [http-apr-6060-exec-452] org.apache.catalina.core.ApplicationContext.log Manager: undeploy: Undeploying web application at '/sygealoc'
16-Oct-2020 21:35:29.833 INFO [http-apr-6060-exec-455] org.apache.catalina.core.ApplicationContext.log Manager: list: Listing contexts for virtual host 'localhost'
16-Oct-2020 21:35:29.842 INFO [http-apr-6060-exec-460] org.apache.catalina.core.ApplicationContext.log Manager: list: Listing contexts for virtual host 'localhost'
16-Oct-2020 21:35:29.908 INFO [http-apr-6060-exec-462] org.apache.catalina.core.ApplicationContext.log Manager: install: Installing context configuration at 'file:/C:/Users/NHELTECH/AppData/Local/Temp/context3043999738260479883.xml'
16-Oct-2020 21:35:46.908 INFO [http-apr-6060-exec-461] org.apache.catalina.core.ApplicationContext.log Manager: start: Starting web application '/sygealoc'
16-Oct-2020 21:45:28.838 INFO [http-apr-6060-exec-464] org.apache.catalina.core.ApplicationContext.log Manager: list: Listing contexts for virtual host 'localhost'
16-Oct-2020 21:45:37.558 INFO [http-apr-6060-exec-464] org.apache.catalina.core.ApplicationContext.log Manager: list: Listing contexts for virtual host 'localhost'
16-Oct-2020 21:46:17.623 INFO [http-apr-6060-exec-463] org.apache.catalina.core.ApplicationContext.log Manager: list: Listing contexts for virtual host 'localhost'
16-Oct-2020 21:46:17.664 INFO [http-apr-6060-exec-467] org.apache.catalina.core.ApplicationContext.log Manager: undeploy: Undeploying web application at '/sygealoc'
