30-Jan-2021 16:09:01.904 INFO [http-apr-6060-exec-3] org.apache.catalina.core.ApplicationContext.log Manager: init: Associated with Deployer 'Catalina:type=Deployer,host=localhost'
30-Jan-2021 16:09:01.905 INFO [http-apr-6060-exec-3] org.apache.catalina.core.ApplicationContext.log Manager: init: Global resources are available
30-Jan-2021 16:09:01.908 INFO [http-apr-6060-exec-3] org.apache.catalina.core.ApplicationContext.log Manager: list: Listing contexts for virtual host 'localhost'
30-Jan-2021 16:09:01.931 INFO [http-apr-6060-exec-1] org.apache.catalina.core.ApplicationContext.log Manager: list: Listing contexts for virtual host 'localhost'
30-Jan-2021 16:09:02.005 INFO [http-apr-6060-exec-10] org.apache.catalina.core.ApplicationContext.log Manager: install: Installing context configuration at 'file:/C:/Users/NHELTECH/AppData/Local/Temp/context9179251217707208497.xml'
30-Jan-2021 16:09:13.832 INFO [http-apr-6060-exec-8] org.apache.catalina.core.ApplicationContext.log Manager: start: Starting web application '/sygealoc'
30-Jan-2021 16:10:26.722 INFO [http-apr-6060-exec-7] org.apache.catalina.core.ApplicationContext.log Manager: list: Listing contexts for virtual host 'localhost'
30-Jan-2021 16:12:32.947 INFO [http-apr-6060-exec-10] org.apache.catalina.core.ApplicationContext.log Manager: list: Listing contexts for virtual host 'localhost'
30-Jan-2021 16:12:33.015 INFO [http-apr-6060-exec-2] org.apache.catalina.core.ApplicationContext.log Manager: restart: Reloading web application '/sygealoc'
30-Jan-2021 16:13:19.045 INFO [http-apr-6060-exec-11] org.apache.catalina.core.ApplicationContext.log Manager: list: Listing contexts for virtual host 'localhost'
30-Jan-2021 16:13:19.054 INFO [http-apr-6060-exec-4] org.apache.catalina.core.ApplicationContext.log Manager: list: Listing contexts for virtual host 'localhost'
30-Jan-2021 16:13:21.329 INFO [http-apr-6060-exec-12] org.apache.catalina.core.ApplicationContext.log Manager: restart: Reloading web application '/sygealoc'
30-Jan-2021 16:14:16.622 INFO [http-apr-6060-exec-19] org.apache.catalina.core.ApplicationContext.log Manager: list: Listing contexts for virtual host 'localhost'
30-Jan-2021 16:15:33.403 INFO [http-apr-6060-exec-15] org.apache.catalina.core.ApplicationContext.log Manager: list: Listing contexts for virtual host 'localhost'
30-Jan-2021 16:15:33.433 INFO [http-apr-6060-exec-22] org.apache.catalina.core.ApplicationContext.log Manager: restart: Reloading web application '/sygealoc'
30-Jan-2021 16:15:44.460 INFO [http-apr-6060-exec-23] org.apache.catalina.core.ApplicationContext.log Manager: list: Listing contexts for virtual host 'localhost'
30-Jan-2021 16:15:44.471 INFO [http-apr-6060-exec-16] org.apache.catalina.core.ApplicationContext.log Manager: list: Listing contexts for virtual host 'localhost'
30-Jan-2021 16:15:49.530 INFO [http-apr-6060-exec-26] org.apache.catalina.core.ApplicationContext.log Manager: restart: Reloading web application '/sygealoc'
30-Jan-2021 16:16:19.035 INFO [http-apr-6060-exec-32] org.apache.catalina.core.ApplicationContext.log Manager: list: Listing contexts for virtual host 'localhost'
30-Jan-2021 16:19:31.937 INFO [http-apr-6060-exec-27] org.apache.catalina.core.ApplicationContext.log Manager: list: Listing contexts for virtual host 'localhost'
30-Jan-2021 16:19:49.225 INFO [http-apr-6060-exec-27] org.apache.catalina.core.ApplicationContext.log Manager: list: Listing contexts for virtual host 'localhost'
30-Jan-2021 16:20:37.812 INFO [http-apr-6060-exec-29] org.apache.catalina.core.ApplicationContext.log Manager: list: Listing contexts for virtual host 'localhost'
30-Jan-2021 16:21:24.624 INFO [http-apr-6060-exec-29] org.apache.catalina.core.ApplicationContext.log Manager: list: Listing contexts for virtual host 'localhost'
30-Jan-2021 16:22:04.134 INFO [http-apr-6060-exec-28] org.apache.catalina.core.ApplicationContext.log Manager: list: Listing contexts for virtual host 'localhost'
30-Jan-2021 16:24:33.795 INFO [http-apr-6060-exec-30] org.apache.catalina.core.ApplicationContext.log Manager: list: Listing contexts for virtual host 'localhost'
30-Jan-2021 16:25:46.616 INFO [http-apr-6060-exec-30] org.apache.catalina.core.ApplicationContext.log Manager: list: Listing contexts for virtual host 'localhost'
30-Jan-2021 16:26:35.549 INFO [http-apr-6060-exec-30] org.apache.catalina.core.ApplicationContext.log Manager: list: Listing contexts for virtual host 'localhost'
30-Jan-2021 16:26:35.615 INFO [http-apr-6060-exec-29] org.apache.catalina.core.ApplicationContext.log Manager: restart: Reloading web application '/sygealoc'
30-Jan-2021 16:26:44.082 INFO [http-apr-6060-exec-33] org.apache.catalina.core.ApplicationContext.log Manager: list: Listing contexts for virtual host 'localhost'
30-Jan-2021 16:26:46.143 INFO [http-apr-6060-exec-36] org.apache.catalina.core.ApplicationContext.log Manager: undeploy: Undeploying web application at '/sygealoc'
30-Jan-2021 16:27:11.118 INFO [http-apr-6060-exec-33] org.apache.catalina.core.ApplicationContext.log Manager: list: Listing contexts for virtual host 'localhost'
30-Jan-2021 16:30:50.873 INFO [75] org.apache.catalina.core.ApplicationContext.log Manager: list: Listing contexts for virtual host 'localhost'
30-Jan-2021 16:30:50.882 INFO [http-apr-6060-exec-39] org.apache.catalina.core.ApplicationContext.log Manager: list: Listing contexts for virtual host 'localhost'
30-Jan-2021 16:30:50.971 INFO [http-apr-6060-exec-40] org.apache.catalina.core.ApplicationContext.log Manager: install: Installing context configuration at 'file:/C:/Users/NHELTECH/AppData/Local/Temp/context5947983736036849320.xml'
30-Jan-2021 16:31:00.310 INFO [http-apr-6060-exec-41] org.apache.catalina.core.ApplicationContext.log Manager: start: Starting web application '/sygealoc'
30-Jan-2021 16:31:29.279 INFO [http-apr-6060-exec-48] org.apache.catalina.core.ApplicationContext.log Manager: list: Listing contexts for virtual host 'localhost'
30-Jan-2021 16:33:40.878 INFO [http-apr-6060-exec-47] org.apache.catalina.core.ApplicationContext.log Manager: list: Listing contexts for virtual host 'localhost'
30-Jan-2021 16:34:03.256 INFO [http-apr-6060-exec-39] org.apache.catalina.core.ApplicationContext.log Manager: list: Listing contexts for virtual host 'localhost'
30-Jan-2021 16:35:45.003 INFO [http-apr-6060-exec-39] org.apache.catalina.core.ApplicationContext.log Manager: list: Listing contexts for virtual host 'localhost'
30-Jan-2021 16:36:02.098 INFO [http-apr-6060-exec-43] org.apache.catalina.core.ApplicationContext.log Manager: list: Listing contexts for virtual host 'localhost'
30-Jan-2021 16:37:04.940 INFO [http-apr-6060-exec-42] org.apache.catalina.core.ApplicationContext.log Manager: list: Listing contexts for virtual host 'localhost'
30-Jan-2021 16:37:05.483 INFO [http-apr-6060-exec-43] org.apache.catalina.core.ApplicationContext.log Manager: list: Listing contexts for virtual host 'localhost'
30-Jan-2021 16:37:14.903 INFO [http-apr-6060-exec-42] org.apache.catalina.core.ApplicationContext.log Manager: list: Listing contexts for virtual host 'localhost'
30-Jan-2021 16:37:50.334 INFO [http-apr-6060-exec-43] org.apache.catalina.core.ApplicationContext.log Manager: list: Listing contexts for virtual host 'localhost'
30-Jan-2021 16:37:55.954 INFO [http-apr-6060-exec-40] org.apache.catalina.core.ApplicationContext.log Manager: list: Listing contexts for virtual host 'localhost'
30-Jan-2021 16:39:30.351 INFO [http-apr-6060-exec-40] org.apache.catalina.core.ApplicationContext.log Manager: list: Listing contexts for virtual host 'localhost'
30-Jan-2021 16:39:42.193 INFO [http-apr-6060-exec-47] org.apache.catalina.core.ApplicationContext.log Manager: list: Listing contexts for virtual host 'localhost'
30-Jan-2021 16:39:59.396 INFO [http-apr-6060-exec-43] org.apache.catalina.core.ApplicationContext.log Manager: list: Listing contexts for virtual host 'localhost'
30-Jan-2021 16:40:22.936 INFO [http-apr-6060-exec-41] org.apache.catalina.core.ApplicationContext.log Manager: list: Listing contexts for virtual host 'localhost'
30-Jan-2021 16:41:47.425 INFO [http-apr-6060-exec-41] org.apache.catalina.core.ApplicationContext.log Manager: list: Listing contexts for virtual host 'localhost'
30-Jan-2021 16:41:47.456 INFO [http-apr-6060-exec-39] org.apache.catalina.core.ApplicationContext.log Manager: restart: Reloading web application '/sygealoc'
30-Jan-2021 16:42:21.043 INFO [http-apr-6060-exec-49] org.apache.catalina.core.ApplicationContext.log Manager: list: Listing contexts for virtual host 'localhost'
30-Jan-2021 16:42:21.054 INFO [http-apr-6060-exec-48] org.apache.catalina.core.ApplicationContext.log Manager: list: Listing contexts for virtual host 'localhost'
30-Jan-2021 16:42:24.196 INFO [http-apr-6060-exec-50] org.apache.catalina.core.ApplicationContext.log Manager: restart: Reloading web application '/sygealoc'
30-Jan-2021 16:43:03.962 INFO [http-apr-6060-exec-53] org.apache.catalina.core.ApplicationContext.log Manager: list: Listing contexts for virtual host 'localhost'
30-Jan-2021 16:43:10.823 INFO [http-apr-6060-exec-60] org.apache.catalina.core.ApplicationContext.log Manager: list: Listing contexts for virtual host 'localhost'
30-Jan-2021 16:43:37.315 INFO [http-apr-6060-exec-53] org.apache.catalina.core.ApplicationContext.log Manager: list: Listing contexts for virtual host 'localhost'
30-Jan-2021 16:46:13.210 INFO [http-apr-6060-exec-54] org.apache.catalina.core.ApplicationContext.log Manager: list: Listing contexts for virtual host 'localhost'
30-Jan-2021 16:47:32.259 INFO [http-apr-6060-exec-56] org.apache.catalina.core.ApplicationContext.log Manager: list: Listing contexts for virtual host 'localhost'
30-Jan-2021 16:47:32.294 INFO [http-apr-6060-exec-61] org.apache.catalina.core.ApplicationContext.log Manager: restart: Reloading web application '/sygealoc'
30-Jan-2021 16:48:14.795 INFO [http-apr-6060-exec-62] org.apache.catalina.core.ApplicationContext.log Manager: list: Listing contexts for virtual host 'localhost'
30-Jan-2021 16:48:14.840 INFO [http-apr-6060-exec-52] org.apache.catalina.core.ApplicationContext.log Manager: undeploy: Undeploying web application at '/sygealoc'
30-Jan-2021 16:52:23.215 INFO [http-apr-6060-exec-67] org.apache.catalina.core.ApplicationContext.log Manager: list: Listing contexts for virtual host 'localhost'
30-Jan-2021 16:52:23.235 INFO [http-apr-6060-exec-66] org.apache.catalina.core.ApplicationContext.log Manager: list: Listing contexts for virtual host 'localhost'
30-Jan-2021 16:52:23.294 INFO [http-apr-6060-exec-68] org.apache.catalina.core.ApplicationContext.log Manager: install: Installing context configuration at 'file:/C:/Users/NHELTECH/AppData/Local/Temp/context1227553262545395635.xml'
30-Jan-2021 16:52:38.432 INFO [118] org.apache.catalina.core.ApplicationContext.log Manager: start: Starting web application '/sygealoc'
30-Jan-2021 16:53:26.865 INFO [http-apr-6060-exec-73] org.apache.catalina.core.ApplicationContext.log Manager: list: Listing contexts for virtual host 'localhost'
30-Jan-2021 16:54:13.004 INFO [http-apr-6060-exec-71] org.apache.catalina.core.ApplicationContext.log Manager: list: Listing contexts for virtual host 'localhost'
30-Jan-2021 16:55:12.804 INFO [http-apr-6060-exec-65] org.apache.catalina.core.ApplicationContext.log Manager: list: Listing contexts for virtual host 'localhost'
30-Jan-2021 16:55:12.863 INFO [http-apr-6060-exec-69] org.apache.catalina.core.ApplicationContext.log Manager: undeploy: Undeploying web application at '/sygealoc'
