15-Oct-2020 17:25:56.514 INFO [http-apr-6060-exec-21] org.apache.catalina.core.ApplicationContext.log Manager: init: Associated with Deployer 'Catalina:type=Deployer,host=localhost'
15-Oct-2020 17:25:56.515 INFO [http-apr-6060-exec-21] org.apache.catalina.core.ApplicationContext.log Manager: init: Global resources are available
15-Oct-2020 17:25:56.518 INFO [http-apr-6060-exec-21] org.apache.catalina.core.ApplicationContext.log Manager: list: Listing contexts for virtual host 'localhost'
15-Oct-2020 17:25:56.544 INFO [http-apr-6060-exec-22] org.apache.catalina.core.ApplicationContext.log Manager: list: Listing contexts for virtual host 'localhost'
15-Oct-2020 17:25:59.032 INFO [http-apr-6060-exec-11] org.apache.catalina.core.ApplicationContext.log Manager: undeploy: Undeploying web application at '/sygealoc'
15-Oct-2020 17:25:59.580 INFO [http-apr-6060-exec-15] org.apache.catalina.core.ApplicationContext.log Manager: install: Installing context configuration at 'file:/C:/Users/NHELTECH/AppData/Local/Temp/context1080369954305728646.xml'
15-Oct-2020 17:28:15.361 INFO [http-apr-6060-exec-22] org.apache.catalina.core.ApplicationContext.log Manager: list: Listing contexts for virtual host 'localhost'
15-Oct-2020 17:29:48.758 INFO [http-apr-6060-exec-30] org.apache.catalina.core.ApplicationContext.log Manager: list: Listing contexts for virtual host 'localhost'
15-Oct-2020 19:06:13.383 INFO [http-apr-6060-exec-21] org.apache.catalina.core.ApplicationContext.log Manager: list: Listing contexts for virtual host 'localhost'
15-Oct-2020 19:06:46.400 INFO [http-apr-6060-exec-21] org.apache.catalina.core.ApplicationContext.log Manager: list: Listing contexts for virtual host 'localhost'
15-Oct-2020 19:07:52.756 INFO [http-apr-6060-exec-26] org.apache.catalina.core.ApplicationContext.log Manager: list: Listing contexts for virtual host 'localhost'
15-Oct-2020 19:08:37.311 INFO [http-apr-6060-exec-27] org.apache.catalina.core.ApplicationContext.log Manager: list: Listing contexts for virtual host 'localhost'
15-Oct-2020 19:09:24.748 INFO [http-apr-6060-exec-23] org.apache.catalina.core.ApplicationContext.log Manager: list: Listing contexts for virtual host 'localhost'
15-Oct-2020 19:09:34.962 INFO [http-apr-6060-exec-23] org.apache.catalina.core.ApplicationContext.log Manager: list: Listing contexts for virtual host 'localhost'
15-Oct-2020 19:10:08.868 INFO [http-apr-6060-exec-29] org.apache.catalina.core.ApplicationContext.log Manager: list: Listing contexts for virtual host 'localhost'
15-Oct-2020 19:10:38.354 INFO [http-apr-6060-exec-28] org.apache.catalina.core.ApplicationContext.log Manager: list: Listing contexts for virtual host 'localhost'
15-Oct-2020 19:10:53.843 INFO [http-apr-6060-exec-22] org.apache.catalina.core.ApplicationContext.log Manager: list: Listing contexts for virtual host 'localhost'
15-Oct-2020 19:11:18.897 INFO [http-apr-6060-exec-24] org.apache.catalina.core.ApplicationContext.log Manager: list: Listing contexts for virtual host 'localhost'
15-Oct-2020 19:11:43.905 INFO [http-apr-6060-exec-24] org.apache.catalina.core.ApplicationContext.log Manager: list: Listing contexts for virtual host 'localhost'
15-Oct-2020 19:12:21.142 INFO [http-apr-6060-exec-28] org.apache.catalina.core.ApplicationContext.log Manager: list: Listing contexts for virtual host 'localhost'
15-Oct-2020 19:12:59.990 INFO [http-apr-6060-exec-21] org.apache.catalina.core.ApplicationContext.log Manager: list: Listing contexts for virtual host 'localhost'
15-Oct-2020 19:13:18.362 INFO [http-apr-6060-exec-27] org.apache.catalina.core.ApplicationContext.log Manager: list: Listing contexts for virtual host 'localhost'
15-Oct-2020 19:13:28.079 INFO [http-apr-6060-exec-24] org.apache.catalina.core.ApplicationContext.log Manager: list: Listing contexts for virtual host 'localhost'
15-Oct-2020 19:15:21.798 INFO [http-apr-6060-exec-21] org.apache.catalina.core.ApplicationContext.log Manager: list: Listing contexts for virtual host 'localhost'
15-Oct-2020 19:16:10.586 INFO [http-apr-6060-exec-27] org.apache.catalina.core.ApplicationContext.log Manager: list: Listing contexts for virtual host 'localhost'
15-Oct-2020 19:16:57.139 INFO [http-apr-6060-exec-26] org.apache.catalina.core.ApplicationContext.log Manager: list: Listing contexts for virtual host 'localhost'
15-Oct-2020 19:17:20.730 INFO [http-apr-6060-exec-21] org.apache.catalina.core.ApplicationContext.log Manager: list: Listing contexts for virtual host 'localhost'
15-Oct-2020 19:17:25.718 INFO [http-apr-6060-exec-30] org.apache.catalina.core.ApplicationContext.log Manager: list: Listing contexts for virtual host 'localhost'
15-Oct-2020 19:17:45.966 INFO [http-apr-6060-exec-23] org.apache.catalina.core.ApplicationContext.log Manager: list: Listing contexts for virtual host 'localhost'
15-Oct-2020 19:18:54.188 INFO [http-apr-6060-exec-24] org.apache.catalina.core.ApplicationContext.log Manager: list: Listing contexts for virtual host 'localhost'
15-Oct-2020 19:19:52.699 INFO [http-apr-6060-exec-23] org.apache.catalina.core.ApplicationContext.log Manager: list: Listing contexts for virtual host 'localhost'
15-Oct-2020 19:20:02.307 INFO [http-apr-6060-exec-23] org.apache.catalina.core.ApplicationContext.log Manager: list: Listing contexts for virtual host 'localhost'
15-Oct-2020 19:20:31.044 INFO [http-apr-6060-exec-23] org.apache.catalina.core.ApplicationContext.log Manager: list: Listing contexts for virtual host 'localhost'
15-Oct-2020 19:21:40.977 INFO [http-apr-6060-exec-21] org.apache.catalina.core.ApplicationContext.log Manager: list: Listing contexts for virtual host 'localhost'
15-Oct-2020 19:22:19.801 INFO [http-apr-6060-exec-26] org.apache.catalina.core.ApplicationContext.log Manager: list: Listing contexts for virtual host 'localhost'
15-Oct-2020 19:22:31.590 INFO [http-apr-6060-exec-26] org.apache.catalina.core.ApplicationContext.log Manager: list: Listing contexts for virtual host 'localhost'
15-Oct-2020 19:25:37.998 INFO [http-apr-6060-exec-28] org.apache.catalina.core.ApplicationContext.log Manager: list: Listing contexts for virtual host 'localhost'
15-Oct-2020 19:27:34.024 INFO [http-apr-6060-exec-26] org.apache.catalina.core.ApplicationContext.log Manager: list: Listing contexts for virtual host 'localhost'
15-Oct-2020 19:28:32.528 INFO [http-apr-6060-exec-30] org.apache.catalina.core.ApplicationContext.log Manager: list: Listing contexts for virtual host 'localhost'
15-Oct-2020 19:28:59.367 INFO [http-apr-6060-exec-24] org.apache.catalina.core.ApplicationContext.log Manager: list: Listing contexts for virtual host 'localhost'
15-Oct-2020 19:29:11.613 INFO [http-apr-6060-exec-24] org.apache.catalina.core.ApplicationContext.log Manager: list: Listing contexts for virtual host 'localhost'
15-Oct-2020 19:29:18.443 INFO [http-apr-6060-exec-24] org.apache.catalina.core.ApplicationContext.log Manager: list: Listing contexts for virtual host 'localhost'
15-Oct-2020 19:29:59.431 INFO [http-apr-6060-exec-25] org.apache.catalina.core.ApplicationContext.log Manager: list: Listing contexts for virtual host 'localhost'
15-Oct-2020 19:31:40.501 INFO [http-apr-6060-exec-23] org.apache.catalina.core.ApplicationContext.log Manager: list: Listing contexts for virtual host 'localhost'
15-Oct-2020 19:37:57.109 INFO [http-apr-6060-exec-23] org.apache.catalina.core.ApplicationContext.log Manager: list: Listing contexts for virtual host 'localhost'
15-Oct-2020 19:38:02.751 INFO [http-apr-6060-exec-23] org.apache.catalina.core.ApplicationContext.log Manager: list: Listing contexts for virtual host 'localhost'
15-Oct-2020 19:49:47.221 INFO [http-apr-6060-exec-27] org.apache.catalina.core.ApplicationContext.log Manager: list: Listing contexts for virtual host 'localhost'
15-Oct-2020 19:51:00.443 INFO [http-apr-6060-exec-22] org.apache.catalina.core.ApplicationContext.log Manager: list: Listing contexts for virtual host 'localhost'
15-Oct-2020 19:54:09.343 INFO [http-apr-6060-exec-29] org.apache.catalina.core.ApplicationContext.log Manager: list: Listing contexts for virtual host 'localhost'
15-Oct-2020 19:55:42.999 INFO [http-apr-6060-exec-29] org.apache.catalina.core.ApplicationContext.log Manager: list: Listing contexts for virtual host 'localhost'
15-Oct-2020 20:03:24.225 INFO [http-apr-6060-exec-28] org.apache.catalina.core.ApplicationContext.log Manager: list: Listing contexts for virtual host 'localhost'
15-Oct-2020 20:08:02.153 INFO [http-apr-6060-exec-24] org.apache.catalina.core.ApplicationContext.log Manager: list: Listing contexts for virtual host 'localhost'
15-Oct-2020 20:11:21.352 INFO [http-apr-6060-exec-24] org.apache.catalina.core.ApplicationContext.log Manager: list: Listing contexts for virtual host 'localhost'
15-Oct-2020 20:13:40.135 INFO [http-apr-6060-exec-24] org.apache.catalina.core.ApplicationContext.log Manager: list: Listing contexts for virtual host 'localhost'
15-Oct-2020 20:14:35.640 INFO [http-apr-6060-exec-30] org.apache.catalina.core.ApplicationContext.log Manager: list: Listing contexts for virtual host 'localhost'
15-Oct-2020 20:15:04.206 INFO [http-apr-6060-exec-30] org.apache.catalina.core.ApplicationContext.log Manager: list: Listing contexts for virtual host 'localhost'
15-Oct-2020 20:15:13.467 INFO [http-apr-6060-exec-30] org.apache.catalina.core.ApplicationContext.log Manager: list: Listing contexts for virtual host 'localhost'
15-Oct-2020 20:15:55.960 INFO [http-apr-6060-exec-30] org.apache.catalina.core.ApplicationContext.log Manager: list: Listing contexts for virtual host 'localhost'
15-Oct-2020 20:17:11.754 INFO [http-apr-6060-exec-27] org.apache.catalina.core.ApplicationContext.log Manager: list: Listing contexts for virtual host 'localhost'
15-Oct-2020 20:18:26.307 INFO [http-apr-6060-exec-26] org.apache.catalina.core.ApplicationContext.log Manager: list: Listing contexts for virtual host 'localhost'
15-Oct-2020 20:18:57.944 INFO [http-apr-6060-exec-26] org.apache.catalina.core.ApplicationContext.log Manager: list: Listing contexts for virtual host 'localhost'
15-Oct-2020 20:19:22.867 INFO [http-apr-6060-exec-26] org.apache.catalina.core.ApplicationContext.log Manager: list: Listing contexts for virtual host 'localhost'
15-Oct-2020 20:19:51.896 INFO [http-apr-6060-exec-26] org.apache.catalina.core.ApplicationContext.log Manager: list: Listing contexts for virtual host 'localhost'
15-Oct-2020 20:20:05.111 INFO [http-apr-6060-exec-26] org.apache.catalina.core.ApplicationContext.log Manager: list: Listing contexts for virtual host 'localhost'
15-Oct-2020 20:20:53.244 INFO [http-apr-6060-exec-26] org.apache.catalina.core.ApplicationContext.log Manager: list: Listing contexts for virtual host 'localhost'
15-Oct-2020 20:21:44.666 INFO [http-apr-6060-exec-26] org.apache.catalina.core.ApplicationContext.log Manager: list: Listing contexts for virtual host 'localhost'
15-Oct-2020 20:22:10.838 INFO [http-apr-6060-exec-26] org.apache.catalina.core.ApplicationContext.log Manager: list: Listing contexts for virtual host 'localhost'
15-Oct-2020 20:22:39.615 INFO [http-apr-6060-exec-26] org.apache.catalina.core.ApplicationContext.log Manager: list: Listing contexts for virtual host 'localhost'
15-Oct-2020 20:23:19.610 INFO [http-apr-6060-exec-29] org.apache.catalina.core.ApplicationContext.log Manager: list: Listing contexts for virtual host 'localhost'
15-Oct-2020 20:25:28.741 INFO [http-apr-6060-exec-24] org.apache.catalina.core.ApplicationContext.log Manager: list: Listing contexts for virtual host 'localhost'
15-Oct-2020 20:25:36.217 INFO [http-apr-6060-exec-24] org.apache.catalina.core.ApplicationContext.log Manager: list: Listing contexts for virtual host 'localhost'
15-Oct-2020 20:25:59.360 INFO [http-apr-6060-exec-24] org.apache.catalina.core.ApplicationContext.log Manager: list: Listing contexts for virtual host 'localhost'
15-Oct-2020 20:27:07.253 INFO [http-apr-6060-exec-24] org.apache.catalina.core.ApplicationContext.log Manager: list: Listing contexts for virtual host 'localhost'
15-Oct-2020 20:27:54.289 INFO [http-apr-6060-exec-25] org.apache.catalina.core.ApplicationContext.log Manager: list: Listing contexts for virtual host 'localhost'
15-Oct-2020 20:28:41.221 INFO [http-apr-6060-exec-23] org.apache.catalina.core.ApplicationContext.log Manager: list: Listing contexts for virtual host 'localhost'
15-Oct-2020 20:30:13.927 INFO [http-apr-6060-exec-30] org.apache.catalina.core.ApplicationContext.log Manager: list: Listing contexts for virtual host 'localhost'
15-Oct-2020 20:30:39.629 INFO [http-apr-6060-exec-30] org.apache.catalina.core.ApplicationContext.log Manager: list: Listing contexts for virtual host 'localhost'
15-Oct-2020 20:31:39.211 INFO [http-apr-6060-exec-26] org.apache.catalina.core.ApplicationContext.log Manager: list: Listing contexts for virtual host 'localhost'
15-Oct-2020 20:33:02.274 INFO [http-apr-6060-exec-22] org.apache.catalina.core.ApplicationContext.log Manager: list: Listing contexts for virtual host 'localhost'
15-Oct-2020 20:34:48.320 INFO [http-apr-6060-exec-26] org.apache.catalina.core.ApplicationContext.log Manager: list: Listing contexts for virtual host 'localhost'
15-Oct-2020 20:36:25.904 INFO [http-apr-6060-exec-26] org.apache.catalina.core.ApplicationContext.log Manager: list: Listing contexts for virtual host 'localhost'
15-Oct-2020 20:36:29.621 INFO [http-apr-6060-exec-29] org.apache.catalina.core.ApplicationContext.log Manager: list: Listing contexts for virtual host 'localhost'
15-Oct-2020 20:37:19.352 INFO [http-apr-6060-exec-23] org.apache.catalina.core.ApplicationContext.log Manager: list: Listing contexts for virtual host 'localhost'
15-Oct-2020 20:38:26.063 INFO [http-apr-6060-exec-30] org.apache.catalina.core.ApplicationContext.log Manager: list: Listing contexts for virtual host 'localhost'
15-Oct-2020 20:39:19.553 INFO [http-apr-6060-exec-30] org.apache.catalina.core.ApplicationContext.log Manager: list: Listing contexts for virtual host 'localhost'
15-Oct-2020 20:43:52.541 INFO [http-apr-6060-exec-22] org.apache.catalina.core.ApplicationContext.log Manager: list: Listing contexts for virtual host 'localhost'
15-Oct-2020 20:45:23.688 INFO [http-apr-6060-exec-21] org.apache.catalina.core.ApplicationContext.log Manager: list: Listing contexts for virtual host 'localhost'
15-Oct-2020 20:45:34.369 INFO [http-apr-6060-exec-21] org.apache.catalina.core.ApplicationContext.log Manager: list: Listing contexts for virtual host 'localhost'
15-Oct-2020 20:49:03.274 INFO [http-apr-6060-exec-30] org.apache.catalina.core.ApplicationContext.log Manager: list: Listing contexts for virtual host 'localhost'
15-Oct-2020 20:49:11.480 INFO [http-apr-6060-exec-30] org.apache.catalina.core.ApplicationContext.log Manager: list: Listing contexts for virtual host 'localhost'
15-Oct-2020 20:50:45.518 INFO [http-apr-6060-exec-25] org.apache.catalina.core.ApplicationContext.log Manager: list: Listing contexts for virtual host 'localhost'
15-Oct-2020 20:51:07.062 INFO [http-apr-6060-exec-30] org.apache.catalina.core.ApplicationContext.log Manager: list: Listing contexts for virtual host 'localhost'
15-Oct-2020 20:51:29.398 INFO [http-apr-6060-exec-25] org.apache.catalina.core.ApplicationContext.log Manager: list: Listing contexts for virtual host 'localhost'
15-Oct-2020 20:53:32.045 INFO [http-apr-6060-exec-21] org.apache.catalina.core.ApplicationContext.log Manager: list: Listing contexts for virtual host 'localhost'
15-Oct-2020 20:53:34.564 INFO [http-apr-6060-exec-24] org.apache.catalina.core.ApplicationContext.log Manager: list: Listing contexts for virtual host 'localhost'
15-Oct-2020 20:54:08.294 INFO [http-apr-6060-exec-22] org.apache.catalina.core.ApplicationContext.log Manager: list: Listing contexts for virtual host 'localhost'
15-Oct-2020 20:54:37.607 INFO [http-apr-6060-exec-22] org.apache.catalina.core.ApplicationContext.log Manager: list: Listing contexts for virtual host 'localhost'
15-Oct-2020 20:54:44.397 INFO [http-apr-6060-exec-22] org.apache.catalina.core.ApplicationContext.log Manager: list: Listing contexts for virtual host 'localhost'
15-Oct-2020 20:55:13.071 INFO [http-apr-6060-exec-26] org.apache.catalina.core.ApplicationContext.log Manager: list: Listing contexts for virtual host 'localhost'
15-Oct-2020 20:55:36.696 INFO [http-apr-6060-exec-25] org.apache.catalina.core.ApplicationContext.log Manager: list: Listing contexts for virtual host 'localhost'
15-Oct-2020 20:55:54.631 INFO [http-apr-6060-exec-25] org.apache.catalina.core.ApplicationContext.log Manager: list: Listing contexts for virtual host 'localhost'
15-Oct-2020 20:56:41.409 INFO [http-apr-6060-exec-28] org.apache.catalina.core.ApplicationContext.log Manager: list: Listing contexts for virtual host 'localhost'
15-Oct-2020 20:56:50.357 INFO [http-apr-6060-exec-28] org.apache.catalina.core.ApplicationContext.log Manager: list: Listing contexts for virtual host 'localhost'
15-Oct-2020 20:56:53.861 INFO [http-apr-6060-exec-23] org.apache.catalina.core.ApplicationContext.log Manager: list: Listing contexts for virtual host 'localhost'
15-Oct-2020 20:57:51.586 INFO [http-apr-6060-exec-24] org.apache.catalina.core.ApplicationContext.log Manager: list: Listing contexts for virtual host 'localhost'
15-Oct-2020 20:58:12.994 INFO [http-apr-6060-exec-24] org.apache.catalina.core.ApplicationContext.log Manager: list: Listing contexts for virtual host 'localhost'
15-Oct-2020 20:58:38.006 INFO [http-apr-6060-exec-24] org.apache.catalina.core.ApplicationContext.log Manager: list: Listing contexts for virtual host 'localhost'
15-Oct-2020 20:58:45.619 INFO [http-apr-6060-exec-22] org.apache.catalina.core.ApplicationContext.log Manager: list: Listing contexts for virtual host 'localhost'
15-Oct-2020 21:01:02.526 INFO [http-apr-6060-exec-21] org.apache.catalina.core.ApplicationContext.log Manager: list: Listing contexts for virtual host 'localhost'
15-Oct-2020 21:01:32.598 INFO [http-apr-6060-exec-21] org.apache.catalina.core.ApplicationContext.log Manager: list: Listing contexts for virtual host 'localhost'
15-Oct-2020 21:01:39.913 INFO [http-apr-6060-exec-21] org.apache.catalina.core.ApplicationContext.log Manager: list: Listing contexts for virtual host 'localhost'
15-Oct-2020 21:02:03.654 INFO [http-apr-6060-exec-24] org.apache.catalina.core.ApplicationContext.log Manager: list: Listing contexts for virtual host 'localhost'
15-Oct-2020 21:04:27.257 INFO [http-apr-6060-exec-29] org.apache.catalina.core.ApplicationContext.log Manager: list: Listing contexts for virtual host 'localhost'
15-Oct-2020 21:04:54.945 INFO [http-apr-6060-exec-28] org.apache.catalina.core.ApplicationContext.log Manager: list: Listing contexts for virtual host 'localhost'
15-Oct-2020 21:05:16.163 INFO [http-apr-6060-exec-28] org.apache.catalina.core.ApplicationContext.log Manager: list: Listing contexts for virtual host 'localhost'
15-Oct-2020 21:11:39.007 INFO [http-apr-6060-exec-22] org.apache.catalina.core.ApplicationContext.log Manager: list: Listing contexts for virtual host 'localhost'
15-Oct-2020 21:12:12.026 INFO [http-apr-6060-exec-25] org.apache.catalina.core.ApplicationContext.log Manager: list: Listing contexts for virtual host 'localhost'
15-Oct-2020 21:13:02.716 INFO [http-apr-6060-exec-27] org.apache.catalina.core.ApplicationContext.log Manager: list: Listing contexts for virtual host 'localhost'
15-Oct-2020 21:13:33.848 INFO [http-apr-6060-exec-24] org.apache.catalina.core.ApplicationContext.log Manager: list: Listing contexts for virtual host 'localhost'
15-Oct-2020 21:13:54.535 INFO [http-apr-6060-exec-23] org.apache.catalina.core.ApplicationContext.log Manager: list: Listing contexts for virtual host 'localhost'
15-Oct-2020 21:15:18.192 INFO [http-apr-6060-exec-26] org.apache.catalina.core.ApplicationContext.log Manager: list: Listing contexts for virtual host 'localhost'
15-Oct-2020 21:15:48.282 INFO [http-apr-6060-exec-21] org.apache.catalina.core.ApplicationContext.log Manager: list: Listing contexts for virtual host 'localhost'
15-Oct-2020 21:16:06.745 INFO [http-apr-6060-exec-29] org.apache.catalina.core.ApplicationContext.log Manager: list: Listing contexts for virtual host 'localhost'
15-Oct-2020 21:16:33.594 INFO [http-apr-6060-exec-29] org.apache.catalina.core.ApplicationContext.log Manager: list: Listing contexts for virtual host 'localhost'
15-Oct-2020 21:17:13.838 INFO [http-apr-6060-exec-26] org.apache.catalina.core.ApplicationContext.log Manager: list: Listing contexts for virtual host 'localhost'
15-Oct-2020 21:17:32.700 INFO [http-apr-6060-exec-24] org.apache.catalina.core.ApplicationContext.log Manager: list: Listing contexts for virtual host 'localhost'
15-Oct-2020 21:18:11.356 INFO [http-apr-6060-exec-24] org.apache.catalina.core.ApplicationContext.log Manager: list: Listing contexts for virtual host 'localhost'
15-Oct-2020 21:18:15.956 INFO [http-apr-6060-exec-27] org.apache.catalina.core.ApplicationContext.log Manager: list: Listing contexts for virtual host 'localhost'
15-Oct-2020 21:18:47.983 INFO [http-apr-6060-exec-27] org.apache.catalina.core.ApplicationContext.log Manager: list: Listing contexts for virtual host 'localhost'
15-Oct-2020 21:19:21.588 INFO [http-apr-6060-exec-22] org.apache.catalina.core.ApplicationContext.log Manager: list: Listing contexts for virtual host 'localhost'
15-Oct-2020 21:21:29.831 INFO [http-apr-6060-exec-28] org.apache.catalina.core.ApplicationContext.log Manager: list: Listing contexts for virtual host 'localhost'
15-Oct-2020 21:21:32.997 INFO [http-apr-6060-exec-23] org.apache.catalina.core.ApplicationContext.log Manager: list: Listing contexts for virtual host 'localhost'
15-Oct-2020 21:21:49.962 INFO [http-apr-6060-exec-23] org.apache.catalina.core.ApplicationContext.log Manager: list: Listing contexts for virtual host 'localhost'
15-Oct-2020 21:22:22.598 INFO [http-apr-6060-exec-30] org.apache.catalina.core.ApplicationContext.log Manager: list: Listing contexts for virtual host 'localhost'
15-Oct-2020 21:23:57.488 INFO [http-apr-6060-exec-30] org.apache.catalina.core.ApplicationContext.log Manager: list: Listing contexts for virtual host 'localhost'
15-Oct-2020 21:24:39.152 INFO [http-apr-6060-exec-27] org.apache.catalina.core.ApplicationContext.log Manager: list: Listing contexts for virtual host 'localhost'
15-Oct-2020 21:25:14.896 INFO [http-apr-6060-exec-28] org.apache.catalina.core.ApplicationContext.log Manager: list: Listing contexts for virtual host 'localhost'
15-Oct-2020 21:27:17.808 INFO [http-apr-6060-exec-28] org.apache.catalina.core.ApplicationContext.log Manager: list: Listing contexts for virtual host 'localhost'
15-Oct-2020 21:28:20.555 INFO [http-apr-6060-exec-23] org.apache.catalina.core.ApplicationContext.log Manager: list: Listing contexts for virtual host 'localhost'
15-Oct-2020 21:28:39.386 INFO [http-apr-6060-exec-28] org.apache.catalina.core.ApplicationContext.log Manager: list: Listing contexts for virtual host 'localhost'
15-Oct-2020 21:29:08.877 INFO [http-apr-6060-exec-29] org.apache.catalina.core.ApplicationContext.log Manager: list: Listing contexts for virtual host 'localhost'
15-Oct-2020 21:29:21.808 INFO [http-apr-6060-exec-29] org.apache.catalina.core.ApplicationContext.log Manager: list: Listing contexts for virtual host 'localhost'
15-Oct-2020 21:29:43.695 INFO [http-apr-6060-exec-25] org.apache.catalina.core.ApplicationContext.log Manager: list: Listing contexts for virtual host 'localhost'
15-Oct-2020 21:30:01.150 INFO [http-apr-6060-exec-25] org.apache.catalina.core.ApplicationContext.log Manager: list: Listing contexts for virtual host 'localhost'
15-Oct-2020 21:30:41.582 INFO [http-apr-6060-exec-25] org.apache.catalina.core.ApplicationContext.log Manager: list: Listing contexts for virtual host 'localhost'
15-Oct-2020 21:31:03.879 INFO [http-apr-6060-exec-22] org.apache.catalina.core.ApplicationContext.log Manager: list: Listing contexts for virtual host 'localhost'
15-Oct-2020 21:31:25.866 INFO [http-apr-6060-exec-22] org.apache.catalina.core.ApplicationContext.log Manager: list: Listing contexts for virtual host 'localhost'
15-Oct-2020 21:31:52.798 INFO [http-apr-6060-exec-22] org.apache.catalina.core.ApplicationContext.log Manager: list: Listing contexts for virtual host 'localhost'
15-Oct-2020 21:32:12.421 INFO [http-apr-6060-exec-30] org.apache.catalina.core.ApplicationContext.log Manager: list: Listing contexts for virtual host 'localhost'
15-Oct-2020 21:36:33.017 INFO [http-apr-6060-exec-23] org.apache.catalina.core.ApplicationContext.log Manager: list: Listing contexts for virtual host 'localhost'
15-Oct-2020 21:36:33.098 INFO [http-apr-6060-exec-21] org.apache.catalina.core.ApplicationContext.log Manager: undeploy: Undeploying web application at '/sygealoc'
