25-Jan-2021 15:45:34.846 INFO [http-apr-6060-exec-5] org.apache.catalina.core.ApplicationContext.log HTMLManager: init: Associated with Deployer 'Catalina:type=Deployer,host=localhost'
25-Jan-2021 15:45:34.857 INFO [http-apr-6060-exec-5] org.apache.catalina.core.ApplicationContext.log HTMLManager: init: Global resources are available
25-Jan-2021 15:45:34.936 INFO [http-apr-6060-exec-5] org.apache.catalina.core.ApplicationContext.log HTMLManager: list: Listing contexts for virtual host 'localhost'
25-Jan-2021 15:45:43.521 INFO [http-apr-6060-exec-1] org.apache.catalina.core.ApplicationContext.log HTMLManager: undeploy: Undeploying web application at '/sygealoc##1.0'
25-Jan-2021 15:45:51.926 INFO [http-apr-6060-exec-1] org.apache.catalina.core.ApplicationContext.log HTMLManager: list: Listing contexts for virtual host 'localhost'
25-Jan-2021 15:48:11.587 INFO [20] org.apache.catalina.core.ApplicationContext.log HTMLManager: list: Listing contexts for virtual host 'localhost'
25-Jan-2021 15:57:34.212 INFO [http-apr-6060-exec-18] org.apache.catalina.core.ApplicationContext.log Manager: init: Associated with Deployer 'Catalina:type=Deployer,host=localhost'
25-Jan-2021 15:57:34.213 INFO [http-apr-6060-exec-18] org.apache.catalina.core.ApplicationContext.log Manager: init: Global resources are available
25-Jan-2021 15:57:34.216 INFO [http-apr-6060-exec-18] org.apache.catalina.core.ApplicationContext.log Manager: list: Listing contexts for virtual host 'localhost'
25-Jan-2021 15:57:34.403 INFO [http-apr-6060-exec-17] org.apache.catalina.core.ApplicationContext.log Manager: undeploy: Undeploying web application at '/sygealoc'
25-Jan-2021 15:57:45.540 INFO [http-apr-6060-exec-13] org.apache.catalina.core.ApplicationContext.log Manager: list: Listing contexts for virtual host 'localhost'
25-Jan-2021 15:57:45.576 INFO [http-apr-6060-exec-19] org.apache.catalina.core.ApplicationContext.log Manager: undeploy: Undeploying web application at '/sygealoc'
25-Jan-2021 16:01:56.764 INFO [http-apr-6060-exec-19] org.apache.catalina.core.ApplicationContext.log Manager: list: Listing contexts for virtual host 'localhost'
25-Jan-2021 16:01:56.796 INFO [http-apr-6060-exec-15] org.apache.catalina.core.ApplicationContext.log Manager: list: Listing contexts for virtual host 'localhost'
25-Jan-2021 16:01:59.976 INFO [http-apr-6060-exec-18] org.apache.catalina.core.ApplicationContext.log Manager: undeploy: Undeploying web application at '/sygealoc'
25-Jan-2021 16:02:13.788 INFO [http-apr-6060-exec-12] org.apache.catalina.core.ApplicationContext.log HTMLManager: undeploy: Undeploying web application at '/sygealoc##1.0'
25-Jan-2021 16:02:20.591 INFO [http-apr-6060-exec-12] org.apache.catalina.core.ApplicationContext.log HTMLManager: list: Listing contexts for virtual host 'localhost'
25-Jan-2021 16:02:29.848 INFO [http-apr-6060-exec-13] org.apache.catalina.core.ApplicationContext.log HTMLManager: undeploy: Undeploying web application at '/sygealoc##1.0'
25-Jan-2021 16:02:29.880 INFO [http-apr-6060-exec-13] org.apache.catalina.core.ApplicationContext.log HTMLManager: list: Listing contexts for virtual host 'localhost'
25-Jan-2021 16:02:33.538 INFO [http-apr-6060-exec-11] org.apache.catalina.core.ApplicationContext.log HTMLManager: undeploy: Undeploying web application at '/sygealoc##1.0'
25-Jan-2021 16:02:33.544 INFO [http-apr-6060-exec-11] org.apache.catalina.core.ApplicationContext.log HTMLManager: list: Listing contexts for virtual host 'localhost'
25-Jan-2021 16:03:11.143 INFO [http-apr-6060-exec-20] org.apache.catalina.core.ApplicationContext.log HTMLManager: list: Listing contexts for virtual host 'localhost'
25-Jan-2021 16:03:30.649 INFO [http-apr-6060-exec-24] org.apache.catalina.core.ApplicationContext.log Manager: list: Listing contexts for virtual host 'localhost'
25-Jan-2021 16:03:30.659 INFO [http-apr-6060-exec-27] org.apache.catalina.core.ApplicationContext.log Manager: list: Listing contexts for virtual host 'localhost'
25-Jan-2021 16:03:33.814 INFO [66] org.apache.catalina.core.ApplicationContext.log Manager: undeploy: Undeploying web application at '/sygealoc'
25-Jan-2021 16:04:41.607 INFO [http-apr-6060-exec-26] org.apache.catalina.core.ApplicationContext.log HTMLManager: list: Listing contexts for virtual host 'localhost'
25-Jan-2021 16:04:47.302 INFO [http-apr-6060-exec-24] org.apache.catalina.core.ApplicationContext.log HTMLManager: undeploy: Undeploying web application at '/sygealoc##1.0'
25-Jan-2021 16:04:47.314 INFO [http-apr-6060-exec-24] org.apache.catalina.core.ApplicationContext.log HTMLManager: list: Listing contexts for virtual host 'localhost'
25-Jan-2021 16:06:46.335 INFO [http-apr-6060-exec-9] org.apache.catalina.core.ApplicationContext.log HTMLManager: init: Associated with Deployer 'Catalina:type=Deployer,host=localhost'
25-Jan-2021 16:06:46.335 INFO [http-apr-6060-exec-9] org.apache.catalina.core.ApplicationContext.log HTMLManager: init: Global resources are available
25-Jan-2021 16:06:46.402 INFO [http-apr-6060-exec-9] org.apache.catalina.core.ApplicationContext.log HTMLManager: undeploy: Undeploying web application at '/sygealoc##1.0'
25-Jan-2021 16:06:46.404 INFO [http-apr-6060-exec-9] org.apache.catalina.core.ApplicationContext.log HTMLManager: list: Listing contexts for virtual host 'localhost'
25-Jan-2021 16:06:58.980 INFO [http-apr-6060-exec-5] org.apache.catalina.core.ApplicationContext.log Manager: init: Associated with Deployer 'Catalina:type=Deployer,host=localhost'
25-Jan-2021 16:06:58.980 INFO [http-apr-6060-exec-5] org.apache.catalina.core.ApplicationContext.log Manager: init: Global resources are available
25-Jan-2021 16:06:58.981 INFO [http-apr-6060-exec-5] org.apache.catalina.core.ApplicationContext.log Manager: list: Listing contexts for virtual host 'localhost'
25-Jan-2021 16:06:58.996 INFO [http-apr-6060-exec-4] org.apache.catalina.core.ApplicationContext.log Manager: list: Listing contexts for virtual host 'localhost'
25-Jan-2021 16:06:59.058 INFO [http-apr-6060-exec-3] org.apache.catalina.core.ApplicationContext.log Manager: install: Installing context configuration at 'file:/C:/Users/NHELTECH/AppData/Local/Temp/context43460427974531717.xml'
25-Jan-2021 16:07:09.020 INFO [http-apr-6060-exec-2] org.apache.catalina.core.ApplicationContext.log Manager: start: Starting web application '/sygealoc'
25-Jan-2021 16:07:24.645 INFO [http-apr-6060-exec-4] org.apache.catalina.core.ApplicationContext.log HTMLManager: undeploy: Undeploying web application at '/sygealoc##1.0'
25-Jan-2021 16:07:24.645 INFO [http-apr-6060-exec-4] org.apache.catalina.core.ApplicationContext.log HTMLManager: list: Listing contexts for virtual host 'localhost'
25-Jan-2021 16:07:45.239 INFO [http-apr-6060-exec-10] org.apache.catalina.core.ApplicationContext.log Manager: list: Listing contexts for virtual host 'localhost'
25-Jan-2021 16:08:22.969 INFO [http-apr-6060-exec-9] org.apache.catalina.core.ApplicationContext.log Manager: list: Listing contexts for virtual host 'localhost'
25-Jan-2021 16:12:53.661 INFO [http-apr-6060-exec-1] org.apache.catalina.core.ApplicationContext.log HTMLManager: list: Listing contexts for virtual host 'localhost'
25-Jan-2021 16:12:56.292 INFO [http-apr-6060-exec-7] org.apache.catalina.core.ApplicationContext.log HTMLManager: list: Listing contexts for virtual host 'localhost'
25-Jan-2021 16:14:03.907 INFO [http-apr-6060-exec-4] org.apache.catalina.core.ApplicationContext.log Manager: list: Listing contexts for virtual host 'localhost'
25-Jan-2021 16:14:03.974 INFO [http-apr-6060-exec-2] org.apache.catalina.core.ApplicationContext.log Manager: undeploy: Undeploying web application at '/sygealoc'
25-Jan-2021 16:14:57.047 INFO [http-apr-6060-exec-13] org.apache.catalina.core.ApplicationContext.log HTMLManager: list: Listing contexts for virtual host 'localhost'
25-Jan-2021 16:16:58.037 INFO [24] org.apache.catalina.core.ApplicationContext.log HTMLManager: list: Listing contexts for virtual host 'localhost'
