
2020-12-04 08:12:27 Commons Daemon procrun stderr initialized
04-Dec-2020 08:12:36.075 INFO [main] org.apache.catalina.startup.VersionLoggerListener.log Server version:        Apache Tomcat/8.0.53
04-Dec-2020 08:12:36.137 INFO [main] org.apache.catalina.startup.VersionLoggerListener.log Server built:          Jun 29 2018 14:42:45 UTC
04-Dec-2020 08:12:36.137 INFO [main] org.apache.catalina.startup.VersionLoggerListener.log Server number:         8.0.53.0
04-Dec-2020 08:12:36.137 INFO [main] org.apache.catalina.startup.VersionLoggerListener.log OS Name:               Windows 10
04-Dec-2020 08:12:36.137 INFO [main] org.apache.catalina.startup.VersionLoggerListener.log OS Version:            10.0
04-Dec-2020 08:12:36.137 INFO [main] org.apache.catalina.startup.VersionLoggerListener.log Architecture:          amd64
04-Dec-2020 08:12:36.137 INFO [main] org.apache.catalina.startup.VersionLoggerListener.log Java Home:             C:\Program Files\Java\jre1.8.0_111
04-Dec-2020 08:12:36.137 INFO [main] org.apache.catalina.startup.VersionLoggerListener.log JVM Version:           1.8.0_111-b14
04-Dec-2020 08:12:36.137 INFO [main] org.apache.catalina.startup.VersionLoggerListener.log JVM Vendor:            Oracle Corporation
04-Dec-2020 08:12:36.137 INFO [main] org.apache.catalina.startup.VersionLoggerListener.log CATALINA_BASE:         C:\Users\NHELTECH\Desktop\pfe.supernova\apache-tomcat
04-Dec-2020 08:12:36.137 INFO [main] org.apache.catalina.startup.VersionLoggerListener.log CATALINA_HOME:         C:\Users\NHELTECH\Desktop\pfe.supernova\apache-tomcat
04-Dec-2020 08:12:36.137 INFO [main] org.apache.catalina.startup.VersionLoggerListener.log Command line argument: -Dcatalina.home=C:\Users\NHELTECH\Desktop\pfe.supernova\apache-tomcat
04-Dec-2020 08:12:36.137 INFO [main] org.apache.catalina.startup.VersionLoggerListener.log Command line argument: -Dcatalina.base=C:\Users\NHELTECH\Desktop\pfe.supernova\apache-tomcat
04-Dec-2020 08:12:36.137 INFO [main] org.apache.catalina.startup.VersionLoggerListener.log Command line argument: -Dignore.endorsed.dirs=C:\Users\NHELTECH\Desktop\pfe.supernova\apache-tomcat\endorsed
04-Dec-2020 08:12:36.137 INFO [main] org.apache.catalina.startup.VersionLoggerListener.log Command line argument: -Djava.io.tmpdir=C:\Users\NHELTECH\Desktop\pfe.supernova\apache-tomcat\temp
04-Dec-2020 08:12:36.137 INFO [main] org.apache.catalina.startup.VersionLoggerListener.log Command line argument: -Djava.util.logging.manager=org.apache.juli.ClassLoaderLogManager
04-Dec-2020 08:12:36.137 INFO [main] org.apache.catalina.startup.VersionLoggerListener.log Command line argument: -Djava.util.logging.config.file=C:\Users\NHELTECH\Desktop\pfe.supernova\apache-tomcat\conf\logging.properties
04-Dec-2020 08:12:36.137 INFO [main] org.apache.catalina.startup.VersionLoggerListener.log Command line argument: exit
04-Dec-2020 08:12:36.137 INFO [main] org.apache.catalina.startup.VersionLoggerListener.log Command line argument: abort
04-Dec-2020 08:12:36.137 INFO [main] org.apache.catalina.startup.VersionLoggerListener.log Command line argument: -Xms128m
04-Dec-2020 08:12:36.137 INFO [main] org.apache.catalina.startup.VersionLoggerListener.log Command line argument: -Xmx256m
04-Dec-2020 08:12:36.137 INFO [main] org.apache.catalina.core.AprLifecycleListener.lifecycleEvent Loaded APR based Apache Tomcat Native library 1.2.17 using APR version 1.6.3.
04-Dec-2020 08:12:36.137 INFO [main] org.apache.catalina.core.AprLifecycleListener.lifecycleEvent APR capabilities: IPv6 [true], sendfile [true], accept filters [false], random [true].
04-Dec-2020 08:12:37.362 INFO [main] org.apache.catalina.core.AprLifecycleListener.initializeSSL OpenSSL successfully initialized (OpenSSL 1.0.2o  27 Mar 2018)
04-Dec-2020 08:12:46.957 INFO [main] org.apache.coyote.AbstractProtocol.init Initializing ProtocolHandler ["http-apr-6060"]
04-Dec-2020 08:12:47.003 INFO [main] org.apache.coyote.AbstractProtocol.init Initializing ProtocolHandler ["ajp-apr-7009"]
04-Dec-2020 08:12:47.054 INFO [main] org.apache.catalina.startup.Catalina.load Initialization processed in 13926 ms
04-Dec-2020 08:12:47.325 INFO [main] org.apache.catalina.core.StandardService.startInternal Starting service Catalina
04-Dec-2020 08:12:47.325 INFO [main] org.apache.catalina.core.StandardEngine.startInternal Starting Servlet Engine: Apache Tomcat/8.0.53
04-Dec-2020 08:12:47.428 INFO [localhost-startStop-1] org.apache.catalina.startup.HostConfig.deployDirectory Deploying web application directory C:\Users\NHELTECH\Desktop\pfe.supernova\apache-tomcat\webapps\host-manager
04-Dec-2020 08:12:50.105 WARNING [localhost-startStop-1] org.apache.catalina.util.SessionIdGeneratorBase.createSecureRandom Creation of SecureRandom instance for session ID generation using [SHA1PRNG] took [333] milliseconds.
04-Dec-2020 08:12:50.226 INFO [localhost-startStop-1] org.apache.catalina.startup.HostConfig.deployDirectory Deployment of web application directory C:\Users\NHELTECH\Desktop\pfe.supernova\apache-tomcat\webapps\host-manager has finished in 2,798 ms
04-Dec-2020 08:12:50.227 INFO [localhost-startStop-1] org.apache.catalina.startup.HostConfig.deployDirectory Deploying web application directory C:\Users\NHELTECH\Desktop\pfe.supernova\apache-tomcat\webapps\manager
04-Dec-2020 08:12:50.419 INFO [localhost-startStop-1] org.apache.catalina.startup.HostConfig.deployDirectory Deployment of web application directory C:\Users\NHELTECH\Desktop\pfe.supernova\apache-tomcat\webapps\manager has finished in 192 ms
04-Dec-2020 08:12:50.419 INFO [localhost-startStop-1] org.apache.catalina.startup.HostConfig.deployDirectory Deploying web application directory C:\Users\NHELTECH\Desktop\pfe.supernova\apache-tomcat\webapps\ROOT
04-Dec-2020 08:12:50.550 INFO [localhost-startStop-1] org.apache.catalina.startup.HostConfig.deployDirectory Deployment of web application directory C:\Users\NHELTECH\Desktop\pfe.supernova\apache-tomcat\webapps\ROOT has finished in 130 ms
04-Dec-2020 08:12:50.571 INFO [main] org.apache.coyote.AbstractProtocol.start Starting ProtocolHandler ["http-apr-6060"]
04-Dec-2020 08:12:50.633 INFO [main] org.apache.coyote.AbstractProtocol.start Starting ProtocolHandler ["ajp-apr-7009"]
04-Dec-2020 08:12:50.643 INFO [main] org.apache.catalina.startup.Catalina.start Server startup in 3588 ms
05-Dec-2020 19:11:15.132 INFO [Thread-4] org.apache.coyote.AbstractProtocol.pause Pausing ProtocolHandler ["http-apr-6060"]
05-Dec-2020 19:11:15.256 INFO [Thread-4] org.apache.coyote.AbstractProtocol.pause Pausing ProtocolHandler ["ajp-apr-7009"]
05-Dec-2020 19:11:15.260 INFO [Thread-4] org.apache.catalina.core.StandardService.stopInternal Stopping service Catalina
05-Dec-2020 19:11:15.627 INFO [Thread-4] org.apache.coyote.AbstractProtocol.stop Stopping ProtocolHandler ["http-apr-6060"]
05-Dec-2020 19:11:15.692 INFO [Thread-4] org.apache.coyote.AbstractProtocol.stop Stopping ProtocolHandler ["ajp-apr-7009"]
