
2021-02-12 07:38:37 Commons Daemon procrun stderr initialized
12-Feb-2021 07:40:08.417 INFO [main] org.apache.catalina.startup.VersionLoggerListener.log Server version:        Apache Tomcat/8.0.53
12-Feb-2021 07:40:08.714 INFO [main] org.apache.catalina.startup.VersionLoggerListener.log Server built:          Jun 29 2018 14:42:45 UTC
12-Feb-2021 07:40:08.714 INFO [main] org.apache.catalina.startup.VersionLoggerListener.log Server number:         8.0.53.0
12-Feb-2021 07:40:08.714 INFO [main] org.apache.catalina.startup.VersionLoggerListener.log OS Name:               Windows 10
12-Feb-2021 07:40:08.714 INFO [main] org.apache.catalina.startup.VersionLoggerListener.log OS Version:            10.0
12-Feb-2021 07:40:08.714 INFO [main] org.apache.catalina.startup.VersionLoggerListener.log Architecture:          amd64
12-Feb-2021 07:40:08.714 INFO [main] org.apache.catalina.startup.VersionLoggerListener.log Java Home:             C:\Program Files\Java\jre1.8.0_271
12-Feb-2021 07:40:08.714 INFO [main] org.apache.catalina.startup.VersionLoggerListener.log JVM Version:           1.8.0_271-b09
12-Feb-2021 07:40:08.714 INFO [main] org.apache.catalina.startup.VersionLoggerListener.log JVM Vendor:            Oracle Corporation
12-Feb-2021 07:40:08.714 INFO [main] org.apache.catalina.startup.VersionLoggerListener.log CATALINA_BASE:         C:\Users\monhel.pierre\Desktop\pfe.supernova\apache-tomcat
12-Feb-2021 07:40:08.714 INFO [main] org.apache.catalina.startup.VersionLoggerListener.log CATALINA_HOME:         C:\Users\monhel.pierre\Desktop\pfe.supernova\apache-tomcat
12-Feb-2021 07:40:08.714 INFO [main] org.apache.catalina.startup.VersionLoggerListener.log Command line argument: -Dcatalina.home=C:\Users\monhel.pierre\Desktop\pfe.supernova\apache-tomcat
12-Feb-2021 07:40:08.714 INFO [main] org.apache.catalina.startup.VersionLoggerListener.log Command line argument: -Dcatalina.base=C:\Users\monhel.pierre\Desktop\pfe.supernova\apache-tomcat
12-Feb-2021 07:40:08.714 INFO [main] org.apache.catalina.startup.VersionLoggerListener.log Command line argument: -Dignore.endorsed.dirs=C:\Users\monhel.pierre\Desktop\pfe.supernova\apache-tomcat\endorsed
12-Feb-2021 07:40:08.714 INFO [main] org.apache.catalina.startup.VersionLoggerListener.log Command line argument: -Djava.io.tmpdir=C:\Users\monhel.pierre\Desktop\pfe.supernova\apache-tomcat\temp
12-Feb-2021 07:40:08.714 INFO [main] org.apache.catalina.startup.VersionLoggerListener.log Command line argument: -Djava.util.logging.manager=org.apache.juli.ClassLoaderLogManager
12-Feb-2021 07:40:08.714 INFO [main] org.apache.catalina.startup.VersionLoggerListener.log Command line argument: -Djava.util.logging.config.file=C:\Users\monhel.pierre\Desktop\pfe.supernova\apache-tomcat\conf\logging.properties
12-Feb-2021 07:40:08.714 INFO [main] org.apache.catalina.startup.VersionLoggerListener.log Command line argument: exit
12-Feb-2021 07:40:08.714 INFO [main] org.apache.catalina.startup.VersionLoggerListener.log Command line argument: abort
12-Feb-2021 07:40:08.714 INFO [main] org.apache.catalina.startup.VersionLoggerListener.log Command line argument: -Xms128m
12-Feb-2021 07:40:08.714 INFO [main] org.apache.catalina.startup.VersionLoggerListener.log Command line argument: -Xmx256m
12-Feb-2021 07:40:08.714 INFO [main] org.apache.catalina.core.AprLifecycleListener.lifecycleEvent Loaded APR based Apache Tomcat Native library 1.2.17 using APR version 1.6.3.
12-Feb-2021 07:40:08.714 INFO [main] org.apache.catalina.core.AprLifecycleListener.lifecycleEvent APR capabilities: IPv6 [true], sendfile [true], accept filters [false], random [true].
12-Feb-2021 07:40:09.338 INFO [main] org.apache.catalina.core.AprLifecycleListener.initializeSSL OpenSSL successfully initialized (OpenSSL 1.0.2o  27 Mar 2018)
12-Feb-2021 07:40:20.033 INFO [main] org.apache.coyote.AbstractProtocol.init Initializing ProtocolHandler ["http-apr-6060"]
12-Feb-2021 07:40:20.064 INFO [main] org.apache.coyote.AbstractProtocol.init Initializing ProtocolHandler ["ajp-apr-7009"]
12-Feb-2021 07:40:20.064 INFO [main] org.apache.catalina.startup.Catalina.load Initialization processed in 34163 ms
12-Feb-2021 07:40:20.205 INFO [main] org.apache.catalina.core.StandardService.startInternal Starting service Catalina
12-Feb-2021 07:40:20.205 INFO [main] org.apache.catalina.core.StandardEngine.startInternal Starting Servlet Engine: Apache Tomcat/8.0.53
12-Feb-2021 07:40:20.314 INFO [localhost-startStop-1] org.apache.catalina.startup.HostConfig.deployDescriptor Deploying configuration descriptor C:\Users\monhel.pierre\Desktop\pfe.supernova\apache-tomcat\conf\Catalina\localhost\manager.xml
12-Feb-2021 07:40:20.455 WARNING [localhost-startStop-1] org.apache.catalina.startup.HostConfig.deployDescriptor A docBase C:\Users\monhel.pierre\Desktop\pfe.supernova\apache-tomcat\webapps\manager inside the host appBase has been specified, and will be ignored
12-Feb-2021 07:40:21.736 WARNING [localhost-startStop-1] org.apache.catalina.util.SessionIdGeneratorBase.createSecureRandom Creation of SecureRandom instance for session ID generation using [SHA1PRNG] took [312] milliseconds.
12-Feb-2021 07:40:21.798 INFO [localhost-startStop-1] org.apache.catalina.startup.HostConfig.deployDescriptor Deployment of configuration descriptor C:\Users\monhel.pierre\Desktop\pfe.supernova\apache-tomcat\conf\Catalina\localhost\manager.xml has finished in 1,484 ms
12-Feb-2021 07:40:21.798 INFO [localhost-startStop-1] org.apache.catalina.startup.HostConfig.deployDescriptor Deploying configuration descriptor C:\Users\monhel.pierre\Desktop\pfe.supernova\apache-tomcat\conf\Catalina\localhost\sygealoc.xml
12-Feb-2021 07:40:27.221 INFO [localhost-startStop-1] org.apache.jasper.servlet.TldScanner.scanJars At least one JAR was scanned for TLDs yet contained no TLDs. Enable debug logging for this logger for a complete list of JARs that were scanned but no TLDs were found in them. Skipping unneeded JARs during scanning can improve startup time and JSP compilation time.
12-Feb-2021 07:40:27.315 INFO [localhost-startStop-1] org.springframework.web.context.ContextLoader.initWebApplicationContext Root WebApplicationContext: initialization started
12-Feb-2021 07:40:27.565 INFO [localhost-startStop-1] org.springframework.context.support.AbstractApplicationContext.prepareRefresh Refreshing Root WebApplicationContext: startup date [Fri Feb 12 07:40:27 EST 2021]; root of context hierarchy
12-Feb-2021 07:40:27.690 INFO [localhost-startStop-1] org.springframework.beans.factory.xml.XmlBeanDefinitionReader.loadBeanDefinitions Loading XML bean definitions from ServletContext resource [/WEB-INF/applicationContext.xml]
12-Feb-2021 07:40:28.846 INFO [localhost-startStop-1] org.springframework.web.context.ContextLoader.initWebApplicationContext Root WebApplicationContext: initialization completed in 1531 ms
12-Feb-2021 07:40:28.924 INFO [localhost-startStop-1] org.springframework.web.servlet.FrameworkServlet.initServletBean FrameworkServlet 'sygealoc': initialization started
12-Feb-2021 07:40:28.924 INFO [localhost-startStop-1] org.springframework.context.support.AbstractApplicationContext.prepareRefresh Refreshing WebApplicationContext for namespace 'sygealoc-servlet': startup date [Fri Feb 12 07:40:28 EST 2021]; parent: Root WebApplicationContext
12-Feb-2021 07:40:28.924 INFO [localhost-startStop-1] org.springframework.beans.factory.xml.XmlBeanDefinitionReader.loadBeanDefinitions Loading XML bean definitions from ServletContext resource [/WEB-INF/sygealoc-servlet.xml]
12-Feb-2021 07:40:29.081 INFO [localhost-startStop-1] org.springframework.web.servlet.handler.AbstractUrlHandlerMapping.registerHandler Mapped URL path [/reservation*] onto handler 'ReservationController'
12-Feb-2021 07:40:29.081 INFO [localhost-startStop-1] org.springframework.web.servlet.handler.AbstractUrlHandlerMapping.registerHandler Mapped URL path [/impression*] onto handler 'ImpressionController'
12-Feb-2021 07:40:29.081 INFO [localhost-startStop-1] org.springframework.web.servlet.handler.AbstractUrlHandlerMapping.registerHandler Mapped URL path [/erreur*] onto handler 'ErreurController'
12-Feb-2021 07:40:29.081 INFO [localhost-startStop-1] org.springframework.web.servlet.handler.AbstractUrlHandlerMapping.registerHandler Mapped URL path [/ajoutervehicule*] onto handler 'AjoutervehiculeController'
12-Feb-2021 07:40:29.081 INFO [localhost-startStop-1] org.springframework.web.servlet.handler.AbstractUrlHandlerMapping.registerHandler Mapped URL path [/profile*] onto handler 'ProfileController'
12-Feb-2021 07:40:29.081 INFO [localhost-startStop-1] org.springframework.web.servlet.handler.AbstractUrlHandlerMapping.registerHandler Mapped URL path [/employe*] onto handler 'EmployeController'
12-Feb-2021 07:40:29.081 INFO [localhost-startStop-1] org.springframework.web.servlet.handler.AbstractUrlHandlerMapping.registerHandler Mapped URL path [/client*] onto handler 'ClientController'
12-Feb-2021 07:40:29.081 INFO [localhost-startStop-1] org.springframework.web.servlet.handler.AbstractUrlHandlerMapping.registerHandler Mapped URL path [/location*] onto handler 'LocationController'
12-Feb-2021 07:40:29.081 INFO [localhost-startStop-1] org.springframework.web.servlet.handler.AbstractUrlHandlerMapping.registerHandler Mapped URL path [/connexion*] onto handler 'ConnexionController'
12-Feb-2021 07:40:29.081 INFO [localhost-startStop-1] org.springframework.web.servlet.handler.AbstractUrlHandlerMapping.registerHandler Mapped URL path [/deconnexion*] onto handler 'DeconnexionController'
12-Feb-2021 07:40:29.081 INFO [localhost-startStop-1] org.springframework.web.servlet.handler.AbstractUrlHandlerMapping.registerHandler Mapped URL path [/utilisateur*] onto handler 'UtilisateurController'
12-Feb-2021 07:40:29.081 INFO [localhost-startStop-1] org.springframework.web.servlet.handler.AbstractUrlHandlerMapping.registerHandler Mapped URL path [/stock*] onto handler 'VehiculeController'
12-Feb-2021 07:40:29.081 INFO [localhost-startStop-1] org.springframework.web.servlet.handler.AbstractUrlHandlerMapping.registerHandler Mapped URL path [/fournisseur*] onto handler 'FournisseurController'
12-Feb-2021 07:40:29.081 INFO [localhost-startStop-1] org.springframework.web.servlet.handler.AbstractUrlHandlerMapping.registerHandler Mapped URL path [/verouiller*] onto handler 'VerouillerController'
12-Feb-2021 07:40:29.081 INFO [localhost-startStop-1] org.springframework.web.servlet.handler.AbstractUrlHandlerMapping.registerHandler Mapped URL path [/redirect*] onto handler 'RedirectController'
12-Feb-2021 07:40:29.174 INFO [localhost-startStop-1] org.springframework.web.servlet.handler.AbstractUrlHandlerMapping.registerHandler Mapped URL path [/tableaudebord] onto handler 'TableaudebordController'
12-Feb-2021 07:40:29.190 INFO [localhost-startStop-1] org.springframework.web.servlet.handler.AbstractUrlHandlerMapping.registerHandler Mapped URL path [/assets/**] onto handler 'org.springframework.web.servlet.resource.ResourceHttpRequestHandler#0'
12-Feb-2021 07:40:29.315 INFO [localhost-startStop-1] org.springframework.web.servlet.FrameworkServlet.initServletBean FrameworkServlet 'sygealoc': initialization completed in 391 ms
12-Feb-2021 07:40:29.315 INFO [localhost-startStop-1] org.apache.catalina.startup.HostConfig.deployDescriptor Deployment of configuration descriptor C:\Users\monhel.pierre\Desktop\pfe.supernova\apache-tomcat\conf\Catalina\localhost\sygealoc.xml has finished in 7,517 ms
12-Feb-2021 07:40:29.331 INFO [localhost-startStop-1] org.apache.catalina.startup.HostConfig.deployDirectory Deploying web application directory C:\Users\monhel.pierre\Desktop\pfe.supernova\apache-tomcat\webapps\host-manager
12-Feb-2021 07:40:29.440 INFO [localhost-startStop-1] org.apache.catalina.startup.HostConfig.deployDirectory Deployment of web application directory C:\Users\monhel.pierre\Desktop\pfe.supernova\apache-tomcat\webapps\host-manager has finished in 109 ms
12-Feb-2021 07:40:29.440 INFO [localhost-startStop-1] org.apache.catalina.startup.HostConfig.deployDirectory Deploying web application directory C:\Users\monhel.pierre\Desktop\pfe.supernova\apache-tomcat\webapps\ROOT
12-Feb-2021 07:40:29.518 INFO [localhost-startStop-1] org.apache.catalina.startup.HostConfig.deployDirectory Deployment of web application directory C:\Users\monhel.pierre\Desktop\pfe.supernova\apache-tomcat\webapps\ROOT has finished in 78 ms
12-Feb-2021 07:40:29.518 INFO [main] org.apache.coyote.AbstractProtocol.start Starting ProtocolHandler ["http-apr-6060"]
12-Feb-2021 07:40:29.549 INFO [main] org.apache.coyote.AbstractProtocol.start Starting ProtocolHandler ["ajp-apr-7009"]
12-Feb-2021 07:40:29.549 INFO [main] org.apache.catalina.startup.Catalina.start Server startup in 9487 ms
