
2021-01-23 10:53:56 Commons Daemon procrun stderr initialized
23-Jan-2021 10:54:05.997 INFO [main] org.apache.catalina.startup.VersionLoggerListener.log Server version:        Apache Tomcat/8.0.53
23-Jan-2021 10:54:06.044 INFO [main] org.apache.catalina.startup.VersionLoggerListener.log Server built:          Jun 29 2018 14:42:45 UTC
23-Jan-2021 10:54:06.044 INFO [main] org.apache.catalina.startup.VersionLoggerListener.log Server number:         8.0.53.0
23-Jan-2021 10:54:06.044 INFO [main] org.apache.catalina.startup.VersionLoggerListener.log OS Name:               Windows 10
23-Jan-2021 10:54:06.044 INFO [main] org.apache.catalina.startup.VersionLoggerListener.log OS Version:            10.0
23-Jan-2021 10:54:06.044 INFO [main] org.apache.catalina.startup.VersionLoggerListener.log Architecture:          amd64
23-Jan-2021 10:54:06.044 INFO [main] org.apache.catalina.startup.VersionLoggerListener.log Java Home:             C:\Program Files\Java\jre1.8.0_111
23-Jan-2021 10:54:06.044 INFO [main] org.apache.catalina.startup.VersionLoggerListener.log JVM Version:           1.8.0_111-b14
23-Jan-2021 10:54:06.044 INFO [main] org.apache.catalina.startup.VersionLoggerListener.log JVM Vendor:            Oracle Corporation
23-Jan-2021 10:54:06.044 INFO [main] org.apache.catalina.startup.VersionLoggerListener.log CATALINA_BASE:         C:\Users\NHELTECH\Desktop\pfe.supernova\apache-tomcat
23-Jan-2021 10:54:06.044 INFO [main] org.apache.catalina.startup.VersionLoggerListener.log CATALINA_HOME:         C:\Users\NHELTECH\Desktop\pfe.supernova\apache-tomcat
23-Jan-2021 10:54:06.044 INFO [main] org.apache.catalina.startup.VersionLoggerListener.log Command line argument: -Dcatalina.home=C:\Users\NHELTECH\Desktop\pfe.supernova\apache-tomcat
23-Jan-2021 10:54:06.044 INFO [main] org.apache.catalina.startup.VersionLoggerListener.log Command line argument: -Dcatalina.base=C:\Users\NHELTECH\Desktop\pfe.supernova\apache-tomcat
23-Jan-2021 10:54:06.044 INFO [main] org.apache.catalina.startup.VersionLoggerListener.log Command line argument: -Dignore.endorsed.dirs=C:\Users\NHELTECH\Desktop\pfe.supernova\apache-tomcat\endorsed
23-Jan-2021 10:54:06.044 INFO [main] org.apache.catalina.startup.VersionLoggerListener.log Command line argument: -Djava.io.tmpdir=C:\Users\NHELTECH\Desktop\pfe.supernova\apache-tomcat\temp
23-Jan-2021 10:54:06.044 INFO [main] org.apache.catalina.startup.VersionLoggerListener.log Command line argument: -Djava.util.logging.manager=org.apache.juli.ClassLoaderLogManager
23-Jan-2021 10:54:06.044 INFO [main] org.apache.catalina.startup.VersionLoggerListener.log Command line argument: -Djava.util.logging.config.file=C:\Users\NHELTECH\Desktop\pfe.supernova\apache-tomcat\conf\logging.properties
23-Jan-2021 10:54:06.044 INFO [main] org.apache.catalina.startup.VersionLoggerListener.log Command line argument: exit
23-Jan-2021 10:54:06.044 INFO [main] org.apache.catalina.startup.VersionLoggerListener.log Command line argument: abort
23-Jan-2021 10:54:06.044 INFO [main] org.apache.catalina.startup.VersionLoggerListener.log Command line argument: -Xms128m
23-Jan-2021 10:54:06.060 INFO [main] org.apache.catalina.startup.VersionLoggerListener.log Command line argument: -Xmx256m
23-Jan-2021 10:54:06.060 INFO [main] org.apache.catalina.core.AprLifecycleListener.lifecycleEvent Loaded APR based Apache Tomcat Native library 1.2.17 using APR version 1.6.3.
23-Jan-2021 10:54:06.060 INFO [main] org.apache.catalina.core.AprLifecycleListener.lifecycleEvent APR capabilities: IPv6 [true], sendfile [true], accept filters [false], random [true].
23-Jan-2021 10:54:07.263 INFO [main] org.apache.catalina.core.AprLifecycleListener.initializeSSL OpenSSL successfully initialized (OpenSSL 1.0.2o  27 Mar 2018)
23-Jan-2021 10:54:14.801 INFO [main] org.apache.coyote.AbstractProtocol.init Initializing ProtocolHandler ["http-apr-6060"]
23-Jan-2021 10:54:14.834 INFO [main] org.apache.coyote.AbstractProtocol.init Initializing ProtocolHandler ["ajp-apr-7009"]
23-Jan-2021 10:54:14.834 INFO [main] org.apache.catalina.startup.Catalina.load Initialization processed in 12110 ms
23-Jan-2021 10:54:15.053 INFO [main] org.apache.catalina.core.StandardService.startInternal Starting service Catalina
23-Jan-2021 10:54:15.053 INFO [main] org.apache.catalina.core.StandardEngine.startInternal Starting Servlet Engine: Apache Tomcat/8.0.53
23-Jan-2021 10:54:15.343 INFO [localhost-startStop-1] org.apache.catalina.startup.HostConfig.deployWAR Deploying web application archive C:\Users\NHELTECH\Desktop\pfe.supernova\apache-tomcat\webapps\sygealoc##1.0.war
23-Jan-2021 10:54:26.839 INFO [localhost-startStop-1] org.apache.jasper.servlet.TldScanner.scanJars At least one JAR was scanned for TLDs yet contained no TLDs. Enable debug logging for this logger for a complete list of JARs that were scanned but no TLDs were found in them. Skipping unneeded JARs during scanning can improve startup time and JSP compilation time.
23-Jan-2021 10:54:27.136 INFO [localhost-startStop-1] org.springframework.web.context.ContextLoader.initWebApplicationContext Root WebApplicationContext: initialization started
23-Jan-2021 10:54:27.652 INFO [localhost-startStop-1] org.springframework.context.support.AbstractApplicationContext.prepareRefresh Refreshing Root WebApplicationContext: startup date [Sat Jan 23 10:54:27 CST 2021]; root of context hierarchy
23-Jan-2021 10:54:27.886 INFO [localhost-startStop-1] org.springframework.beans.factory.xml.XmlBeanDefinitionReader.loadBeanDefinitions Loading XML bean definitions from ServletContext resource [/WEB-INF/applicationContext.xml]
23-Jan-2021 10:54:28.933 INFO [localhost-startStop-1] org.springframework.web.context.ContextLoader.initWebApplicationContext Root WebApplicationContext: initialization completed in 1797 ms
23-Jan-2021 10:54:29.246 WARNING [localhost-startStop-1] org.apache.catalina.util.SessionIdGeneratorBase.createSecureRandom Creation of SecureRandom instance for session ID generation using [SHA1PRNG] took [297] milliseconds.
23-Jan-2021 10:54:29.355 INFO [localhost-startStop-1] org.springframework.web.servlet.FrameworkServlet.initServletBean FrameworkServlet 'sygealoc': initialization started
23-Jan-2021 10:54:29.371 INFO [localhost-startStop-1] org.springframework.context.support.AbstractApplicationContext.prepareRefresh Refreshing WebApplicationContext for namespace 'sygealoc-servlet': startup date [Sat Jan 23 10:54:29 CST 2021]; parent: Root WebApplicationContext
23-Jan-2021 10:54:29.386 INFO [localhost-startStop-1] org.springframework.beans.factory.xml.XmlBeanDefinitionReader.loadBeanDefinitions Loading XML bean definitions from ServletContext resource [/WEB-INF/sygealoc-servlet.xml]
23-Jan-2021 10:54:29.886 INFO [localhost-startStop-1] org.springframework.web.servlet.handler.AbstractUrlHandlerMapping.registerHandler Mapped URL path [/reservation*] onto handler 'ReservationController'
23-Jan-2021 10:54:29.886 INFO [localhost-startStop-1] org.springframework.web.servlet.handler.AbstractUrlHandlerMapping.registerHandler Mapped URL path [/impression*] onto handler 'ImpressionController'
23-Jan-2021 10:54:29.886 INFO [localhost-startStop-1] org.springframework.web.servlet.handler.AbstractUrlHandlerMapping.registerHandler Mapped URL path [/erreur*] onto handler 'ErreurController'
23-Jan-2021 10:54:29.886 INFO [localhost-startStop-1] org.springframework.web.servlet.handler.AbstractUrlHandlerMapping.registerHandler Mapped URL path [/ajoutervehicule*] onto handler 'AjoutervehiculeController'
23-Jan-2021 10:54:29.886 INFO [localhost-startStop-1] org.springframework.web.servlet.handler.AbstractUrlHandlerMapping.registerHandler Mapped URL path [/profile*] onto handler 'ProfileController'
23-Jan-2021 10:54:29.886 INFO [localhost-startStop-1] org.springframework.web.servlet.handler.AbstractUrlHandlerMapping.registerHandler Mapped URL path [/employe*] onto handler 'EmployeController'
23-Jan-2021 10:54:29.886 INFO [localhost-startStop-1] org.springframework.web.servlet.handler.AbstractUrlHandlerMapping.registerHandler Mapped URL path [/client*] onto handler 'ClientController'
23-Jan-2021 10:54:29.886 INFO [localhost-startStop-1] org.springframework.web.servlet.handler.AbstractUrlHandlerMapping.registerHandler Mapped URL path [/location*] onto handler 'LocationController'
23-Jan-2021 10:54:29.902 INFO [localhost-startStop-1] org.springframework.web.servlet.handler.AbstractUrlHandlerMapping.registerHandler Mapped URL path [/connexion*] onto handler 'ConnexionController'
23-Jan-2021 10:54:29.902 INFO [localhost-startStop-1] org.springframework.web.servlet.handler.AbstractUrlHandlerMapping.registerHandler Mapped URL path [/deconnexion*] onto handler 'DeconnexionController'
23-Jan-2021 10:54:29.902 INFO [localhost-startStop-1] org.springframework.web.servlet.handler.AbstractUrlHandlerMapping.registerHandler Mapped URL path [/utilisateur*] onto handler 'UtilisateurController'
23-Jan-2021 10:54:29.902 INFO [localhost-startStop-1] org.springframework.web.servlet.handler.AbstractUrlHandlerMapping.registerHandler Mapped URL path [/stock*] onto handler 'VehiculeController'
23-Jan-2021 10:54:29.902 INFO [localhost-startStop-1] org.springframework.web.servlet.handler.AbstractUrlHandlerMapping.registerHandler Mapped URL path [/fournisseur*] onto handler 'FournisseurController'
23-Jan-2021 10:54:29.918 INFO [localhost-startStop-1] org.springframework.web.servlet.handler.AbstractUrlHandlerMapping.registerHandler Mapped URL path [/verouiller*] onto handler 'VerouillerController'
23-Jan-2021 10:54:29.918 INFO [localhost-startStop-1] org.springframework.web.servlet.handler.AbstractUrlHandlerMapping.registerHandler Mapped URL path [/redirect*] onto handler 'RedirectController'
23-Jan-2021 10:54:30.168 INFO [localhost-startStop-1] org.springframework.web.servlet.handler.AbstractUrlHandlerMapping.registerHandler Mapped URL path [/tableaudebord] onto handler 'TableaudebordController'
23-Jan-2021 10:54:30.293 INFO [localhost-startStop-1] org.springframework.web.servlet.handler.AbstractUrlHandlerMapping.registerHandler Mapped URL path [/assets/**] onto handler 'org.springframework.web.servlet.resource.ResourceHttpRequestHandler#0'
23-Jan-2021 10:54:30.524 INFO [localhost-startStop-1] org.springframework.web.servlet.FrameworkServlet.initServletBean FrameworkServlet 'sygealoc': initialization completed in 1169 ms
23-Jan-2021 10:54:30.577 INFO [localhost-startStop-1] org.apache.catalina.startup.HostConfig.deployWAR Deployment of web application archive C:\Users\NHELTECH\Desktop\pfe.supernova\apache-tomcat\webapps\sygealoc##1.0.war has finished in 15,234 ms
23-Jan-2021 10:54:30.577 INFO [localhost-startStop-1] org.apache.catalina.startup.HostConfig.deployDirectory Deploying web application directory C:\Users\NHELTECH\Desktop\pfe.supernova\apache-tomcat\webapps\host-manager
23-Jan-2021 10:54:30.702 INFO [localhost-startStop-1] org.apache.catalina.startup.HostConfig.deployDirectory Deployment of web application directory C:\Users\NHELTECH\Desktop\pfe.supernova\apache-tomcat\webapps\host-manager has finished in 125 ms
23-Jan-2021 10:54:30.702 INFO [localhost-startStop-1] org.apache.catalina.startup.HostConfig.deployDirectory Deploying web application directory C:\Users\NHELTECH\Desktop\pfe.supernova\apache-tomcat\webapps\manager
23-Jan-2021 10:54:30.811 INFO [localhost-startStop-1] org.apache.catalina.startup.HostConfig.deployDirectory Deployment of web application directory C:\Users\NHELTECH\Desktop\pfe.supernova\apache-tomcat\webapps\manager has finished in 109 ms
23-Jan-2021 10:54:30.811 INFO [localhost-startStop-1] org.apache.catalina.startup.HostConfig.deployDirectory Deploying web application directory C:\Users\NHELTECH\Desktop\pfe.supernova\apache-tomcat\webapps\ROOT
23-Jan-2021 10:54:30.936 INFO [localhost-startStop-1] org.apache.catalina.startup.HostConfig.deployDirectory Deployment of web application directory C:\Users\NHELTECH\Desktop\pfe.supernova\apache-tomcat\webapps\ROOT has finished in 125 ms
23-Jan-2021 10:54:30.936 INFO [main] org.apache.coyote.AbstractProtocol.start Starting ProtocolHandler ["http-apr-6060"]
23-Jan-2021 10:54:30.983 INFO [main] org.apache.coyote.AbstractProtocol.start Starting ProtocolHandler ["ajp-apr-7009"]
23-Jan-2021 10:54:30.999 INFO [main] org.apache.catalina.startup.Catalina.start Server startup in 16167 ms
