
2020-10-21 08:28:44 Commons Daemon procrun stderr initialized
21-Oct-2020 08:28:52.681 INFO [main] org.apache.catalina.startup.VersionLoggerListener.log Server version:        Apache Tomcat/8.0.53
21-Oct-2020 08:28:52.728 INFO [main] org.apache.catalina.startup.VersionLoggerListener.log Server built:          Jun 29 2018 14:42:45 UTC
21-Oct-2020 08:28:52.728 INFO [main] org.apache.catalina.startup.VersionLoggerListener.log Server number:         8.0.53.0
21-Oct-2020 08:28:52.728 INFO [main] org.apache.catalina.startup.VersionLoggerListener.log OS Name:               Windows 10
21-Oct-2020 08:28:52.728 INFO [main] org.apache.catalina.startup.VersionLoggerListener.log OS Version:            10.0
21-Oct-2020 08:28:52.728 INFO [main] org.apache.catalina.startup.VersionLoggerListener.log Architecture:          amd64
21-Oct-2020 08:28:52.728 INFO [main] org.apache.catalina.startup.VersionLoggerListener.log Java Home:             C:\Program Files\Java\jre1.8.0_111
21-Oct-2020 08:28:52.728 INFO [main] org.apache.catalina.startup.VersionLoggerListener.log JVM Version:           1.8.0_111-b14
21-Oct-2020 08:28:52.728 INFO [main] org.apache.catalina.startup.VersionLoggerListener.log JVM Vendor:            Oracle Corporation
21-Oct-2020 08:28:52.728 INFO [main] org.apache.catalina.startup.VersionLoggerListener.log CATALINA_BASE:         C:\Users\NHELTECH\Desktop\pfe.supernova\apache-tomcat
21-Oct-2020 08:28:52.728 INFO [main] org.apache.catalina.startup.VersionLoggerListener.log CATALINA_HOME:         C:\Users\NHELTECH\Desktop\pfe.supernova\apache-tomcat
21-Oct-2020 08:28:52.728 INFO [main] org.apache.catalina.startup.VersionLoggerListener.log Command line argument: -Dcatalina.home=C:\Users\NHELTECH\Desktop\pfe.supernova\apache-tomcat
21-Oct-2020 08:28:52.728 INFO [main] org.apache.catalina.startup.VersionLoggerListener.log Command line argument: -Dcatalina.base=C:\Users\NHELTECH\Desktop\pfe.supernova\apache-tomcat
21-Oct-2020 08:28:52.728 INFO [main] org.apache.catalina.startup.VersionLoggerListener.log Command line argument: -Dignore.endorsed.dirs=C:\Users\NHELTECH\Desktop\pfe.supernova\apache-tomcat\endorsed
21-Oct-2020 08:28:52.728 INFO [main] org.apache.catalina.startup.VersionLoggerListener.log Command line argument: -Djava.io.tmpdir=C:\Users\NHELTECH\Desktop\pfe.supernova\apache-tomcat\temp
21-Oct-2020 08:28:52.728 INFO [main] org.apache.catalina.startup.VersionLoggerListener.log Command line argument: -Djava.util.logging.manager=org.apache.juli.ClassLoaderLogManager
21-Oct-2020 08:28:52.728 INFO [main] org.apache.catalina.startup.VersionLoggerListener.log Command line argument: -Djava.util.logging.config.file=C:\Users\NHELTECH\Desktop\pfe.supernova\apache-tomcat\conf\logging.properties
21-Oct-2020 08:28:52.744 INFO [main] org.apache.catalina.startup.VersionLoggerListener.log Command line argument: exit
21-Oct-2020 08:28:52.744 INFO [main] org.apache.catalina.startup.VersionLoggerListener.log Command line argument: abort
21-Oct-2020 08:28:52.744 INFO [main] org.apache.catalina.startup.VersionLoggerListener.log Command line argument: -Xms128m
21-Oct-2020 08:28:52.744 INFO [main] org.apache.catalina.startup.VersionLoggerListener.log Command line argument: -Xmx256m
21-Oct-2020 08:28:52.744 INFO [main] org.apache.catalina.core.AprLifecycleListener.lifecycleEvent Loaded APR based Apache Tomcat Native library 1.2.17 using APR version 1.6.3.
21-Oct-2020 08:28:52.744 INFO [main] org.apache.catalina.core.AprLifecycleListener.lifecycleEvent APR capabilities: IPv6 [true], sendfile [true], accept filters [false], random [true].
21-Oct-2020 08:28:53.985 INFO [main] org.apache.catalina.core.AprLifecycleListener.initializeSSL OpenSSL successfully initialized (OpenSSL 1.0.2o  27 Mar 2018)
21-Oct-2020 08:29:03.037 INFO [main] org.apache.coyote.AbstractProtocol.init Initializing ProtocolHandler ["http-apr-6060"]
21-Oct-2020 08:29:03.086 INFO [main] org.apache.coyote.AbstractProtocol.init Initializing ProtocolHandler ["ajp-apr-7009"]
21-Oct-2020 08:29:03.095 INFO [main] org.apache.catalina.startup.Catalina.load Initialization processed in 13649 ms
21-Oct-2020 08:29:03.310 INFO [main] org.apache.catalina.core.StandardService.startInternal Starting service Catalina
21-Oct-2020 08:29:03.311 INFO [main] org.apache.catalina.core.StandardEngine.startInternal Starting Servlet Engine: Apache Tomcat/8.0.53
21-Oct-2020 08:29:03.433 INFO [localhost-startStop-1] org.apache.catalina.startup.HostConfig.deployDirectory Deploying web application directory C:\Users\NHELTECH\Desktop\pfe.supernova\apache-tomcat\webapps\host-manager
21-Oct-2020 08:29:05.750 WARNING [localhost-startStop-1] org.apache.catalina.util.SessionIdGeneratorBase.createSecureRandom Creation of SecureRandom instance for session ID generation using [SHA1PRNG] took [383] milliseconds.
21-Oct-2020 08:29:05.860 INFO [localhost-startStop-1] org.apache.catalina.startup.HostConfig.deployDirectory Deployment of web application directory C:\Users\NHELTECH\Desktop\pfe.supernova\apache-tomcat\webapps\host-manager has finished in 2,427 ms
21-Oct-2020 08:29:05.861 INFO [localhost-startStop-1] org.apache.catalina.startup.HostConfig.deployDirectory Deploying web application directory C:\Users\NHELTECH\Desktop\pfe.supernova\apache-tomcat\webapps\manager
21-Oct-2020 08:29:05.998 INFO [localhost-startStop-1] org.apache.catalina.startup.HostConfig.deployDirectory Deployment of web application directory C:\Users\NHELTECH\Desktop\pfe.supernova\apache-tomcat\webapps\manager has finished in 136 ms
21-Oct-2020 08:29:05.998 INFO [localhost-startStop-1] org.apache.catalina.startup.HostConfig.deployDirectory Deploying web application directory C:\Users\NHELTECH\Desktop\pfe.supernova\apache-tomcat\webapps\ROOT
21-Oct-2020 08:29:06.113 INFO [localhost-startStop-1] org.apache.catalina.startup.HostConfig.deployDirectory Deployment of web application directory C:\Users\NHELTECH\Desktop\pfe.supernova\apache-tomcat\webapps\ROOT has finished in 115 ms
21-Oct-2020 08:29:06.190 INFO [main] org.apache.coyote.AbstractProtocol.start Starting ProtocolHandler ["http-apr-6060"]
21-Oct-2020 08:29:06.233 INFO [main] org.apache.coyote.AbstractProtocol.start Starting ProtocolHandler ["ajp-apr-7009"]
21-Oct-2020 08:29:06.243 INFO [main] org.apache.catalina.startup.Catalina.start Server startup in 3147 ms
21-Oct-2020 16:46:45.895 INFO [Thread-4] org.apache.coyote.AbstractProtocol.pause Pausing ProtocolHandler ["http-apr-6060"]
21-Oct-2020 16:46:46.046 INFO [Thread-4] org.apache.coyote.AbstractProtocol.pause Pausing ProtocolHandler ["ajp-apr-7009"]
21-Oct-2020 16:46:46.100 INFO [Thread-4] org.apache.catalina.core.StandardService.stopInternal Stopping service Catalina
21-Oct-2020 16:46:46.483 INFO [Thread-4] org.apache.coyote.AbstractProtocol.stop Stopping ProtocolHandler ["http-apr-6060"]
21-Oct-2020 16:46:46.552 INFO [Thread-4] org.apache.coyote.AbstractProtocol.stop Stopping ProtocolHandler ["ajp-apr-7009"]

2020-10-21 16:47:16 Commons Daemon procrun stderr initialized
21-Oct-2020 16:47:26.308 INFO [main] org.apache.catalina.startup.VersionLoggerListener.log Server version:        Apache Tomcat/8.0.53
21-Oct-2020 16:47:26.565 INFO [main] org.apache.catalina.startup.VersionLoggerListener.log Server built:          Jun 29 2018 14:42:45 UTC
21-Oct-2020 16:47:26.566 INFO [main] org.apache.catalina.startup.VersionLoggerListener.log Server number:         8.0.53.0
21-Oct-2020 16:47:26.567 INFO [main] org.apache.catalina.startup.VersionLoggerListener.log OS Name:               Windows 10
21-Oct-2020 16:47:26.567 INFO [main] org.apache.catalina.startup.VersionLoggerListener.log OS Version:            10.0
21-Oct-2020 16:47:26.567 INFO [main] org.apache.catalina.startup.VersionLoggerListener.log Architecture:          amd64
21-Oct-2020 16:47:26.567 INFO [main] org.apache.catalina.startup.VersionLoggerListener.log Java Home:             C:\Program Files\Java\jre1.8.0_111
21-Oct-2020 16:47:26.568 INFO [main] org.apache.catalina.startup.VersionLoggerListener.log JVM Version:           1.8.0_111-b14
21-Oct-2020 16:47:26.568 INFO [main] org.apache.catalina.startup.VersionLoggerListener.log JVM Vendor:            Oracle Corporation
21-Oct-2020 16:47:26.568 INFO [main] org.apache.catalina.startup.VersionLoggerListener.log CATALINA_BASE:         C:\Users\NHELTECH\Desktop\pfe.supernova\apache-tomcat
21-Oct-2020 16:47:26.568 INFO [main] org.apache.catalina.startup.VersionLoggerListener.log CATALINA_HOME:         C:\Users\NHELTECH\Desktop\pfe.supernova\apache-tomcat
21-Oct-2020 16:47:26.569 INFO [main] org.apache.catalina.startup.VersionLoggerListener.log Command line argument: -Dcatalina.home=C:\Users\NHELTECH\Desktop\pfe.supernova\apache-tomcat
21-Oct-2020 16:47:26.570 INFO [main] org.apache.catalina.startup.VersionLoggerListener.log Command line argument: -Dcatalina.base=C:\Users\NHELTECH\Desktop\pfe.supernova\apache-tomcat
21-Oct-2020 16:47:26.570 INFO [main] org.apache.catalina.startup.VersionLoggerListener.log Command line argument: -Dignore.endorsed.dirs=C:\Users\NHELTECH\Desktop\pfe.supernova\apache-tomcat\endorsed
21-Oct-2020 16:47:26.570 INFO [main] org.apache.catalina.startup.VersionLoggerListener.log Command line argument: -Djava.io.tmpdir=C:\Users\NHELTECH\Desktop\pfe.supernova\apache-tomcat\temp
21-Oct-2020 16:47:26.570 INFO [main] org.apache.catalina.startup.VersionLoggerListener.log Command line argument: -Djava.util.logging.manager=org.apache.juli.ClassLoaderLogManager
21-Oct-2020 16:47:26.571 INFO [main] org.apache.catalina.startup.VersionLoggerListener.log Command line argument: -Djava.util.logging.config.file=C:\Users\NHELTECH\Desktop\pfe.supernova\apache-tomcat\conf\logging.properties
21-Oct-2020 16:47:26.571 INFO [main] org.apache.catalina.startup.VersionLoggerListener.log Command line argument: exit
21-Oct-2020 16:47:26.571 INFO [main] org.apache.catalina.startup.VersionLoggerListener.log Command line argument: abort
21-Oct-2020 16:47:26.571 INFO [main] org.apache.catalina.startup.VersionLoggerListener.log Command line argument: -Xms128m
21-Oct-2020 16:47:26.571 INFO [main] org.apache.catalina.startup.VersionLoggerListener.log Command line argument: -Xmx256m
21-Oct-2020 16:47:26.572 INFO [main] org.apache.catalina.core.AprLifecycleListener.lifecycleEvent Loaded APR based Apache Tomcat Native library 1.2.17 using APR version 1.6.3.
21-Oct-2020 16:47:26.572 INFO [main] org.apache.catalina.core.AprLifecycleListener.lifecycleEvent APR capabilities: IPv6 [true], sendfile [true], accept filters [false], random [true].
21-Oct-2020 16:47:27.673 INFO [main] org.apache.catalina.core.AprLifecycleListener.initializeSSL OpenSSL successfully initialized (OpenSSL 1.0.2o  27 Mar 2018)
21-Oct-2020 16:47:33.913 INFO [main] org.apache.coyote.AbstractProtocol.init Initializing ProtocolHandler ["http-apr-6060"]
21-Oct-2020 16:47:33.941 INFO [main] org.apache.coyote.AbstractProtocol.init Initializing ProtocolHandler ["ajp-apr-7009"]
21-Oct-2020 16:47:33.953 INFO [main] org.apache.catalina.startup.Catalina.load Initialization processed in 12449 ms
21-Oct-2020 16:47:34.066 INFO [main] org.apache.catalina.core.StandardService.startInternal Starting service Catalina
21-Oct-2020 16:47:34.067 INFO [main] org.apache.catalina.core.StandardEngine.startInternal Starting Servlet Engine: Apache Tomcat/8.0.53
21-Oct-2020 16:47:34.213 INFO [localhost-startStop-1] org.apache.catalina.startup.HostConfig.deployDirectory Deploying web application directory C:\Users\NHELTECH\Desktop\pfe.supernova\apache-tomcat\webapps\host-manager
21-Oct-2020 16:47:35.606 WARNING [localhost-startStop-1] org.apache.catalina.util.SessionIdGeneratorBase.createSecureRandom Creation of SecureRandom instance for session ID generation using [SHA1PRNG] took [214] milliseconds.
21-Oct-2020 16:47:35.677 INFO [localhost-startStop-1] org.apache.catalina.startup.HostConfig.deployDirectory Deployment of web application directory C:\Users\NHELTECH\Desktop\pfe.supernova\apache-tomcat\webapps\host-manager has finished in 1,464 ms
21-Oct-2020 16:47:35.678 INFO [localhost-startStop-1] org.apache.catalina.startup.HostConfig.deployDirectory Deploying web application directory C:\Users\NHELTECH\Desktop\pfe.supernova\apache-tomcat\webapps\manager
21-Oct-2020 16:47:35.860 INFO [localhost-startStop-1] org.apache.catalina.startup.HostConfig.deployDirectory Deployment of web application directory C:\Users\NHELTECH\Desktop\pfe.supernova\apache-tomcat\webapps\manager has finished in 181 ms
21-Oct-2020 16:47:35.860 INFO [localhost-startStop-1] org.apache.catalina.startup.HostConfig.deployDirectory Deploying web application directory C:\Users\NHELTECH\Desktop\pfe.supernova\apache-tomcat\webapps\ROOT
21-Oct-2020 16:47:36.019 INFO [localhost-startStop-1] org.apache.catalina.startup.HostConfig.deployDirectory Deployment of web application directory C:\Users\NHELTECH\Desktop\pfe.supernova\apache-tomcat\webapps\ROOT has finished in 159 ms
21-Oct-2020 16:47:36.039 INFO [main] org.apache.coyote.AbstractProtocol.start Starting ProtocolHandler ["http-apr-6060"]
21-Oct-2020 16:47:36.080 INFO [main] org.apache.coyote.AbstractProtocol.start Starting ProtocolHandler ["ajp-apr-7009"]
21-Oct-2020 16:47:36.090 INFO [main] org.apache.catalina.startup.Catalina.start Server startup in 2136 ms
