
2020-11-12 10:31:09 Commons Daemon procrun stderr initialized
12-Nov-2020 10:31:13.891 INFO [main] org.apache.catalina.startup.VersionLoggerListener.log Server version:        Apache Tomcat/8.0.53
12-Nov-2020 10:31:13.907 INFO [main] org.apache.catalina.startup.VersionLoggerListener.log Server built:          Jun 29 2018 14:42:45 UTC
12-Nov-2020 10:31:13.907 INFO [main] org.apache.catalina.startup.VersionLoggerListener.log Server number:         8.0.53.0
12-Nov-2020 10:31:13.907 INFO [main] org.apache.catalina.startup.VersionLoggerListener.log OS Name:               Windows 10
12-Nov-2020 10:31:13.907 INFO [main] org.apache.catalina.startup.VersionLoggerListener.log OS Version:            10.0
12-Nov-2020 10:31:13.907 INFO [main] org.apache.catalina.startup.VersionLoggerListener.log Architecture:          amd64
12-Nov-2020 10:31:13.907 INFO [main] org.apache.catalina.startup.VersionLoggerListener.log Java Home:             C:\Program Files\Java\jre1.8.0_111
12-Nov-2020 10:31:13.907 INFO [main] org.apache.catalina.startup.VersionLoggerListener.log JVM Version:           1.8.0_111-b14
12-Nov-2020 10:31:13.907 INFO [main] org.apache.catalina.startup.VersionLoggerListener.log JVM Vendor:            Oracle Corporation
12-Nov-2020 10:31:13.907 INFO [main] org.apache.catalina.startup.VersionLoggerListener.log CATALINA_BASE:         C:\Users\NHELTECH\Desktop\pfe.supernova\apache-tomcat
12-Nov-2020 10:31:13.907 INFO [main] org.apache.catalina.startup.VersionLoggerListener.log CATALINA_HOME:         C:\Users\NHELTECH\Desktop\pfe.supernova\apache-tomcat
12-Nov-2020 10:31:13.907 INFO [main] org.apache.catalina.startup.VersionLoggerListener.log Command line argument: -Dcatalina.home=C:\Users\NHELTECH\Desktop\pfe.supernova\apache-tomcat
12-Nov-2020 10:31:13.907 INFO [main] org.apache.catalina.startup.VersionLoggerListener.log Command line argument: -Dcatalina.base=C:\Users\NHELTECH\Desktop\pfe.supernova\apache-tomcat
12-Nov-2020 10:31:13.907 INFO [main] org.apache.catalina.startup.VersionLoggerListener.log Command line argument: -Dignore.endorsed.dirs=C:\Users\NHELTECH\Desktop\pfe.supernova\apache-tomcat\endorsed
12-Nov-2020 10:31:13.907 INFO [main] org.apache.catalina.startup.VersionLoggerListener.log Command line argument: -Djava.io.tmpdir=C:\Users\NHELTECH\Desktop\pfe.supernova\apache-tomcat\temp
12-Nov-2020 10:31:13.907 INFO [main] org.apache.catalina.startup.VersionLoggerListener.log Command line argument: -Djava.util.logging.manager=org.apache.juli.ClassLoaderLogManager
12-Nov-2020 10:31:13.922 INFO [main] org.apache.catalina.startup.VersionLoggerListener.log Command line argument: -Djava.util.logging.config.file=C:\Users\NHELTECH\Desktop\pfe.supernova\apache-tomcat\conf\logging.properties
12-Nov-2020 10:31:13.922 INFO [main] org.apache.catalina.startup.VersionLoggerListener.log Command line argument: exit
12-Nov-2020 10:31:13.922 INFO [main] org.apache.catalina.startup.VersionLoggerListener.log Command line argument: abort
12-Nov-2020 10:31:13.922 INFO [main] org.apache.catalina.startup.VersionLoggerListener.log Command line argument: -Xms128m
12-Nov-2020 10:31:13.922 INFO [main] org.apache.catalina.startup.VersionLoggerListener.log Command line argument: -Xmx256m
12-Nov-2020 10:31:13.922 INFO [main] org.apache.catalina.core.AprLifecycleListener.lifecycleEvent Loaded APR based Apache Tomcat Native library 1.2.17 using APR version 1.6.3.
12-Nov-2020 10:31:13.922 INFO [main] org.apache.catalina.core.AprLifecycleListener.lifecycleEvent APR capabilities: IPv6 [true], sendfile [true], accept filters [false], random [true].
12-Nov-2020 10:31:14.999 INFO [main] org.apache.catalina.core.AprLifecycleListener.initializeSSL OpenSSL successfully initialized (OpenSSL 1.0.2o  27 Mar 2018)
12-Nov-2020 10:31:15.860 INFO [main] org.apache.coyote.AbstractProtocol.init Initializing ProtocolHandler ["http-apr-6060"]
12-Nov-2020 10:31:15.888 INFO [main] org.apache.coyote.AbstractProtocol.init Initializing ProtocolHandler ["ajp-apr-7009"]
12-Nov-2020 10:31:15.898 INFO [main] org.apache.catalina.startup.Catalina.load Initialization processed in 3435 ms
12-Nov-2020 10:31:16.023 INFO [main] org.apache.catalina.core.StandardService.startInternal Starting service Catalina
12-Nov-2020 10:31:16.024 INFO [main] org.apache.catalina.core.StandardEngine.startInternal Starting Servlet Engine: Apache Tomcat/8.0.53
12-Nov-2020 10:31:16.141 INFO [localhost-startStop-1] org.apache.catalina.startup.HostConfig.deployDirectory Deploying web application directory C:\Users\NHELTECH\Desktop\pfe.supernova\apache-tomcat\webapps\host-manager
12-Nov-2020 10:31:17.391 WARNING [localhost-startStop-1] org.apache.catalina.util.SessionIdGeneratorBase.createSecureRandom Creation of SecureRandom instance for session ID generation using [SHA1PRNG] took [110] milliseconds.
12-Nov-2020 10:31:17.469 INFO [localhost-startStop-1] org.apache.catalina.startup.HostConfig.deployDirectory Deployment of web application directory C:\Users\NHELTECH\Desktop\pfe.supernova\apache-tomcat\webapps\host-manager has finished in 1,328 ms
12-Nov-2020 10:31:17.469 INFO [localhost-startStop-1] org.apache.catalina.startup.HostConfig.deployDirectory Deploying web application directory C:\Users\NHELTECH\Desktop\pfe.supernova\apache-tomcat\webapps\manager
12-Nov-2020 10:31:17.609 INFO [localhost-startStop-1] org.apache.catalina.startup.HostConfig.deployDirectory Deployment of web application directory C:\Users\NHELTECH\Desktop\pfe.supernova\apache-tomcat\webapps\manager has finished in 140 ms
12-Nov-2020 10:31:17.609 INFO [localhost-startStop-1] org.apache.catalina.startup.HostConfig.deployDirectory Deploying web application directory C:\Users\NHELTECH\Desktop\pfe.supernova\apache-tomcat\webapps\ROOT
12-Nov-2020 10:31:17.719 INFO [localhost-startStop-1] org.apache.catalina.startup.HostConfig.deployDirectory Deployment of web application directory C:\Users\NHELTECH\Desktop\pfe.supernova\apache-tomcat\webapps\ROOT has finished in 110 ms
12-Nov-2020 10:31:17.719 INFO [main] org.apache.coyote.AbstractProtocol.start Starting ProtocolHandler ["http-apr-6060"]
12-Nov-2020 10:31:17.766 INFO [main] org.apache.coyote.AbstractProtocol.start Starting ProtocolHandler ["ajp-apr-7009"]
12-Nov-2020 10:31:17.766 INFO [main] org.apache.catalina.startup.Catalina.start Server startup in 1880 ms
