
2021-02-02 09:20:05 Commons Daemon procrun stderr initialized
02-Feb-2021 09:20:14.791 INFO [main] org.apache.catalina.startup.VersionLoggerListener.log Server version:        Apache Tomcat/8.0.53
02-Feb-2021 09:20:14.838 INFO [main] org.apache.catalina.startup.VersionLoggerListener.log Server built:          Jun 29 2018 14:42:45 UTC
02-Feb-2021 09:20:14.838 INFO [main] org.apache.catalina.startup.VersionLoggerListener.log Server number:         8.0.53.0
02-Feb-2021 09:20:14.838 INFO [main] org.apache.catalina.startup.VersionLoggerListener.log OS Name:               Windows 10
02-Feb-2021 09:20:14.853 INFO [main] org.apache.catalina.startup.VersionLoggerListener.log OS Version:            10.0
02-Feb-2021 09:20:14.853 INFO [main] org.apache.catalina.startup.VersionLoggerListener.log Architecture:          amd64
02-Feb-2021 09:20:14.853 INFO [main] org.apache.catalina.startup.VersionLoggerListener.log Java Home:             C:\Program Files\Java\jre1.8.0_111
02-Feb-2021 09:20:14.853 INFO [main] org.apache.catalina.startup.VersionLoggerListener.log JVM Version:           1.8.0_111-b14
02-Feb-2021 09:20:14.853 INFO [main] org.apache.catalina.startup.VersionLoggerListener.log JVM Vendor:            Oracle Corporation
02-Feb-2021 09:20:14.853 INFO [main] org.apache.catalina.startup.VersionLoggerListener.log CATALINA_BASE:         C:\Users\NHELTECH\Desktop\pfe.supernova\apache-tomcat
02-Feb-2021 09:20:14.853 INFO [main] org.apache.catalina.startup.VersionLoggerListener.log CATALINA_HOME:         C:\Users\NHELTECH\Desktop\pfe.supernova\apache-tomcat
02-Feb-2021 09:20:14.853 INFO [main] org.apache.catalina.startup.VersionLoggerListener.log Command line argument: -Dcatalina.home=C:\Users\NHELTECH\Desktop\pfe.supernova\apache-tomcat
02-Feb-2021 09:20:14.853 INFO [main] org.apache.catalina.startup.VersionLoggerListener.log Command line argument: -Dcatalina.base=C:\Users\NHELTECH\Desktop\pfe.supernova\apache-tomcat
02-Feb-2021 09:20:14.853 INFO [main] org.apache.catalina.startup.VersionLoggerListener.log Command line argument: -Dignore.endorsed.dirs=C:\Users\NHELTECH\Desktop\pfe.supernova\apache-tomcat\endorsed
02-Feb-2021 09:20:14.853 INFO [main] org.apache.catalina.startup.VersionLoggerListener.log Command line argument: -Djava.io.tmpdir=C:\Users\NHELTECH\Desktop\pfe.supernova\apache-tomcat\temp
02-Feb-2021 09:20:14.853 INFO [main] org.apache.catalina.startup.VersionLoggerListener.log Command line argument: -Djava.util.logging.manager=org.apache.juli.ClassLoaderLogManager
02-Feb-2021 09:20:14.853 INFO [main] org.apache.catalina.startup.VersionLoggerListener.log Command line argument: -Djava.util.logging.config.file=C:\Users\NHELTECH\Desktop\pfe.supernova\apache-tomcat\conf\logging.properties
02-Feb-2021 09:20:14.853 INFO [main] org.apache.catalina.startup.VersionLoggerListener.log Command line argument: exit
02-Feb-2021 09:20:14.853 INFO [main] org.apache.catalina.startup.VersionLoggerListener.log Command line argument: abort
02-Feb-2021 09:20:14.853 INFO [main] org.apache.catalina.startup.VersionLoggerListener.log Command line argument: -Xms128m
02-Feb-2021 09:20:14.853 INFO [main] org.apache.catalina.startup.VersionLoggerListener.log Command line argument: -Xmx256m
02-Feb-2021 09:20:14.853 INFO [main] org.apache.catalina.core.AprLifecycleListener.lifecycleEvent Loaded APR based Apache Tomcat Native library 1.2.17 using APR version 1.6.3.
02-Feb-2021 09:20:14.853 INFO [main] org.apache.catalina.core.AprLifecycleListener.lifecycleEvent APR capabilities: IPv6 [true], sendfile [true], accept filters [false], random [true].
02-Feb-2021 09:20:16.150 INFO [main] org.apache.catalina.core.AprLifecycleListener.initializeSSL OpenSSL successfully initialized (OpenSSL 1.0.2o  27 Mar 2018)
02-Feb-2021 09:20:25.916 INFO [main] org.apache.coyote.AbstractProtocol.init Initializing ProtocolHandler ["http-apr-6060"]
02-Feb-2021 09:20:25.982 INFO [main] org.apache.coyote.AbstractProtocol.init Initializing ProtocolHandler ["ajp-apr-7009"]
02-Feb-2021 09:20:25.999 INFO [main] org.apache.catalina.startup.Catalina.load Initialization processed in 14702 ms
02-Feb-2021 09:20:26.536 INFO [main] org.apache.catalina.core.StandardService.startInternal Starting service Catalina
02-Feb-2021 09:20:26.537 INFO [main] org.apache.catalina.core.StandardEngine.startInternal Starting Servlet Engine: Apache Tomcat/8.0.53
02-Feb-2021 09:20:26.618 INFO [localhost-startStop-1] org.apache.catalina.startup.HostConfig.deployDirectory Deploying web application directory C:\Users\NHELTECH\Desktop\pfe.supernova\apache-tomcat\webapps\host-manager
02-Feb-2021 09:20:29.442 WARNING [localhost-startStop-1] org.apache.catalina.util.SessionIdGeneratorBase.createSecureRandom Creation of SecureRandom instance for session ID generation using [SHA1PRNG] took [406] milliseconds.
02-Feb-2021 09:20:29.587 INFO [localhost-startStop-1] org.apache.catalina.startup.HostConfig.deployDirectory Deployment of web application directory C:\Users\NHELTECH\Desktop\pfe.supernova\apache-tomcat\webapps\host-manager has finished in 2,970 ms
02-Feb-2021 09:20:29.588 INFO [localhost-startStop-1] org.apache.catalina.startup.HostConfig.deployDirectory Deploying web application directory C:\Users\NHELTECH\Desktop\pfe.supernova\apache-tomcat\webapps\manager
02-Feb-2021 09:20:29.780 INFO [localhost-startStop-1] org.apache.catalina.startup.HostConfig.deployDirectory Deployment of web application directory C:\Users\NHELTECH\Desktop\pfe.supernova\apache-tomcat\webapps\manager has finished in 192 ms
02-Feb-2021 09:20:29.781 INFO [localhost-startStop-1] org.apache.catalina.startup.HostConfig.deployDirectory Deploying web application directory C:\Users\NHELTECH\Desktop\pfe.supernova\apache-tomcat\webapps\ROOT
02-Feb-2021 09:20:29.932 INFO [localhost-startStop-1] org.apache.catalina.startup.HostConfig.deployDirectory Deployment of web application directory C:\Users\NHELTECH\Desktop\pfe.supernova\apache-tomcat\webapps\ROOT has finished in 151 ms
02-Feb-2021 09:20:29.951 INFO [main] org.apache.coyote.AbstractProtocol.start Starting ProtocolHandler ["http-apr-6060"]
02-Feb-2021 09:20:30.015 INFO [main] org.apache.coyote.AbstractProtocol.start Starting ProtocolHandler ["ajp-apr-7009"]
02-Feb-2021 09:20:30.028 INFO [main] org.apache.catalina.startup.Catalina.start Server startup in 4028 ms
02-Feb-2021 15:44:24.556 INFO [Thread-4] org.apache.coyote.AbstractProtocol.pause Pausing ProtocolHandler ["http-apr-6060"]
02-Feb-2021 15:44:24.655 INFO [Thread-4] org.apache.coyote.AbstractProtocol.pause Pausing ProtocolHandler ["ajp-apr-7009"]
02-Feb-2021 15:44:24.709 INFO [Thread-4] org.apache.catalina.core.StandardService.stopInternal Stopping service Catalina
02-Feb-2021 15:44:25.069 INFO [Thread-4] org.apache.coyote.AbstractProtocol.stop Stopping ProtocolHandler ["http-apr-6060"]
02-Feb-2021 15:44:25.135 INFO [Thread-4] org.apache.coyote.AbstractProtocol.stop Stopping ProtocolHandler ["ajp-apr-7009"]

2021-02-02 15:44:55 Commons Daemon procrun stderr initialized
02-Feb-2021 15:45:04.186 INFO [main] org.apache.catalina.startup.VersionLoggerListener.log Server version:        Apache Tomcat/8.0.53
02-Feb-2021 15:45:04.263 INFO [main] org.apache.catalina.startup.VersionLoggerListener.log Server built:          Jun 29 2018 14:42:45 UTC
02-Feb-2021 15:45:04.263 INFO [main] org.apache.catalina.startup.VersionLoggerListener.log Server number:         8.0.53.0
02-Feb-2021 15:45:04.264 INFO [main] org.apache.catalina.startup.VersionLoggerListener.log OS Name:               Windows 10
02-Feb-2021 15:45:04.264 INFO [main] org.apache.catalina.startup.VersionLoggerListener.log OS Version:            10.0
02-Feb-2021 15:45:04.265 INFO [main] org.apache.catalina.startup.VersionLoggerListener.log Architecture:          amd64
02-Feb-2021 15:45:04.265 INFO [main] org.apache.catalina.startup.VersionLoggerListener.log Java Home:             C:\Program Files\Java\jre1.8.0_111
02-Feb-2021 15:45:04.265 INFO [main] org.apache.catalina.startup.VersionLoggerListener.log JVM Version:           1.8.0_111-b14
02-Feb-2021 15:45:04.266 INFO [main] org.apache.catalina.startup.VersionLoggerListener.log JVM Vendor:            Oracle Corporation
02-Feb-2021 15:45:04.266 INFO [main] org.apache.catalina.startup.VersionLoggerListener.log CATALINA_BASE:         C:\Users\NHELTECH\Desktop\pfe.supernova\apache-tomcat
02-Feb-2021 15:45:04.267 INFO [main] org.apache.catalina.startup.VersionLoggerListener.log CATALINA_HOME:         C:\Users\NHELTECH\Desktop\pfe.supernova\apache-tomcat
02-Feb-2021 15:45:04.267 INFO [main] org.apache.catalina.startup.VersionLoggerListener.log Command line argument: -Dcatalina.home=C:\Users\NHELTECH\Desktop\pfe.supernova\apache-tomcat
02-Feb-2021 15:45:04.268 INFO [main] org.apache.catalina.startup.VersionLoggerListener.log Command line argument: -Dcatalina.base=C:\Users\NHELTECH\Desktop\pfe.supernova\apache-tomcat
02-Feb-2021 15:45:04.268 INFO [main] org.apache.catalina.startup.VersionLoggerListener.log Command line argument: -Dignore.endorsed.dirs=C:\Users\NHELTECH\Desktop\pfe.supernova\apache-tomcat\endorsed
02-Feb-2021 15:45:04.268 INFO [main] org.apache.catalina.startup.VersionLoggerListener.log Command line argument: -Djava.io.tmpdir=C:\Users\NHELTECH\Desktop\pfe.supernova\apache-tomcat\temp
02-Feb-2021 15:45:04.269 INFO [main] org.apache.catalina.startup.VersionLoggerListener.log Command line argument: -Djava.util.logging.manager=org.apache.juli.ClassLoaderLogManager
02-Feb-2021 15:45:04.269 INFO [main] org.apache.catalina.startup.VersionLoggerListener.log Command line argument: -Djava.util.logging.config.file=C:\Users\NHELTECH\Desktop\pfe.supernova\apache-tomcat\conf\logging.properties
02-Feb-2021 15:45:04.269 INFO [main] org.apache.catalina.startup.VersionLoggerListener.log Command line argument: exit
02-Feb-2021 15:45:04.271 INFO [main] org.apache.catalina.startup.VersionLoggerListener.log Command line argument: abort
02-Feb-2021 15:45:04.271 INFO [main] org.apache.catalina.startup.VersionLoggerListener.log Command line argument: -Xms128m
02-Feb-2021 15:45:04.274 INFO [main] org.apache.catalina.startup.VersionLoggerListener.log Command line argument: -Xmx256m
02-Feb-2021 15:45:04.274 INFO [main] org.apache.catalina.core.AprLifecycleListener.lifecycleEvent Loaded APR based Apache Tomcat Native library 1.2.17 using APR version 1.6.3.
02-Feb-2021 15:45:04.275 INFO [main] org.apache.catalina.core.AprLifecycleListener.lifecycleEvent APR capabilities: IPv6 [true], sendfile [true], accept filters [false], random [true].
02-Feb-2021 15:45:05.334 INFO [main] org.apache.catalina.core.AprLifecycleListener.initializeSSL OpenSSL successfully initialized (OpenSSL 1.0.2o  27 Mar 2018)
02-Feb-2021 15:45:06.886 INFO [main] org.apache.coyote.AbstractProtocol.init Initializing ProtocolHandler ["http-apr-6060"]
02-Feb-2021 15:45:06.920 INFO [main] org.apache.coyote.AbstractProtocol.init Initializing ProtocolHandler ["ajp-apr-7009"]
02-Feb-2021 15:45:06.927 INFO [main] org.apache.catalina.startup.Catalina.load Initialization processed in 4227 ms
02-Feb-2021 15:45:07.038 INFO [main] org.apache.catalina.core.StandardService.startInternal Starting service Catalina
02-Feb-2021 15:45:07.039 INFO [main] org.apache.catalina.core.StandardEngine.startInternal Starting Servlet Engine: Apache Tomcat/8.0.53
02-Feb-2021 15:45:07.079 INFO [localhost-startStop-1] org.apache.catalina.startup.HostConfig.deployDirectory Deploying web application directory C:\Users\NHELTECH\Desktop\pfe.supernova\apache-tomcat\webapps\host-manager
02-Feb-2021 15:45:08.494 WARNING [localhost-startStop-1] org.apache.catalina.util.SessionIdGeneratorBase.createSecureRandom Creation of SecureRandom instance for session ID generation using [SHA1PRNG] took [127] milliseconds.
02-Feb-2021 15:45:08.582 INFO [localhost-startStop-1] org.apache.catalina.startup.HostConfig.deployDirectory Deployment of web application directory C:\Users\NHELTECH\Desktop\pfe.supernova\apache-tomcat\webapps\host-manager has finished in 1,504 ms
02-Feb-2021 15:45:08.583 INFO [localhost-startStop-1] org.apache.catalina.startup.HostConfig.deployDirectory Deploying web application directory C:\Users\NHELTECH\Desktop\pfe.supernova\apache-tomcat\webapps\manager
02-Feb-2021 15:45:09.085 INFO [localhost-startStop-1] org.apache.catalina.startup.HostConfig.deployDirectory Deployment of web application directory C:\Users\NHELTECH\Desktop\pfe.supernova\apache-tomcat\webapps\manager has finished in 501 ms
02-Feb-2021 15:45:09.088 INFO [localhost-startStop-1] org.apache.catalina.startup.HostConfig.deployDirectory Deploying web application directory C:\Users\NHELTECH\Desktop\pfe.supernova\apache-tomcat\webapps\ROOT
02-Feb-2021 15:45:09.185 INFO [localhost-startStop-1] org.apache.catalina.startup.HostConfig.deployDirectory Deployment of web application directory C:\Users\NHELTECH\Desktop\pfe.supernova\apache-tomcat\webapps\ROOT has finished in 98 ms
02-Feb-2021 15:45:09.197 INFO [main] org.apache.coyote.AbstractProtocol.start Starting ProtocolHandler ["http-apr-6060"]
02-Feb-2021 15:45:09.264 INFO [main] org.apache.coyote.AbstractProtocol.start Starting ProtocolHandler ["ajp-apr-7009"]
02-Feb-2021 15:45:09.276 INFO [main] org.apache.catalina.startup.Catalina.start Server startup in 2348 ms
02-Feb-2021 15:57:41.170 INFO [http-apr-6060-exec-8] org.apache.catalina.startup.HostConfig.deployDescriptor Deploying configuration descriptor C:\Users\NHELTECH\Desktop\pfe.supernova\apache-tomcat\conf\Catalina\localhost\sygealoc.xml
02-Feb-2021 15:57:50.527 INFO [http-apr-6060-exec-8] org.apache.jasper.servlet.TldScanner.scanJars At least one JAR was scanned for TLDs yet contained no TLDs. Enable debug logging for this logger for a complete list of JARs that were scanned but no TLDs were found in them. Skipping unneeded JARs during scanning can improve startup time and JSP compilation time.
02-Feb-2021 15:57:50.722 INFO [http-apr-6060-exec-8] org.springframework.web.context.ContextLoader.initWebApplicationContext Root WebApplicationContext: initialization started
02-Feb-2021 15:57:51.142 INFO [http-apr-6060-exec-8] org.springframework.context.support.AbstractApplicationContext.prepareRefresh Refreshing Root WebApplicationContext: startup date [Tue Feb 02 15:57:51 CST 2021]; root of context hierarchy
02-Feb-2021 15:57:51.376 INFO [http-apr-6060-exec-8] org.springframework.beans.factory.xml.XmlBeanDefinitionReader.loadBeanDefinitions Loading XML bean definitions from ServletContext resource [/WEB-INF/applicationContext.xml]
02-Feb-2021 15:57:51.782 INFO [http-apr-6060-exec-8] org.springframework.web.context.ContextLoader.initWebApplicationContext Root WebApplicationContext: initialization completed in 1060 ms
02-Feb-2021 15:57:52.424 INFO [http-apr-6060-exec-8] org.springframework.web.servlet.FrameworkServlet.initServletBean FrameworkServlet 'sygealoc': initialization started
02-Feb-2021 15:57:52.444 INFO [http-apr-6060-exec-8] org.springframework.context.support.AbstractApplicationContext.prepareRefresh Refreshing WebApplicationContext for namespace 'sygealoc-servlet': startup date [Tue Feb 02 15:57:52 CST 2021]; parent: Root WebApplicationContext
02-Feb-2021 15:57:52.457 INFO [http-apr-6060-exec-8] org.springframework.beans.factory.xml.XmlBeanDefinitionReader.loadBeanDefinitions Loading XML bean definitions from ServletContext resource [/WEB-INF/sygealoc-servlet.xml]
02-Feb-2021 15:57:53.177 INFO [http-apr-6060-exec-8] org.springframework.web.servlet.handler.AbstractUrlHandlerMapping.registerHandler Mapped URL path [/reservation*] onto handler 'ReservationController'
02-Feb-2021 15:57:53.179 INFO [http-apr-6060-exec-8] org.springframework.web.servlet.handler.AbstractUrlHandlerMapping.registerHandler Mapped URL path [/impression*] onto handler 'ImpressionController'
02-Feb-2021 15:57:53.181 INFO [http-apr-6060-exec-8] org.springframework.web.servlet.handler.AbstractUrlHandlerMapping.registerHandler Mapped URL path [/erreur*] onto handler 'ErreurController'
02-Feb-2021 15:57:53.182 INFO [http-apr-6060-exec-8] org.springframework.web.servlet.handler.AbstractUrlHandlerMapping.registerHandler Mapped URL path [/ajoutervehicule*] onto handler 'AjoutervehiculeController'
02-Feb-2021 15:57:53.183 INFO [http-apr-6060-exec-8] org.springframework.web.servlet.handler.AbstractUrlHandlerMapping.registerHandler Mapped URL path [/profile*] onto handler 'ProfileController'
02-Feb-2021 15:57:53.185 INFO [http-apr-6060-exec-8] org.springframework.web.servlet.handler.AbstractUrlHandlerMapping.registerHandler Mapped URL path [/employe*] onto handler 'EmployeController'
02-Feb-2021 15:57:53.189 INFO [http-apr-6060-exec-8] org.springframework.web.servlet.handler.AbstractUrlHandlerMapping.registerHandler Mapped URL path [/client*] onto handler 'ClientController'
02-Feb-2021 15:57:53.190 INFO [http-apr-6060-exec-8] org.springframework.web.servlet.handler.AbstractUrlHandlerMapping.registerHandler Mapped URL path [/location*] onto handler 'LocationController'
02-Feb-2021 15:57:53.193 INFO [http-apr-6060-exec-8] org.springframework.web.servlet.handler.AbstractUrlHandlerMapping.registerHandler Mapped URL path [/connexion*] onto handler 'ConnexionController'
02-Feb-2021 15:57:53.197 INFO [http-apr-6060-exec-8] org.springframework.web.servlet.handler.AbstractUrlHandlerMapping.registerHandler Mapped URL path [/deconnexion*] onto handler 'DeconnexionController'
02-Feb-2021 15:57:53.200 INFO [http-apr-6060-exec-8] org.springframework.web.servlet.handler.AbstractUrlHandlerMapping.registerHandler Mapped URL path [/utilisateur*] onto handler 'UtilisateurController'
02-Feb-2021 15:57:53.201 INFO [http-apr-6060-exec-8] org.springframework.web.servlet.handler.AbstractUrlHandlerMapping.registerHandler Mapped URL path [/stock*] onto handler 'VehiculeController'
02-Feb-2021 15:57:53.203 INFO [http-apr-6060-exec-8] org.springframework.web.servlet.handler.AbstractUrlHandlerMapping.registerHandler Mapped URL path [/fournisseur*] onto handler 'FournisseurController'
02-Feb-2021 15:57:53.204 INFO [http-apr-6060-exec-8] org.springframework.web.servlet.handler.AbstractUrlHandlerMapping.registerHandler Mapped URL path [/verouiller*] onto handler 'VerouillerController'
02-Feb-2021 15:57:53.206 INFO [http-apr-6060-exec-8] org.springframework.web.servlet.handler.AbstractUrlHandlerMapping.registerHandler Mapped URL path [/redirect*] onto handler 'RedirectController'
02-Feb-2021 15:57:53.454 INFO [http-apr-6060-exec-8] org.springframework.web.servlet.handler.AbstractUrlHandlerMapping.registerHandler Mapped URL path [/tableaudebord] onto handler 'TableaudebordController'
02-Feb-2021 15:57:53.549 INFO [http-apr-6060-exec-8] org.springframework.web.servlet.handler.AbstractUrlHandlerMapping.registerHandler Mapped URL path [/assets/**] onto handler 'org.springframework.web.servlet.resource.ResourceHttpRequestHandler#0'
02-Feb-2021 15:57:53.734 INFO [http-apr-6060-exec-8] org.springframework.web.servlet.FrameworkServlet.initServletBean FrameworkServlet 'sygealoc': initialization completed in 1310 ms
02-Feb-2021 15:57:53.747 INFO [http-apr-6060-exec-8] org.apache.catalina.startup.HostConfig.deployDescriptor Deployment of configuration descriptor C:\Users\NHELTECH\Desktop\pfe.supernova\apache-tomcat\conf\Catalina\localhost\sygealoc.xml has finished in 12,573 ms
02-Feb-2021 15:57:53.816 INFO [http-apr-6060-exec-9] org.apache.catalina.util.LifecycleBase.start The start() method was called on component [StandardEngine[Catalina].StandardHost[localhost].StandardContext[/sygealoc]] after start() had already been called. The second call will be ignored.
02-Feb-2021 15:58:20.346 WARNING [http-apr-6060-exec-10] org.springframework.web.servlet.DispatcherServlet.noHandlerFound No mapping found for HTTP request with URI [/sygealoc/Error404.html] in DispatcherServlet with name 'sygealoc'
02-Feb-2021 15:58:32.919 WARNING [http-apr-6060-exec-7] org.springframework.web.servlet.DispatcherServlet.noHandlerFound No mapping found for HTTP request with URI [/sygealoc/Error404.html] in DispatcherServlet with name 'sygealoc'
02-Feb-2021 15:58:36.099 WARNING [http-apr-6060-exec-9] org.springframework.web.servlet.DispatcherServlet.noHandlerFound No mapping found for HTTP request with URI [/sygealoc/Error404.html] in DispatcherServlet with name 'sygealoc'
02-Feb-2021 15:58:36.114 WARNING [http-apr-6060-exec-1] org.springframework.web.servlet.DispatcherServlet.noHandlerFound No mapping found for HTTP request with URI [/sygealoc/Error404.html] in DispatcherServlet with name 'sygealoc'
02-Feb-2021 15:58:36.143 WARNING [http-apr-6060-exec-5] org.springframework.web.servlet.DispatcherServlet.noHandlerFound No mapping found for HTTP request with URI [/sygealoc/Error404.html] in DispatcherServlet with name 'sygealoc'
02-Feb-2021 15:58:36.697 WARNING [http-apr-6060-exec-1] org.springframework.web.servlet.DispatcherServlet.noHandlerFound No mapping found for HTTP request with URI [/sygealoc/Error404.html] in DispatcherServlet with name 'sygealoc'
02-Feb-2021 15:58:36.731 WARNING [http-apr-6060-exec-5] org.springframework.web.servlet.DispatcherServlet.noHandlerFound No mapping found for HTTP request with URI [/sygealoc/Error404.html] in DispatcherServlet with name 'sygealoc'
02-Feb-2021 15:58:36.756 WARNING [http-apr-6060-exec-4] org.springframework.web.servlet.DispatcherServlet.noHandlerFound No mapping found for HTTP request with URI [/sygealoc/Error404.html] in DispatcherServlet with name 'sygealoc'
02-Feb-2021 15:59:17.933 WARNING [http-apr-6060-exec-1] org.springframework.web.servlet.DispatcherServlet.noHandlerFound No mapping found for HTTP request with URI [/sygealoc/Error404.html] in DispatcherServlet with name 'sygealoc'
02-Feb-2021 15:59:53.831 WARNING [http-apr-6060-exec-4] org.springframework.web.servlet.DispatcherServlet.noHandlerFound No mapping found for HTTP request with URI [/sygealoc/Error404.html] in DispatcherServlet with name 'sygealoc'
02-Feb-2021 15:59:58.476 WARNING [http-apr-6060-exec-2] org.springframework.web.servlet.DispatcherServlet.noHandlerFound No mapping found for HTTP request with URI [/sygealoc/Error404.html] in DispatcherServlet with name 'sygealoc'
02-Feb-2021 15:59:58.974 WARNING [http-apr-6060-exec-4] org.springframework.web.servlet.DispatcherServlet.noHandlerFound No mapping found for HTTP request with URI [/sygealoc/Error404.html] in DispatcherServlet with name 'sygealoc'
02-Feb-2021 15:59:58.975 WARNING [http-apr-6060-exec-1] org.springframework.web.servlet.DispatcherServlet.noHandlerFound No mapping found for HTTP request with URI [/sygealoc/Error404.html] in DispatcherServlet with name 'sygealoc'
02-Feb-2021 15:59:58.983 WARNING [http-apr-6060-exec-9] org.springframework.web.servlet.DispatcherServlet.noHandlerFound No mapping found for HTTP request with URI [/sygealoc/Error404.html] in DispatcherServlet with name 'sygealoc'
02-Feb-2021 16:00:00.091 WARNING [http-apr-6060-exec-4] org.springframework.web.servlet.DispatcherServlet.noHandlerFound No mapping found for HTTP request with URI [/sygealoc/Error404.html] in DispatcherServlet with name 'sygealoc'
02-Feb-2021 16:00:00.199 WARNING [http-apr-6060-exec-5] org.springframework.web.servlet.DispatcherServlet.noHandlerFound No mapping found for HTTP request with URI [/sygealoc/Error404.html] in DispatcherServlet with name 'sygealoc'
02-Feb-2021 16:00:00.260 WARNING [http-apr-6060-exec-9] org.springframework.web.servlet.DispatcherServlet.noHandlerFound No mapping found for HTTP request with URI [/sygealoc/Error404.html] in DispatcherServlet with name 'sygealoc'
02-Feb-2021 16:00:08.742 WARNING [http-apr-6060-exec-2] org.springframework.web.servlet.DispatcherServlet.noHandlerFound No mapping found for HTTP request with URI [/sygealoc/Error404.html] in DispatcherServlet with name 'sygealoc'
02-Feb-2021 16:00:08.946 WARNING [http-apr-6060-exec-7] org.springframework.web.servlet.DispatcherServlet.noHandlerFound No mapping found for HTTP request with URI [/sygealoc/Error404.html] in DispatcherServlet with name 'sygealoc'
02-Feb-2021 16:00:09.812 WARNING [http-apr-6060-exec-7] org.springframework.web.servlet.DispatcherServlet.noHandlerFound No mapping found for HTTP request with URI [/sygealoc/Error404.html] in DispatcherServlet with name 'sygealoc'
02-Feb-2021 16:00:21.116 WARNING [http-apr-6060-exec-9] org.springframework.web.servlet.DispatcherServlet.noHandlerFound No mapping found for HTTP request with URI [/sygealoc/Error404.html] in DispatcherServlet with name 'sygealoc'
02-Feb-2021 16:00:21.898 WARNING [http-apr-6060-exec-2] org.springframework.web.servlet.DispatcherServlet.noHandlerFound No mapping found for HTTP request with URI [/sygealoc/Error404.html] in DispatcherServlet with name 'sygealoc'
02-Feb-2021 16:00:21.903 WARNING [http-apr-6060-exec-4] org.springframework.web.servlet.DispatcherServlet.noHandlerFound No mapping found for HTTP request with URI [/sygealoc/Error404.html] in DispatcherServlet with name 'sygealoc'
02-Feb-2021 16:00:21.913 WARNING [http-apr-6060-exec-7] org.springframework.web.servlet.DispatcherServlet.noHandlerFound No mapping found for HTTP request with URI [/sygealoc/Error404.html] in DispatcherServlet with name 'sygealoc'
02-Feb-2021 16:00:22.408 WARNING [http-apr-6060-exec-5] org.springframework.web.servlet.DispatcherServlet.noHandlerFound No mapping found for HTTP request with URI [/sygealoc/Error404.html] in DispatcherServlet with name 'sygealoc'
02-Feb-2021 16:00:22.530 WARNING [http-apr-6060-exec-3] org.springframework.web.servlet.DispatcherServlet.noHandlerFound No mapping found for HTTP request with URI [/sygealoc/Error404.html] in DispatcherServlet with name 'sygealoc'
02-Feb-2021 16:00:22.564 WARNING [http-apr-6060-exec-1] org.springframework.web.servlet.DispatcherServlet.noHandlerFound No mapping found for HTTP request with URI [/sygealoc/Error404.html] in DispatcherServlet with name 'sygealoc'
02-Feb-2021 16:00:38.002 WARNING [http-apr-6060-exec-7] org.springframework.web.servlet.DispatcherServlet.noHandlerFound No mapping found for HTTP request with URI [/sygealoc/Error404.html] in DispatcherServlet with name 'sygealoc'
02-Feb-2021 16:00:38.570 WARNING [http-apr-6060-exec-8] org.springframework.web.servlet.DispatcherServlet.noHandlerFound No mapping found for HTTP request with URI [/sygealoc/Error404.html] in DispatcherServlet with name 'sygealoc'
02-Feb-2021 16:00:38.577 WARNING [http-apr-6060-exec-1] org.springframework.web.servlet.DispatcherServlet.noHandlerFound No mapping found for HTTP request with URI [/sygealoc/Error404.html] in DispatcherServlet with name 'sygealoc'
02-Feb-2021 16:00:38.602 WARNING [http-apr-6060-exec-3] org.springframework.web.servlet.DispatcherServlet.noHandlerFound No mapping found for HTTP request with URI [/sygealoc/Error404.html] in DispatcherServlet with name 'sygealoc'
02-Feb-2021 16:00:46.738 WARNING [http-apr-6060-exec-7] org.springframework.web.servlet.DispatcherServlet.noHandlerFound No mapping found for HTTP request with URI [/sygealoc/Error404.html] in DispatcherServlet with name 'sygealoc'
02-Feb-2021 16:00:47.303 WARNING [http-apr-6060-exec-1] org.springframework.web.servlet.DispatcherServlet.noHandlerFound No mapping found for HTTP request with URI [/sygealoc/Error404.html] in DispatcherServlet with name 'sygealoc'
02-Feb-2021 16:00:47.309 WARNING [http-apr-6060-exec-6] org.springframework.web.servlet.DispatcherServlet.noHandlerFound No mapping found for HTTP request with URI [/sygealoc/Error404.html] in DispatcherServlet with name 'sygealoc'
02-Feb-2021 16:00:47.359 WARNING [http-apr-6060-exec-3] org.springframework.web.servlet.DispatcherServlet.noHandlerFound No mapping found for HTTP request with URI [/sygealoc/Error404.html] in DispatcherServlet with name 'sygealoc'
02-Feb-2021 16:00:48.036 WARNING [http-apr-6060-exec-2] org.springframework.web.servlet.DispatcherServlet.noHandlerFound No mapping found for HTTP request with URI [/sygealoc/Error404.html] in DispatcherServlet with name 'sygealoc'
02-Feb-2021 16:00:48.143 WARNING [http-apr-6060-exec-4] org.springframework.web.servlet.DispatcherServlet.noHandlerFound No mapping found for HTTP request with URI [/sygealoc/Error404.html] in DispatcherServlet with name 'sygealoc'
02-Feb-2021 16:00:48.196 WARNING [http-apr-6060-exec-9] org.springframework.web.servlet.DispatcherServlet.noHandlerFound No mapping found for HTTP request with URI [/sygealoc/Error404.html] in DispatcherServlet with name 'sygealoc'
