
2020-11-09 07:26:32 Commons Daemon procrun stderr initialized
09-Nov-2020 07:26:35.450 INFO [main] org.apache.catalina.startup.VersionLoggerListener.log Server version:        Apache Tomcat/8.0.53
09-Nov-2020 07:26:35.466 INFO [main] org.apache.catalina.startup.VersionLoggerListener.log Server built:          Jun 29 2018 14:42:45 UTC
09-Nov-2020 07:26:35.466 INFO [main] org.apache.catalina.startup.VersionLoggerListener.log Server number:         8.0.53.0
09-Nov-2020 07:26:35.466 INFO [main] org.apache.catalina.startup.VersionLoggerListener.log OS Name:               Windows 10
09-Nov-2020 07:26:35.466 INFO [main] org.apache.catalina.startup.VersionLoggerListener.log OS Version:            10.0
09-Nov-2020 07:26:35.466 INFO [main] org.apache.catalina.startup.VersionLoggerListener.log Architecture:          amd64
09-Nov-2020 07:26:35.466 INFO [main] org.apache.catalina.startup.VersionLoggerListener.log Java Home:             C:\Program Files\Java\jre1.8.0_111
09-Nov-2020 07:26:35.466 INFO [main] org.apache.catalina.startup.VersionLoggerListener.log JVM Version:           1.8.0_111-b14
09-Nov-2020 07:26:35.466 INFO [main] org.apache.catalina.startup.VersionLoggerListener.log JVM Vendor:            Oracle Corporation
09-Nov-2020 07:26:35.466 INFO [main] org.apache.catalina.startup.VersionLoggerListener.log CATALINA_BASE:         C:\Users\NHELTECH\Desktop\pfe.supernova\apache-tomcat
09-Nov-2020 07:26:35.466 INFO [main] org.apache.catalina.startup.VersionLoggerListener.log CATALINA_HOME:         C:\Users\NHELTECH\Desktop\pfe.supernova\apache-tomcat
09-Nov-2020 07:26:35.466 INFO [main] org.apache.catalina.startup.VersionLoggerListener.log Command line argument: -Dcatalina.home=C:\Users\NHELTECH\Desktop\pfe.supernova\apache-tomcat
09-Nov-2020 07:26:35.466 INFO [main] org.apache.catalina.startup.VersionLoggerListener.log Command line argument: -Dcatalina.base=C:\Users\NHELTECH\Desktop\pfe.supernova\apache-tomcat
09-Nov-2020 07:26:35.466 INFO [main] org.apache.catalina.startup.VersionLoggerListener.log Command line argument: -Dignore.endorsed.dirs=C:\Users\NHELTECH\Desktop\pfe.supernova\apache-tomcat\endorsed
09-Nov-2020 07:26:35.466 INFO [main] org.apache.catalina.startup.VersionLoggerListener.log Command line argument: -Djava.io.tmpdir=C:\Users\NHELTECH\Desktop\pfe.supernova\apache-tomcat\temp
09-Nov-2020 07:26:35.466 INFO [main] org.apache.catalina.startup.VersionLoggerListener.log Command line argument: -Djava.util.logging.manager=org.apache.juli.ClassLoaderLogManager
09-Nov-2020 07:26:35.466 INFO [main] org.apache.catalina.startup.VersionLoggerListener.log Command line argument: -Djava.util.logging.config.file=C:\Users\NHELTECH\Desktop\pfe.supernova\apache-tomcat\conf\logging.properties
09-Nov-2020 07:26:35.466 INFO [main] org.apache.catalina.startup.VersionLoggerListener.log Command line argument: exit
09-Nov-2020 07:26:35.466 INFO [main] org.apache.catalina.startup.VersionLoggerListener.log Command line argument: abort
09-Nov-2020 07:26:35.466 INFO [main] org.apache.catalina.startup.VersionLoggerListener.log Command line argument: -Xms128m
09-Nov-2020 07:26:35.466 INFO [main] org.apache.catalina.startup.VersionLoggerListener.log Command line argument: -Xmx256m
09-Nov-2020 07:26:35.466 INFO [main] org.apache.catalina.core.AprLifecycleListener.lifecycleEvent Loaded APR based Apache Tomcat Native library 1.2.17 using APR version 1.6.3.
09-Nov-2020 07:26:35.466 INFO [main] org.apache.catalina.core.AprLifecycleListener.lifecycleEvent APR capabilities: IPv6 [true], sendfile [true], accept filters [false], random [true].
09-Nov-2020 07:26:36.597 INFO [main] org.apache.catalina.core.AprLifecycleListener.initializeSSL OpenSSL successfully initialized (OpenSSL 1.0.2o  27 Mar 2018)
09-Nov-2020 07:26:37.657 INFO [main] org.apache.coyote.AbstractProtocol.init Initializing ProtocolHandler ["http-apr-6060"]
09-Nov-2020 07:26:37.673 INFO [main] org.apache.coyote.AbstractProtocol.init Initializing ProtocolHandler ["ajp-apr-7009"]
09-Nov-2020 07:26:37.688 INFO [main] org.apache.catalina.startup.Catalina.load Initialization processed in 3625 ms
09-Nov-2020 07:26:37.891 INFO [main] org.apache.catalina.core.StandardService.startInternal Starting service Catalina
09-Nov-2020 07:26:37.891 INFO [main] org.apache.catalina.core.StandardEngine.startInternal Starting Servlet Engine: Apache Tomcat/8.0.53
09-Nov-2020 07:26:37.938 INFO [localhost-startStop-1] org.apache.catalina.startup.HostConfig.deployDirectory Deploying web application directory C:\Users\NHELTECH\Desktop\pfe.supernova\apache-tomcat\webapps\host-manager
09-Nov-2020 07:26:39.220 WARNING [localhost-startStop-1] org.apache.catalina.util.SessionIdGeneratorBase.createSecureRandom Creation of SecureRandom instance for session ID generation using [SHA1PRNG] took [172] milliseconds.
09-Nov-2020 07:26:39.298 INFO [localhost-startStop-1] org.apache.catalina.startup.HostConfig.deployDirectory Deployment of web application directory C:\Users\NHELTECH\Desktop\pfe.supernova\apache-tomcat\webapps\host-manager has finished in 1,360 ms
09-Nov-2020 07:26:39.298 INFO [localhost-startStop-1] org.apache.catalina.startup.HostConfig.deployDirectory Deploying web application directory C:\Users\NHELTECH\Desktop\pfe.supernova\apache-tomcat\webapps\manager
09-Nov-2020 07:26:39.423 INFO [localhost-startStop-1] org.apache.catalina.startup.HostConfig.deployDirectory Deployment of web application directory C:\Users\NHELTECH\Desktop\pfe.supernova\apache-tomcat\webapps\manager has finished in 125 ms
09-Nov-2020 07:26:39.423 INFO [localhost-startStop-1] org.apache.catalina.startup.HostConfig.deployDirectory Deploying web application directory C:\Users\NHELTECH\Desktop\pfe.supernova\apache-tomcat\webapps\ROOT
09-Nov-2020 07:26:39.532 INFO [localhost-startStop-1] org.apache.catalina.startup.HostConfig.deployDirectory Deployment of web application directory C:\Users\NHELTECH\Desktop\pfe.supernova\apache-tomcat\webapps\ROOT has finished in 109 ms
09-Nov-2020 07:26:39.579 INFO [main] org.apache.coyote.AbstractProtocol.start Starting ProtocolHandler ["http-apr-6060"]
09-Nov-2020 07:26:39.610 INFO [main] org.apache.coyote.AbstractProtocol.start Starting ProtocolHandler ["ajp-apr-7009"]
09-Nov-2020 07:26:39.626 INFO [main] org.apache.catalina.startup.Catalina.start Server startup in 1935 ms

2020-11-09 12:54:43 Commons Daemon procrun stderr initialized
09-Nov-2020 12:54:46.712 INFO [main] org.apache.catalina.startup.VersionLoggerListener.log Server version:        Apache Tomcat/8.0.53
09-Nov-2020 12:54:46.712 INFO [main] org.apache.catalina.startup.VersionLoggerListener.log Server built:          Jun 29 2018 14:42:45 UTC
09-Nov-2020 12:54:46.728 INFO [main] org.apache.catalina.startup.VersionLoggerListener.log Server number:         8.0.53.0
09-Nov-2020 12:54:46.728 INFO [main] org.apache.catalina.startup.VersionLoggerListener.log OS Name:               Windows 10
09-Nov-2020 12:54:46.728 INFO [main] org.apache.catalina.startup.VersionLoggerListener.log OS Version:            10.0
09-Nov-2020 12:54:46.728 INFO [main] org.apache.catalina.startup.VersionLoggerListener.log Architecture:          amd64
09-Nov-2020 12:54:46.728 INFO [main] org.apache.catalina.startup.VersionLoggerListener.log Java Home:             C:\Program Files\Java\jre1.8.0_111
09-Nov-2020 12:54:46.728 INFO [main] org.apache.catalina.startup.VersionLoggerListener.log JVM Version:           1.8.0_111-b14
09-Nov-2020 12:54:46.728 INFO [main] org.apache.catalina.startup.VersionLoggerListener.log JVM Vendor:            Oracle Corporation
09-Nov-2020 12:54:46.728 INFO [main] org.apache.catalina.startup.VersionLoggerListener.log CATALINA_BASE:         C:\Users\NHELTECH\Desktop\pfe.supernova\apache-tomcat
09-Nov-2020 12:54:46.728 INFO [main] org.apache.catalina.startup.VersionLoggerListener.log CATALINA_HOME:         C:\Users\NHELTECH\Desktop\pfe.supernova\apache-tomcat
09-Nov-2020 12:54:46.728 INFO [main] org.apache.catalina.startup.VersionLoggerListener.log Command line argument: -Dcatalina.home=C:\Users\NHELTECH\Desktop\pfe.supernova\apache-tomcat
09-Nov-2020 12:54:46.728 INFO [main] org.apache.catalina.startup.VersionLoggerListener.log Command line argument: -Dcatalina.base=C:\Users\NHELTECH\Desktop\pfe.supernova\apache-tomcat
09-Nov-2020 12:54:46.728 INFO [main] org.apache.catalina.startup.VersionLoggerListener.log Command line argument: -Dignore.endorsed.dirs=C:\Users\NHELTECH\Desktop\pfe.supernova\apache-tomcat\endorsed
09-Nov-2020 12:54:46.728 INFO [main] org.apache.catalina.startup.VersionLoggerListener.log Command line argument: -Djava.io.tmpdir=C:\Users\NHELTECH\Desktop\pfe.supernova\apache-tomcat\temp
09-Nov-2020 12:54:46.728 INFO [main] org.apache.catalina.startup.VersionLoggerListener.log Command line argument: -Djava.util.logging.manager=org.apache.juli.ClassLoaderLogManager
09-Nov-2020 12:54:46.728 INFO [main] org.apache.catalina.startup.VersionLoggerListener.log Command line argument: -Djava.util.logging.config.file=C:\Users\NHELTECH\Desktop\pfe.supernova\apache-tomcat\conf\logging.properties
09-Nov-2020 12:54:46.728 INFO [main] org.apache.catalina.startup.VersionLoggerListener.log Command line argument: exit
09-Nov-2020 12:54:46.728 INFO [main] org.apache.catalina.startup.VersionLoggerListener.log Command line argument: abort
09-Nov-2020 12:54:46.728 INFO [main] org.apache.catalina.startup.VersionLoggerListener.log Command line argument: -Xms128m
09-Nov-2020 12:54:46.728 INFO [main] org.apache.catalina.startup.VersionLoggerListener.log Command line argument: -Xmx256m
09-Nov-2020 12:54:46.728 INFO [main] org.apache.catalina.core.AprLifecycleListener.lifecycleEvent Loaded APR based Apache Tomcat Native library 1.2.17 using APR version 1.6.3.
09-Nov-2020 12:54:46.728 INFO [main] org.apache.catalina.core.AprLifecycleListener.lifecycleEvent APR capabilities: IPv6 [true], sendfile [true], accept filters [false], random [true].
09-Nov-2020 12:54:47.951 INFO [main] org.apache.catalina.core.AprLifecycleListener.initializeSSL OpenSSL successfully initialized (OpenSSL 1.0.2o  27 Mar 2018)
09-Nov-2020 12:54:48.466 INFO [main] org.apache.coyote.AbstractProtocol.init Initializing ProtocolHandler ["http-apr-6060"]
09-Nov-2020 12:54:48.498 INFO [main] org.apache.coyote.AbstractProtocol.init Initializing ProtocolHandler ["ajp-apr-7009"]
09-Nov-2020 12:54:48.498 INFO [main] org.apache.catalina.startup.Catalina.load Initialization processed in 3307 ms
09-Nov-2020 12:54:48.607 INFO [main] org.apache.catalina.core.StandardService.startInternal Starting service Catalina
09-Nov-2020 12:54:48.607 INFO [main] org.apache.catalina.core.StandardEngine.startInternal Starting Servlet Engine: Apache Tomcat/8.0.53
09-Nov-2020 12:54:48.748 INFO [localhost-startStop-1] org.apache.catalina.startup.HostConfig.deployDirectory Deploying web application directory C:\Users\NHELTECH\Desktop\pfe.supernova\apache-tomcat\webapps\host-manager
09-Nov-2020 12:54:49.982 WARNING [localhost-startStop-1] org.apache.catalina.util.SessionIdGeneratorBase.createSecureRandom Creation of SecureRandom instance for session ID generation using [SHA1PRNG] took [187] milliseconds.
09-Nov-2020 12:54:50.060 INFO [localhost-startStop-1] org.apache.catalina.startup.HostConfig.deployDirectory Deployment of web application directory C:\Users\NHELTECH\Desktop\pfe.supernova\apache-tomcat\webapps\host-manager has finished in 1,312 ms
09-Nov-2020 12:54:50.060 INFO [localhost-startStop-1] org.apache.catalina.startup.HostConfig.deployDirectory Deploying web application directory C:\Users\NHELTECH\Desktop\pfe.supernova\apache-tomcat\webapps\manager
09-Nov-2020 12:54:50.201 INFO [localhost-startStop-1] org.apache.catalina.startup.HostConfig.deployDirectory Deployment of web application directory C:\Users\NHELTECH\Desktop\pfe.supernova\apache-tomcat\webapps\manager has finished in 141 ms
09-Nov-2020 12:54:50.201 INFO [localhost-startStop-1] org.apache.catalina.startup.HostConfig.deployDirectory Deploying web application directory C:\Users\NHELTECH\Desktop\pfe.supernova\apache-tomcat\webapps\ROOT
09-Nov-2020 12:54:50.295 INFO [localhost-startStop-1] org.apache.catalina.startup.HostConfig.deployDirectory Deployment of web application directory C:\Users\NHELTECH\Desktop\pfe.supernova\apache-tomcat\webapps\ROOT has finished in 94 ms
09-Nov-2020 12:54:50.310 INFO [main] org.apache.coyote.AbstractProtocol.start Starting ProtocolHandler ["http-apr-6060"]
09-Nov-2020 12:54:50.373 INFO [main] org.apache.coyote.AbstractProtocol.start Starting ProtocolHandler ["ajp-apr-7009"]
09-Nov-2020 12:54:50.373 INFO [main] org.apache.catalina.startup.Catalina.start Server startup in 1870 ms
