
2021-02-05 08:57:40 Commons Daemon procrun stderr initialized
05-Feb-2021 08:57:44.662 INFO [main] org.apache.catalina.startup.VersionLoggerListener.log Server version:        Apache Tomcat/8.0.53
05-Feb-2021 08:57:44.756 INFO [main] org.apache.catalina.startup.VersionLoggerListener.log Server built:          Jun 29 2018 14:42:45 UTC
05-Feb-2021 08:57:44.756 INFO [main] org.apache.catalina.startup.VersionLoggerListener.log Server number:         8.0.53.0
05-Feb-2021 08:57:44.756 INFO [main] org.apache.catalina.startup.VersionLoggerListener.log OS Name:               Windows 10
05-Feb-2021 08:57:44.757 INFO [main] org.apache.catalina.startup.VersionLoggerListener.log OS Version:            10.0
05-Feb-2021 08:57:44.757 INFO [main] org.apache.catalina.startup.VersionLoggerListener.log Architecture:          amd64
05-Feb-2021 08:57:44.757 INFO [main] org.apache.catalina.startup.VersionLoggerListener.log Java Home:             C:\Program Files\Java\jre1.8.0_271
05-Feb-2021 08:57:44.757 INFO [main] org.apache.catalina.startup.VersionLoggerListener.log JVM Version:           1.8.0_271-b09
05-Feb-2021 08:57:44.757 INFO [main] org.apache.catalina.startup.VersionLoggerListener.log JVM Vendor:            Oracle Corporation
05-Feb-2021 08:57:44.757 INFO [main] org.apache.catalina.startup.VersionLoggerListener.log CATALINA_BASE:         C:\Users\monhel.pierre\Desktop\pfe.supernova\apache-tomcat
05-Feb-2021 08:57:44.757 INFO [main] org.apache.catalina.startup.VersionLoggerListener.log CATALINA_HOME:         C:\Users\monhel.pierre\Desktop\pfe.supernova\apache-tomcat
05-Feb-2021 08:57:44.758 INFO [main] org.apache.catalina.startup.VersionLoggerListener.log Command line argument: -Dcatalina.home=C:\Users\monhel.pierre\Desktop\pfe.supernova\apache-tomcat
05-Feb-2021 08:57:44.758 INFO [main] org.apache.catalina.startup.VersionLoggerListener.log Command line argument: -Dcatalina.base=C:\Users\monhel.pierre\Desktop\pfe.supernova\apache-tomcat
05-Feb-2021 08:57:44.758 INFO [main] org.apache.catalina.startup.VersionLoggerListener.log Command line argument: -Dignore.endorsed.dirs=C:\Users\monhel.pierre\Desktop\pfe.supernova\apache-tomcat\endorsed
05-Feb-2021 08:57:44.758 INFO [main] org.apache.catalina.startup.VersionLoggerListener.log Command line argument: -Djava.io.tmpdir=C:\Users\monhel.pierre\Desktop\pfe.supernova\apache-tomcat\temp
05-Feb-2021 08:57:44.758 INFO [main] org.apache.catalina.startup.VersionLoggerListener.log Command line argument: -Djava.util.logging.manager=org.apache.juli.ClassLoaderLogManager
05-Feb-2021 08:57:44.758 INFO [main] org.apache.catalina.startup.VersionLoggerListener.log Command line argument: -Djava.util.logging.config.file=C:\Users\monhel.pierre\Desktop\pfe.supernova\apache-tomcat\conf\logging.properties
05-Feb-2021 08:57:44.759 INFO [main] org.apache.catalina.startup.VersionLoggerListener.log Command line argument: exit
05-Feb-2021 08:57:44.759 INFO [main] org.apache.catalina.startup.VersionLoggerListener.log Command line argument: abort
05-Feb-2021 08:57:44.759 INFO [main] org.apache.catalina.startup.VersionLoggerListener.log Command line argument: -Xms128m
05-Feb-2021 08:57:44.759 INFO [main] org.apache.catalina.startup.VersionLoggerListener.log Command line argument: -Xmx256m
05-Feb-2021 08:57:44.759 INFO [main] org.apache.catalina.core.AprLifecycleListener.lifecycleEvent Loaded APR based Apache Tomcat Native library 1.2.17 using APR version 1.6.3.
05-Feb-2021 08:57:44.759 INFO [main] org.apache.catalina.core.AprLifecycleListener.lifecycleEvent APR capabilities: IPv6 [true], sendfile [true], accept filters [false], random [true].
05-Feb-2021 08:57:45.144 INFO [main] org.apache.catalina.core.AprLifecycleListener.initializeSSL OpenSSL successfully initialized (OpenSSL 1.0.2o  27 Mar 2018)
05-Feb-2021 08:57:46.884 INFO [main] org.apache.coyote.AbstractProtocol.init Initializing ProtocolHandler ["http-apr-6060"]
05-Feb-2021 08:57:46.895 INFO [main] org.apache.coyote.AbstractProtocol.init Initializing ProtocolHandler ["ajp-apr-7009"]
05-Feb-2021 08:57:46.896 INFO [main] org.apache.catalina.startup.Catalina.load Initialization processed in 3744 ms
05-Feb-2021 08:57:46.958 INFO [main] org.apache.catalina.core.StandardService.startInternal Starting service Catalina
05-Feb-2021 08:57:46.958 INFO [main] org.apache.catalina.core.StandardEngine.startInternal Starting Servlet Engine: Apache Tomcat/8.0.53
05-Feb-2021 08:57:46.972 INFO [localhost-startStop-1] org.apache.catalina.startup.HostConfig.deployDescriptor Deploying configuration descriptor C:\Users\monhel.pierre\Desktop\pfe.supernova\apache-tomcat\conf\Catalina\localhost\manager.xml
05-Feb-2021 08:57:46.995 WARNING [localhost-startStop-1] org.apache.catalina.startup.HostConfig.deployDescriptor A docBase C:\Users\monhel.pierre\Desktop\pfe.supernova\apache-tomcat\webapps\manager inside the host appBase has been specified, and will be ignored
05-Feb-2021 08:57:47.904 WARNING [localhost-startStop-1] org.apache.catalina.util.SessionIdGeneratorBase.createSecureRandom Creation of SecureRandom instance for session ID generation using [SHA1PRNG] took [494] milliseconds.
05-Feb-2021 08:57:47.921 INFO [localhost-startStop-1] org.apache.catalina.startup.HostConfig.deployDescriptor Deployment of configuration descriptor C:\Users\monhel.pierre\Desktop\pfe.supernova\apache-tomcat\conf\Catalina\localhost\manager.xml has finished in 949 ms
05-Feb-2021 08:57:47.921 INFO [localhost-startStop-1] org.apache.catalina.startup.HostConfig.deployDescriptor Deploying configuration descriptor C:\Users\monhel.pierre\Desktop\pfe.supernova\apache-tomcat\conf\Catalina\localhost\sygealoc.xml
05-Feb-2021 08:57:47.926 SEVERE [localhost-startStop-1] org.apache.catalina.core.ContainerBase.addChildInternal ContainerBase.addChild: start: 
 org.apache.catalina.LifecycleException: Failed to start component [StandardEngine[Catalina].StandardHost[localhost].StandardContext[/sygealoc]]
	at org.apache.catalina.util.LifecycleBase.start(LifecycleBase.java:162)
	at org.apache.catalina.core.ContainerBase.addChildInternal(ContainerBase.java:755)
	at org.apache.catalina.core.ContainerBase.addChild(ContainerBase.java:731)
	at org.apache.catalina.core.StandardHost.addChild(StandardHost.java:717)
	at org.apache.catalina.startup.HostConfig.deployDescriptor(HostConfig.java:620)
	at org.apache.catalina.startup.HostConfig$DeployDescriptor.run(HostConfig.java:1832)
	at java.util.concurrent.Executors$RunnableAdapter.call(Unknown Source)
	at java.util.concurrent.FutureTask.run(Unknown Source)
	at java.util.concurrent.ThreadPoolExecutor.runWorker(Unknown Source)
	at java.util.concurrent.ThreadPoolExecutor$Worker.run(Unknown Source)
	at java.lang.Thread.run(Unknown Source)
Caused by: org.apache.catalina.LifecycleException: Failed to start component [org.apache.catalina.webresources.StandardRoot@25492894]
	at org.apache.catalina.util.LifecycleBase.start(LifecycleBase.java:162)
	at org.apache.catalina.core.StandardContext.resourcesStart(StandardContext.java:5016)
	at org.apache.catalina.core.StandardContext.startInternal(StandardContext.java:5149)
	at org.apache.catalina.util.LifecycleBase.start(LifecycleBase.java:145)
	... 10 more
Caused by: java.lang.IllegalArgumentException: The main resource set specified [C:\Users\NHELTECH\Desktop\pfe.supernova\sygealoc\build\web] is not valid
	at org.apache.catalina.webresources.StandardRoot.createMainResourceSet(StandardRoot.java:746)
	at org.apache.catalina.webresources.StandardRoot.startInternal(StandardRoot.java:704)
	at org.apache.catalina.util.LifecycleBase.start(LifecycleBase.java:145)
	... 13 more

05-Feb-2021 08:57:47.942 SEVERE [localhost-startStop-1] org.apache.catalina.startup.HostConfig.deployDescriptor Error deploying configuration descriptor C:\Users\monhel.pierre\Desktop\pfe.supernova\apache-tomcat\conf\Catalina\localhost\sygealoc.xml
 java.lang.IllegalStateException: ContainerBase.addChild: start: org.apache.catalina.LifecycleException: Failed to start component [StandardEngine[Catalina].StandardHost[localhost].StandardContext[/sygealoc]]
	at org.apache.catalina.core.ContainerBase.addChildInternal(ContainerBase.java:759)
	at org.apache.catalina.core.ContainerBase.addChild(ContainerBase.java:731)
	at org.apache.catalina.core.StandardHost.addChild(StandardHost.java:717)
	at org.apache.catalina.startup.HostConfig.deployDescriptor(HostConfig.java:620)
	at org.apache.catalina.startup.HostConfig$DeployDescriptor.run(HostConfig.java:1832)
	at java.util.concurrent.Executors$RunnableAdapter.call(Unknown Source)
	at java.util.concurrent.FutureTask.run(Unknown Source)
	at java.util.concurrent.ThreadPoolExecutor.runWorker(Unknown Source)
	at java.util.concurrent.ThreadPoolExecutor$Worker.run(Unknown Source)
	at java.lang.Thread.run(Unknown Source)

05-Feb-2021 08:57:47.943 INFO [localhost-startStop-1] org.apache.catalina.startup.HostConfig.deployDescriptor Deployment of configuration descriptor C:\Users\monhel.pierre\Desktop\pfe.supernova\apache-tomcat\conf\Catalina\localhost\sygealoc.xml has finished in 22 ms
05-Feb-2021 08:57:47.943 INFO [localhost-startStop-1] org.apache.catalina.startup.HostConfig.deployDirectory Deploying web application directory C:\Users\monhel.pierre\Desktop\pfe.supernova\apache-tomcat\webapps\host-manager
05-Feb-2021 08:57:47.965 INFO [localhost-startStop-1] org.apache.catalina.startup.HostConfig.deployDirectory Deployment of web application directory C:\Users\monhel.pierre\Desktop\pfe.supernova\apache-tomcat\webapps\host-manager has finished in 22 ms
05-Feb-2021 08:57:47.966 INFO [localhost-startStop-1] org.apache.catalina.startup.HostConfig.deployDirectory Deploying web application directory C:\Users\monhel.pierre\Desktop\pfe.supernova\apache-tomcat\webapps\ROOT
05-Feb-2021 08:57:47.984 INFO [localhost-startStop-1] org.apache.catalina.startup.HostConfig.deployDirectory Deployment of web application directory C:\Users\monhel.pierre\Desktop\pfe.supernova\apache-tomcat\webapps\ROOT has finished in 17 ms
05-Feb-2021 08:57:47.987 INFO [main] org.apache.coyote.AbstractProtocol.start Starting ProtocolHandler ["http-apr-6060"]
05-Feb-2021 08:57:47.995 INFO [main] org.apache.coyote.AbstractProtocol.start Starting ProtocolHandler ["ajp-apr-7009"]
05-Feb-2021 08:57:47.998 INFO [main] org.apache.catalina.startup.Catalina.start Server startup in 1101 ms
05-Feb-2021 08:57:56.111 INFO [main] org.apache.catalina.core.StandardServer.await A valid shutdown command was received via the shutdown port. Stopping the Server instance.
05-Feb-2021 08:57:56.112 INFO [main] org.apache.coyote.AbstractProtocol.pause Pausing ProtocolHandler ["http-apr-6060"]
05-Feb-2021 08:57:56.182 INFO [main] org.apache.coyote.AbstractProtocol.pause Pausing ProtocolHandler ["ajp-apr-7009"]
05-Feb-2021 08:57:56.233 INFO [main] org.apache.catalina.core.StandardService.stopInternal Stopping service Catalina
05-Feb-2021 08:57:56.362 INFO [main] org.apache.coyote.AbstractProtocol.stop Stopping ProtocolHandler ["http-apr-6060"]
05-Feb-2021 08:57:56.415 INFO [main] org.apache.coyote.AbstractProtocol.stop Stopping ProtocolHandler ["ajp-apr-7009"]
05-Feb-2021 08:57:56.473 INFO [main] org.apache.coyote.AbstractProtocol.destroy Destroying ProtocolHandler ["http-apr-6060"]
05-Feb-2021 08:57:56.474 INFO [main] org.apache.coyote.AbstractProtocol.destroy Destroying ProtocolHandler ["ajp-apr-7009"]
