
2020-10-31 10:47:38 Commons Daemon procrun stderr initialized
31-Oct-2020 10:47:42.072 INFO [main] org.apache.catalina.startup.VersionLoggerListener.log Server version:        Apache Tomcat/8.0.53
31-Oct-2020 10:47:42.087 INFO [main] org.apache.catalina.startup.VersionLoggerListener.log Server built:          Jun 29 2018 14:42:45 UTC
31-Oct-2020 10:47:42.087 INFO [main] org.apache.catalina.startup.VersionLoggerListener.log Server number:         8.0.53.0
31-Oct-2020 10:47:42.087 INFO [main] org.apache.catalina.startup.VersionLoggerListener.log OS Name:               Windows 10
31-Oct-2020 10:47:42.087 INFO [main] org.apache.catalina.startup.VersionLoggerListener.log OS Version:            10.0
31-Oct-2020 10:47:42.087 INFO [main] org.apache.catalina.startup.VersionLoggerListener.log Architecture:          amd64
31-Oct-2020 10:47:42.087 INFO [main] org.apache.catalina.startup.VersionLoggerListener.log Java Home:             C:\Program Files\Java\jre1.8.0_111
31-Oct-2020 10:47:42.087 INFO [main] org.apache.catalina.startup.VersionLoggerListener.log JVM Version:           1.8.0_111-b14
31-Oct-2020 10:47:42.087 INFO [main] org.apache.catalina.startup.VersionLoggerListener.log JVM Vendor:            Oracle Corporation
31-Oct-2020 10:47:42.087 INFO [main] org.apache.catalina.startup.VersionLoggerListener.log CATALINA_BASE:         C:\Users\NHELTECH\Desktop\pfe.supernova\apache-tomcat
31-Oct-2020 10:47:42.087 INFO [main] org.apache.catalina.startup.VersionLoggerListener.log CATALINA_HOME:         C:\Users\NHELTECH\Desktop\pfe.supernova\apache-tomcat
31-Oct-2020 10:47:42.087 INFO [main] org.apache.catalina.startup.VersionLoggerListener.log Command line argument: -Dcatalina.home=C:\Users\NHELTECH\Desktop\pfe.supernova\apache-tomcat
31-Oct-2020 10:47:42.087 INFO [main] org.apache.catalina.startup.VersionLoggerListener.log Command line argument: -Dcatalina.base=C:\Users\NHELTECH\Desktop\pfe.supernova\apache-tomcat
31-Oct-2020 10:47:42.087 INFO [main] org.apache.catalina.startup.VersionLoggerListener.log Command line argument: -Dignore.endorsed.dirs=C:\Users\NHELTECH\Desktop\pfe.supernova\apache-tomcat\endorsed
31-Oct-2020 10:47:42.103 INFO [main] org.apache.catalina.startup.VersionLoggerListener.log Command line argument: -Djava.io.tmpdir=C:\Users\NHELTECH\Desktop\pfe.supernova\apache-tomcat\temp
31-Oct-2020 10:47:42.103 INFO [main] org.apache.catalina.startup.VersionLoggerListener.log Command line argument: -Djava.util.logging.manager=org.apache.juli.ClassLoaderLogManager
31-Oct-2020 10:47:42.103 INFO [main] org.apache.catalina.startup.VersionLoggerListener.log Command line argument: -Djava.util.logging.config.file=C:\Users\NHELTECH\Desktop\pfe.supernova\apache-tomcat\conf\logging.properties
31-Oct-2020 10:47:42.103 INFO [main] org.apache.catalina.startup.VersionLoggerListener.log Command line argument: exit
31-Oct-2020 10:47:42.103 INFO [main] org.apache.catalina.startup.VersionLoggerListener.log Command line argument: abort
31-Oct-2020 10:47:42.103 INFO [main] org.apache.catalina.startup.VersionLoggerListener.log Command line argument: -Xms128m
31-Oct-2020 10:47:42.103 INFO [main] org.apache.catalina.startup.VersionLoggerListener.log Command line argument: -Xmx256m
31-Oct-2020 10:47:42.103 INFO [main] org.apache.catalina.core.AprLifecycleListener.lifecycleEvent Loaded APR based Apache Tomcat Native library 1.2.17 using APR version 1.6.3.
31-Oct-2020 10:47:42.103 INFO [main] org.apache.catalina.core.AprLifecycleListener.lifecycleEvent APR capabilities: IPv6 [true], sendfile [true], accept filters [false], random [true].
31-Oct-2020 10:47:43.222 INFO [main] org.apache.catalina.core.AprLifecycleListener.initializeSSL OpenSSL successfully initialized (OpenSSL 1.0.2o  27 Mar 2018)
31-Oct-2020 10:47:43.769 INFO [main] org.apache.coyote.AbstractProtocol.init Initializing ProtocolHandler ["http-apr-6060"]
31-Oct-2020 10:47:43.801 INFO [main] org.apache.coyote.AbstractProtocol.init Initializing ProtocolHandler ["ajp-apr-7009"]
31-Oct-2020 10:47:43.816 INFO [main] org.apache.catalina.startup.Catalina.load Initialization processed in 3287 ms
31-Oct-2020 10:47:43.941 INFO [main] org.apache.catalina.core.StandardService.startInternal Starting service Catalina
31-Oct-2020 10:47:43.941 INFO [main] org.apache.catalina.core.StandardEngine.startInternal Starting Servlet Engine: Apache Tomcat/8.0.53
31-Oct-2020 10:47:44.160 INFO [localhost-startStop-1] org.apache.catalina.startup.HostConfig.deployDirectory Deploying web application directory C:\Users\NHELTECH\Desktop\pfe.supernova\apache-tomcat\webapps\host-manager
31-Oct-2020 10:47:45.434 WARNING [localhost-startStop-1] org.apache.catalina.util.SessionIdGeneratorBase.createSecureRandom Creation of SecureRandom instance for session ID generation using [SHA1PRNG] took [125] milliseconds.
31-Oct-2020 10:47:45.512 INFO [localhost-startStop-1] org.apache.catalina.startup.HostConfig.deployDirectory Deployment of web application directory C:\Users\NHELTECH\Desktop\pfe.supernova\apache-tomcat\webapps\host-manager has finished in 1,352 ms
31-Oct-2020 10:47:45.512 INFO [localhost-startStop-1] org.apache.catalina.startup.HostConfig.deployDirectory Deploying web application directory C:\Users\NHELTECH\Desktop\pfe.supernova\apache-tomcat\webapps\manager
31-Oct-2020 10:47:45.606 INFO [localhost-startStop-1] org.apache.catalina.startup.HostConfig.deployDirectory Deployment of web application directory C:\Users\NHELTECH\Desktop\pfe.supernova\apache-tomcat\webapps\manager has finished in 94 ms
31-Oct-2020 10:47:45.606 INFO [localhost-startStop-1] org.apache.catalina.startup.HostConfig.deployDirectory Deploying web application directory C:\Users\NHELTECH\Desktop\pfe.supernova\apache-tomcat\webapps\ROOT
31-Oct-2020 10:47:45.684 INFO [localhost-startStop-1] org.apache.catalina.startup.HostConfig.deployDirectory Deployment of web application directory C:\Users\NHELTECH\Desktop\pfe.supernova\apache-tomcat\webapps\ROOT has finished in 78 ms
31-Oct-2020 10:47:45.778 INFO [main] org.apache.coyote.AbstractProtocol.start Starting ProtocolHandler ["http-apr-6060"]
31-Oct-2020 10:47:45.809 INFO [main] org.apache.coyote.AbstractProtocol.start Starting ProtocolHandler ["ajp-apr-7009"]
31-Oct-2020 10:47:45.825 INFO [main] org.apache.catalina.startup.Catalina.start Server startup in 2016 ms
31-Oct-2020 17:04:52.060 INFO [http-apr-6060-exec-2] org.apache.catalina.startup.HostConfig.deployDescriptor Deploying configuration descriptor C:\Users\NHELTECH\Desktop\pfe.supernova\apache-tomcat\conf\Catalina\localhost\sygealoc.xml
31-Oct-2020 17:04:59.265 INFO [http-apr-6060-exec-2] org.apache.jasper.servlet.TldScanner.scanJars At least one JAR was scanned for TLDs yet contained no TLDs. Enable debug logging for this logger for a complete list of JARs that were scanned but no TLDs were found in them. Skipping unneeded JARs during scanning can improve startup time and JSP compilation time.
31-Oct-2020 17:04:59.461 INFO [http-apr-6060-exec-2] org.springframework.web.context.ContextLoader.initWebApplicationContext Root WebApplicationContext: initialization started
31-Oct-2020 17:05:00.276 INFO [http-apr-6060-exec-2] org.springframework.context.support.AbstractApplicationContext.prepareRefresh Refreshing Root WebApplicationContext: startup date [Sat Oct 31 17:05:00 CDT 2020]; root of context hierarchy
31-Oct-2020 17:05:00.747 INFO [http-apr-6060-exec-2] org.springframework.beans.factory.xml.XmlBeanDefinitionReader.loadBeanDefinitions Loading XML bean definitions from ServletContext resource [/WEB-INF/applicationContext.xml]
31-Oct-2020 17:05:01.350 INFO [http-apr-6060-exec-2] org.springframework.web.context.ContextLoader.initWebApplicationContext Root WebApplicationContext: initialization completed in 1888 ms
31-Oct-2020 17:05:01.443 INFO [http-apr-6060-exec-2] org.springframework.web.servlet.FrameworkServlet.initServletBean FrameworkServlet 'sygealoc': initialization started
31-Oct-2020 17:05:01.459 INFO [http-apr-6060-exec-2] org.springframework.context.support.AbstractApplicationContext.prepareRefresh Refreshing WebApplicationContext for namespace 'sygealoc-servlet': startup date [Sat Oct 31 17:05:01 CDT 2020]; parent: Root WebApplicationContext
31-Oct-2020 17:05:01.475 INFO [http-apr-6060-exec-2] org.springframework.beans.factory.xml.XmlBeanDefinitionReader.loadBeanDefinitions Loading XML bean definitions from ServletContext resource [/WEB-INF/sygealoc-servlet.xml]
31-Oct-2020 17:05:02.088 INFO [http-apr-6060-exec-2] org.springframework.web.servlet.handler.AbstractUrlHandlerMapping.registerHandler Mapped URL path [/reservation*] onto handler 'ReservationController'
31-Oct-2020 17:05:02.090 INFO [http-apr-6060-exec-2] org.springframework.web.servlet.handler.AbstractUrlHandlerMapping.registerHandler Mapped URL path [/impression*] onto handler 'ImpressionController'
31-Oct-2020 17:05:02.094 INFO [http-apr-6060-exec-2] org.springframework.web.servlet.handler.AbstractUrlHandlerMapping.registerHandler Mapped URL path [/erreur*] onto handler 'ErreurController'
31-Oct-2020 17:05:02.096 INFO [http-apr-6060-exec-2] org.springframework.web.servlet.handler.AbstractUrlHandlerMapping.registerHandler Mapped URL path [/ajoutervehicule*] onto handler 'AjoutervehiculeController'
31-Oct-2020 17:05:02.098 INFO [http-apr-6060-exec-2] org.springframework.web.servlet.handler.AbstractUrlHandlerMapping.registerHandler Mapped URL path [/profile*] onto handler 'ProfileController'
31-Oct-2020 17:05:02.099 INFO [http-apr-6060-exec-2] org.springframework.web.servlet.handler.AbstractUrlHandlerMapping.registerHandler Mapped URL path [/employe*] onto handler 'EmployeController'
31-Oct-2020 17:05:02.101 INFO [http-apr-6060-exec-2] org.springframework.web.servlet.handler.AbstractUrlHandlerMapping.registerHandler Mapped URL path [/client*] onto handler 'ClientController'
31-Oct-2020 17:05:02.104 INFO [http-apr-6060-exec-2] org.springframework.web.servlet.handler.AbstractUrlHandlerMapping.registerHandler Mapped URL path [/location*] onto handler 'LocationController'
31-Oct-2020 17:05:02.107 INFO [http-apr-6060-exec-2] org.springframework.web.servlet.handler.AbstractUrlHandlerMapping.registerHandler Mapped URL path [/connexion*] onto handler 'ConnexionController'
31-Oct-2020 17:05:02.109 INFO [http-apr-6060-exec-2] org.springframework.web.servlet.handler.AbstractUrlHandlerMapping.registerHandler Mapped URL path [/deconnexion*] onto handler 'DeconnexionController'
31-Oct-2020 17:05:02.111 INFO [http-apr-6060-exec-2] org.springframework.web.servlet.handler.AbstractUrlHandlerMapping.registerHandler Mapped URL path [/utilisateur*] onto handler 'UtilisateurController'
31-Oct-2020 17:05:02.114 INFO [http-apr-6060-exec-2] org.springframework.web.servlet.handler.AbstractUrlHandlerMapping.registerHandler Mapped URL path [/stock*] onto handler 'VehiculeController'
31-Oct-2020 17:05:02.115 INFO [http-apr-6060-exec-2] org.springframework.web.servlet.handler.AbstractUrlHandlerMapping.registerHandler Mapped URL path [/fournisseur*] onto handler 'FournisseurController'
31-Oct-2020 17:05:02.117 INFO [http-apr-6060-exec-2] org.springframework.web.servlet.handler.AbstractUrlHandlerMapping.registerHandler Mapped URL path [/verouiller*] onto handler 'VerouillerController'
31-Oct-2020 17:05:02.118 INFO [http-apr-6060-exec-2] org.springframework.web.servlet.handler.AbstractUrlHandlerMapping.registerHandler Mapped URL path [/redirect*] onto handler 'RedirectController'
31-Oct-2020 17:05:02.931 INFO [http-apr-6060-exec-2] org.springframework.web.servlet.handler.AbstractUrlHandlerMapping.registerHandler Mapped URL path [/tableaudebord] onto handler 'TableaudebordController'
31-Oct-2020 17:05:03.117 INFO [http-apr-6060-exec-2] org.springframework.web.servlet.handler.AbstractUrlHandlerMapping.registerHandler Mapped URL path [/assets/**] onto handler 'org.springframework.web.servlet.resource.ResourceHttpRequestHandler#0'
31-Oct-2020 17:05:03.356 INFO [http-apr-6060-exec-2] org.springframework.web.servlet.FrameworkServlet.initServletBean FrameworkServlet 'sygealoc': initialization completed in 1911 ms
31-Oct-2020 17:05:03.404 INFO [http-apr-6060-exec-2] org.apache.catalina.startup.HostConfig.deployDescriptor Deployment of configuration descriptor C:\Users\NHELTECH\Desktop\pfe.supernova\apache-tomcat\conf\Catalina\localhost\sygealoc.xml has finished in 11,340 ms
31-Oct-2020 17:05:03.770 INFO [http-apr-6060-exec-3] org.apache.catalina.util.LifecycleBase.start The start() method was called on component [StandardEngine[Catalina].StandardHost[localhost].StandardContext[/sygealoc]] after start() had already been called. The second call will be ignored.
31-Oct-2020 17:19:45.717 WARNING [http-apr-6060-exec-8] org.springframework.web.servlet.DispatcherServlet.noHandlerFound No mapping found for HTTP request with URI [/sygealoc/Error404.html] in DispatcherServlet with name 'sygealoc'
31-Oct-2020 17:20:46.001 WARNING [http-apr-6060-exec-8] org.springframework.web.servlet.DispatcherServlet.noHandlerFound No mapping found for HTTP request with URI [/sygealoc/Error404.html] in DispatcherServlet with name 'sygealoc'
31-Oct-2020 17:22:42.695 WARNING [http-apr-6060-exec-8] org.springframework.web.servlet.DispatcherServlet.noHandlerFound No mapping found for HTTP request with URI [/sygealoc/Error404.html] in DispatcherServlet with name 'sygealoc'
31-Oct-2020 17:23:01.259 WARNING [http-apr-6060-exec-6] org.springframework.web.servlet.DispatcherServlet.noHandlerFound No mapping found for HTTP request with URI [/sygealoc/Error404.html] in DispatcherServlet with name 'sygealoc'
31-Oct-2020 17:24:04.791 WARNING [http-apr-6060-exec-4] org.springframework.web.servlet.DispatcherServlet.noHandlerFound No mapping found for HTTP request with URI [/sygealoc/Error404.html] in DispatcherServlet with name 'sygealoc'
31-Oct-2020 17:24:38.762 WARNING [http-apr-6060-exec-3] org.springframework.web.servlet.DispatcherServlet.noHandlerFound No mapping found for HTTP request with URI [/sygealoc/Error404.html] in DispatcherServlet with name 'sygealoc'
31-Oct-2020 17:25:06.123 WARNING [http-apr-6060-exec-6] org.springframework.web.servlet.DispatcherServlet.noHandlerFound No mapping found for HTTP request with URI [/sygealoc/Error404.html] in DispatcherServlet with name 'sygealoc'
31-Oct-2020 17:25:06.545 WARNING [http-apr-6060-exec-7] org.springframework.web.servlet.DispatcherServlet.noHandlerFound No mapping found for HTTP request with URI [/sygealoc/Error404.html] in DispatcherServlet with name 'sygealoc'
31-Oct-2020 17:25:06.575 WARNING [http-apr-6060-exec-10] org.springframework.web.servlet.DispatcherServlet.noHandlerFound No mapping found for HTTP request with URI [/sygealoc/Error404.html] in DispatcherServlet with name 'sygealoc'
31-Oct-2020 17:25:06.588 WARNING [http-apr-6060-exec-6] org.springframework.web.servlet.DispatcherServlet.noHandlerFound No mapping found for HTTP request with URI [/sygealoc/Error404.html] in DispatcherServlet with name 'sygealoc'
31-Oct-2020 17:25:07.600 WARNING [http-apr-6060-exec-3] org.springframework.web.servlet.DispatcherServlet.noHandlerFound No mapping found for HTTP request with URI [/sygealoc/Error404.html] in DispatcherServlet with name 'sygealoc'
31-Oct-2020 17:25:07.826 WARNING [http-apr-6060-exec-7] org.springframework.web.servlet.DispatcherServlet.noHandlerFound No mapping found for HTTP request with URI [/sygealoc/Error404.html] in DispatcherServlet with name 'sygealoc'
31-Oct-2020 17:25:07.947 WARNING [http-apr-6060-exec-2] org.springframework.web.servlet.DispatcherServlet.noHandlerFound No mapping found for HTTP request with URI [/sygealoc/Error404.html] in DispatcherServlet with name 'sygealoc'
31-Oct-2020 17:25:14.152 WARNING [http-apr-6060-exec-1] org.springframework.web.servlet.DispatcherServlet.noHandlerFound No mapping found for HTTP request with URI [/sygealoc/Error404.html] in DispatcherServlet with name 'sygealoc'
31-Oct-2020 17:25:14.424 WARNING [http-apr-6060-exec-8] org.springframework.web.servlet.DispatcherServlet.noHandlerFound No mapping found for HTTP request with URI [/sygealoc/Error404.html] in DispatcherServlet with name 'sygealoc'
31-Oct-2020 17:25:14.955 WARNING [http-apr-6060-exec-1] org.springframework.web.servlet.DispatcherServlet.noHandlerFound No mapping found for HTTP request with URI [/sygealoc/Error404.html] in DispatcherServlet with name 'sygealoc'
31-Oct-2020 17:25:50.599 WARNING [http-apr-6060-exec-9] org.springframework.web.servlet.DispatcherServlet.noHandlerFound No mapping found for HTTP request with URI [/sygealoc/Error404.html] in DispatcherServlet with name 'sygealoc'
31-Oct-2020 17:26:31.381 WARNING [http-apr-6060-exec-9] org.springframework.web.servlet.DispatcherServlet.noHandlerFound No mapping found for HTTP request with URI [/sygealoc/Error404.html] in DispatcherServlet with name 'sygealoc'
31-Oct-2020 17:27:02.749 WARNING [http-apr-6060-exec-6] org.springframework.web.servlet.DispatcherServlet.noHandlerFound No mapping found for HTTP request with URI [/sygealoc/Error404.html] in DispatcherServlet with name 'sygealoc'
31-Oct-2020 18:26:43.540 INFO [ContainerBackgroundProcessor[StandardEngine[Catalina]]] org.apache.catalina.startup.HostConfig.undeploy Undeploying context [/sygealoc]
31-Oct-2020 18:26:43.596 INFO [ContainerBackgroundProcessor[StandardEngine[Catalina]]] org.springframework.context.support.AbstractApplicationContext.doClose Closing WebApplicationContext for namespace 'sygealoc-servlet': startup date [Sat Oct 31 17:05:01 CDT 2020]; parent: Root WebApplicationContext
31-Oct-2020 18:26:43.622 INFO [ContainerBackgroundProcessor[StandardEngine[Catalina]]] org.springframework.context.support.AbstractApplicationContext.doClose Closing Root WebApplicationContext: startup date [Sat Oct 31 17:05:00 CDT 2020]; root of context hierarchy
31-Oct-2020 18:26:43.689 WARNING [ContainerBackgroundProcessor[StandardEngine[Catalina]]] org.apache.catalina.loader.WebappClassLoaderBase.clearReferencesJdbc The web application [sygealoc] registered the JDBC driver [com.mysql.jdbc.Driver] but failed to unregister it when the web application was stopped. To prevent a memory leak, the JDBC Driver has been forcibly unregistered.
31-Oct-2020 18:26:43.876 INFO [localhost-startStop-2] org.apache.catalina.startup.HostConfig.deployDescriptor Deploying configuration descriptor C:\Users\NHELTECH\Desktop\pfe.supernova\apache-tomcat\conf\Catalina\localhost\sygealoc.xml
31-Oct-2020 18:26:43.935 SEVERE [localhost-startStop-2] org.apache.catalina.core.ContainerBase.addChildInternal ContainerBase.addChild: start: 
 org.apache.catalina.LifecycleException: Failed to start component [StandardEngine[Catalina].StandardHost[localhost].StandardContext[/sygealoc]]
	at org.apache.catalina.util.LifecycleBase.start(LifecycleBase.java:162)
	at org.apache.catalina.core.ContainerBase.addChildInternal(ContainerBase.java:755)
	at org.apache.catalina.core.ContainerBase.addChild(ContainerBase.java:731)
	at org.apache.catalina.core.StandardHost.addChild(StandardHost.java:717)
	at org.apache.catalina.startup.HostConfig.deployDescriptor(HostConfig.java:620)
	at org.apache.catalina.startup.HostConfig$DeployDescriptor.run(HostConfig.java:1832)
	at java.util.concurrent.Executors$RunnableAdapter.call(Unknown Source)
	at java.util.concurrent.FutureTask.run(Unknown Source)
	at java.util.concurrent.ThreadPoolExecutor.runWorker(Unknown Source)
	at java.util.concurrent.ThreadPoolExecutor$Worker.run(Unknown Source)
	at java.lang.Thread.run(Unknown Source)
Caused by: org.apache.catalina.LifecycleException: Failed to start component [org.apache.catalina.webresources.StandardRoot@2c785b9d]
	at org.apache.catalina.util.LifecycleBase.start(LifecycleBase.java:162)
	at org.apache.catalina.core.StandardContext.resourcesStart(StandardContext.java:5016)
	at org.apache.catalina.core.StandardContext.startInternal(StandardContext.java:5149)
	at org.apache.catalina.util.LifecycleBase.start(LifecycleBase.java:145)
	... 10 more
Caused by: java.lang.IllegalArgumentException: The main resource set specified [C:\Users\NHELTECH\Desktop\pfe.supernova\sygealoc\build\web] is not valid
	at org.apache.catalina.webresources.StandardRoot.createMainResourceSet(StandardRoot.java:746)
	at org.apache.catalina.webresources.StandardRoot.startInternal(StandardRoot.java:704)
	at org.apache.catalina.util.LifecycleBase.start(LifecycleBase.java:145)
	... 13 more

31-Oct-2020 18:26:43.936 SEVERE [localhost-startStop-2] org.apache.catalina.startup.HostConfig.deployDescriptor Error deploying configuration descriptor C:\Users\NHELTECH\Desktop\pfe.supernova\apache-tomcat\conf\Catalina\localhost\sygealoc.xml
 java.lang.IllegalStateException: ContainerBase.addChild: start: org.apache.catalina.LifecycleException: Failed to start component [StandardEngine[Catalina].StandardHost[localhost].StandardContext[/sygealoc]]
	at org.apache.catalina.core.ContainerBase.addChildInternal(ContainerBase.java:759)
	at org.apache.catalina.core.ContainerBase.addChild(ContainerBase.java:731)
	at org.apache.catalina.core.StandardHost.addChild(StandardHost.java:717)
	at org.apache.catalina.startup.HostConfig.deployDescriptor(HostConfig.java:620)
	at org.apache.catalina.startup.HostConfig$DeployDescriptor.run(HostConfig.java:1832)
	at java.util.concurrent.Executors$RunnableAdapter.call(Unknown Source)
	at java.util.concurrent.FutureTask.run(Unknown Source)
	at java.util.concurrent.ThreadPoolExecutor.runWorker(Unknown Source)
	at java.util.concurrent.ThreadPoolExecutor$Worker.run(Unknown Source)
	at java.lang.Thread.run(Unknown Source)

31-Oct-2020 18:26:43.941 INFO [localhost-startStop-2] org.apache.catalina.startup.HostConfig.deployDescriptor Deployment of configuration descriptor C:\Users\NHELTECH\Desktop\pfe.supernova\apache-tomcat\conf\Catalina\localhost\sygealoc.xml has finished in 63 ms
31-Oct-2020 21:48:15.880 INFO [Thread-4] org.apache.coyote.AbstractProtocol.pause Pausing ProtocolHandler ["http-apr-6060"]
31-Oct-2020 21:48:15.946 INFO [Thread-4] org.apache.coyote.AbstractProtocol.pause Pausing ProtocolHandler ["ajp-apr-7009"]
31-Oct-2020 21:48:15.999 INFO [Thread-4] org.apache.catalina.core.StandardService.stopInternal Stopping service Catalina
31-Oct-2020 21:48:16.127 INFO [Thread-4] org.apache.coyote.AbstractProtocol.stop Stopping ProtocolHandler ["http-apr-6060"]
31-Oct-2020 21:48:16.193 INFO [Thread-4] org.apache.coyote.AbstractProtocol.stop Stopping ProtocolHandler ["ajp-apr-7009"]
