
2020-11-04 10:50:25 Commons Daemon procrun stderr initialized
04-Nov-2020 10:50:28.768 INFO [main] org.apache.catalina.startup.VersionLoggerListener.log Server version:        Apache Tomcat/8.0.53
04-Nov-2020 10:50:28.783 INFO [main] org.apache.catalina.startup.VersionLoggerListener.log Server built:          Jun 29 2018 14:42:45 UTC
04-Nov-2020 10:50:28.783 INFO [main] org.apache.catalina.startup.VersionLoggerListener.log Server number:         8.0.53.0
04-Nov-2020 10:50:28.783 INFO [main] org.apache.catalina.startup.VersionLoggerListener.log OS Name:               Windows 10
04-Nov-2020 10:50:28.783 INFO [main] org.apache.catalina.startup.VersionLoggerListener.log OS Version:            10.0
04-Nov-2020 10:50:28.783 INFO [main] org.apache.catalina.startup.VersionLoggerListener.log Architecture:          amd64
04-Nov-2020 10:50:28.783 INFO [main] org.apache.catalina.startup.VersionLoggerListener.log Java Home:             C:\Program Files\Java\jre1.8.0_111
04-Nov-2020 10:50:28.783 INFO [main] org.apache.catalina.startup.VersionLoggerListener.log JVM Version:           1.8.0_111-b14
04-Nov-2020 10:50:28.783 INFO [main] org.apache.catalina.startup.VersionLoggerListener.log JVM Vendor:            Oracle Corporation
04-Nov-2020 10:50:28.783 INFO [main] org.apache.catalina.startup.VersionLoggerListener.log CATALINA_BASE:         C:\Users\NHELTECH\Desktop\pfe.supernova\apache-tomcat
04-Nov-2020 10:50:28.783 INFO [main] org.apache.catalina.startup.VersionLoggerListener.log CATALINA_HOME:         C:\Users\NHELTECH\Desktop\pfe.supernova\apache-tomcat
04-Nov-2020 10:50:28.783 INFO [main] org.apache.catalina.startup.VersionLoggerListener.log Command line argument: -Dcatalina.home=C:\Users\NHELTECH\Desktop\pfe.supernova\apache-tomcat
04-Nov-2020 10:50:28.799 INFO [main] org.apache.catalina.startup.VersionLoggerListener.log Command line argument: -Dcatalina.base=C:\Users\NHELTECH\Desktop\pfe.supernova\apache-tomcat
04-Nov-2020 10:50:28.799 INFO [main] org.apache.catalina.startup.VersionLoggerListener.log Command line argument: -Dignore.endorsed.dirs=C:\Users\NHELTECH\Desktop\pfe.supernova\apache-tomcat\endorsed
04-Nov-2020 10:50:28.799 INFO [main] org.apache.catalina.startup.VersionLoggerListener.log Command line argument: -Djava.io.tmpdir=C:\Users\NHELTECH\Desktop\pfe.supernova\apache-tomcat\temp
04-Nov-2020 10:50:28.799 INFO [main] org.apache.catalina.startup.VersionLoggerListener.log Command line argument: -Djava.util.logging.manager=org.apache.juli.ClassLoaderLogManager
04-Nov-2020 10:50:28.799 INFO [main] org.apache.catalina.startup.VersionLoggerListener.log Command line argument: -Djava.util.logging.config.file=C:\Users\NHELTECH\Desktop\pfe.supernova\apache-tomcat\conf\logging.properties
04-Nov-2020 10:50:28.799 INFO [main] org.apache.catalina.startup.VersionLoggerListener.log Command line argument: exit
04-Nov-2020 10:50:28.799 INFO [main] org.apache.catalina.startup.VersionLoggerListener.log Command line argument: abort
04-Nov-2020 10:50:28.799 INFO [main] org.apache.catalina.startup.VersionLoggerListener.log Command line argument: -Xms128m
04-Nov-2020 10:50:28.799 INFO [main] org.apache.catalina.startup.VersionLoggerListener.log Command line argument: -Xmx256m
04-Nov-2020 10:50:28.799 INFO [main] org.apache.catalina.core.AprLifecycleListener.lifecycleEvent Loaded APR based Apache Tomcat Native library 1.2.17 using APR version 1.6.3.
04-Nov-2020 10:50:28.799 INFO [main] org.apache.catalina.core.AprLifecycleListener.lifecycleEvent APR capabilities: IPv6 [true], sendfile [true], accept filters [false], random [true].
04-Nov-2020 10:50:29.908 INFO [main] org.apache.catalina.core.AprLifecycleListener.initializeSSL OpenSSL successfully initialized (OpenSSL 1.0.2o  27 Mar 2018)
04-Nov-2020 10:50:30.533 INFO [main] org.apache.coyote.AbstractProtocol.init Initializing ProtocolHandler ["http-apr-6060"]
04-Nov-2020 10:50:30.565 INFO [main] org.apache.coyote.AbstractProtocol.init Initializing ProtocolHandler ["ajp-apr-7009"]
04-Nov-2020 10:50:30.565 INFO [main] org.apache.catalina.startup.Catalina.load Initialization processed in 3241 ms
04-Nov-2020 10:50:30.705 INFO [main] org.apache.catalina.core.StandardService.startInternal Starting service Catalina
04-Nov-2020 10:50:30.705 INFO [main] org.apache.catalina.core.StandardEngine.startInternal Starting Servlet Engine: Apache Tomcat/8.0.53
04-Nov-2020 10:50:30.815 INFO [localhost-startStop-1] org.apache.catalina.startup.HostConfig.deployDirectory Deploying web application directory C:\Users\NHELTECH\Desktop\pfe.supernova\apache-tomcat\webapps\host-manager
04-Nov-2020 10:50:32.159 INFO [localhost-startStop-1] org.apache.catalina.startup.HostConfig.deployDirectory Deployment of web application directory C:\Users\NHELTECH\Desktop\pfe.supernova\apache-tomcat\webapps\host-manager has finished in 1,344 ms
04-Nov-2020 10:50:32.159 INFO [localhost-startStop-1] org.apache.catalina.startup.HostConfig.deployDirectory Deploying web application directory C:\Users\NHELTECH\Desktop\pfe.supernova\apache-tomcat\webapps\manager
04-Nov-2020 10:50:32.284 INFO [localhost-startStop-1] org.apache.catalina.startup.HostConfig.deployDirectory Deployment of web application directory C:\Users\NHELTECH\Desktop\pfe.supernova\apache-tomcat\webapps\manager has finished in 125 ms
04-Nov-2020 10:50:32.284 INFO [localhost-startStop-1] org.apache.catalina.startup.HostConfig.deployDirectory Deploying web application directory C:\Users\NHELTECH\Desktop\pfe.supernova\apache-tomcat\webapps\ROOT
04-Nov-2020 10:50:32.377 INFO [localhost-startStop-1] org.apache.catalina.startup.HostConfig.deployDirectory Deployment of web application directory C:\Users\NHELTECH\Desktop\pfe.supernova\apache-tomcat\webapps\ROOT has finished in 93 ms
04-Nov-2020 10:50:32.393 INFO [main] org.apache.coyote.AbstractProtocol.start Starting ProtocolHandler ["http-apr-6060"]
04-Nov-2020 10:50:32.455 INFO [main] org.apache.coyote.AbstractProtocol.start Starting ProtocolHandler ["ajp-apr-7009"]
04-Nov-2020 10:50:32.471 INFO [main] org.apache.catalina.startup.Catalina.start Server startup in 1902 ms
04-Nov-2020 18:37:48.051 INFO [Thread-4] org.apache.coyote.AbstractProtocol.pause Pausing ProtocolHandler ["http-apr-6060"]
04-Nov-2020 18:37:48.156 INFO [Thread-4] org.apache.coyote.AbstractProtocol.pause Pausing ProtocolHandler ["ajp-apr-7009"]
04-Nov-2020 18:37:48.210 INFO [Thread-4] org.apache.catalina.core.StandardService.stopInternal Stopping service Catalina
04-Nov-2020 18:37:48.483 INFO [Thread-4] org.apache.coyote.AbstractProtocol.stop Stopping ProtocolHandler ["http-apr-6060"]
04-Nov-2020 18:37:48.549 INFO [Thread-4] org.apache.coyote.AbstractProtocol.stop Stopping ProtocolHandler ["ajp-apr-7009"]

2020-11-04 18:38:14 Commons Daemon procrun stderr initialized
04-Nov-2020 18:38:28.020 INFO [main] org.apache.catalina.startup.VersionLoggerListener.log Server version:        Apache Tomcat/8.0.53
04-Nov-2020 18:38:28.037 INFO [main] org.apache.catalina.startup.VersionLoggerListener.log Server built:          Jun 29 2018 14:42:45 UTC
04-Nov-2020 18:38:28.038 INFO [main] org.apache.catalina.startup.VersionLoggerListener.log Server number:         8.0.53.0
04-Nov-2020 18:38:28.038 INFO [main] org.apache.catalina.startup.VersionLoggerListener.log OS Name:               Windows 10
04-Nov-2020 18:38:28.038 INFO [main] org.apache.catalina.startup.VersionLoggerListener.log OS Version:            10.0
04-Nov-2020 18:38:28.039 INFO [main] org.apache.catalina.startup.VersionLoggerListener.log Architecture:          amd64
04-Nov-2020 18:38:28.039 INFO [main] org.apache.catalina.startup.VersionLoggerListener.log Java Home:             C:\Program Files\Java\jre1.8.0_111
04-Nov-2020 18:38:28.039 INFO [main] org.apache.catalina.startup.VersionLoggerListener.log JVM Version:           1.8.0_111-b14
04-Nov-2020 18:38:28.040 INFO [main] org.apache.catalina.startup.VersionLoggerListener.log JVM Vendor:            Oracle Corporation
04-Nov-2020 18:38:28.040 INFO [main] org.apache.catalina.startup.VersionLoggerListener.log CATALINA_BASE:         C:\Users\NHELTECH\Desktop\pfe.supernova\apache-tomcat
04-Nov-2020 18:38:28.040 INFO [main] org.apache.catalina.startup.VersionLoggerListener.log CATALINA_HOME:         C:\Users\NHELTECH\Desktop\pfe.supernova\apache-tomcat
04-Nov-2020 18:38:28.041 INFO [main] org.apache.catalina.startup.VersionLoggerListener.log Command line argument: -Dcatalina.home=C:\Users\NHELTECH\Desktop\pfe.supernova\apache-tomcat
04-Nov-2020 18:38:28.042 INFO [main] org.apache.catalina.startup.VersionLoggerListener.log Command line argument: -Dcatalina.base=C:\Users\NHELTECH\Desktop\pfe.supernova\apache-tomcat
04-Nov-2020 18:38:28.043 INFO [main] org.apache.catalina.startup.VersionLoggerListener.log Command line argument: -Dignore.endorsed.dirs=C:\Users\NHELTECH\Desktop\pfe.supernova\apache-tomcat\endorsed
04-Nov-2020 18:38:28.043 INFO [main] org.apache.catalina.startup.VersionLoggerListener.log Command line argument: -Djava.io.tmpdir=C:\Users\NHELTECH\Desktop\pfe.supernova\apache-tomcat\temp
04-Nov-2020 18:38:28.044 INFO [main] org.apache.catalina.startup.VersionLoggerListener.log Command line argument: -Djava.util.logging.manager=org.apache.juli.ClassLoaderLogManager
04-Nov-2020 18:38:28.044 INFO [main] org.apache.catalina.startup.VersionLoggerListener.log Command line argument: -Djava.util.logging.config.file=C:\Users\NHELTECH\Desktop\pfe.supernova\apache-tomcat\conf\logging.properties
04-Nov-2020 18:38:28.045 INFO [main] org.apache.catalina.startup.VersionLoggerListener.log Command line argument: exit
04-Nov-2020 18:38:28.045 INFO [main] org.apache.catalina.startup.VersionLoggerListener.log Command line argument: abort
04-Nov-2020 18:38:28.049 INFO [main] org.apache.catalina.startup.VersionLoggerListener.log Command line argument: -Xms128m
04-Nov-2020 18:38:28.050 INFO [main] org.apache.catalina.startup.VersionLoggerListener.log Command line argument: -Xmx256m
04-Nov-2020 18:38:28.050 INFO [main] org.apache.catalina.core.AprLifecycleListener.lifecycleEvent Loaded APR based Apache Tomcat Native library 1.2.17 using APR version 1.6.3.
04-Nov-2020 18:38:28.050 INFO [main] org.apache.catalina.core.AprLifecycleListener.lifecycleEvent APR capabilities: IPv6 [true], sendfile [true], accept filters [false], random [true].
04-Nov-2020 18:38:29.184 INFO [main] org.apache.catalina.core.AprLifecycleListener.initializeSSL OpenSSL successfully initialized (OpenSSL 1.0.2o  27 Mar 2018)
04-Nov-2020 18:38:30.980 INFO [main] org.apache.coyote.AbstractProtocol.init Initializing ProtocolHandler ["http-apr-6060"]
04-Nov-2020 18:38:31.009 INFO [main] org.apache.coyote.AbstractProtocol.init Initializing ProtocolHandler ["ajp-apr-7009"]
04-Nov-2020 18:38:31.021 INFO [main] org.apache.catalina.startup.Catalina.load Initialization processed in 4515 ms
04-Nov-2020 18:38:31.120 INFO [main] org.apache.catalina.core.StandardService.startInternal Starting service Catalina
04-Nov-2020 18:38:31.120 INFO [main] org.apache.catalina.core.StandardEngine.startInternal Starting Servlet Engine: Apache Tomcat/8.0.53
04-Nov-2020 18:38:31.274 INFO [localhost-startStop-1] org.apache.catalina.startup.HostConfig.deployDirectory Deploying web application directory C:\Users\NHELTECH\Desktop\pfe.supernova\apache-tomcat\webapps\host-manager
04-Nov-2020 18:38:32.649 WARNING [localhost-startStop-1] org.apache.catalina.util.SessionIdGeneratorBase.createSecureRandom Creation of SecureRandom instance for session ID generation using [SHA1PRNG] took [105] milliseconds.
04-Nov-2020 18:38:32.728 INFO [localhost-startStop-1] org.apache.catalina.startup.HostConfig.deployDirectory Deployment of web application directory C:\Users\NHELTECH\Desktop\pfe.supernova\apache-tomcat\webapps\host-manager has finished in 1,455 ms
04-Nov-2020 18:38:32.729 INFO [localhost-startStop-1] org.apache.catalina.startup.HostConfig.deployDirectory Deploying web application directory C:\Users\NHELTECH\Desktop\pfe.supernova\apache-tomcat\webapps\manager
04-Nov-2020 18:38:32.893 INFO [localhost-startStop-1] org.apache.catalina.startup.HostConfig.deployDirectory Deployment of web application directory C:\Users\NHELTECH\Desktop\pfe.supernova\apache-tomcat\webapps\manager has finished in 165 ms
04-Nov-2020 18:38:32.894 INFO [localhost-startStop-1] org.apache.catalina.startup.HostConfig.deployDirectory Deploying web application directory C:\Users\NHELTECH\Desktop\pfe.supernova\apache-tomcat\webapps\ROOT
04-Nov-2020 18:38:32.995 INFO [localhost-startStop-1] org.apache.catalina.startup.HostConfig.deployDirectory Deployment of web application directory C:\Users\NHELTECH\Desktop\pfe.supernova\apache-tomcat\webapps\ROOT has finished in 101 ms
04-Nov-2020 18:38:33.032 INFO [main] org.apache.coyote.AbstractProtocol.start Starting ProtocolHandler ["http-apr-6060"]
04-Nov-2020 18:38:33.076 INFO [main] org.apache.coyote.AbstractProtocol.start Starting ProtocolHandler ["ajp-apr-7009"]
04-Nov-2020 18:38:33.086 INFO [main] org.apache.catalina.startup.Catalina.start Server startup in 2064 ms
