
2021-01-25 15:32:14 Commons Daemon procrun stderr initialized
25-Jan-2021 15:32:23.712 INFO [main] org.apache.catalina.startup.VersionLoggerListener.log Server version:        Apache Tomcat/8.0.53
25-Jan-2021 15:32:24.275 INFO [main] org.apache.catalina.startup.VersionLoggerListener.log Server built:          Jun 29 2018 14:42:45 UTC
25-Jan-2021 15:32:24.275 INFO [main] org.apache.catalina.startup.VersionLoggerListener.log Server number:         8.0.53.0
25-Jan-2021 15:32:24.275 INFO [main] org.apache.catalina.startup.VersionLoggerListener.log OS Name:               Windows 10
25-Jan-2021 15:32:24.275 INFO [main] org.apache.catalina.startup.VersionLoggerListener.log OS Version:            10.0
25-Jan-2021 15:32:24.275 INFO [main] org.apache.catalina.startup.VersionLoggerListener.log Architecture:          amd64
25-Jan-2021 15:32:24.275 INFO [main] org.apache.catalina.startup.VersionLoggerListener.log Java Home:             C:\Program Files\Java\jre1.8.0_111
25-Jan-2021 15:32:24.275 INFO [main] org.apache.catalina.startup.VersionLoggerListener.log JVM Version:           1.8.0_111-b14
25-Jan-2021 15:32:24.275 INFO [main] org.apache.catalina.startup.VersionLoggerListener.log JVM Vendor:            Oracle Corporation
25-Jan-2021 15:32:24.275 INFO [main] org.apache.catalina.startup.VersionLoggerListener.log CATALINA_BASE:         C:\Users\NHELTECH\Desktop\pfe.supernova\apache-tomcat
25-Jan-2021 15:32:24.275 INFO [main] org.apache.catalina.startup.VersionLoggerListener.log CATALINA_HOME:         C:\Users\NHELTECH\Desktop\pfe.supernova\apache-tomcat
25-Jan-2021 15:32:24.275 INFO [main] org.apache.catalina.startup.VersionLoggerListener.log Command line argument: -Dcatalina.home=C:\Users\NHELTECH\Desktop\pfe.supernova\apache-tomcat
25-Jan-2021 15:32:24.290 INFO [main] org.apache.catalina.startup.VersionLoggerListener.log Command line argument: -Dcatalina.base=C:\Users\NHELTECH\Desktop\pfe.supernova\apache-tomcat
25-Jan-2021 15:32:24.290 INFO [main] org.apache.catalina.startup.VersionLoggerListener.log Command line argument: -Dignore.endorsed.dirs=C:\Users\NHELTECH\Desktop\pfe.supernova\apache-tomcat\endorsed
25-Jan-2021 15:32:24.290 INFO [main] org.apache.catalina.startup.VersionLoggerListener.log Command line argument: -Djava.io.tmpdir=C:\Users\NHELTECH\Desktop\pfe.supernova\apache-tomcat\temp
25-Jan-2021 15:32:24.290 INFO [main] org.apache.catalina.startup.VersionLoggerListener.log Command line argument: -Djava.util.logging.manager=org.apache.juli.ClassLoaderLogManager
25-Jan-2021 15:32:24.290 INFO [main] org.apache.catalina.startup.VersionLoggerListener.log Command line argument: -Djava.util.logging.config.file=C:\Users\NHELTECH\Desktop\pfe.supernova\apache-tomcat\conf\logging.properties
25-Jan-2021 15:32:24.290 INFO [main] org.apache.catalina.startup.VersionLoggerListener.log Command line argument: exit
25-Jan-2021 15:32:24.290 INFO [main] org.apache.catalina.startup.VersionLoggerListener.log Command line argument: abort
25-Jan-2021 15:32:24.290 INFO [main] org.apache.catalina.startup.VersionLoggerListener.log Command line argument: -Xms128m
25-Jan-2021 15:32:24.290 INFO [main] org.apache.catalina.startup.VersionLoggerListener.log Command line argument: -Xmx256m
25-Jan-2021 15:32:24.290 INFO [main] org.apache.catalina.core.AprLifecycleListener.lifecycleEvent Loaded APR based Apache Tomcat Native library 1.2.17 using APR version 1.6.3.
25-Jan-2021 15:32:24.290 INFO [main] org.apache.catalina.core.AprLifecycleListener.lifecycleEvent APR capabilities: IPv6 [true], sendfile [true], accept filters [false], random [true].
25-Jan-2021 15:32:25.525 INFO [main] org.apache.catalina.core.AprLifecycleListener.initializeSSL OpenSSL successfully initialized (OpenSSL 1.0.2o  27 Mar 2018)
25-Jan-2021 15:32:33.275 INFO [main] org.apache.coyote.AbstractProtocol.init Initializing ProtocolHandler ["http-apr-6060"]
25-Jan-2021 15:32:33.306 INFO [main] org.apache.coyote.AbstractProtocol.init Initializing ProtocolHandler ["ajp-apr-7009"]
25-Jan-2021 15:32:33.306 INFO [main] org.apache.catalina.startup.Catalina.load Initialization processed in 12950 ms
25-Jan-2021 15:32:33.478 INFO [main] org.apache.catalina.core.StandardService.startInternal Starting service Catalina
25-Jan-2021 15:32:33.478 INFO [main] org.apache.catalina.core.StandardEngine.startInternal Starting Servlet Engine: Apache Tomcat/8.0.53
25-Jan-2021 15:32:33.728 INFO [localhost-startStop-1] org.apache.catalina.startup.HostConfig.deployWAR Deploying web application archive C:\Users\NHELTECH\Desktop\pfe.supernova\apache-tomcat\webapps\sygealoc##1.0.war
25-Jan-2021 15:32:46.567 INFO [localhost-startStop-1] org.apache.jasper.servlet.TldScanner.scanJars At least one JAR was scanned for TLDs yet contained no TLDs. Enable debug logging for this logger for a complete list of JARs that were scanned but no TLDs were found in them. Skipping unneeded JARs during scanning can improve startup time and JSP compilation time.
25-Jan-2021 15:32:46.943 INFO [localhost-startStop-1] org.springframework.web.context.ContextLoader.initWebApplicationContext Root WebApplicationContext: initialization started
25-Jan-2021 15:32:47.640 INFO [localhost-startStop-1] org.springframework.context.support.AbstractApplicationContext.prepareRefresh Refreshing Root WebApplicationContext: startup date [Mon Jan 25 15:32:47 CST 2021]; root of context hierarchy
25-Jan-2021 15:32:47.897 INFO [localhost-startStop-1] org.springframework.beans.factory.xml.XmlBeanDefinitionReader.loadBeanDefinitions Loading XML bean definitions from ServletContext resource [/WEB-INF/applicationContext.xml]
25-Jan-2021 15:32:49.263 INFO [localhost-startStop-1] org.springframework.web.context.ContextLoader.initWebApplicationContext Root WebApplicationContext: initialization completed in 2320 ms
25-Jan-2021 15:32:49.917 WARNING [localhost-startStop-1] org.apache.catalina.util.SessionIdGeneratorBase.createSecureRandom Creation of SecureRandom instance for session ID generation using [SHA1PRNG] took [645] milliseconds.
25-Jan-2021 15:32:50.079 INFO [localhost-startStop-1] org.springframework.web.servlet.FrameworkServlet.initServletBean FrameworkServlet 'sygealoc': initialization started
25-Jan-2021 15:32:50.170 INFO [localhost-startStop-1] org.springframework.context.support.AbstractApplicationContext.prepareRefresh Refreshing WebApplicationContext for namespace 'sygealoc-servlet': startup date [Mon Jan 25 15:32:50 CST 2021]; parent: Root WebApplicationContext
25-Jan-2021 15:32:50.194 INFO [localhost-startStop-1] org.springframework.beans.factory.xml.XmlBeanDefinitionReader.loadBeanDefinitions Loading XML bean definitions from ServletContext resource [/WEB-INF/sygealoc-servlet.xml]
25-Jan-2021 15:32:50.918 INFO [localhost-startStop-1] org.springframework.web.servlet.handler.AbstractUrlHandlerMapping.registerHandler Mapped URL path [/reservation*] onto handler 'ReservationController'
25-Jan-2021 15:32:50.919 INFO [localhost-startStop-1] org.springframework.web.servlet.handler.AbstractUrlHandlerMapping.registerHandler Mapped URL path [/impression*] onto handler 'ImpressionController'
25-Jan-2021 15:32:50.923 INFO [localhost-startStop-1] org.springframework.web.servlet.handler.AbstractUrlHandlerMapping.registerHandler Mapped URL path [/erreur*] onto handler 'ErreurController'
25-Jan-2021 15:32:50.924 INFO [localhost-startStop-1] org.springframework.web.servlet.handler.AbstractUrlHandlerMapping.registerHandler Mapped URL path [/ajoutervehicule*] onto handler 'AjoutervehiculeController'
25-Jan-2021 15:32:50.926 INFO [localhost-startStop-1] org.springframework.web.servlet.handler.AbstractUrlHandlerMapping.registerHandler Mapped URL path [/profile*] onto handler 'ProfileController'
25-Jan-2021 15:32:50.928 INFO [localhost-startStop-1] org.springframework.web.servlet.handler.AbstractUrlHandlerMapping.registerHandler Mapped URL path [/employe*] onto handler 'EmployeController'
25-Jan-2021 15:32:50.929 INFO [localhost-startStop-1] org.springframework.web.servlet.handler.AbstractUrlHandlerMapping.registerHandler Mapped URL path [/client*] onto handler 'ClientController'
25-Jan-2021 15:32:50.931 INFO [localhost-startStop-1] org.springframework.web.servlet.handler.AbstractUrlHandlerMapping.registerHandler Mapped URL path [/location*] onto handler 'LocationController'
25-Jan-2021 15:32:50.936 INFO [localhost-startStop-1] org.springframework.web.servlet.handler.AbstractUrlHandlerMapping.registerHandler Mapped URL path [/connexion*] onto handler 'ConnexionController'
25-Jan-2021 15:32:50.940 INFO [localhost-startStop-1] org.springframework.web.servlet.handler.AbstractUrlHandlerMapping.registerHandler Mapped URL path [/deconnexion*] onto handler 'DeconnexionController'
25-Jan-2021 15:32:50.942 INFO [localhost-startStop-1] org.springframework.web.servlet.handler.AbstractUrlHandlerMapping.registerHandler Mapped URL path [/utilisateur*] onto handler 'UtilisateurController'
25-Jan-2021 15:32:50.943 INFO [localhost-startStop-1] org.springframework.web.servlet.handler.AbstractUrlHandlerMapping.registerHandler Mapped URL path [/stock*] onto handler 'VehiculeController'
25-Jan-2021 15:32:50.944 INFO [localhost-startStop-1] org.springframework.web.servlet.handler.AbstractUrlHandlerMapping.registerHandler Mapped URL path [/fournisseur*] onto handler 'FournisseurController'
25-Jan-2021 15:32:50.946 INFO [localhost-startStop-1] org.springframework.web.servlet.handler.AbstractUrlHandlerMapping.registerHandler Mapped URL path [/verouiller*] onto handler 'VerouillerController'
25-Jan-2021 15:32:50.947 INFO [localhost-startStop-1] org.springframework.web.servlet.handler.AbstractUrlHandlerMapping.registerHandler Mapped URL path [/redirect*] onto handler 'RedirectController'
25-Jan-2021 15:32:51.464 INFO [localhost-startStop-1] org.springframework.web.servlet.handler.AbstractUrlHandlerMapping.registerHandler Mapped URL path [/tableaudebord] onto handler 'TableaudebordController'
25-Jan-2021 15:32:51.718 INFO [localhost-startStop-1] org.springframework.web.servlet.handler.AbstractUrlHandlerMapping.registerHandler Mapped URL path [/assets/**] onto handler 'org.springframework.web.servlet.resource.ResourceHttpRequestHandler#0'
25-Jan-2021 15:32:52.035 INFO [localhost-startStop-1] org.springframework.web.servlet.FrameworkServlet.initServletBean FrameworkServlet 'sygealoc': initialization completed in 1955 ms
25-Jan-2021 15:32:52.104 INFO [localhost-startStop-1] org.apache.catalina.startup.HostConfig.deployWAR Deployment of web application archive C:\Users\NHELTECH\Desktop\pfe.supernova\apache-tomcat\webapps\sygealoc##1.0.war has finished in 18,375 ms
25-Jan-2021 15:32:52.116 INFO [localhost-startStop-1] org.apache.catalina.startup.HostConfig.deployDirectory Deploying web application directory C:\Users\NHELTECH\Desktop\pfe.supernova\apache-tomcat\webapps\host-manager
25-Jan-2021 15:32:52.384 INFO [localhost-startStop-1] org.apache.catalina.startup.HostConfig.deployDirectory Deployment of web application directory C:\Users\NHELTECH\Desktop\pfe.supernova\apache-tomcat\webapps\host-manager has finished in 269 ms
25-Jan-2021 15:32:52.384 INFO [localhost-startStop-1] org.apache.catalina.startup.HostConfig.deployDirectory Deploying web application directory C:\Users\NHELTECH\Desktop\pfe.supernova\apache-tomcat\webapps\manager
25-Jan-2021 15:32:52.724 INFO [localhost-startStop-1] org.apache.catalina.startup.HostConfig.deployDirectory Deployment of web application directory C:\Users\NHELTECH\Desktop\pfe.supernova\apache-tomcat\webapps\manager has finished in 340 ms
25-Jan-2021 15:32:52.726 INFO [localhost-startStop-1] org.apache.catalina.startup.HostConfig.deployDirectory Deploying web application directory C:\Users\NHELTECH\Desktop\pfe.supernova\apache-tomcat\webapps\ROOT
25-Jan-2021 15:32:52.859 INFO [localhost-startStop-1] org.apache.catalina.startup.HostConfig.deployDirectory Deployment of web application directory C:\Users\NHELTECH\Desktop\pfe.supernova\apache-tomcat\webapps\ROOT has finished in 133 ms
25-Jan-2021 15:32:52.889 INFO [main] org.apache.coyote.AbstractProtocol.start Starting ProtocolHandler ["http-apr-6060"]
25-Jan-2021 15:32:52.935 INFO [main] org.apache.coyote.AbstractProtocol.start Starting ProtocolHandler ["ajp-apr-7009"]
25-Jan-2021 15:32:52.945 INFO [main] org.apache.catalina.startup.Catalina.start Server startup in 19630 ms
25-Jan-2021 15:45:43.529 INFO [http-apr-6060-exec-1] org.springframework.context.support.AbstractApplicationContext.doClose Closing WebApplicationContext for namespace 'sygealoc-servlet': startup date [Mon Jan 25 15:32:50 CST 2021]; parent: Root WebApplicationContext
25-Jan-2021 15:45:43.542 INFO [http-apr-6060-exec-1] org.springframework.context.support.AbstractApplicationContext.doClose Closing Root WebApplicationContext: startup date [Mon Jan 25 15:32:47 CST 2021]; root of context hierarchy
25-Jan-2021 15:45:51.878 INFO [http-apr-6060-exec-1] org.apache.catalina.startup.HostConfig.undeploy Undeploying context [/sygealoc##1.0]
25-Jan-2021 15:46:23.468 INFO [http-apr-6060-exec-5] org.apache.catalina.startup.HostConfig.deployWAR Deploying web application archive C:\Users\NHELTECH\Desktop\pfe.supernova\apache-tomcat\webapps\sygealoc##1.0.war
25-Jan-2021 15:48:08.744 INFO [http-apr-6060-exec-5] org.apache.jasper.servlet.TldScanner.scanJars At least one JAR was scanned for TLDs yet contained no TLDs. Enable debug logging for this logger for a complete list of JARs that were scanned but no TLDs were found in them. Skipping unneeded JARs during scanning can improve startup time and JSP compilation time.
25-Jan-2021 15:48:08.899 INFO [http-apr-6060-exec-5] org.springframework.web.context.ContextLoader.initWebApplicationContext Root WebApplicationContext: initialization started
25-Jan-2021 15:48:09.362 INFO [http-apr-6060-exec-5] org.springframework.context.support.AbstractApplicationContext.prepareRefresh Refreshing Root WebApplicationContext: startup date [Mon Jan 25 15:48:09 CST 2021]; root of context hierarchy
25-Jan-2021 15:48:09.680 INFO [http-apr-6060-exec-5] org.springframework.beans.factory.xml.XmlBeanDefinitionReader.loadBeanDefinitions Loading XML bean definitions from ServletContext resource [/WEB-INF/applicationContext.xml]
25-Jan-2021 15:48:10.080 INFO [http-apr-6060-exec-5] org.springframework.web.context.ContextLoader.initWebApplicationContext Root WebApplicationContext: initialization completed in 1181 ms
25-Jan-2021 15:48:10.197 INFO [http-apr-6060-exec-5] org.springframework.web.servlet.FrameworkServlet.initServletBean FrameworkServlet 'sygealoc': initialization started
25-Jan-2021 15:48:10.222 INFO [http-apr-6060-exec-5] org.springframework.context.support.AbstractApplicationContext.prepareRefresh Refreshing WebApplicationContext for namespace 'sygealoc-servlet': startup date [Mon Jan 25 15:48:10 CST 2021]; parent: Root WebApplicationContext
25-Jan-2021 15:48:10.231 INFO [http-apr-6060-exec-5] org.springframework.beans.factory.xml.XmlBeanDefinitionReader.loadBeanDefinitions Loading XML bean definitions from ServletContext resource [/WEB-INF/sygealoc-servlet.xml]
25-Jan-2021 15:48:10.831 INFO [http-apr-6060-exec-5] org.springframework.web.servlet.handler.AbstractUrlHandlerMapping.registerHandler Mapped URL path [/reservation*] onto handler 'ReservationController'
25-Jan-2021 15:48:10.833 INFO [http-apr-6060-exec-5] org.springframework.web.servlet.handler.AbstractUrlHandlerMapping.registerHandler Mapped URL path [/impression*] onto handler 'ImpressionController'
25-Jan-2021 15:48:10.834 INFO [http-apr-6060-exec-5] org.springframework.web.servlet.handler.AbstractUrlHandlerMapping.registerHandler Mapped URL path [/erreur*] onto handler 'ErreurController'
25-Jan-2021 15:48:10.836 INFO [http-apr-6060-exec-5] org.springframework.web.servlet.handler.AbstractUrlHandlerMapping.registerHandler Mapped URL path [/ajoutervehicule*] onto handler 'AjoutervehiculeController'
25-Jan-2021 15:48:10.838 INFO [http-apr-6060-exec-5] org.springframework.web.servlet.handler.AbstractUrlHandlerMapping.registerHandler Mapped URL path [/profile*] onto handler 'ProfileController'
25-Jan-2021 15:48:10.840 INFO [http-apr-6060-exec-5] org.springframework.web.servlet.handler.AbstractUrlHandlerMapping.registerHandler Mapped URL path [/employe*] onto handler 'EmployeController'
25-Jan-2021 15:48:10.842 INFO [http-apr-6060-exec-5] org.springframework.web.servlet.handler.AbstractUrlHandlerMapping.registerHandler Mapped URL path [/client*] onto handler 'ClientController'
25-Jan-2021 15:48:10.850 INFO [http-apr-6060-exec-5] org.springframework.web.servlet.handler.AbstractUrlHandlerMapping.registerHandler Mapped URL path [/location*] onto handler 'LocationController'
25-Jan-2021 15:48:10.852 INFO [http-apr-6060-exec-5] org.springframework.web.servlet.handler.AbstractUrlHandlerMapping.registerHandler Mapped URL path [/connexion*] onto handler 'ConnexionController'
25-Jan-2021 15:48:10.854 INFO [http-apr-6060-exec-5] org.springframework.web.servlet.handler.AbstractUrlHandlerMapping.registerHandler Mapped URL path [/deconnexion*] onto handler 'DeconnexionController'
25-Jan-2021 15:48:10.859 INFO [http-apr-6060-exec-5] org.springframework.web.servlet.handler.AbstractUrlHandlerMapping.registerHandler Mapped URL path [/utilisateur*] onto handler 'UtilisateurController'
25-Jan-2021 15:48:10.861 INFO [http-apr-6060-exec-5] org.springframework.web.servlet.handler.AbstractUrlHandlerMapping.registerHandler Mapped URL path [/stock*] onto handler 'VehiculeController'
25-Jan-2021 15:48:10.863 INFO [http-apr-6060-exec-5] org.springframework.web.servlet.handler.AbstractUrlHandlerMapping.registerHandler Mapped URL path [/fournisseur*] onto handler 'FournisseurController'
25-Jan-2021 15:48:10.865 INFO [http-apr-6060-exec-5] org.springframework.web.servlet.handler.AbstractUrlHandlerMapping.registerHandler Mapped URL path [/verouiller*] onto handler 'VerouillerController'
25-Jan-2021 15:48:10.867 INFO [http-apr-6060-exec-5] org.springframework.web.servlet.handler.AbstractUrlHandlerMapping.registerHandler Mapped URL path [/redirect*] onto handler 'RedirectController'
25-Jan-2021 15:48:11.202 INFO [http-apr-6060-exec-5] org.springframework.web.servlet.handler.AbstractUrlHandlerMapping.registerHandler Mapped URL path [/tableaudebord] onto handler 'TableaudebordController'
25-Jan-2021 15:48:11.311 INFO [http-apr-6060-exec-5] org.springframework.web.servlet.handler.AbstractUrlHandlerMapping.registerHandler Mapped URL path [/assets/**] onto handler 'org.springframework.web.servlet.resource.ResourceHttpRequestHandler#0'
25-Jan-2021 15:48:11.555 INFO [http-apr-6060-exec-5] org.springframework.web.servlet.FrameworkServlet.initServletBean FrameworkServlet 'sygealoc': initialization completed in 1356 ms
25-Jan-2021 15:48:11.564 INFO [http-apr-6060-exec-5] org.apache.catalina.startup.HostConfig.deployWAR Deployment of web application archive C:\Users\NHELTECH\Desktop\pfe.supernova\apache-tomcat\webapps\sygealoc##1.0.war has finished in 108,095 ms
25-Jan-2021 15:49:22.172 WARNING [http-apr-6060-exec-13] org.springframework.web.servlet.DispatcherServlet.noHandlerFound No mapping found for HTTP request with URI [/sygealoc/Error404.html] in DispatcherServlet with name 'sygealoc'
25-Jan-2021 15:49:52.083 WARNING [http-apr-6060-exec-11] org.springframework.web.servlet.DispatcherServlet.noHandlerFound No mapping found for HTTP request with URI [/sygealoc/Error404.html] in DispatcherServlet with name 'sygealoc'
25-Jan-2021 15:49:58.680 WARNING [http-apr-6060-exec-18] org.springframework.web.servlet.DispatcherServlet.noHandlerFound No mapping found for HTTP request with URI [/sygealoc/Error404.html] in DispatcherServlet with name 'sygealoc'
25-Jan-2021 15:50:05.708 WARNING [http-apr-6060-exec-15] org.springframework.web.servlet.DispatcherServlet.noHandlerFound No mapping found for HTTP request with URI [/sygealoc/Error404.html] in DispatcherServlet with name 'sygealoc'
25-Jan-2021 15:50:11.512 WARNING [http-apr-6060-exec-18] org.springframework.web.servlet.DispatcherServlet.noHandlerFound No mapping found for HTTP request with URI [/sygealoc/Error404.html] in DispatcherServlet with name 'sygealoc'
25-Jan-2021 15:50:12.024 WARNING [http-apr-6060-exec-20] org.springframework.web.servlet.DispatcherServlet.noHandlerFound No mapping found for HTTP request with URI [/sygealoc/Error404.html] in DispatcherServlet with name 'sygealoc'
25-Jan-2021 15:50:12.049 WARNING [http-apr-6060-exec-11] org.springframework.web.servlet.DispatcherServlet.noHandlerFound No mapping found for HTTP request with URI [/sygealoc/Error404.html] in DispatcherServlet with name 'sygealoc'
25-Jan-2021 15:50:12.084 WARNING [http-apr-6060-exec-16] org.springframework.web.servlet.DispatcherServlet.noHandlerFound No mapping found for HTTP request with URI [/sygealoc/Error404.html] in DispatcherServlet with name 'sygealoc'
25-Jan-2021 15:50:13.426 WARNING [http-apr-6060-exec-17] org.springframework.web.servlet.DispatcherServlet.noHandlerFound No mapping found for HTTP request with URI [/sygealoc/Error404.html] in DispatcherServlet with name 'sygealoc'
25-Jan-2021 15:50:13.501 WARNING [http-apr-6060-exec-11] org.springframework.web.servlet.DispatcherServlet.noHandlerFound No mapping found for HTTP request with URI [/sygealoc/Error404.html] in DispatcherServlet with name 'sygealoc'
25-Jan-2021 15:50:13.531 WARNING [http-apr-6060-exec-16] org.springframework.web.servlet.DispatcherServlet.noHandlerFound No mapping found for HTTP request with URI [/sygealoc/Error404.html] in DispatcherServlet with name 'sygealoc'
25-Jan-2021 15:50:20.305 WARNING [http-apr-6060-exec-14] org.springframework.web.servlet.DispatcherServlet.noHandlerFound No mapping found for HTTP request with URI [/sygealoc/Error404.html] in DispatcherServlet with name 'sygealoc'
25-Jan-2021 15:50:20.584 WARNING [http-apr-6060-exec-13] org.springframework.web.servlet.DispatcherServlet.noHandlerFound No mapping found for HTTP request with URI [/sygealoc/Error404.html] in DispatcherServlet with name 'sygealoc'
25-Jan-2021 15:50:21.165 WARNING [http-apr-6060-exec-12] org.springframework.web.servlet.DispatcherServlet.noHandlerFound No mapping found for HTTP request with URI [/sygealoc/Error404.html] in DispatcherServlet with name 'sygealoc'
25-Jan-2021 15:51:24.222 WARNING [http-apr-6060-exec-20] org.springframework.web.servlet.DispatcherServlet.noHandlerFound No mapping found for HTTP request with URI [/sygealoc/Error404.html] in DispatcherServlet with name 'sygealoc'
25-Jan-2021 15:51:24.402 WARNING [http-apr-6060-exec-16] org.springframework.web.servlet.DispatcherServlet.noHandlerFound No mapping found for HTTP request with URI [/sygealoc/Error404.html] in DispatcherServlet with name 'sygealoc'
25-Jan-2021 15:51:25.032 WARNING [http-apr-6060-exec-18] org.springframework.web.servlet.DispatcherServlet.noHandlerFound No mapping found for HTTP request with URI [/sygealoc/Error404.html] in DispatcherServlet with name 'sygealoc'
25-Jan-2021 15:51:35.491 WARNING [http-apr-6060-exec-19] org.springframework.web.servlet.DispatcherServlet.noHandlerFound No mapping found for HTTP request with URI [/sygealoc/Error404.html] in DispatcherServlet with name 'sygealoc'
25-Jan-2021 15:51:35.741 WARNING [http-apr-6060-exec-15] org.springframework.web.servlet.DispatcherServlet.noHandlerFound No mapping found for HTTP request with URI [/sygealoc/Error404.html] in DispatcherServlet with name 'sygealoc'
25-Jan-2021 15:51:35.776 WARNING [http-apr-6060-exec-18] org.springframework.web.servlet.DispatcherServlet.noHandlerFound No mapping found for HTTP request with URI [/sygealoc/Error404.html] in DispatcherServlet with name 'sygealoc'
25-Jan-2021 15:51:35.828 WARNING [http-apr-6060-exec-20] org.springframework.web.servlet.DispatcherServlet.noHandlerFound No mapping found for HTTP request with URI [/sygealoc/Error404.html] in DispatcherServlet with name 'sygealoc'
25-Jan-2021 15:51:36.603 WARNING [http-apr-6060-exec-15] org.springframework.web.servlet.DispatcherServlet.noHandlerFound No mapping found for HTTP request with URI [/sygealoc/Error404.html] in DispatcherServlet with name 'sygealoc'
25-Jan-2021 15:51:36.692 WARNING [http-apr-6060-exec-17] org.springframework.web.servlet.DispatcherServlet.noHandlerFound No mapping found for HTTP request with URI [/sygealoc/Error404.html] in DispatcherServlet with name 'sygealoc'
25-Jan-2021 15:51:36.769 WARNING [http-apr-6060-exec-20] org.springframework.web.servlet.DispatcherServlet.noHandlerFound No mapping found for HTTP request with URI [/sygealoc/Error404.html] in DispatcherServlet with name 'sygealoc'
25-Jan-2021 16:02:13.822 INFO [http-apr-6060-exec-12] org.springframework.context.support.AbstractApplicationContext.doClose Closing WebApplicationContext for namespace 'sygealoc-servlet': startup date [Mon Jan 25 15:48:10 CST 2021]; parent: Root WebApplicationContext
25-Jan-2021 16:02:13.849 INFO [http-apr-6060-exec-12] org.springframework.context.support.AbstractApplicationContext.doClose Closing Root WebApplicationContext: startup date [Mon Jan 25 15:48:09 CST 2021]; root of context hierarchy
25-Jan-2021 16:02:15.354 WARNING [http-apr-6060-exec-12] org.apache.catalina.loader.WebappClassLoaderBase.clearReferencesJdbc The web application [sygealoc##1.0] registered the JDBC driver [com.mysql.jdbc.Driver] but failed to unregister it when the web application was stopped. To prevent a memory leak, the JDBC Driver has been forcibly unregistered.
25-Jan-2021 16:02:26.267 INFO [ContainerBackgroundProcessor[StandardEngine[Catalina]]] org.apache.catalina.startup.HostConfig.undeploy Undeploying context [/sygealoc##1.0]
25-Jan-2021 16:02:26.441 SEVERE [ContainerBackgroundProcessor[StandardEngine[Catalina]]] org.apache.catalina.startup.ExpandWar.deleteDir [C:\Users\NHELTECH\Desktop\pfe.supernova\apache-tomcat\webapps\sygealoc##1.0\assets\uploads] could not be completely deleted. The presence of the remaining files may cause problems
25-Jan-2021 16:02:27.551 SEVERE [ContainerBackgroundProcessor[StandardEngine[Catalina]]] org.apache.catalina.startup.ExpandWar.deleteDir [C:\Users\NHELTECH\Desktop\pfe.supernova\apache-tomcat\webapps\sygealoc##1.0\assets] could not be completely deleted. The presence of the remaining files may cause problems
25-Jan-2021 16:02:27.842 SEVERE [ContainerBackgroundProcessor[StandardEngine[Catalina]]] org.apache.catalina.startup.ExpandWar.deleteDir [C:\Users\NHELTECH\Desktop\pfe.supernova\apache-tomcat\webapps\sygealoc##1.0] could not be completely deleted. The presence of the remaining files may cause problems
25-Jan-2021 16:02:27.846 SEVERE [ContainerBackgroundProcessor[StandardEngine[Catalina]]] org.apache.catalina.startup.ExpandWar.delete [C:\Users\NHELTECH\Desktop\pfe.supernova\apache-tomcat\webapps\sygealoc##1.0] could not be completely deleted. The presence of the remaining files may cause problems
25-Jan-2021 16:02:27.951 INFO [localhost-startStop-2] org.apache.catalina.startup.HostConfig.deployDirectory Deploying web application directory C:\Users\NHELTECH\Desktop\pfe.supernova\apache-tomcat\webapps\sygealoc##1.0
25-Jan-2021 16:02:28.094 INFO [localhost-startStop-2] org.apache.catalina.startup.HostConfig.deployDirectory Deployment of web application directory C:\Users\NHELTECH\Desktop\pfe.supernova\apache-tomcat\webapps\sygealoc##1.0 has finished in 143 ms
25-Jan-2021 16:02:33.539 INFO [http-apr-6060-exec-11] org.apache.catalina.util.LifecycleBase.stop The stop() method was called on component [StandardEngine[Catalina].StandardHost[localhost].StandardContext[/sygealoc##1.0]] after stop() had already been called. The second call will be ignored.
25-Jan-2021 16:04:47.307 INFO [http-apr-6060-exec-24] org.apache.catalina.util.LifecycleBase.stop The stop() method was called on component [StandardEngine[Catalina].StandardHost[localhost].StandardContext[/sygealoc##1.0]] after stop() had already been called. The second call will be ignored.
25-Jan-2021 16:06:15.152 INFO [Thread-4] org.apache.coyote.AbstractProtocol.pause Pausing ProtocolHandler ["http-apr-6060"]
25-Jan-2021 16:06:15.167 INFO [Thread-4] org.apache.coyote.AbstractProtocol.pause Pausing ProtocolHandler ["ajp-apr-7009"]
25-Jan-2021 16:06:15.222 INFO [Thread-4] org.apache.catalina.core.StandardService.stopInternal Stopping service Catalina
25-Jan-2021 16:06:15.419 INFO [Thread-4] org.apache.coyote.AbstractProtocol.stop Stopping ProtocolHandler ["http-apr-6060"]
25-Jan-2021 16:06:15.482 INFO [Thread-4] org.apache.coyote.AbstractProtocol.stop Stopping ProtocolHandler ["ajp-apr-7009"]

2021-01-25 16:06:34 Commons Daemon procrun stderr initialized
25-Jan-2021 16:06:39.894 INFO [main] org.apache.catalina.startup.VersionLoggerListener.log Server version:        Apache Tomcat/8.0.53
25-Jan-2021 16:06:39.904 INFO [main] org.apache.catalina.startup.VersionLoggerListener.log Server built:          Jun 29 2018 14:42:45 UTC
25-Jan-2021 16:06:39.904 INFO [main] org.apache.catalina.startup.VersionLoggerListener.log Server number:         8.0.53.0
25-Jan-2021 16:06:39.904 INFO [main] org.apache.catalina.startup.VersionLoggerListener.log OS Name:               Windows 10
25-Jan-2021 16:06:39.905 INFO [main] org.apache.catalina.startup.VersionLoggerListener.log OS Version:            10.0
25-Jan-2021 16:06:39.905 INFO [main] org.apache.catalina.startup.VersionLoggerListener.log Architecture:          amd64
25-Jan-2021 16:06:39.905 INFO [main] org.apache.catalina.startup.VersionLoggerListener.log Java Home:             C:\Program Files\Java\jre1.8.0_111
25-Jan-2021 16:06:39.906 INFO [main] org.apache.catalina.startup.VersionLoggerListener.log JVM Version:           1.8.0_111-b14
25-Jan-2021 16:06:39.906 INFO [main] org.apache.catalina.startup.VersionLoggerListener.log JVM Vendor:            Oracle Corporation
25-Jan-2021 16:06:39.906 INFO [main] org.apache.catalina.startup.VersionLoggerListener.log CATALINA_BASE:         C:\Users\NHELTECH\Desktop\pfe.supernova\apache-tomcat
25-Jan-2021 16:06:39.906 INFO [main] org.apache.catalina.startup.VersionLoggerListener.log CATALINA_HOME:         C:\Users\NHELTECH\Desktop\pfe.supernova\apache-tomcat
25-Jan-2021 16:06:39.907 INFO [main] org.apache.catalina.startup.VersionLoggerListener.log Command line argument: -Dcatalina.home=C:\Users\NHELTECH\Desktop\pfe.supernova\apache-tomcat
25-Jan-2021 16:06:39.910 INFO [main] org.apache.catalina.startup.VersionLoggerListener.log Command line argument: -Dcatalina.base=C:\Users\NHELTECH\Desktop\pfe.supernova\apache-tomcat
25-Jan-2021 16:06:39.910 INFO [main] org.apache.catalina.startup.VersionLoggerListener.log Command line argument: -Dignore.endorsed.dirs=C:\Users\NHELTECH\Desktop\pfe.supernova\apache-tomcat\endorsed
25-Jan-2021 16:06:39.910 INFO [main] org.apache.catalina.startup.VersionLoggerListener.log Command line argument: -Djava.io.tmpdir=C:\Users\NHELTECH\Desktop\pfe.supernova\apache-tomcat\temp
25-Jan-2021 16:06:39.911 INFO [main] org.apache.catalina.startup.VersionLoggerListener.log Command line argument: -Djava.util.logging.manager=org.apache.juli.ClassLoaderLogManager
25-Jan-2021 16:06:39.911 INFO [main] org.apache.catalina.startup.VersionLoggerListener.log Command line argument: -Djava.util.logging.config.file=C:\Users\NHELTECH\Desktop\pfe.supernova\apache-tomcat\conf\logging.properties
25-Jan-2021 16:06:39.912 INFO [main] org.apache.catalina.startup.VersionLoggerListener.log Command line argument: exit
25-Jan-2021 16:06:39.912 INFO [main] org.apache.catalina.startup.VersionLoggerListener.log Command line argument: abort
25-Jan-2021 16:06:39.913 INFO [main] org.apache.catalina.startup.VersionLoggerListener.log Command line argument: -Xms128m
25-Jan-2021 16:06:39.913 INFO [main] org.apache.catalina.startup.VersionLoggerListener.log Command line argument: -Xmx256m
25-Jan-2021 16:06:39.913 INFO [main] org.apache.catalina.core.AprLifecycleListener.lifecycleEvent Loaded APR based Apache Tomcat Native library 1.2.17 using APR version 1.6.3.
25-Jan-2021 16:06:39.914 INFO [main] org.apache.catalina.core.AprLifecycleListener.lifecycleEvent APR capabilities: IPv6 [true], sendfile [true], accept filters [false], random [true].
25-Jan-2021 16:06:40.997 INFO [main] org.apache.catalina.core.AprLifecycleListener.initializeSSL OpenSSL successfully initialized (OpenSSL 1.0.2o  27 Mar 2018)
25-Jan-2021 16:06:42.329 INFO [main] org.apache.coyote.AbstractProtocol.init Initializing ProtocolHandler ["http-apr-6060"]
25-Jan-2021 16:06:42.390 INFO [main] org.apache.coyote.AbstractProtocol.init Initializing ProtocolHandler ["ajp-apr-7009"]
25-Jan-2021 16:06:42.401 INFO [main] org.apache.catalina.startup.Catalina.load Initialization processed in 5109 ms
25-Jan-2021 16:06:42.538 INFO [main] org.apache.catalina.core.StandardService.startInternal Starting service Catalina
25-Jan-2021 16:06:42.539 INFO [main] org.apache.catalina.core.StandardEngine.startInternal Starting Servlet Engine: Apache Tomcat/8.0.53
25-Jan-2021 16:06:42.585 INFO [localhost-startStop-1] org.apache.catalina.startup.HostConfig.deployDirectory Deploying web application directory C:\Users\NHELTECH\Desktop\pfe.supernova\apache-tomcat\webapps\host-manager
25-Jan-2021 16:06:44.534 WARNING [localhost-startStop-1] org.apache.catalina.util.SessionIdGeneratorBase.createSecureRandom Creation of SecureRandom instance for session ID generation using [SHA1PRNG] took [278] milliseconds.
25-Jan-2021 16:06:44.655 INFO [localhost-startStop-1] org.apache.catalina.startup.HostConfig.deployDirectory Deployment of web application directory C:\Users\NHELTECH\Desktop\pfe.supernova\apache-tomcat\webapps\host-manager has finished in 2,069 ms
25-Jan-2021 16:06:44.655 INFO [localhost-startStop-1] org.apache.catalina.startup.HostConfig.deployDirectory Deploying web application directory C:\Users\NHELTECH\Desktop\pfe.supernova\apache-tomcat\webapps\manager
25-Jan-2021 16:06:45.316 INFO [localhost-startStop-1] org.apache.catalina.startup.HostConfig.deployDirectory Deployment of web application directory C:\Users\NHELTECH\Desktop\pfe.supernova\apache-tomcat\webapps\manager has finished in 661 ms
25-Jan-2021 16:06:45.317 INFO [localhost-startStop-1] org.apache.catalina.startup.HostConfig.deployDirectory Deploying web application directory C:\Users\NHELTECH\Desktop\pfe.supernova\apache-tomcat\webapps\ROOT
25-Jan-2021 16:06:45.431 INFO [localhost-startStop-1] org.apache.catalina.startup.HostConfig.deployDirectory Deployment of web application directory C:\Users\NHELTECH\Desktop\pfe.supernova\apache-tomcat\webapps\ROOT has finished in 114 ms
25-Jan-2021 16:06:45.505 INFO [main] org.apache.coyote.AbstractProtocol.start Starting ProtocolHandler ["http-apr-6060"]
25-Jan-2021 16:06:45.598 INFO [main] org.apache.coyote.AbstractProtocol.start Starting ProtocolHandler ["ajp-apr-7009"]
25-Jan-2021 16:06:45.612 INFO [main] org.apache.catalina.startup.Catalina.start Server startup in 3210 ms
25-Jan-2021 16:06:59.065 INFO [http-apr-6060-exec-3] org.apache.catalina.startup.HostConfig.deployDescriptor Deploying configuration descriptor C:\Users\NHELTECH\Desktop\pfe.supernova\apache-tomcat\conf\Catalina\localhost\sygealoc.xml
25-Jan-2021 16:07:06.034 INFO [http-apr-6060-exec-3] org.apache.jasper.servlet.TldScanner.scanJars At least one JAR was scanned for TLDs yet contained no TLDs. Enable debug logging for this logger for a complete list of JARs that were scanned but no TLDs were found in them. Skipping unneeded JARs during scanning can improve startup time and JSP compilation time.
25-Jan-2021 16:07:06.198 INFO [http-apr-6060-exec-3] org.springframework.web.context.ContextLoader.initWebApplicationContext Root WebApplicationContext: initialization started
25-Jan-2021 16:07:06.761 INFO [http-apr-6060-exec-3] org.springframework.context.support.AbstractApplicationContext.prepareRefresh Refreshing Root WebApplicationContext: startup date [Mon Jan 25 16:07:06 CST 2021]; root of context hierarchy
25-Jan-2021 16:07:07.012 INFO [http-apr-6060-exec-3] org.springframework.beans.factory.xml.XmlBeanDefinitionReader.loadBeanDefinitions Loading XML bean definitions from ServletContext resource [/WEB-INF/applicationContext.xml]
25-Jan-2021 16:07:07.760 INFO [http-apr-6060-exec-3] org.springframework.web.context.ContextLoader.initWebApplicationContext Root WebApplicationContext: initialization completed in 1561 ms
25-Jan-2021 16:07:07.855 INFO [http-apr-6060-exec-3] org.springframework.web.servlet.FrameworkServlet.initServletBean FrameworkServlet 'sygealoc': initialization started
25-Jan-2021 16:07:07.869 INFO [http-apr-6060-exec-3] org.springframework.context.support.AbstractApplicationContext.prepareRefresh Refreshing WebApplicationContext for namespace 'sygealoc-servlet': startup date [Mon Jan 25 16:07:07 CST 2021]; parent: Root WebApplicationContext
25-Jan-2021 16:07:07.878 INFO [http-apr-6060-exec-3] org.springframework.beans.factory.xml.XmlBeanDefinitionReader.loadBeanDefinitions Loading XML bean definitions from ServletContext resource [/WEB-INF/sygealoc-servlet.xml]
25-Jan-2021 16:07:08.461 INFO [http-apr-6060-exec-3] org.springframework.web.servlet.handler.AbstractUrlHandlerMapping.registerHandler Mapped URL path [/reservation*] onto handler 'ReservationController'
25-Jan-2021 16:07:08.463 INFO [http-apr-6060-exec-3] org.springframework.web.servlet.handler.AbstractUrlHandlerMapping.registerHandler Mapped URL path [/impression*] onto handler 'ImpressionController'
25-Jan-2021 16:07:08.465 INFO [http-apr-6060-exec-3] org.springframework.web.servlet.handler.AbstractUrlHandlerMapping.registerHandler Mapped URL path [/erreur*] onto handler 'ErreurController'
25-Jan-2021 16:07:08.469 INFO [http-apr-6060-exec-3] org.springframework.web.servlet.handler.AbstractUrlHandlerMapping.registerHandler Mapped URL path [/ajoutervehicule*] onto handler 'AjoutervehiculeController'
25-Jan-2021 16:07:08.470 INFO [http-apr-6060-exec-3] org.springframework.web.servlet.handler.AbstractUrlHandlerMapping.registerHandler Mapped URL path [/profile*] onto handler 'ProfileController'
25-Jan-2021 16:07:08.472 INFO [http-apr-6060-exec-3] org.springframework.web.servlet.handler.AbstractUrlHandlerMapping.registerHandler Mapped URL path [/employe*] onto handler 'EmployeController'
25-Jan-2021 16:07:08.474 INFO [http-apr-6060-exec-3] org.springframework.web.servlet.handler.AbstractUrlHandlerMapping.registerHandler Mapped URL path [/client*] onto handler 'ClientController'
25-Jan-2021 16:07:08.476 INFO [http-apr-6060-exec-3] org.springframework.web.servlet.handler.AbstractUrlHandlerMapping.registerHandler Mapped URL path [/location*] onto handler 'LocationController'
25-Jan-2021 16:07:08.480 INFO [http-apr-6060-exec-3] org.springframework.web.servlet.handler.AbstractUrlHandlerMapping.registerHandler Mapped URL path [/connexion*] onto handler 'ConnexionController'
25-Jan-2021 16:07:08.484 INFO [http-apr-6060-exec-3] org.springframework.web.servlet.handler.AbstractUrlHandlerMapping.registerHandler Mapped URL path [/deconnexion*] onto handler 'DeconnexionController'
25-Jan-2021 16:07:08.489 INFO [http-apr-6060-exec-3] org.springframework.web.servlet.handler.AbstractUrlHandlerMapping.registerHandler Mapped URL path [/utilisateur*] onto handler 'UtilisateurController'
25-Jan-2021 16:07:08.491 INFO [http-apr-6060-exec-3] org.springframework.web.servlet.handler.AbstractUrlHandlerMapping.registerHandler Mapped URL path [/stock*] onto handler 'VehiculeController'
25-Jan-2021 16:07:08.493 INFO [http-apr-6060-exec-3] org.springframework.web.servlet.handler.AbstractUrlHandlerMapping.registerHandler Mapped URL path [/fournisseur*] onto handler 'FournisseurController'
25-Jan-2021 16:07:08.496 INFO [http-apr-6060-exec-3] org.springframework.web.servlet.handler.AbstractUrlHandlerMapping.registerHandler Mapped URL path [/verouiller*] onto handler 'VerouillerController'
25-Jan-2021 16:07:08.498 INFO [http-apr-6060-exec-3] org.springframework.web.servlet.handler.AbstractUrlHandlerMapping.registerHandler Mapped URL path [/redirect*] onto handler 'RedirectController'
25-Jan-2021 16:07:08.724 INFO [http-apr-6060-exec-3] org.springframework.web.servlet.handler.AbstractUrlHandlerMapping.registerHandler Mapped URL path [/tableaudebord] onto handler 'TableaudebordController'
25-Jan-2021 16:07:08.839 INFO [http-apr-6060-exec-3] org.springframework.web.servlet.handler.AbstractUrlHandlerMapping.registerHandler Mapped URL path [/assets/**] onto handler 'org.springframework.web.servlet.resource.ResourceHttpRequestHandler#0'
25-Jan-2021 16:07:08.994 INFO [http-apr-6060-exec-3] org.springframework.web.servlet.FrameworkServlet.initServletBean FrameworkServlet 'sygealoc': initialization completed in 1137 ms
25-Jan-2021 16:07:09.001 INFO [http-apr-6060-exec-3] org.apache.catalina.startup.HostConfig.deployDescriptor Deployment of configuration descriptor C:\Users\NHELTECH\Desktop\pfe.supernova\apache-tomcat\conf\Catalina\localhost\sygealoc.xml has finished in 9,935 ms
25-Jan-2021 16:07:09.021 INFO [http-apr-6060-exec-2] org.apache.catalina.util.LifecycleBase.start The start() method was called on component [StandardEngine[Catalina].StandardHost[localhost].StandardContext[/sygealoc]] after start() had already been called. The second call will be ignored.
25-Jan-2021 16:07:36.720 WARNING [http-apr-6060-exec-5] org.springframework.web.servlet.DispatcherServlet.noHandlerFound No mapping found for HTTP request with URI [/sygealoc/Error404.html] in DispatcherServlet with name 'sygealoc'
25-Jan-2021 16:07:49.409 WARNING [http-apr-6060-exec-9] org.springframework.web.servlet.DispatcherServlet.noHandlerFound No mapping found for HTTP request with URI [/sygealoc/Error404.html] in DispatcherServlet with name 'sygealoc'
25-Jan-2021 16:07:50.149 WARNING [http-apr-6060-exec-5] org.springframework.web.servlet.DispatcherServlet.noHandlerFound No mapping found for HTTP request with URI [/sygealoc/Error404.html] in DispatcherServlet with name 'sygealoc'
25-Jan-2021 16:07:50.171 WARNING [http-apr-6060-exec-4] org.springframework.web.servlet.DispatcherServlet.noHandlerFound No mapping found for HTTP request with URI [/sygealoc/Error404.html] in DispatcherServlet with name 'sygealoc'
25-Jan-2021 16:07:50.183 WARNING [http-apr-6060-exec-3] org.springframework.web.servlet.DispatcherServlet.noHandlerFound No mapping found for HTTP request with URI [/sygealoc/Error404.html] in DispatcherServlet with name 'sygealoc'
25-Jan-2021 16:07:50.916 WARNING [http-apr-6060-exec-2] org.springframework.web.servlet.DispatcherServlet.noHandlerFound No mapping found for HTTP request with URI [/sygealoc/Error404.html] in DispatcherServlet with name 'sygealoc'
25-Jan-2021 16:07:51.008 WARNING [http-apr-6060-exec-1] org.springframework.web.servlet.DispatcherServlet.noHandlerFound No mapping found for HTTP request with URI [/sygealoc/Error404.html] in DispatcherServlet with name 'sygealoc'
25-Jan-2021 16:07:51.043 WARNING [http-apr-6060-exec-10] org.springframework.web.servlet.DispatcherServlet.noHandlerFound No mapping found for HTTP request with URI [/sygealoc/Error404.html] in DispatcherServlet with name 'sygealoc'
25-Jan-2021 16:08:20.971 WARNING [http-apr-6060-exec-1] org.springframework.web.servlet.DispatcherServlet.noHandlerFound No mapping found for HTTP request with URI [/sygealoc/Error404.html] in DispatcherServlet with name 'sygealoc'
25-Jan-2021 16:08:21.149 WARNING [http-apr-6060-exec-10] org.springframework.web.servlet.DispatcherServlet.noHandlerFound No mapping found for HTTP request with URI [/sygealoc/Error404.html] in DispatcherServlet with name 'sygealoc'
25-Jan-2021 16:08:21.162 WARNING [http-apr-6060-exec-7] org.springframework.web.servlet.DispatcherServlet.noHandlerFound No mapping found for HTTP request with URI [/sygealoc/Error404.html] in DispatcherServlet with name 'sygealoc'
25-Jan-2021 16:08:21.186 WARNING [http-apr-6060-exec-8] org.springframework.web.servlet.DispatcherServlet.noHandlerFound No mapping found for HTTP request with URI [/sygealoc/Error404.html] in DispatcherServlet with name 'sygealoc'
25-Jan-2021 16:08:21.722 WARNING [http-apr-6060-exec-1] org.springframework.web.servlet.DispatcherServlet.noHandlerFound No mapping found for HTTP request with URI [/sygealoc/Error404.html] in DispatcherServlet with name 'sygealoc'
25-Jan-2021 16:08:21.811 WARNING [http-apr-6060-exec-7] org.springframework.web.servlet.DispatcherServlet.noHandlerFound No mapping found for HTTP request with URI [/sygealoc/Error404.html] in DispatcherServlet with name 'sygealoc'
25-Jan-2021 16:08:21.995 WARNING [http-apr-6060-exec-9] org.springframework.web.servlet.DispatcherServlet.noHandlerFound No mapping found for HTTP request with URI [/sygealoc/Error404.html] in DispatcherServlet with name 'sygealoc'
25-Jan-2021 16:14:03.996 INFO [http-apr-6060-exec-2] org.springframework.context.support.AbstractApplicationContext.doClose Closing WebApplicationContext for namespace 'sygealoc-servlet': startup date [Mon Jan 25 16:07:07 CST 2021]; parent: Root WebApplicationContext
25-Jan-2021 16:14:04.009 INFO [http-apr-6060-exec-2] org.springframework.context.support.AbstractApplicationContext.doClose Closing Root WebApplicationContext: startup date [Mon Jan 25 16:07:06 CST 2021]; root of context hierarchy
25-Jan-2021 16:14:04.056 WARNING [http-apr-6060-exec-2] org.apache.catalina.loader.WebappClassLoaderBase.clearReferencesJdbc The web application [sygealoc] registered the JDBC driver [com.mysql.jdbc.Driver] but failed to unregister it when the web application was stopped. To prevent a memory leak, the JDBC Driver has been forcibly unregistered.
25-Jan-2021 16:14:04.616 INFO [http-apr-6060-exec-2] org.apache.catalina.startup.HostConfig.undeploy Undeploying context [/sygealoc]
25-Jan-2021 16:15:42.248 INFO [http-apr-6060-exec-9] org.apache.catalina.startup.HostConfig.deployWAR Deploying web application archive C:\Users\NHELTECH\Desktop\pfe.supernova\apache-tomcat\webapps\sygealoc##1.0.war
25-Jan-2021 16:16:55.046 INFO [http-apr-6060-exec-9] org.apache.jasper.servlet.TldScanner.scanJars At least one JAR was scanned for TLDs yet contained no TLDs. Enable debug logging for this logger for a complete list of JARs that were scanned but no TLDs were found in them. Skipping unneeded JARs during scanning can improve startup time and JSP compilation time.
25-Jan-2021 16:16:55.208 INFO [http-apr-6060-exec-9] org.springframework.web.context.ContextLoader.initWebApplicationContext Root WebApplicationContext: initialization started
25-Jan-2021 16:16:56.131 INFO [http-apr-6060-exec-9] org.springframework.context.support.AbstractApplicationContext.prepareRefresh Refreshing Root WebApplicationContext: startup date [Mon Jan 25 16:16:56 CST 2021]; root of context hierarchy
25-Jan-2021 16:16:56.362 INFO [http-apr-6060-exec-9] org.springframework.beans.factory.xml.XmlBeanDefinitionReader.loadBeanDefinitions Loading XML bean definitions from ServletContext resource [/WEB-INF/applicationContext.xml]
25-Jan-2021 16:16:56.642 INFO [http-apr-6060-exec-9] org.springframework.web.context.ContextLoader.initWebApplicationContext Root WebApplicationContext: initialization completed in 1433 ms
25-Jan-2021 16:16:56.743 INFO [http-apr-6060-exec-9] org.springframework.web.servlet.FrameworkServlet.initServletBean FrameworkServlet 'sygealoc': initialization started
25-Jan-2021 16:16:56.760 INFO [http-apr-6060-exec-9] org.springframework.context.support.AbstractApplicationContext.prepareRefresh Refreshing WebApplicationContext for namespace 'sygealoc-servlet': startup date [Mon Jan 25 16:16:56 CST 2021]; parent: Root WebApplicationContext
25-Jan-2021 16:16:56.765 INFO [http-apr-6060-exec-9] org.springframework.beans.factory.xml.XmlBeanDefinitionReader.loadBeanDefinitions Loading XML bean definitions from ServletContext resource [/WEB-INF/sygealoc-servlet.xml]
25-Jan-2021 16:16:57.339 INFO [http-apr-6060-exec-9] org.springframework.web.servlet.handler.AbstractUrlHandlerMapping.registerHandler Mapped URL path [/reservation*] onto handler 'ReservationController'
25-Jan-2021 16:16:57.341 INFO [http-apr-6060-exec-9] org.springframework.web.servlet.handler.AbstractUrlHandlerMapping.registerHandler Mapped URL path [/impression*] onto handler 'ImpressionController'
25-Jan-2021 16:16:57.347 INFO [http-apr-6060-exec-9] org.springframework.web.servlet.handler.AbstractUrlHandlerMapping.registerHandler Mapped URL path [/erreur*] onto handler 'ErreurController'
25-Jan-2021 16:16:57.348 INFO [http-apr-6060-exec-9] org.springframework.web.servlet.handler.AbstractUrlHandlerMapping.registerHandler Mapped URL path [/ajoutervehicule*] onto handler 'AjoutervehiculeController'
25-Jan-2021 16:16:57.352 INFO [http-apr-6060-exec-9] org.springframework.web.servlet.handler.AbstractUrlHandlerMapping.registerHandler Mapped URL path [/profile*] onto handler 'ProfileController'
25-Jan-2021 16:16:57.355 INFO [http-apr-6060-exec-9] org.springframework.web.servlet.handler.AbstractUrlHandlerMapping.registerHandler Mapped URL path [/employe*] onto handler 'EmployeController'
25-Jan-2021 16:16:57.356 INFO [http-apr-6060-exec-9] org.springframework.web.servlet.handler.AbstractUrlHandlerMapping.registerHandler Mapped URL path [/client*] onto handler 'ClientController'
25-Jan-2021 16:16:57.358 INFO [http-apr-6060-exec-9] org.springframework.web.servlet.handler.AbstractUrlHandlerMapping.registerHandler Mapped URL path [/location*] onto handler 'LocationController'
25-Jan-2021 16:16:57.359 INFO [http-apr-6060-exec-9] org.springframework.web.servlet.handler.AbstractUrlHandlerMapping.registerHandler Mapped URL path [/connexion*] onto handler 'ConnexionController'
25-Jan-2021 16:16:57.369 INFO [http-apr-6060-exec-9] org.springframework.web.servlet.handler.AbstractUrlHandlerMapping.registerHandler Mapped URL path [/deconnexion*] onto handler 'DeconnexionController'
25-Jan-2021 16:16:57.370 INFO [http-apr-6060-exec-9] org.springframework.web.servlet.handler.AbstractUrlHandlerMapping.registerHandler Mapped URL path [/utilisateur*] onto handler 'UtilisateurController'
25-Jan-2021 16:16:57.372 INFO [http-apr-6060-exec-9] org.springframework.web.servlet.handler.AbstractUrlHandlerMapping.registerHandler Mapped URL path [/stock*] onto handler 'VehiculeController'
25-Jan-2021 16:16:57.374 INFO [http-apr-6060-exec-9] org.springframework.web.servlet.handler.AbstractUrlHandlerMapping.registerHandler Mapped URL path [/fournisseur*] onto handler 'FournisseurController'
25-Jan-2021 16:16:57.375 INFO [http-apr-6060-exec-9] org.springframework.web.servlet.handler.AbstractUrlHandlerMapping.registerHandler Mapped URL path [/verouiller*] onto handler 'VerouillerController'
25-Jan-2021 16:16:57.379 INFO [http-apr-6060-exec-9] org.springframework.web.servlet.handler.AbstractUrlHandlerMapping.registerHandler Mapped URL path [/redirect*] onto handler 'RedirectController'
25-Jan-2021 16:16:57.721 INFO [http-apr-6060-exec-9] org.springframework.web.servlet.handler.AbstractUrlHandlerMapping.registerHandler Mapped URL path [/tableaudebord] onto handler 'TableaudebordController'
25-Jan-2021 16:16:57.825 INFO [http-apr-6060-exec-9] org.springframework.web.servlet.handler.AbstractUrlHandlerMapping.registerHandler Mapped URL path [/assets/**] onto handler 'org.springframework.web.servlet.resource.ResourceHttpRequestHandler#0'
25-Jan-2021 16:16:58.021 INFO [http-apr-6060-exec-9] org.springframework.web.servlet.FrameworkServlet.initServletBean FrameworkServlet 'sygealoc': initialization completed in 1277 ms
25-Jan-2021 16:16:58.030 INFO [http-apr-6060-exec-9] org.apache.catalina.startup.HostConfig.deployWAR Deployment of web application archive C:\Users\NHELTECH\Desktop\pfe.supernova\apache-tomcat\webapps\sygealoc##1.0.war has finished in 75,780 ms
25-Jan-2021 16:24:53.216 WARNING [http-apr-6060-exec-16] org.springframework.web.servlet.DispatcherServlet.noHandlerFound No mapping found for HTTP request with URI [/sygealoc/Error404.html] in DispatcherServlet with name 'sygealoc'
25-Jan-2021 16:28:32.172 WARNING [http-apr-6060-exec-12] org.springframework.web.servlet.DispatcherServlet.noHandlerFound No mapping found for HTTP request with URI [/sygealoc/Error404.html] in DispatcherServlet with name 'sygealoc'
25-Jan-2021 16:28:59.645 WARNING [http-apr-6060-exec-20] org.springframework.web.servlet.DispatcherServlet.noHandlerFound No mapping found for HTTP request with URI [/sygealoc/Error404.html] in DispatcherServlet with name 'sygealoc'
25-Jan-2021 16:34:18.291 WARNING [http-apr-6060-exec-14] org.springframework.web.servlet.DispatcherServlet.noHandlerFound No mapping found for HTTP request with URI [/sygealoc/Error404.html] in DispatcherServlet with name 'sygealoc'

2021-01-25 17:34:44 Commons Daemon procrun stderr initialized
25-Jan-2021 17:34:52.796 INFO [main] org.apache.catalina.startup.VersionLoggerListener.log Server version:        Apache Tomcat/8.0.53
25-Jan-2021 17:34:52.843 INFO [main] org.apache.catalina.startup.VersionLoggerListener.log Server built:          Jun 29 2018 14:42:45 UTC
25-Jan-2021 17:34:52.843 INFO [main] org.apache.catalina.startup.VersionLoggerListener.log Server number:         8.0.53.0
25-Jan-2021 17:34:52.843 INFO [main] org.apache.catalina.startup.VersionLoggerListener.log OS Name:               Windows 10
25-Jan-2021 17:34:52.843 INFO [main] org.apache.catalina.startup.VersionLoggerListener.log OS Version:            10.0
25-Jan-2021 17:34:52.843 INFO [main] org.apache.catalina.startup.VersionLoggerListener.log Architecture:          amd64
25-Jan-2021 17:34:52.843 INFO [main] org.apache.catalina.startup.VersionLoggerListener.log Java Home:             C:\Program Files\Java\jre1.8.0_111
25-Jan-2021 17:34:52.843 INFO [main] org.apache.catalina.startup.VersionLoggerListener.log JVM Version:           1.8.0_111-b14
25-Jan-2021 17:34:52.843 INFO [main] org.apache.catalina.startup.VersionLoggerListener.log JVM Vendor:            Oracle Corporation
25-Jan-2021 17:34:52.843 INFO [main] org.apache.catalina.startup.VersionLoggerListener.log CATALINA_BASE:         C:\Users\NHELTECH\Desktop\pfe.supernova\apache-tomcat
25-Jan-2021 17:34:52.843 INFO [main] org.apache.catalina.startup.VersionLoggerListener.log CATALINA_HOME:         C:\Users\NHELTECH\Desktop\pfe.supernova\apache-tomcat
25-Jan-2021 17:34:52.843 INFO [main] org.apache.catalina.startup.VersionLoggerListener.log Command line argument: -Dcatalina.home=C:\Users\NHELTECH\Desktop\pfe.supernova\apache-tomcat
25-Jan-2021 17:34:52.843 INFO [main] org.apache.catalina.startup.VersionLoggerListener.log Command line argument: -Dcatalina.base=C:\Users\NHELTECH\Desktop\pfe.supernova\apache-tomcat
25-Jan-2021 17:34:52.843 INFO [main] org.apache.catalina.startup.VersionLoggerListener.log Command line argument: -Dignore.endorsed.dirs=C:\Users\NHELTECH\Desktop\pfe.supernova\apache-tomcat\endorsed
25-Jan-2021 17:34:52.843 INFO [main] org.apache.catalina.startup.VersionLoggerListener.log Command line argument: -Djava.io.tmpdir=C:\Users\NHELTECH\Desktop\pfe.supernova\apache-tomcat\temp
25-Jan-2021 17:34:52.843 INFO [main] org.apache.catalina.startup.VersionLoggerListener.log Command line argument: -Djava.util.logging.manager=org.apache.juli.ClassLoaderLogManager
25-Jan-2021 17:34:52.843 INFO [main] org.apache.catalina.startup.VersionLoggerListener.log Command line argument: -Djava.util.logging.config.file=C:\Users\NHELTECH\Desktop\pfe.supernova\apache-tomcat\conf\logging.properties
25-Jan-2021 17:34:52.843 INFO [main] org.apache.catalina.startup.VersionLoggerListener.log Command line argument: exit
25-Jan-2021 17:34:52.843 INFO [main] org.apache.catalina.startup.VersionLoggerListener.log Command line argument: abort
25-Jan-2021 17:34:52.843 INFO [main] org.apache.catalina.startup.VersionLoggerListener.log Command line argument: -Xms128m
25-Jan-2021 17:34:52.843 INFO [main] org.apache.catalina.startup.VersionLoggerListener.log Command line argument: -Xmx256m
25-Jan-2021 17:34:52.843 INFO [main] org.apache.catalina.core.AprLifecycleListener.lifecycleEvent Loaded APR based Apache Tomcat Native library 1.2.17 using APR version 1.6.3.
25-Jan-2021 17:34:52.843 INFO [main] org.apache.catalina.core.AprLifecycleListener.lifecycleEvent APR capabilities: IPv6 [true], sendfile [true], accept filters [false], random [true].
25-Jan-2021 17:34:54.093 INFO [main] org.apache.catalina.core.AprLifecycleListener.initializeSSL OpenSSL successfully initialized (OpenSSL 1.0.2o  27 Mar 2018)
25-Jan-2021 17:34:59.463 INFO [main] org.apache.coyote.AbstractProtocol.init Initializing ProtocolHandler ["http-apr-6060"]
25-Jan-2021 17:34:59.495 INFO [main] org.apache.coyote.AbstractProtocol.init Initializing ProtocolHandler ["ajp-apr-7009"]
25-Jan-2021 17:34:59.495 INFO [main] org.apache.catalina.startup.Catalina.load Initialization processed in 10002 ms
25-Jan-2021 17:34:59.620 INFO [main] org.apache.catalina.core.StandardService.startInternal Starting service Catalina
25-Jan-2021 17:34:59.620 INFO [main] org.apache.catalina.core.StandardEngine.startInternal Starting Servlet Engine: Apache Tomcat/8.0.53
25-Jan-2021 17:34:59.745 INFO [localhost-startStop-1] org.apache.catalina.startup.HostConfig.deployWAR Deploying web application archive C:\Users\NHELTECH\Desktop\pfe.supernova\apache-tomcat\webapps\sygealoc##1.0.war
25-Jan-2021 17:35:07.802 INFO [localhost-startStop-1] org.apache.jasper.servlet.TldScanner.scanJars At least one JAR was scanned for TLDs yet contained no TLDs. Enable debug logging for this logger for a complete list of JARs that were scanned but no TLDs were found in them. Skipping unneeded JARs during scanning can improve startup time and JSP compilation time.
25-Jan-2021 17:35:07.989 INFO [localhost-startStop-1] org.springframework.web.context.ContextLoader.initWebApplicationContext Root WebApplicationContext: initialization started
25-Jan-2021 17:35:08.396 INFO [localhost-startStop-1] org.springframework.context.support.AbstractApplicationContext.prepareRefresh Refreshing Root WebApplicationContext: startup date [Mon Jan 25 17:35:08 CST 2021]; root of context hierarchy
25-Jan-2021 17:35:08.646 INFO [localhost-startStop-1] org.springframework.beans.factory.xml.XmlBeanDefinitionReader.loadBeanDefinitions Loading XML bean definitions from ServletContext resource [/WEB-INF/applicationContext.xml]
25-Jan-2021 17:35:09.052 INFO [localhost-startStop-1] org.springframework.web.context.ContextLoader.initWebApplicationContext Root WebApplicationContext: initialization completed in 1063 ms
25-Jan-2021 17:35:09.161 WARNING [localhost-startStop-1] org.apache.catalina.util.SessionIdGeneratorBase.createSecureRandom Creation of SecureRandom instance for session ID generation using [SHA1PRNG] took [109] milliseconds.
25-Jan-2021 17:35:09.255 INFO [localhost-startStop-1] org.springframework.web.servlet.FrameworkServlet.initServletBean FrameworkServlet 'sygealoc': initialization started
25-Jan-2021 17:35:09.271 INFO [localhost-startStop-1] org.springframework.context.support.AbstractApplicationContext.prepareRefresh Refreshing WebApplicationContext for namespace 'sygealoc-servlet': startup date [Mon Jan 25 17:35:09 CST 2021]; parent: Root WebApplicationContext
25-Jan-2021 17:35:09.271 INFO [localhost-startStop-1] org.springframework.beans.factory.xml.XmlBeanDefinitionReader.loadBeanDefinitions Loading XML bean definitions from ServletContext resource [/WEB-INF/sygealoc-servlet.xml]
25-Jan-2021 17:35:09.693 INFO [localhost-startStop-1] org.springframework.web.servlet.handler.AbstractUrlHandlerMapping.registerHandler Mapped URL path [/reservation*] onto handler 'ReservationController'
25-Jan-2021 17:35:09.693 INFO [localhost-startStop-1] org.springframework.web.servlet.handler.AbstractUrlHandlerMapping.registerHandler Mapped URL path [/impression*] onto handler 'ImpressionController'
25-Jan-2021 17:35:09.693 INFO [localhost-startStop-1] org.springframework.web.servlet.handler.AbstractUrlHandlerMapping.registerHandler Mapped URL path [/erreur*] onto handler 'ErreurController'
25-Jan-2021 17:35:09.693 INFO [localhost-startStop-1] org.springframework.web.servlet.handler.AbstractUrlHandlerMapping.registerHandler Mapped URL path [/ajoutervehicule*] onto handler 'AjoutervehiculeController'
25-Jan-2021 17:35:09.693 INFO [localhost-startStop-1] org.springframework.web.servlet.handler.AbstractUrlHandlerMapping.registerHandler Mapped URL path [/profile*] onto handler 'ProfileController'
25-Jan-2021 17:35:09.693 INFO [localhost-startStop-1] org.springframework.web.servlet.handler.AbstractUrlHandlerMapping.registerHandler Mapped URL path [/employe*] onto handler 'EmployeController'
25-Jan-2021 17:35:09.693 INFO [localhost-startStop-1] org.springframework.web.servlet.handler.AbstractUrlHandlerMapping.registerHandler Mapped URL path [/client*] onto handler 'ClientController'
25-Jan-2021 17:35:09.693 INFO [localhost-startStop-1] org.springframework.web.servlet.handler.AbstractUrlHandlerMapping.registerHandler Mapped URL path [/location*] onto handler 'LocationController'
25-Jan-2021 17:35:09.708 INFO [localhost-startStop-1] org.springframework.web.servlet.handler.AbstractUrlHandlerMapping.registerHandler Mapped URL path [/connexion*] onto handler 'ConnexionController'
25-Jan-2021 17:35:09.708 INFO [localhost-startStop-1] org.springframework.web.servlet.handler.AbstractUrlHandlerMapping.registerHandler Mapped URL path [/deconnexion*] onto handler 'DeconnexionController'
25-Jan-2021 17:35:09.708 INFO [localhost-startStop-1] org.springframework.web.servlet.handler.AbstractUrlHandlerMapping.registerHandler Mapped URL path [/utilisateur*] onto handler 'UtilisateurController'
25-Jan-2021 17:35:09.708 INFO [localhost-startStop-1] org.springframework.web.servlet.handler.AbstractUrlHandlerMapping.registerHandler Mapped URL path [/stock*] onto handler 'VehiculeController'
25-Jan-2021 17:35:09.708 INFO [localhost-startStop-1] org.springframework.web.servlet.handler.AbstractUrlHandlerMapping.registerHandler Mapped URL path [/fournisseur*] onto handler 'FournisseurController'
25-Jan-2021 17:35:09.708 INFO [localhost-startStop-1] org.springframework.web.servlet.handler.AbstractUrlHandlerMapping.registerHandler Mapped URL path [/verouiller*] onto handler 'VerouillerController'
25-Jan-2021 17:35:09.724 INFO [localhost-startStop-1] org.springframework.web.servlet.handler.AbstractUrlHandlerMapping.registerHandler Mapped URL path [/redirect*] onto handler 'RedirectController'
25-Jan-2021 17:35:09.927 INFO [localhost-startStop-1] org.springframework.web.servlet.handler.AbstractUrlHandlerMapping.registerHandler Mapped URL path [/tableaudebord] onto handler 'TableaudebordController'
25-Jan-2021 17:35:10.021 INFO [localhost-startStop-1] org.springframework.web.servlet.handler.AbstractUrlHandlerMapping.registerHandler Mapped URL path [/assets/**] onto handler 'org.springframework.web.servlet.resource.ResourceHttpRequestHandler#0'
25-Jan-2021 17:35:10.161 INFO [localhost-startStop-1] org.springframework.web.servlet.FrameworkServlet.initServletBean FrameworkServlet 'sygealoc': initialization completed in 906 ms
25-Jan-2021 17:35:10.193 INFO [localhost-startStop-1] org.apache.catalina.startup.HostConfig.deployWAR Deployment of web application archive C:\Users\NHELTECH\Desktop\pfe.supernova\apache-tomcat\webapps\sygealoc##1.0.war has finished in 10,448 ms
25-Jan-2021 17:35:10.208 INFO [localhost-startStop-1] org.apache.catalina.startup.HostConfig.deployDirectory Deploying web application directory C:\Users\NHELTECH\Desktop\pfe.supernova\apache-tomcat\webapps\host-manager
25-Jan-2021 17:35:10.302 INFO [localhost-startStop-1] org.apache.catalina.startup.HostConfig.deployDirectory Deployment of web application directory C:\Users\NHELTECH\Desktop\pfe.supernova\apache-tomcat\webapps\host-manager has finished in 94 ms
25-Jan-2021 17:35:10.302 INFO [localhost-startStop-1] org.apache.catalina.startup.HostConfig.deployDirectory Deploying web application directory C:\Users\NHELTECH\Desktop\pfe.supernova\apache-tomcat\webapps\manager
25-Jan-2021 17:35:10.396 INFO [localhost-startStop-1] org.apache.catalina.startup.HostConfig.deployDirectory Deployment of web application directory C:\Users\NHELTECH\Desktop\pfe.supernova\apache-tomcat\webapps\manager has finished in 94 ms
25-Jan-2021 17:35:10.396 INFO [localhost-startStop-1] org.apache.catalina.startup.HostConfig.deployDirectory Deploying web application directory C:\Users\NHELTECH\Desktop\pfe.supernova\apache-tomcat\webapps\ROOT
25-Jan-2021 17:35:10.474 INFO [localhost-startStop-1] org.apache.catalina.startup.HostConfig.deployDirectory Deployment of web application directory C:\Users\NHELTECH\Desktop\pfe.supernova\apache-tomcat\webapps\ROOT has finished in 78 ms
25-Jan-2021 17:35:10.474 INFO [main] org.apache.coyote.AbstractProtocol.start Starting ProtocolHandler ["http-apr-6060"]
25-Jan-2021 17:35:10.521 INFO [main] org.apache.coyote.AbstractProtocol.start Starting ProtocolHandler ["ajp-apr-7009"]
25-Jan-2021 17:35:10.536 INFO [main] org.apache.catalina.startup.Catalina.start Server startup in 11034 ms
