
2020-12-01 14:04:33 Commons Daemon procrun stderr initialized
01-Dec-2020 14:04:41.396 INFO [main] org.apache.catalina.startup.VersionLoggerListener.log Server version:        Apache Tomcat/8.0.53
01-Dec-2020 14:04:41.427 INFO [main] org.apache.catalina.startup.VersionLoggerListener.log Server built:          Jun 29 2018 14:42:45 UTC
01-Dec-2020 14:04:41.443 INFO [main] org.apache.catalina.startup.VersionLoggerListener.log Server number:         8.0.53.0
01-Dec-2020 14:04:41.443 INFO [main] org.apache.catalina.startup.VersionLoggerListener.log OS Name:               Windows 10
01-Dec-2020 14:04:41.443 INFO [main] org.apache.catalina.startup.VersionLoggerListener.log OS Version:            10.0
01-Dec-2020 14:04:41.443 INFO [main] org.apache.catalina.startup.VersionLoggerListener.log Architecture:          amd64
01-Dec-2020 14:04:41.443 INFO [main] org.apache.catalina.startup.VersionLoggerListener.log Java Home:             C:\Program Files\Java\jre1.8.0_111
01-Dec-2020 14:04:41.443 INFO [main] org.apache.catalina.startup.VersionLoggerListener.log JVM Version:           1.8.0_111-b14
01-Dec-2020 14:04:41.443 INFO [main] org.apache.catalina.startup.VersionLoggerListener.log JVM Vendor:            Oracle Corporation
01-Dec-2020 14:04:41.443 INFO [main] org.apache.catalina.startup.VersionLoggerListener.log CATALINA_BASE:         C:\Users\NHELTECH\Desktop\pfe.supernova\apache-tomcat
01-Dec-2020 14:04:41.443 INFO [main] org.apache.catalina.startup.VersionLoggerListener.log CATALINA_HOME:         C:\Users\NHELTECH\Desktop\pfe.supernova\apache-tomcat
01-Dec-2020 14:04:41.443 INFO [main] org.apache.catalina.startup.VersionLoggerListener.log Command line argument: -Dcatalina.home=C:\Users\NHELTECH\Desktop\pfe.supernova\apache-tomcat
01-Dec-2020 14:04:41.443 INFO [main] org.apache.catalina.startup.VersionLoggerListener.log Command line argument: -Dcatalina.base=C:\Users\NHELTECH\Desktop\pfe.supernova\apache-tomcat
01-Dec-2020 14:04:41.443 INFO [main] org.apache.catalina.startup.VersionLoggerListener.log Command line argument: -Dignore.endorsed.dirs=C:\Users\NHELTECH\Desktop\pfe.supernova\apache-tomcat\endorsed
01-Dec-2020 14:04:41.443 INFO [main] org.apache.catalina.startup.VersionLoggerListener.log Command line argument: -Djava.io.tmpdir=C:\Users\NHELTECH\Desktop\pfe.supernova\apache-tomcat\temp
01-Dec-2020 14:04:41.443 INFO [main] org.apache.catalina.startup.VersionLoggerListener.log Command line argument: -Djava.util.logging.manager=org.apache.juli.ClassLoaderLogManager
01-Dec-2020 14:04:41.443 INFO [main] org.apache.catalina.startup.VersionLoggerListener.log Command line argument: -Djava.util.logging.config.file=C:\Users\NHELTECH\Desktop\pfe.supernova\apache-tomcat\conf\logging.properties
01-Dec-2020 14:04:41.443 INFO [main] org.apache.catalina.startup.VersionLoggerListener.log Command line argument: exit
01-Dec-2020 14:04:41.443 INFO [main] org.apache.catalina.startup.VersionLoggerListener.log Command line argument: abort
01-Dec-2020 14:04:41.443 INFO [main] org.apache.catalina.startup.VersionLoggerListener.log Command line argument: -Xms128m
01-Dec-2020 14:04:41.443 INFO [main] org.apache.catalina.startup.VersionLoggerListener.log Command line argument: -Xmx256m
01-Dec-2020 14:04:41.443 INFO [main] org.apache.catalina.core.AprLifecycleListener.lifecycleEvent Loaded APR based Apache Tomcat Native library 1.2.17 using APR version 1.6.3.
01-Dec-2020 14:04:41.443 INFO [main] org.apache.catalina.core.AprLifecycleListener.lifecycleEvent APR capabilities: IPv6 [true], sendfile [true], accept filters [false], random [true].
01-Dec-2020 14:04:42.661 INFO [main] org.apache.catalina.core.AprLifecycleListener.initializeSSL OpenSSL successfully initialized (OpenSSL 1.0.2o  27 Mar 2018)
01-Dec-2020 14:04:50.381 INFO [main] org.apache.coyote.AbstractProtocol.init Initializing ProtocolHandler ["http-apr-6060"]
01-Dec-2020 14:04:50.412 INFO [main] org.apache.coyote.AbstractProtocol.init Initializing ProtocolHandler ["ajp-apr-7009"]
01-Dec-2020 14:04:50.428 INFO [main] org.apache.catalina.startup.Catalina.load Initialization processed in 12146 ms
01-Dec-2020 14:04:50.568 INFO [main] org.apache.catalina.core.StandardService.startInternal Starting service Catalina
01-Dec-2020 14:04:50.568 INFO [main] org.apache.catalina.core.StandardEngine.startInternal Starting Servlet Engine: Apache Tomcat/8.0.53
01-Dec-2020 14:04:50.619 INFO [localhost-startStop-1] org.apache.catalina.startup.HostConfig.deployDirectory Deploying web application directory C:\Users\NHELTECH\Desktop\pfe.supernova\apache-tomcat\webapps\host-manager
01-Dec-2020 14:04:51.968 WARNING [localhost-startStop-1] org.apache.catalina.util.SessionIdGeneratorBase.createSecureRandom Creation of SecureRandom instance for session ID generation using [SHA1PRNG] took [110] milliseconds.
01-Dec-2020 14:04:52.042 INFO [localhost-startStop-1] org.apache.catalina.startup.HostConfig.deployDirectory Deployment of web application directory C:\Users\NHELTECH\Desktop\pfe.supernova\apache-tomcat\webapps\host-manager has finished in 1,423 ms
01-Dec-2020 14:04:52.042 INFO [localhost-startStop-1] org.apache.catalina.startup.HostConfig.deployDirectory Deploying web application directory C:\Users\NHELTECH\Desktop\pfe.supernova\apache-tomcat\webapps\manager
01-Dec-2020 14:04:52.191 INFO [localhost-startStop-1] org.apache.catalina.startup.HostConfig.deployDirectory Deployment of web application directory C:\Users\NHELTECH\Desktop\pfe.supernova\apache-tomcat\webapps\manager has finished in 149 ms
01-Dec-2020 14:04:52.191 INFO [localhost-startStop-1] org.apache.catalina.startup.HostConfig.deployDirectory Deploying web application directory C:\Users\NHELTECH\Desktop\pfe.supernova\apache-tomcat\webapps\ROOT
01-Dec-2020 14:04:52.267 INFO [localhost-startStop-1] org.apache.catalina.startup.HostConfig.deployDirectory Deployment of web application directory C:\Users\NHELTECH\Desktop\pfe.supernova\apache-tomcat\webapps\ROOT has finished in 76 ms
01-Dec-2020 14:04:52.280 INFO [main] org.apache.coyote.AbstractProtocol.start Starting ProtocolHandler ["http-apr-6060"]
01-Dec-2020 14:04:52.338 INFO [main] org.apache.coyote.AbstractProtocol.start Starting ProtocolHandler ["ajp-apr-7009"]
01-Dec-2020 14:04:52.349 INFO [main] org.apache.catalina.startup.Catalina.start Server startup in 1913 ms
